[Log] [1]Console initialized
[90m[dmp][2]Resizing to [79, 158][0m
[90m[dmp][3]Resizing done[0m
[Log] [4]Start rendering thread
[32m[Inf][5]C: 11326, D: 8840[0m
[90m[dmp][6]KEY: h[0m
[32m[Inf][7]C: 11376, D: 8861[0m
[90m[dmp][8]KEY: h[0m
[32m[Inf][9]C: 11376, D: 8861[0m
[90m[dmp][10]KEY: h[0m
[32m[Inf][11]C: 11376, D: 8861[0m
[90m[dmp][12]KEY: h[0m
[90m[dmp][13]KEY: h[0m
[32m[Inf][14]C: 11376, D: 8861[0m
[90m[dmp][15]KEY: h[0m
[90m[dmp][16]KEY: h[0m
[32m[Inf][17]C: 11376, D: 8861[0m
[32m[Inf][18]C: 11376, D: 8861[0m
[90m[dmp][19]KEY: h[0m
[90m[dmp][20]KEY: h[0m
[32m[Inf][21]C: 11376, D: 8861[0m
[90m[dmp][22]KEY: h[0m
[32m[Inf][23]C: 11376, D: 8861[0m
[90m[dmp][24]KEY: h[0m
[90m[dmp][25]KEY: h[0m
[32m[Inf][26]C: 11376, D: 8861[0m
[90m[dmp][27]KEY: h[0m
[32m[Inf][28]C: 11376, D: 8861[0m
[90m[dmp][29]KEY: h[0m
[90m[dmp][30]KEY: h[0m
[32m[Inf][31]C: 11376, D: 8861[0m
[90m[dmp][32]KEY: h[0m
[90m[dmp][33]KEY: h[0m
[32m[Inf][34]C: 11376, D: 8861[0m
[32m[Inf][35]C: 11376, D: 8861[0m
[90m[dmp][36]KEY: h[0m
[90m[dmp][37]KEY: h[0m
[32m[Inf][38]C: 11376, D: 8861[0m
[32m[Inf][39]C: 11376, D: 8861[0m
[90m[dmp][40]KEY: h[0m
[90m[dmp][41]KEY: h[0m
[90m[dmp][42]KEY: h[0m
[32m[Inf][43]C: 11376, D: 8861[0m
[32m[Inf][44]C: 11376, D: 8861[0m
[90m[dmp][45]KEY: h[0m
[90m[dmp][46]KEY: h[0m
[90m[dmp][47]KEY: h[0m
[32m[Inf][48]C: 11376, D: 8861[0m
[32m[Inf][49]C: 11376, D: 8861[0m
[90m[dmp][50]KEY: h[0m
[90m[dmp][51]KEY: h[0m
[32m[Inf][52]C: 11376, D: 8861[0m
[90m[dmp][53]KEY: h[0m
[32m[Inf][54]C: 11376, D: 8861[0m
[32m[Inf][55]C: 11376, D: 8861[0m
[90m[dmp][56]KEY: h[0m
[32m[Inf][57]C: 11376, D: 8861[0m
[90m[dmp][58]KEY: k[0m
[32m[Inf][59]C: 11458, D: 8915[0m
[90m[dmp][60]KEY: k[0m
[32m[Inf][61]C: 11489, D: 8932[0m
[90m[dmp][62]KEY: k[0m
[90m[dmp][63]KEY: k[0m
[32m[Inf][64]C: 11520, D: 8943[0m
[32m[Inf][65]C: 11551, D: 8944[0m
[90m[dmp][66]KEY: k[0m
[90m[dmp][67]KEY: k[0m
[32m[Inf][68]C: 11613, D: 8920[0m
[90m[dmp][69]KEY: k[0m
[90m[dmp][70]KEY: k[0m
[32m[Inf][71]C: 11644, D: 8886[0m
[32m[Inf][72]C: 11644, D: 8846[0m
[90m[dmp][73]KEY: k[0m
[90m[dmp][74]KEY: k[0m
[90m[dmp][75]KEY: k[0m
[32m[Inf][76]C: 11644, D: 8736[0m
[32m[Inf][77]C: 11644, D: 8657[0m
[90m[dmp][78]KEY: +[0m
[32m[Inf][79]C: 16002, D: 12340[0m
[90m[dmp][80]KEY: +[0m
[32m[Inf][81]C: 18802, D: 15429[0m
[90m[dmp][82]KEY: +[0m
[32m[Inf][83]C: 18482, D: 15116[0m
[90m[dmp][84]KEY: h[0m
[32m[Inf][85]C: 18562, D: 15161[0m
[90m[dmp][86]KEY: h[0m
[90m[dmp][87]KEY: h[0m
[32m[Inf][88]C: 18642, D: 15202[0m
[90m[dmp][89]KEY: h[0m
[32m[Inf][90]C: 18722, D: 15242[0m
[32m[Inf][91]C: 18802, D: 15279[0m
[90m[dmp][92]KEY: h[0m
[90m[dmp][93]KEY: h[0m
[32m[Inf][94]C: 18882, D: 15327[0m
[90m[dmp][95]KEY: h[0m
[90m[dmp][96]KEY: h[0m
[32m[Inf][97]C: 19042, D: 15428[0m
[90m[dmp][98]KEY: h[0m
[90m[dmp][99]KEY: h[0m
[32m[Inf][100]C: 19202, D: 15518[0m
[90m[dmp][101]KEY: h[0m
[90m[dmp][102]KEY: h[0m
[32m[Inf][103]C: 19362, D: 15581[0m
[90m[dmp][104]KEY: h[0m
[90m[dmp][105]KEY: h[0m
[32m[Inf][106]C: 19522, D: 15619[0m
[90m[dmp][107]KEY: h[0m
[90m[dmp][108]KEY: h[0m
[32m[Inf][109]C: 19682, D: 15661[0m
[90m[dmp][110]KEY: h[0m
[32m[Inf][111]C: 19762, D: 15692[0m
[90m[dmp][112]KEY: h[0m
[32m[Inf][113]C: 19842, D: 15733[0m
[90m[dmp][114]KEY: h[0m
[32m[Inf][115]C: 19922, D: 15765[0m
[90m[dmp][116]KEY: h[0m
[90m[dmp][117]KEY: h[0m
[32m[Inf][118]C: 20082, D: 15824[0m
[90m[dmp][119]KEY: h[0m
[32m[Inf][120]C: 20162, D: 15849[0m
[90m[dmp][121]KEY: h[0m
[32m[Inf][122]C: 20242, D: 15869[0m
[90m[dmp][123]KEY: h[0m
[90m[dmp][124]KEY: h[0m
[32m[Inf][125]C: 20402, D: 15918[0m
[90m[dmp][126]KEY: h[0m
[90m[dmp][127]KEY: h[0m
[32m[Inf][128]C: 20562, D: 15962[0m
[90m[dmp][129]KEY: h[0m
[90m[dmp][130]KEY: h[0m
[32m[Inf][131]C: 20722, D: 15997[0m
[90m[dmp][132]KEY: h[0m
[90m[dmp][133]KEY: h[0m
[32m[Inf][134]C: 20882, D: 16043[0m
[90m[dmp][135]KEY: h[0m
[90m[dmp][136]KEY: h[0m
[32m[Inf][137]C: 21042, D: 16112[0m
[90m[dmp][138]KEY: h[0m
[90m[dmp][139]KEY: h[0m
[32m[Inf][140]C: 21202, D: 16202[0m
[90m[dmp][141]KEY: h[0m
[90m[dmp][142]KEY: h[0m
[32m[Inf][143]C: 21362, D: 16308[0m
[90m[dmp][144]KEY: h[0m
[90m[dmp][145]KEY: h[0m
[32m[Inf][146]C: 21522, D: 16428[0m
[90m[dmp][147]KEY: h[0m
[90m[dmp][148]KEY: h[0m
[32m[Inf][149]C: 21682, D: 16555[0m
[90m[dmp][150]KEY: h[0m
[90m[dmp][151]KEY: h[0m
[32m[Inf][152]C: 21842, D: 16676[0m
[90m[dmp][153]KEY: h[0m
[90m[dmp][154]KEY: h[0m
[32m[Inf][155]C: 22002, D: 16802[0m
[90m[dmp][156]KEY: h[0m
[90m[dmp][157]KEY: h[0m
[32m[Inf][158]C: 22162, D: 16910[0m
[90m[dmp][159]KEY: h[0m
[90m[dmp][160]KEY: h[0m
[90m[dmp][161]KEY: h[0m
[32m[Inf][162]C: 22402, D: 17069[0m
[90m[dmp][163]KEY: h[0m
[90m[dmp][164]KEY: h[0m
[32m[Inf][165]C: 22562, D: 17188[0m
[90m[dmp][166]KEY: h[0m
[90m[dmp][167]KEY: h[0m
[32m[Inf][168]C: 22722, D: 17315[0m
[90m[dmp][169]KEY: h[0m
[90m[dmp][170]KEY: h[0m
[32m[Inf][171]C: 22882, D: 17432[0m
[90m[dmp][172]KEY: h[0m
[90m[dmp][173]KEY: h[0m
[90m[dmp][174]KEY: h[0m
[32m[Inf][175]C: 23122, D: 17591[0m
[90m[dmp][176]KEY: h[0m
[90m[dmp][177]KEY: h[0m
[32m[Inf][178]C: 23282, D: 17672[0m
[90m[dmp][179]KEY: h[0m
[90m[dmp][180]KEY: h[0m
[90m[dmp][181]KEY: h[0m
[32m[Inf][182]C: 23522, D: 17791[0m
[90m[dmp][183]KEY: h[0m
[90m[dmp][184]KEY: h[0m
[32m[Inf][185]C: 23682, D: 17872[0m
[90m[dmp][186]KEY: h[0m
[90m[dmp][187]KEY: h[0m
[90m[dmp][188]KEY: h[0m
[32m[Inf][189]C: 23922, D: 18022[0m
[90m[dmp][190]KEY: h[0m
[90m[dmp][191]KEY: h[0m
[32m[Inf][192]C: 24082, D: 18089[0m
[90m[dmp][193]KEY: h[0m
[90m[dmp][194]KEY: h[0m
[90m[dmp][195]KEY: h[0m
[32m[Inf][196]C: 24322, D: 18145[0m
[90m[dmp][197]KEY: h[0m
[90m[dmp][198]KEY: h[0m
[32m[Inf][199]C: 24482, D: 18176[0m
[90m[dmp][200]KEY: h[0m
[90m[dmp][201]KEY: h[0m
[90m[dmp][202]KEY: h[0m
[32m[Inf][203]C: 24722, D: 18242[0m
[90m[dmp][204]KEY: h[0m
[90m[dmp][205]KEY: h[0m
[32m[Inf][206]C: 24882, D: 18270[0m
[90m[dmp][207]KEY: h[0m
[90m[dmp][208]KEY: h[0m
[32m[Inf][209]C: 25042, D: 18294[0m
[90m[dmp][210]KEY: h[0m
[90m[dmp][211]KEY: h[0m
[90m[dmp][212]KEY: h[0m
[32m[Inf][213]C: 25282, D: 18275[0m
[90m[dmp][214]KEY: h[0m
[90m[dmp][215]KEY: h[0m
[32m[Inf][216]C: 25442, D: 18202[0m
[90m[dmp][217]KEY: h[0m
[90m[dmp][218]KEY: h[0m
[32m[Inf][219]C: 25442, D: 18074[0m
[90m[dmp][220]KEY: h[0m
[90m[dmp][221]KEY: h[0m
[32m[Inf][222]C: 25282, D: 17939[0m
[90m[dmp][223]KEY: h[0m
[90m[dmp][224]KEY: h[0m
[90m[dmp][225]KEY: h[0m
[32m[Inf][226]C: 25042, D: 17719[0m
[90m[dmp][227]KEY: h[0m
[90m[dmp][228]KEY: h[0m
[32m[Inf][229]C: 24882, D: 17564[0m
[90m[dmp][230]KEY: h[0m
[90m[dmp][231]KEY: h[0m
[90m[dmp][232]KEY: h[0m
[32m[Inf][233]C: 24642, D: 17355[0m
[90m[dmp][234]KEY: h[0m
[90m[dmp][235]KEY: h[0m
[32m[Inf][236]C: 24482, D: 17183[0m
[90m[dmp][237]KEY: h[0m
[90m[dmp][238]KEY: h[0m
[90m[dmp][239]KEY: h[0m
[32m[Inf][240]C: 24242, D: 16936[0m
[90m[dmp][241]KEY: h[0m
[90m[dmp][242]KEY: h[0m
[32m[Inf][243]C: 24082, D: 16804[0m
[90m[dmp][244]KEY: h[0m
[90m[dmp][245]KEY: h[0m
[32m[Inf][246]C: 23922, D: 16706[0m
[90m[dmp][247]KEY: h[0m
[90m[dmp][248]KEY: h[0m
[90m[dmp][249]KEY: h[0m
[32m[Inf][250]C: 23682, D: 16545[0m
[90m[dmp][251]KEY: h[0m
[90m[dmp][252]KEY: h[0m
[32m[Inf][253]C: 23522, D: 16408[0m
[90m[dmp][254]KEY: h[0m
[90m[dmp][255]KEY: h[0m
[90m[dmp][256]KEY: h[0m
[32m[Inf][257]C: 23282, D: 16202[0m
[90m[dmp][258]KEY: h[0m
[90m[dmp][259]KEY: h[0m
[32m[Inf][260]C: 23122, D: 16042[0m
[90m[dmp][261]KEY: h[0m
[90m[dmp][262]KEY: h[0m
[32m[Inf][263]C: 22962, D: 15867[0m
[90m[dmp][264]KEY: h[0m
[90m[dmp][265]KEY: h[0m
[90m[dmp][266]KEY: h[0m
[32m[Inf][267]C: 22722, D: 15610[0m
[90m[dmp][268]KEY: h[0m
[90m[dmp][269]KEY: h[0m
[32m[Inf][270]C: 22562, D: 15436[0m
[90m[dmp][271]KEY: h[0m
[90m[dmp][272]KEY: h[0m
[90m[dmp][273]KEY: h[0m
[32m[Inf][274]C: 22322, D: 15187[0m
[90m[dmp][275]KEY: h[0m
[90m[dmp][276]KEY: h[0m
[32m[Inf][277]C: 22162, D: 15040[0m
[90m[dmp][278]KEY: h[0m
[90m[dmp][279]KEY: h[0m
[90m[dmp][280]KEY: h[0m
[32m[Inf][281]C: 21922, D: 14840[0m
[90m[dmp][282]KEY: h[0m
[90m[dmp][283]KEY: h[0m
[32m[Inf][284]C: 21762, D: 14714[0m
[90m[dmp][285]KEY: h[0m
[90m[dmp][286]KEY: h[0m
[32m[Inf][287]C: 21602, D: 14576[0m
[90m[dmp][288]KEY: h[0m
[90m[dmp][289]KEY: h[0m
[90m[dmp][290]KEY: h[0m
[32m[Inf][291]C: 21362, D: 14361[0m
[90m[dmp][292]KEY: h[0m
[90m[dmp][293]KEY: h[0m
[32m[Inf][294]C: 21202, D: 14181[0m
[90m[dmp][295]KEY: h[0m
[90m[dmp][296]KEY: h[0m
[32m[Inf][297]C: 21042, D: 14023[0m
[90m[dmp][298]KEY: h[0m
[90m[dmp][299]KEY: h[0m
[90m[dmp][300]KEY: h[0m
[32m[Inf][301]C: 20802, D: 13778[0m
[90m[dmp][302]KEY: h[0m
[90m[dmp][303]KEY: h[0m
[32m[Inf][304]C: 20642, D: 13608[0m
[90m[dmp][305]KEY: h[0m
[90m[dmp][306]KEY: h[0m
[32m[Inf][307]C: 20482, D: 13426[0m
[90m[dmp][308]KEY: h[0m
[90m[dmp][309]KEY: h[0m
[32m[Inf][310]C: 20322, D: 13242[0m
[90m[dmp][311]KEY: h[0m
[90m[dmp][312]KEY: h[0m
[32m[Inf][313]C: 20162, D: 13034[0m
[90m[dmp][314]KEY: h[0m
[90m[dmp][315]KEY: h[0m
[90m[dmp][316]KEY: h[0m
[32m[Inf][317]C: 19922, D: 12755[0m
[90m[dmp][318]KEY: h[0m
[90m[dmp][319]KEY: h[0m
[32m[Inf][320]C: 19762, D: 12584[0m
[90m[dmp][321]KEY: h[0m
[90m[dmp][322]KEY: h[0m
[32m[Inf][323]C: 19602, D: 12427[0m
[90m[dmp][324]KEY: h[0m
[90m[dmp][325]KEY: h[0m
[32m[Inf][326]C: 19442, D: 12267[0m
[90m[dmp][327]KEY: h[0m
[90m[dmp][328]KEY: h[0m
[32m[Inf][329]C: 19282, D: 12082[0m
[90m[dmp][330]KEY: h[0m
[90m[dmp][331]KEY: h[0m
[90m[dmp][332]KEY: h[0m
[32m[Inf][333]C: 19042, D: 11812[0m
[90m[dmp][334]KEY: h[0m
[90m[dmp][335]KEY: h[0m
[32m[Inf][336]C: 18882, D: 11673[0m
[90m[dmp][337]KEY: h[0m
[90m[dmp][338]KEY: h[0m
[32m[Inf][339]C: 18722, D: 11556[0m
[90m[dmp][340]KEY: h[0m
[90m[dmp][341]KEY: h[0m
[32m[Inf][342]C: 18562, D: 11421[0m
[90m[dmp][343]KEY: h[0m
[32m[Inf][344]C: 18402, D: 11277[0m
[90m[dmp][345]KEY: l[0m
[32m[Inf][346]C: 18482, D: 11342[0m
[90m[dmp][347]KEY: k[0m
[32m[Inf][348]C: 18482, D: 11327[0m
[90m[dmp][349]KEY: k[0m
[90m[dmp][350]KEY: k[0m
[32m[Inf][351]C: 18482, D: 11309[0m
[90m[dmp][352]KEY: k[0m
[90m[dmp][353]KEY: k[0m
[32m[Inf][354]C: 18482, D: 11309[0m
[90m[dmp][355]KEY: k[0m
[32m[Inf][356]C: 18482, D: 11326[0m
[90m[dmp][357]KEY: k[0m
[32m[Inf][358]C: 18482, D: 11338[0m
[90m[dmp][359]KEY: k[0m
[90m[dmp][360]KEY: k[0m
[32m[Inf][361]C: 18482, D: 11352[0m
[90m[dmp][362]KEY: k[0m
[90m[dmp][363]KEY: k[0m
[32m[Inf][364]C: 18482, D: 11328[0m
[90m[dmp][365]KEY: k[0m
[90m[dmp][366]KEY: k[0m
[32m[Inf][367]C: 18482, D: 11240[0m
[90m[dmp][368]KEY: k[0m
[90m[dmp][369]KEY: k[0m
[32m[Inf][370]C: 18482, D: 11127[0m
[90m[dmp][371]KEY: k[0m
[90m[dmp][372]KEY: k[0m
[32m[Inf][373]C: 18482, D: 11022[0m
[90m[dmp][374]KEY: k[0m
[90m[dmp][375]KEY: k[0m
[32m[Inf][376]C: 18482, D: 10944[0m
[90m[dmp][377]KEY: k[0m
[90m[dmp][378]KEY: k[0m
[90m[dmp][379]KEY: k[0m
[32m[Inf][380]C: 18482, D: 10854[0m
[90m[dmp][381]KEY: k[0m
[90m[dmp][382]KEY: k[0m
[32m[Inf][383]C: 18482, D: 10809[0m
[90m[dmp][384]KEY: k[0m
[90m[dmp][385]KEY: k[0m
[32m[Inf][386]C: 18482, D: 10765[0m
[90m[dmp][387]KEY: k[0m
[90m[dmp][388]KEY: k[0m
[32m[Inf][389]C: 18482, D: 10697[0m
[90m[dmp][390]KEY: k[0m
[90m[dmp][391]KEY: k[0m
[32m[Inf][392]C: 18482, D: 10624[0m
[90m[dmp][393]KEY: k[0m
[90m[dmp][394]KEY: k[0m
[32m[Inf][395]C: 18482, D: 10531[0m
[90m[dmp][396]KEY: k[0m
[90m[dmp][397]KEY: k[0m
[32m[Inf][398]C: 18482, D: 10424[0m
[90m[dmp][399]KEY: k[0m
[90m[dmp][400]KEY: k[0m
[32m[Inf][401]C: 18482, D: 10275[0m
[90m[dmp][402]KEY: k[0m
[90m[dmp][403]KEY: k[0m
[90m[dmp][404]KEY: k[0m
[32m[Inf][405]C: 18482, D: 10050[0m
[90m[dmp][406]KEY: k[0m
[90m[dmp][407]KEY: k[0m
[32m[Inf][408]C: 18482, D: 9960[0m
[32m[Inf][409]C: 18482, D: 9938[0m
[90m[dmp][410]KEY: k[0m
[32m[Inf][411]C: 18482, D: 9924[0m
[90m[dmp][412]KEY: k[0m
[90m[dmp][413]KEY: k[0m
[32m[Inf][414]C: 18482, D: 9916[0m
[90m[dmp][415]KEY: k[0m
[32m[Inf][416]C: 18482, D: 9909[0m
[90m[dmp][417]KEY: k[0m
[90m[dmp][418]KEY: k[0m
[32m[Inf][419]C: 18482, D: 9889[0m
[90m[dmp][420]KEY: k[0m
[32m[Inf][421]C: 18482, D: 9873[0m
[90m[dmp][422]KEY: k[0m
[32m[Inf][423]C: 18482, D: 9855[0m
[90m[dmp][424]KEY: k[0m
[32m[Inf][425]C: 18482, D: 9831[0m
[90m[dmp][426]KEY: k[0m
[32m[Inf][427]C: 18482, D: 9788[0m
[90m[dmp][428]KEY: k[0m
[90m[dmp][429]KEY: k[0m
[32m[Inf][430]C: 18482, D: 9697[0m
[90m[dmp][431]KEY: k[0m
[32m[Inf][432]C: 18482, D: 9588[0m
[90m[dmp][433]KEY: j[0m
[32m[Inf][434]C: 18482, D: 9643[0m
[90m[dmp][435]KEY: h[0m
[32m[Inf][436]C: 18402, D: 9578[0m
[90m[dmp][437]KEY: h[0m
[90m[dmp][438]KEY: h[0m
[32m[Inf][439]C: 18322, D: 9497[0m
[90m[dmp][440]KEY: h[0m
[90m[dmp][441]KEY: h[0m
[32m[Inf][442]C: 18162, D: 9310[0m
[32m[Inf][443]C: 18082, D: 9224[0m
[Log] [444]Terminating program (user signal)
[Log] [445]Gracefully closing window
[Log] [446]Writing to log file, bye.