[Log] [1]Console initialized
[90m[dmp][2]Resizing to [76, 155][0m
[90m[dmp][3]Resizing done[0m
[Log] [4]Start rendering thread
[33m[WRN][5]render() with no scene![0m
[32m[Inf][6]C: 10844, D: 8563[0m
[32m[Inf][7]C: 10844, D: 8563[0m
[32m[Inf][8]C: 10844, D: 8563[0m
[32m[Inf][9]C: 10844, D: 8563[0m
[32m[Inf][10]C: 10844, D: 8563[0m
[32m[Inf][11]C: 10844, D: 8563[0m
[32m[Inf][12]C: 10844, D: 8563[0m
[32m[Inf][13]C: 10844, D: 8563[0m
[32m[Inf][14]C: 10844, D: 8563[0m
[32m[Inf][15]C: 10844, D: 8563[0m
[32m[Inf][16]C: 10844, D: 8563[0m
[32m[Inf][17]C: 10844, D: 8563[0m
[32m[Inf][18]C: 10844, D: 8563[0m
[32m[Inf][19]C: 10844, D: 8563[0m
[32m[Inf][20]C: 10844, D: 8563[0m
[32m[Inf][21]C: 10844, D: 8563[0m
[32m[Inf][22]C: 10844, D: 8563[0m
[32m[Inf][23]C: 10844, D: 8563[0m
[32m[Inf][24]C: 10844, D: 8563[0m
[32m[Inf][25]C: 10844, D: 8563[0m
[32m[Inf][26]C: 10844, D: 8563[0m
[32m[Inf][27]C: 10844, D: 8563[0m
[32m[Inf][28]C: 10844, D: 8563[0m
[32m[Inf][29]C: 10844, D: 8563[0m
[32m[Inf][30]C: 10844, D: 8563[0m
[32m[Inf][31]C: 10844, D: 8563[0m
[32m[Inf][32]C: 10844, D: 8563[0m
[32m[Inf][33]C: 10844, D: 8563[0m
[32m[Inf][34]C: 10844, D: 8563[0m
[32m[Inf][35]C: 10844, D: 8563[0m
[32m[Inf][36]C: 10844, D: 8563[0m
[32m[Inf][37]C: 10844, D: 8563[0m
[32m[Inf][38]C: 10844, D: 8563[0m
[32m[Inf][39]C: 10844, D: 8563[0m
[32m[Inf][40]C: 10844, D: 8563[0m
[32m[Inf][41]C: 10844, D: 8563[0m
[32m[Inf][42]C: 10844, D: 8563[0m
[32m[Inf][43]C: 10844, D: 8563[0m
[32m[Inf][44]C: 10844, D: 8563[0m
[32m[Inf][45]C: 10844, D: 8563[0m
[32m[Inf][46]C: 10844, D: 8563[0m
[32m[Inf][47]C: 10844, D: 8563[0m
[32m[Inf][48]C: 10844, D: 8563[0m
[32m[Inf][49]C: 10844, D: 8563[0m
[32m[Inf][50]C: 10844, D: 8563[0m
[32m[Inf][51]C: 10844, D: 8563[0m
[32m[Inf][52]C: 10844, D: 8563[0m
[32m[Inf][53]C: 10844, D: 8563[0m
[32m[Inf][54]C: 10844, D: 8563[0m
[32m[Inf][55]C: 10844, D: 8563[0m
[32m[Inf][56]C: 10844, D: 8563[0m
[32m[Inf][57]C: 10844, D: 8563[0m
[32m[Inf][58]C: 10844, D: 8563[0m
[32m[Inf][59]C: 10844, D: 8563[0m
[32m[Inf][60]C: 10844, D: 8563[0m
[32m[Inf][61]C: 10844, D: 8563[0m
[32m[Inf][62]C: 10844, D: 8563[0m
[32m[Inf][63]C: 10844, D: 8563[0m
[32m[Inf][64]C: 10844, D: 8563[0m
[32m[Inf][65]C: 10844, D: 8563[0m
[32m[Inf][66]C: 10844, D: 8563[0m
[32m[Inf][67]C: 10844, D: 8563[0m
[32m[Inf][68]C: 10844, D: 8563[0m
[32m[Inf][69]C: 10844, D: 8563[0m
[32m[Inf][70]C: 10844, D: 8563[0m
[32m[Inf][71]C: 10844, D: 8563[0m
[32m[Inf][72]C: 10844, D: 8563[0m
[32m[Inf][73]C: 10844, D: 8563[0m
[32m[Inf][74]C: 10844, D: 8563[0m
[32m[Inf][75]C: 10844, D: 8563[0m
[32m[Inf][76]C: 10844, D: 8563[0m
[32m[Inf][77]C: 10844, D: 8563[0m
[32m[Inf][78]C: 10844, D: 8563[0m
[32m[Inf][79]C: 10844, D: 8563[0m
[32m[Inf][80]C: 10844, D: 8563[0m
[32m[Inf][81]C: 10844, D: 8563[0m
[32m[Inf][82]C: 10844, D: 8563[0m
[32m[Inf][83]C: 10844, D: 8563[0m
[32m[Inf][84]C: 10844, D: 8563[0m
[32m[Inf][85]C: 10844, D: 8563[0m
[32m[Inf][86]C: 10844, D: 8563[0m
[32m[Inf][87]C: 10844, D: 8563[0m
[32m[Inf][88]C: 10844, D: 8563[0m
[32m[Inf][89]C: 10844, D: 8563[0m
[32m[Inf][90]C: 10844, D: 8563[0m
[32m[Inf][91]C: 10844, D: 8563[0m
[32m[Inf][92]C: 10844, D: 8563[0m
[32m[Inf][93]C: 10844, D: 8563[0m
[32m[Inf][94]C: 10844, D: 8563[0m
[32m[Inf][95]C: 10844, D: 8563[0m
[32m[Inf][96]C: 10844, D: 8563[0m
[32m[Inf][97]C: 10844, D: 8563[0m
[32m[Inf][98]C: 10844, D: 8563[0m
[32m[Inf][99]C: 10844, D: 8563[0m
[32m[Inf][100]C: 10844, D: 8563[0m
[32m[Inf][101]C: 10844, D: 8563[0m
[32m[Inf][102]C: 10844, D: 8563[0m
[32m[Inf][103]C: 10844, D: 8563[0m
[32m[Inf][104]C: 10844, D: 8563[0m
[32m[Inf][105]C: 10844, D: 8563[0m
[32m[Inf][106]C: 10844, D: 8563[0m
[32m[Inf][107]C: 10844, D: 8563[0m
[32m[Inf][108]C: 10844, D: 8563[0m
[32m[Inf][109]C: 10844, D: 8563[0m
[32m[Inf][110]C: 10844, D: 8563[0m
[32m[Inf][111]C: 10844, D: 8563[0m
[32m[Inf][112]C: 10844, D: 8563[0m
[32m[Inf][113]C: 10844, D: 8563[0m
[32m[Inf][114]C: 10844, D: 8563[0m
[32m[Inf][115]C: 10844, D: 8563[0m
[32m[Inf][116]C: 10844, D: 8563[0m
[32m[Inf][117]C: 10844, D: 8563[0m
[32m[Inf][118]C: 10844, D: 8563[0m
[32m[Inf][119]C: 10844, D: 8563[0m
[32m[Inf][120]C: 10844, D: 8563[0m
[32m[Inf][121]C: 10844, D: 8563[0m
[32m[Inf][122]C: 10844, D: 8563[0m
[32m[Inf][123]C: 10844, D: 8563[0m
[32m[Inf][124]C: 10844, D: 8563[0m
[Log] [125]Writing to log file, bye.