[Log] [1]Console initialized
[90m[dmp][2]Resizing to [79, 158][0m
[90m[dmp][3]Resizing done[0m
[Log] [4]Start rendering thread
[33m[WRN][5]render() with no scene![0m
[32m[Inf][6]C: 11326, D: 8840[0m
[32m[Inf][7]C: 11326, D: 8840[0m
[32m[Inf][8]C: 11326, D: 8840[0m
[32m[Inf][9]C: 11326, D: 8840[0m
[32m[Inf][10]C: 11326, D: 8840[0m
[32m[Inf][11]C: 11326, D: 8840[0m
[32m[Inf][12]C: 11326, D: 8840[0m
[32m[Inf][13]C: 11326, D: 8840[0m
[32m[Inf][14]C: 11326, D: 8840[0m
[32m[Inf][15]C: 11326, D: 8840[0m
[32m[Inf][16]C: 11326, D: 8840[0m
[32m[Inf][17]C: 11326, D: 8840[0m
[32m[Inf][18]C: 11326, D: 8840[0m
[32m[Inf][19]C: 11326, D: 8840[0m
[90m[dmp][20]KEY: h[0m
[32m[Inf][21]C: 11376, D: 8861[0m
[32m[Inf][22]C: 11376, D: 8861[0m
[32m[Inf][23]C: 11376, D: 8861[0m
[32m[Inf][24]C: 11376, D: 8861[0m
[32m[Inf][25]C: 11376, D: 8861[0m
[32m[Inf][26]C: 11376, D: 8861[0m
[32m[Inf][27]C: 11376, D: 8861[0m
[90m[dmp][28]KEY: h[0m
[32m[Inf][29]C: 11376, D: 8861[0m
[90m[dmp][30]KEY: h[0m
[32m[Inf][31]C: 11376, D: 8861[0m
[32m[Inf][32]C: 11376, D: 8861[0m
[90m[dmp][33]KEY: h[0m
[90m[dmp][34]KEY: h[0m
[32m[Inf][35]C: 11376, D: 8861[0m
[90m[dmp][36]KEY: h[0m
[90m[dmp][37]KEY: h[0m
[32m[Inf][38]C: 11376, D: 8861[0m
[90m[dmp][39]KEY: h[0m
[32m[Inf][40]C: 11376, D: 8861[0m
[90m[dmp][41]KEY: h[0m
[32m[Inf][42]C: 11376, D: 8861[0m
[90m[dmp][43]KEY: h[0m
[32m[Inf][44]C: 11376, D: 8861[0m
[90m[dmp][45]KEY: h[0m
[32m[Inf][46]C: 11376, D: 8861[0m
[90m[dmp][47]KEY: h[0m
[90m[dmp][48]KEY: h[0m
[32m[Inf][49]C: 11376, D: 8861[0m
[90m[dmp][50]KEY: h[0m
[90m[dmp][51]KEY: h[0m
[32m[Inf][52]C: 11376, D: 8861[0m
[90m[dmp][53]KEY: h[0m
[90m[dmp][54]KEY: h[0m
[32m[Inf][55]C: 11376, D: 8861[0m
[90m[dmp][56]KEY: h[0m
[90m[dmp][57]KEY: h[0m
[32m[Inf][58]C: 11376, D: 8861[0m
[90m[dmp][59]KEY: h[0m
[90m[dmp][60]KEY: h[0m
[32m[Inf][61]C: 11376, D: 8861[0m
[90m[dmp][62]KEY: h[0m
[32m[Inf][63]C: 11376, D: 8861[0m
[90m[dmp][64]KEY: h[0m
[90m[dmp][65]KEY: h[0m
[32m[Inf][66]C: 11376, D: 8861[0m
[90m[dmp][67]KEY: h[0m
[32m[Inf][68]C: 11376, D: 8861[0m
[90m[dmp][69]KEY: h[0m
[32m[Inf][70]C: 11376, D: 8861[0m
[90m[dmp][71]KEY: h[0m
[32m[Inf][72]C: 11376, D: 8861[0m
[90m[dmp][73]KEY: h[0m
[32m[Inf][74]C: 11376, D: 8861[0m
[90m[dmp][75]KEY: h[0m
[32m[Inf][76]C: 11376, D: 8861[0m
[90m[dmp][77]KEY: h[0m
[32m[Inf][78]C: 11376, D: 8861[0m
[32m[Inf][79]C: 11296, D: 8861[0m
[90m[dmp][80]KEY: k[0m
[32m[Inf][81]C: 11378, D: 8915[0m
[32m[Inf][82]C: 11378, D: 8915[0m
[32m[Inf][83]C: 11378, D: 8915[0m
[32m[Inf][84]C: 11378, D: 8915[0m
[32m[Inf][85]C: 11378, D: 8915[0m
[32m[Inf][86]C: 11378, D: 8915[0m
[90m[dmp][87]KEY: k[0m
[90m[dmp][88]KEY: k[0m
[32m[Inf][89]C: 11409, D: 8932[0m
[32m[Inf][90]C: 11440, D: 8943[0m
[90m[dmp][91]KEY: k[0m
[90m[dmp][92]KEY: k[0m
[32m[Inf][93]C: 11502, D: 8937[0m
[90m[dmp][94]KEY: k[0m
[90m[dmp][95]KEY: k[0m
[32m[Inf][96]C: 11533, D: 8920[0m
[90m[dmp][97]KEY: k[0m
[32m[Inf][98]C: 11564, D: 8886[0m
[90m[dmp][99]KEY: k[0m
[90m[dmp][100]KEY: k[0m
[32m[Inf][101]C: 11564, D: 8796[0m
[90m[dmp][102]KEY: k[0m
[90m[dmp][103]KEY: k[0m
[32m[Inf][104]C: 11564, D: 8657[0m
[90m[dmp][105]KEY: k[0m
[32m[Inf][106]C: 11364, D: 8493[0m
[90m[dmp][107]KEY: h[0m
[32m[Inf][108]C: 11364, D: 8493[0m
[32m[Inf][109]C: 11286, D: 8474[0m
[32m[Inf][110]C: 11286, D: 8474[0m
[32m[Inf][111]C: 11286, D: 8474[0m
[32m[Inf][112]C: 11286, D: 8474[0m
[32m[Inf][113]C: 11286, D: 8474[0m
[32m[Inf][114]C: 11286, D: 8474[0m
[90m[dmp][115]KEY: h[0m
[90m[dmp][116]KEY: h[0m
[32m[Inf][117]C: 11208, D: 8447[0m
[32m[Inf][118]C: 11130, D: 8412[0m
[90m[dmp][119]KEY: h[0m
[90m[dmp][120]KEY: h[0m
[32m[Inf][121]C: 11021, D: 8373[0m
[32m[Inf][122]C: 10912, D: 8319[0m
[90m[dmp][123]KEY: h[0m
[90m[dmp][124]KEY: h[0m
[32m[Inf][125]C: 10803, D: 8257[0m
[90m[dmp][126]KEY: h[0m
[90m[dmp][127]KEY: h[0m
[32m[Inf][128]C: 10585, D: 8113[0m
[90m[dmp][129]KEY: h[0m
[32m[Inf][130]C: 10476, D: 8034[0m
[32m[Inf][131]C: 10367, D: 7954[0m
[90m[dmp][132]KEY: +[0m
[32m[Inf][133]C: 16002, D: 11430[0m
[90m[dmp][134]KEY: +[0m
[32m[Inf][135]C: 16002, D: 11430[0m
[32m[Inf][136]C: 19202, D: 13611[0m
[32m[Inf][137]C: 19202, D: 13611[0m
[32m[Inf][138]C: 19202, D: 13611[0m
[90m[dmp][139]KEY: +[0m
[32m[Inf][140]C: 19202, D: 13611[0m
[32m[Inf][141]C: 25442, D: 18424[0m
[90m[dmp][142]KEY: h[0m
[32m[Inf][143]C: 25442, D: 18424[0m
[32m[Inf][144]C: 25442, D: 18357[0m
[32m[Inf][145]C: 25442, D: 18357[0m
[32m[Inf][146]C: 25442, D: 18357[0m
[90m[dmp][147]KEY: h[0m
[32m[Inf][148]C: 25442, D: 18357[0m
[90m[dmp][149]KEY: h[0m
[32m[Inf][150]C: 25282, D: 18200[0m
[90m[dmp][151]KEY: h[0m
[90m[dmp][152]KEY: h[0m
[32m[Inf][153]C: 25202, D: 18111[0m
[90m[dmp][154]KEY: h[0m
[90m[dmp][155]KEY: h[0m
[32m[Inf][156]C: 25042, D: 17912[0m
[90m[dmp][157]KEY: h[0m
[32m[Inf][158]C: 24962, D: 17808[0m
[90m[dmp][159]KEY: h[0m
[32m[Inf][160]C: 24882, D: 17707[0m
[90m[dmp][161]KEY: h[0m
[32m[Inf][162]C: 24802, D: 17618[0m
[90m[dmp][163]KEY: h[0m
[32m[Inf][164]C: 24642, D: 17437[0m
[90m[dmp][165]KEY: h[0m
[90m[dmp][166]KEY: h[0m
[32m[Inf][167]C: 24482, D: 17261[0m
[90m[dmp][168]KEY: h[0m
[90m[dmp][169]KEY: h[0m
[32m[Inf][170]C: 24322, D: 17091[0m
[90m[dmp][171]KEY: h[0m
[32m[Inf][172]C: 24242, D: 17011[0m
[90m[dmp][173]KEY: h[0m
[32m[Inf][174]C: 24162, D: 16926[0m
[90m[dmp][175]KEY: h[0m
[90m[dmp][176]KEY: h[0m
[90m[dmp][177]KEY: h[0m
[32m[Inf][178]C: 24002, D: 16815[0m
[90m[dmp][179]KEY: h[0m
[32m[Inf][180]C: 23842, D: 16701[0m
[90m[dmp][181]KEY: h[0m
[32m[Inf][182]C: 23762, D: 16640[0m
[90m[dmp][183]KEY: h[0m
[32m[Inf][184]C: 23682, D: 16575[0m
[90m[dmp][185]KEY: h[0m
[90m[dmp][186]KEY: h[0m
[90m[dmp][187]KEY: h[0m
[32m[Inf][188]C: 23522, D: 16415[0m
[90m[dmp][189]KEY: h[0m
[90m[dmp][190]KEY: h[0m
[32m[Inf][191]C: 23362, D: 16275[0m
[90m[dmp][192]KEY: h[0m
[32m[Inf][193]C: 23282, D: 16207[0m
[90m[dmp][194]KEY: h[0m
[32m[Inf][195]C: 23202, D: 16139[0m
[90m[dmp][196]KEY: h[0m
[90m[dmp][197]KEY: h[0m
[32m[Inf][198]C: 23042, D: 15986[0m
[90m[dmp][199]KEY: h[0m
[90m[dmp][200]KEY: h[0m
[32m[Inf][201]C: 22882, D: 15837[0m
[90m[dmp][202]KEY: h[0m
[32m[Inf][203]C: 22802, D: 15747[0m
[90m[dmp][204]KEY: h[0m
[32m[Inf][205]C: 22642, D: 15553[0m
[90m[dmp][206]KEY: h[0m
[90m[dmp][207]KEY: h[0m
[90m[dmp][208]KEY: h[0m
[32m[Inf][209]C: 22482, D: 15368[0m
[90m[dmp][210]KEY: h[0m
[32m[Inf][211]C: 22402, D: 15273[0m
[90m[dmp][212]KEY: h[0m
[32m[Inf][213]C: 22322, D: 15178[0m
[90m[dmp][214]KEY: h[0m
[90m[dmp][215]KEY: h[0m
[32m[Inf][216]C: 22162, D: 14996[0m
[90m[dmp][217]KEY: h[0m
[32m[Inf][218]C: 22082, D: 14908[0m
[90m[dmp][219]KEY: h[0m
[32m[Inf][220]C: 22002, D: 14823[0m
[90m[dmp][221]KEY: h[0m
[32m[Inf][222]C: 21842, D: 14657[0m
[90m[dmp][223]KEY: j[0m
[32m[Inf][224]C: 21842, D: 14657[0m
[32m[Inf][225]C: 21842, D: 14695[0m
[32m[Inf][226]C: 21842, D: 14695[0m
[32m[Inf][227]C: 21842, D: 14695[0m
[90m[dmp][228]KEY: j[0m
[32m[Inf][229]C: 21842, D: 14695[0m
[90m[dmp][230]KEY: j[0m
[90m[dmp][231]KEY: j[0m
[32m[Inf][232]C: 21842, D: 14791[0m
[90m[dmp][233]KEY: j[0m
[90m[dmp][234]KEY: j[0m
[32m[Inf][235]C: 21842, D: 14860[0m
[90m[dmp][236]KEY: j[0m
[32m[Inf][237]C: 21842, D: 14892[0m
[90m[dmp][238]KEY: j[0m
[90m[dmp][239]KEY: j[0m
[90m[dmp][240]KEY: j[0m
[32m[Inf][241]C: 21842, D: 14851[0m
[32m[Inf][242]C: 21842, D: 14825[0m
[32m[Inf][243]C: 21842, D: 14825[0m
[32m[Inf][244]C: 21842, D: 14825[0m
[32m[Inf][245]C: 21842, D: 14825[0m
[90m[dmp][246]KEY: k[0m
[32m[Inf][247]C: 21842, D: 14825[0m
[32m[Inf][248]C: 21842, D: 14851[0m
[90m[dmp][249]KEY: k[0m
[32m[Inf][250]C: 21842, D: 14851[0m
[32m[Inf][251]C: 21842, D: 14875[0m
[90m[dmp][252]KEY: k[0m
[32m[Inf][253]C: 21842, D: 14892[0m
[90m[dmp][254]KEY: k[0m
[32m[Inf][255]C: 21842, D: 14885[0m
[90m[dmp][256]KEY: k[0m
[32m[Inf][257]C: 21842, D: 14885[0m
[32m[Inf][258]C: 21842, D: 14860[0m
[90m[dmp][259]KEY: k[0m
[32m[Inf][260]C: 21842, D: 14829[0m
[90m[dmp][261]KEY: k[0m
[90m[dmp][262]KEY: k[0m
[32m[Inf][263]C: 21842, D: 14791[0m
[90m[dmp][264]KEY: k[0m
[32m[Inf][265]C: 21842, D: 14744[0m
[32m[Inf][266]C: 21842, D: 14695[0m
[90m[dmp][267]KEY: k[0m
[32m[Inf][268]C: 21842, D: 14657[0m
[90m[dmp][269]KEY: h[0m
[32m[Inf][270]C: 21842, D: 14657[0m
[32m[Inf][271]C: 21762, D: 14574[0m
[32m[Inf][272]C: 21762, D: 14574[0m
[32m[Inf][273]C: 21762, D: 14574[0m
[90m[dmp][274]KEY: h[0m
[32m[Inf][275]C: 21762, D: 14574[0m
[90m[dmp][276]KEY: h[0m
[32m[Inf][277]C: 21682, D: 14491[0m
[90m[dmp][278]KEY: h[0m
[32m[Inf][279]C: 21602, D: 14402[0m
[90m[dmp][280]KEY: h[0m
[90m[dmp][281]KEY: h[0m
[32m[Inf][282]C: 21442, D: 14244[0m
[90m[dmp][283]KEY: h[0m
[90m[dmp][284]KEY: h[0m
[32m[Inf][285]C: 21282, D: 14056[0m
[90m[dmp][286]KEY: h[0m
[90m[dmp][287]KEY: h[0m
[32m[Inf][288]C: 21122, D: 13879[0m
[90m[dmp][289]KEY: h[0m
[32m[Inf][290]C: 21042, D: 13793[0m
[32m[Inf][291]C: 20962, D: 13706[0m
[90m[dmp][292]KEY: k[0m
[32m[Inf][293]C: 20962, D: 13706[0m
[32m[Inf][294]C: 20962, D: 13659[0m
[32m[Inf][295]C: 20962, D: 13659[0m
[32m[Inf][296]C: 20962, D: 13659[0m
[90m[dmp][297]KEY: k[0m
[32m[Inf][298]C: 20962, D: 13659[0m
[90m[dmp][299]KEY: k[0m
[90m[dmp][300]KEY: k[0m
[32m[Inf][301]C: 20962, D: 13562[0m
[90m[dmp][302]KEY: k[0m
[90m[dmp][303]KEY: k[0m
[32m[Inf][304]C: 20962, D: 13472[0m
[90m[dmp][305]KEY: k[0m
[32m[Inf][306]C: 20962, D: 13430[0m
[90m[dmp][307]KEY: k[0m
[90m[dmp][308]KEY: k[0m
[32m[Inf][309]C: 20962, D: 13358[0m
[90m[dmp][310]KEY: k[0m
[32m[Inf][311]C: 20962, D: 13296[0m
[90m[dmp][312]KEY: k[0m
[32m[Inf][313]C: 20962, D: 13278[0m
[90m[dmp][314]KEY: k[0m
[32m[Inf][315]C: 20962, D: 13255[0m
[90m[dmp][316]KEY: k[0m
[90m[dmp][317]KEY: k[0m
[90m[dmp][318]KEY: k[0m
[32m[Inf][319]C: 20962, D: 13192[0m
[90m[dmp][320]KEY: k[0m
[32m[Inf][321]C: 20962, D: 13158[0m
[90m[dmp][322]KEY: k[0m
[90m[dmp][323]KEY: k[0m
[32m[Inf][324]C: 20962, D: 13068[0m
[90m[dmp][325]KEY: k[0m
[90m[dmp][326]KEY: k[0m
[32m[Inf][327]C: 20962, D: 12934[0m
[90m[dmp][328]KEY: k[0m
[90m[dmp][329]KEY: k[0m
[32m[Inf][330]C: 20962, D: 12758[0m
[90m[dmp][331]KEY: k[0m
[90m[dmp][332]KEY: k[0m
[32m[Inf][333]C: 20962, D: 12617[0m
[90m[dmp][334]KEY: k[0m
[90m[dmp][335]KEY: k[0m
[32m[Inf][336]C: 20962, D: 12544[0m
[90m[dmp][337]KEY: k[0m
[32m[Inf][338]C: 20962, D: 12523[0m
[90m[dmp][339]KEY: k[0m
[90m[dmp][340]KEY: k[0m
[32m[Inf][341]C: 20962, D: 12495[0m
[90m[dmp][342]KEY: k[0m
[32m[Inf][343]C: 20962, D: 12452[0m
[90m[dmp][344]KEY: k[0m
[32m[Inf][345]C: 20962, D: 12428[0m
[32m[Inf][346]C: 20962, D: 12428[0m
[32m[Inf][347]C: 20962, D: 12428[0m
[32m[Inf][348]C: 20962, D: 12428[0m
[32m[Inf][349]C: 20962, D: 12428[0m
[32m[Inf][350]C: 20962, D: 12428[0m
[32m[Inf][351]C: 20962, D: 12428[0m
[32m[Inf][352]C: 20962, D: 12428[0m
[32m[Inf][353]C: 20962, D: 12428[0m
[32m[Inf][354]C: 20962, D: 12428[0m
[32m[Inf][355]C: 20962, D: 12428[0m
[32m[Inf][356]C: 20962, D: 12428[0m
[32m[Inf][357]C: 20962, D: 12428[0m
[32m[Inf][358]C: 20962, D: 12428[0m
[32m[Inf][359]C: 20962, D: 12428[0m
[32m[Inf][360]C: 20962, D: 12428[0m
[32m[Inf][361]C: 20962, D: 12428[0m
[32m[Inf][362]C: 20962, D: 12428[0m
[32m[Inf][363]C: 20962, D: 12428[0m
[32m[Inf][364]C: 20962, D: 12428[0m
[32m[Inf][365]C: 20962, D: 12428[0m
[32m[Inf][366]C: 20962, D: 12428[0m
[32m[Inf][367]C: 20962, D: 12428[0m
[32m[Inf][368]C: 20962, D: 12428[0m
[32m[Inf][369]C: 20962, D: 12428[0m
[32m[Inf][370]C: 20962, D: 12428[0m
[32m[Inf][371]C: 20962, D: 12428[0m
[32m[Inf][372]C: 20962, D: 12428[0m
[32m[Inf][373]C: 20962, D: 12428[0m
[32m[Inf][374]C: 20962, D: 12428[0m
[32m[Inf][375]C: 20962, D: 12428[0m
[32m[Inf][376]C: 20962, D: 12428[0m
[32m[Inf][377]C: 20962, D: 12428[0m
[32m[Inf][378]C: 20962, D: 12428[0m
[32m[Inf][379]C: 20962, D: 12428[0m
[32m[Inf][380]C: 20962, D: 12428[0m
[32m[Inf][381]C: 20962, D: 12428[0m
[32m[Inf][382]C: 20962, D: 12428[0m
[32m[Inf][383]C: 20962, D: 12428[0m
[32m[Inf][384]C: 20962, D: 12428[0m
[32m[Inf][385]C: 20962, D: 12428[0m
[32m[Inf][386]C: 20962, D: 12428[0m
[32m[Inf][387]C: 20962, D: 12428[0m
[32m[Inf][388]C: 20962, D: 12428[0m
[32m[Inf][389]C: 20962, D: 12428[0m
[32m[Inf][390]C: 20962, D: 12428[0m
[32m[Inf][391]C: 20962, D: 12428[0m
[32m[Inf][392]C: 20962, D: 12428[0m
[32m[Inf][393]C: 20962, D: 12428[0m
[32m[Inf][394]C: 20962, D: 12428[0m
[32m[Inf][395]C: 20962, D: 12428[0m
[32m[Inf][396]C: 20962, D: 12428[0m
[32m[Inf][397]C: 20962, D: 12428[0m
[32m[Inf][398]C: 20962, D: 12428[0m
[32m[Inf][399]C: 20962, D: 12428[0m
[32m[Inf][400]C: 20962, D: 12428[0m
[32m[Inf][401]C: 20962, D: 12428[0m
[32m[Inf][402]C: 20962, D: 12428[0m
[32m[Inf][403]C: 20962, D: 12428[0m
[32m[Inf][404]C: 20962, D: 12428[0m
[32m[Inf][405]C: 20962, D: 12428[0m
[32m[Inf][406]C: 20962, D: 12428[0m
[32m[Inf][407]C: 20962, D: 12428[0m
[32m[Inf][408]C: 20962, D: 12428[0m
[32m[Inf][409]C: 20962, D: 12428[0m
[32m[Inf][410]C: 20962, D: 12428[0m
[32m[Inf][411]C: 20962, D: 12428[0m
[32m[Inf][412]C: 20962, D: 12428[0m
[32m[Inf][413]C: 20962, D: 12428[0m
[32m[Inf][414]C: 20962, D: 12428[0m
[32m[Inf][415]C: 20962, D: 12428[0m
[32m[Inf][416]C: 20962, D: 12428[0m
[32m[Inf][417]C: 20962, D: 12428[0m
[32m[Inf][418]C: 20962, D: 12428[0m
[32m[Inf][419]C: 20962, D: 12428[0m
[32m[Inf][420]C: 20962, D: 12428[0m
[32m[Inf][421]C: 20962, D: 12428[0m
[32m[Inf][422]C: 20962, D: 12428[0m
[32m[Inf][423]C: 20962, D: 12428[0m
[32m[Inf][424]C: 20962, D: 12428[0m
[32m[Inf][425]C: 20962, D: 12428[0m
[32m[Inf][426]C: 20962, D: 12428[0m
[32m[Inf][427]C: 20962, D: 12428[0m
[32m[Inf][428]C: 20962, D: 12428[0m
[32m[Inf][429]C: 20962, D: 12428[0m
[32m[Inf][430]C: 20962, D: 12428[0m
[32m[Inf][431]C: 20962, D: 12428[0m
[32m[Inf][432]C: 20962, D: 12428[0m
[Log] [433]Terminating program (user signal)
[Log] [434]Gracefully closing window
[Log] [435]Writing to log file, bye.