[Log] [1]Console initialized
[90m[dmp][2]Resizing to [79, 158][0m
[90m[dmp][3]Resizing done[0m
[Log] [4]Start rendering thread
[33m[WRN][5]render() with no scene![0m
[32m[Inf][6]C: 11326, D: 8840[0m
[32m[Inf][7]C: 11326, D: 8840[0m
[32m[Inf][8]C: 11326, D: 8840[0m
[32m[Inf][9]C: 11326, D: 8840[0m
[32m[Inf][10]C: 11326, D: 8840[0m
[32m[Inf][11]C: 11326, D: 8840[0m
[32m[Inf][12]C: 11326, D: 8840[0m
[32m[Inf][13]C: 11326, D: 8840[0m
[32m[Inf][14]C: 11326, D: 8840[0m
[32m[Inf][15]C: 11326, D: 8840[0m
[32m[Inf][16]C: 11326, D: 8840[0m
[32m[Inf][17]C: 11326, D: 8840[0m
[32m[Inf][18]C: 11326, D: 8840[0m
[32m[Inf][19]C: 11326, D: 8840[0m
[32m[Inf][20]C: 11326, D: 8840[0m
[32m[Inf][21]C: 11326, D: 8840[0m
[32m[Inf][22]C: 11326, D: 8840[0m
[32m[Inf][23]C: 11326, D: 8840[0m
[32m[Inf][24]C: 11326, D: 8840[0m
[32m[Inf][25]C: 11326, D: 8840[0m
[32m[Inf][26]C: 11326, D: 8840[0m
[32m[Inf][27]C: 11326, D: 8840[0m
[32m[Inf][28]C: 11326, D: 8840[0m
[32m[Inf][29]C: 11326, D: 8840[0m
[32m[Inf][30]C: 11326, D: 8840[0m
[32m[Inf][31]C: 11326, D: 8840[0m
[32m[Inf][32]C: 11326, D: 8840[0m
[32m[Inf][33]C: 11326, D: 8840[0m
[32m[Inf][34]C: 11326, D: 8840[0m
[32m[Inf][35]C: 11326, D: 8840[0m
[32m[Inf][36]C: 11326, D: 8840[0m
[32m[Inf][37]C: 11326, D: 8840[0m
[32m[Inf][38]C: 11326, D: 8840[0m
[32m[Inf][39]C: 11326, D: 8840[0m
[32m[Inf][40]C: 11326, D: 8840[0m
[32m[Inf][41]C: 11326, D: 8840[0m
[32m[Inf][42]C: 11326, D: 8840[0m
[32m[Inf][43]C: 11326, D: 8840[0m
[32m[Inf][44]C: 11326, D: 8840[0m
[32m[Inf][45]C: 11326, D: 8840[0m
[32m[Inf][46]C: 11326, D: 8840[0m
[32m[Inf][47]C: 11326, D: 8840[0m
[90m[dmp][48]KEY: -[0m
[32m[Inf][49]C: 3453, D: 2435[0m
[32m[Inf][50]C: 3453, D: 2435[0m
[32m[Inf][51]C: 3453, D: 2435[0m
[32m[Inf][52]C: 3453, D: 2435[0m
[32m[Inf][53]C: 3453, D: 2435[0m
[32m[Inf][54]C: 3453, D: 2435[0m
[32m[Inf][55]C: 3453, D: 2435[0m
[32m[Inf][56]C: 3453, D: 2435[0m
[32m[Inf][57]C: 3453, D: 2435[0m
[32m[Inf][58]C: 3453, D: 2435[0m
[32m[Inf][59]C: 3453, D: 2435[0m
[32m[Inf][60]C: 3453, D: 2435[0m
[32m[Inf][61]C: 3453, D: 2435[0m
[32m[Inf][62]C: 3453, D: 2435[0m
[32m[Inf][63]C: 3453, D: 2435[0m
[32m[Inf][64]C: 3453, D: 2435[0m
[32m[Inf][65]C: 3453, D: 2435[0m
[32m[Inf][66]C: 3453, D: 2435[0m
[32m[Inf][67]C: 3453, D: 2435[0m
[32m[Inf][68]C: 3453, D: 2435[0m
[32m[Inf][69]C: 3453, D: 2435[0m
[32m[Inf][70]C: 3453, D: 2435[0m
[32m[Inf][71]C: 3453, D: 2435[0m
[32m[Inf][72]C: 3453, D: 2435[0m
[32m[Inf][73]C: 3453, D: 2435[0m
[32m[Inf][74]C: 3453, D: 2435[0m
[32m[Inf][75]C: 3453, D: 2435[0m
[32m[Inf][76]C: 3453, D: 2435[0m
[32m[Inf][77]C: 3453, D: 2435[0m
[32m[Inf][78]C: 3453, D: 2435[0m
[32m[Inf][79]C: 3453, D: 2435[0m
[32m[Inf][80]C: 3453, D: 2435[0m
[32m[Inf][81]C: 3453, D: 2435[0m
[32m[Inf][82]C: 3453, D: 2435[0m
[32m[Inf][83]C: 3453, D: 2435[0m
[32m[Inf][84]C: 3453, D: 2435[0m
[32m[Inf][85]C: 3453, D: 2435[0m
[32m[Inf][86]C: 3453, D: 2435[0m
[32m[Inf][87]C: 3453, D: 2435[0m
[32m[Inf][88]C: 3453, D: 2435[0m
[32m[Inf][89]C: 3453, D: 2435[0m
[32m[Inf][90]C: 3453, D: 2435[0m
[32m[Inf][91]C: 3453, D: 2435[0m
[32m[Inf][92]C: 3453, D: 2435[0m
[32m[Inf][93]C: 3453, D: 2435[0m
[32m[Inf][94]C: 3453, D: 2435[0m
[32m[Inf][95]C: 3453, D: 2435[0m
[32m[Inf][96]C: 3453, D: 2435[0m
[32m[Inf][97]C: 3453, D: 2435[0m
[32m[Inf][98]C: 3453, D: 2435[0m
[32m[Inf][99]C: 3453, D: 2435[0m
[32m[Inf][100]C: 3453, D: 2435[0m
[32m[Inf][101]C: 3453, D: 2435[0m
[32m[Inf][102]C: 3453, D: 2435[0m
[32m[Inf][103]C: 3453, D: 2435[0m
[32m[Inf][104]C: 3453, D: 2435[0m
[32m[Inf][105]C: 3453, D: 2435[0m
[32m[Inf][106]C: 3453, D: 2435[0m
[32m[Inf][107]C: 3453, D: 2435[0m
[32m[Inf][108]C: 3453, D: 2435[0m
[32m[Inf][109]C: 3453, D: 2435[0m
[32m[Inf][110]C: 3453, D: 2435[0m
[32m[Inf][111]C: 3453, D: 2435[0m
[32m[Inf][112]C: 3453, D: 2435[0m
[32m[Inf][113]C: 3453, D: 2435[0m
[32m[Inf][114]C: 3453, D: 2435[0m
[32m[Inf][115]C: 3453, D: 2435[0m
[32m[Inf][116]C: 3453, D: 2435[0m
[32m[Inf][117]C: 3453, D: 2435[0m
[32m[Inf][118]C: 3453, D: 2435[0m
[32m[Inf][119]C: 3453, D: 2435[0m
[32m[Inf][120]C: 3453, D: 2435[0m
[32m[Inf][121]C: 3453, D: 2435[0m
[32m[Inf][122]C: 3453, D: 2435[0m
[32m[Inf][123]C: 3453, D: 2435[0m
[32m[Inf][124]C: 3453, D: 2435[0m
[32m[Inf][125]C: 3453, D: 2435[0m
[32m[Inf][126]C: 3453, D: 2435[0m
[32m[Inf][127]C: 3453, D: 2435[0m
[32m[Inf][128]C: 3453, D: 2435[0m
[32m[Inf][129]C: 3453, D: 2435[0m
[32m[Inf][130]C: 3453, D: 2435[0m
[32m[Inf][131]C: 3453, D: 2435[0m
[32m[Inf][132]C: 3453, D: 2435[0m
[32m[Inf][133]C: 3453, D: 2435[0m
[32m[Inf][134]C: 3453, D: 2435[0m
[32m[Inf][135]C: 3453, D: 2435[0m
[32m[Inf][136]C: 3453, D: 2435[0m
[32m[Inf][137]C: 3453, D: 2435[0m
[32m[Inf][138]C: 3453, D: 2435[0m
[32m[Inf][139]C: 3453, D: 2435[0m
[32m[Inf][140]C: 3453, D: 2435[0m
[32m[Inf][141]C: 3453, D: 2435[0m
[32m[Inf][142]C: 3453, D: 2435[0m
[32m[Inf][143]C: 3453, D: 2435[0m
[32m[Inf][144]C: 3453, D: 2435[0m
[32m[Inf][145]C: 3453, D: 2435[0m
[32m[Inf][146]C: 3453, D: 2435[0m
[32m[Inf][147]C: 3453, D: 2435[0m
[32m[Inf][148]C: 3453, D: 2435[0m
[32m[Inf][149]C: 3453, D: 2435[0m
[32m[Inf][150]C: 3453, D: 2435[0m
[32m[Inf][151]C: 3453, D: 2435[0m
[32m[Inf][152]C: 3453, D: 2435[0m
[32m[Inf][153]C: 3453, D: 2435[0m
[32m[Inf][154]C: 3453, D: 2435[0m
[32m[Inf][155]C: 3453, D: 2435[0m
[32m[Inf][156]C: 3453, D: 2435[0m
[32m[Inf][157]C: 3453, D: 2435[0m
[32m[Inf][158]C: 3453, D: 2435[0m
[32m[Inf][159]C: 3453, D: 2435[0m
[32m[Inf][160]C: 3453, D: 2435[0m
[32m[Inf][161]C: 3453, D: 2435[0m
[32m[Inf][162]C: 3453, D: 2435[0m
[32m[Inf][163]C: 3453, D: 2435[0m
[32m[Inf][164]C: 3453, D: 2435[0m
[32m[Inf][165]C: 3453, D: 2435[0m
[32m[Inf][166]C: 3453, D: 2435[0m
[32m[Inf][167]C: 3453, D: 2435[0m
[32m[Inf][168]C: 3453, D: 2435[0m
[32m[Inf][169]C: 3453, D: 2435[0m
[32m[Inf][170]C: 3453, D: 2435[0m
[32m[Inf][171]C: 3453, D: 2435[0m
[32m[Inf][172]C: 3453, D: 2435[0m
[32m[Inf][173]C: 3453, D: 2435[0m
[32m[Inf][174]C: 3453, D: 2435[0m
[32m[Inf][175]C: 3453, D: 2435[0m
[32m[Inf][176]C: 3453, D: 2435[0m
[32m[Inf][177]C: 3453, D: 2435[0m
[32m[Inf][178]C: 3453, D: 2435[0m
[32m[Inf][179]C: 3453, D: 2435[0m
[32m[Inf][180]C: 3453, D: 2435[0m
[32m[Inf][181]C: 3453, D: 2435[0m
[32m[Inf][182]C: 3453, D: 2435[0m
[32m[Inf][183]C: 3453, D: 2435[0m
[32m[Inf][184]C: 3453, D: 2435[0m
[32m[Inf][185]C: 3453, D: 2435[0m
[32m[Inf][186]C: 3453, D: 2435[0m
[32m[Inf][187]C: 3453, D: 2435[0m
[32m[Inf][188]C: 3453, D: 2435[0m
[32m[Inf][189]C: 3453, D: 2435[0m
[32m[Inf][190]C: 3453, D: 2435[0m
[32m[Inf][191]C: 3453, D: 2435[0m
[32m[Inf][192]C: 3453, D: 2435[0m
[32m[Inf][193]C: 3453, D: 2435[0m
[32m[Inf][194]C: 3453, D: 2435[0m
[32m[Inf][195]C: 3453, D: 2435[0m
[32m[Inf][196]C: 3453, D: 2435[0m
[32m[Inf][197]C: 3453, D: 2435[0m
[32m[Inf][198]C: 3453, D: 2435[0m
[32m[Inf][199]C: 3453, D: 2435[0m
[32m[Inf][200]C: 3453, D: 2435[0m
[32m[Inf][201]C: 3453, D: 2435[0m
[32m[Inf][202]C: 3453, D: 2435[0m
[32m[Inf][203]C: 3453, D: 2435[0m
[32m[Inf][204]C: 3453, D: 2435[0m
[32m[Inf][205]C: 3453, D: 2435[0m
[32m[Inf][206]C: 3453, D: 2435[0m
[32m[Inf][207]C: 3453, D: 2435[0m
[32m[Inf][208]C: 3453, D: 2435[0m
[32m[Inf][209]C: 3453, D: 2435[0m
[32m[Inf][210]C: 3453, D: 2435[0m
[32m[Inf][211]C: 3453, D: 2435[0m
[32m[Inf][212]C: 3453, D: 2435[0m
[32m[Inf][213]C: 3453, D: 2435[0m
[32m[Inf][214]C: 3453, D: 2435[0m
[32m[Inf][215]C: 3453, D: 2435[0m
[32m[Inf][216]C: 3453, D: 2435[0m
[32m[Inf][217]C: 3453, D: 2435[0m
[32m[Inf][218]C: 3453, D: 2435[0m
[32m[Inf][219]C: 3453, D: 2435[0m
[32m[Inf][220]C: 3453, D: 2435[0m
[32m[Inf][221]C: 3453, D: 2435[0m
[32m[Inf][222]C: 3453, D: 2435[0m
[32m[Inf][223]C: 3453, D: 2435[0m
[32m[Inf][224]C: 3453, D: 2435[0m
[32m[Inf][225]C: 3453, D: 2435[0m
[32m[Inf][226]C: 3453, D: 2435[0m
[32m[Inf][227]C: 3453, D: 2435[0m
[32m[Inf][228]C: 3453, D: 2435[0m
[32m[Inf][229]C: 3453, D: 2435[0m
[32m[Inf][230]C: 3453, D: 2435[0m
[32m[Inf][231]C: 3453, D: 2435[0m
[32m[Inf][232]C: 3453, D: 2435[0m
[32m[Inf][233]C: 3453, D: 2435[0m
[32m[Inf][234]C: 3453, D: 2435[0m
[32m[Inf][235]C: 3453, D: 2435[0m
[32m[Inf][236]C: 3453, D: 2435[0m
[32m[Inf][237]C: 3453, D: 2435[0m
[32m[Inf][238]C: 3453, D: 2435[0m
[32m[Inf][239]C: 3453, D: 2435[0m
[32m[Inf][240]C: 3453, D: 2435[0m
[32m[Inf][241]C: 3453, D: 2435[0m
[90m[dmp][242]KEY: +[0m
[32m[Inf][243]C: 11326, D: 8840[0m
[32m[Inf][244]C: 11326, D: 8840[0m
[32m[Inf][245]C: 11326, D: 8840[0m
[32m[Inf][246]C: 11326, D: 8840[0m
[32m[Inf][247]C: 11326, D: 8840[0m
[32m[Inf][248]C: 11326, D: 8840[0m
[90m[dmp][249]KEY: -[0m
[32m[Inf][250]C: 8932, D: 7514[0m
[32m[Inf][251]C: 3453, D: 2435[0m
[32m[Inf][252]C: 3453, D: 2435[0m
[32m[Inf][253]C: 3453, D: 2435[0m
[32m[Inf][254]C: 3453, D: 2435[0m
[32m[Inf][255]C: 3453, D: 2435[0m
[32m[Inf][256]C: 3453, D: 2435[0m
[32m[Inf][257]C: 3453, D: 2435[0m
[90m[dmp][258]KEY: +[0m
[32m[Inf][259]C: 11326, D: 8840[0m
[32m[Inf][260]C: 11326, D: 8840[0m
[32m[Inf][261]C: 11326, D: 8840[0m
[32m[Inf][262]C: 11326, D: 8840[0m
[32m[Inf][263]C: 11326, D: 8840[0m
[90m[dmp][264]KEY: -[0m
[32m[Inf][265]C: 3453, D: 2435[0m
[32m[Inf][266]C: 3453, D: 2435[0m
[32m[Inf][267]C: 3453, D: 2435[0m
[32m[Inf][268]C: 3453, D: 2435[0m
[32m[Inf][269]C: 3453, D: 2435[0m
[32m[Inf][270]C: 3453, D: 2435[0m
[32m[Inf][271]C: 3453, D: 2435[0m
[32m[Inf][272]C: 3453, D: 2435[0m
[90m[dmp][273]KEY: +[0m
[32m[Inf][274]C: 3453, D: 2435[0m
[32m[Inf][275]C: 11326, D: 8840[0m
[32m[Inf][276]C: 11326, D: 8840[0m
[32m[Inf][277]C: 11326, D: 8840[0m
[32m[Inf][278]C: 11326, D: 8840[0m
[90m[dmp][279]KEY: -[0m
[32m[Inf][280]C: 8932, D: 7514[0m
[32m[Inf][281]C: 3453, D: 2435[0m
[32m[Inf][282]C: 3453, D: 2435[0m
[32m[Inf][283]C: 3453, D: 2435[0m
[32m[Inf][284]C: 3453, D: 2435[0m
[32m[Inf][285]C: 3453, D: 2435[0m
[32m[Inf][286]C: 3453, D: 2435[0m
[32m[Inf][287]C: 3453, D: 2435[0m
[32m[Inf][288]C: 3453, D: 2435[0m
[32m[Inf][289]C: 3453, D: 2435[0m
[90m[dmp][290]KEY: +[0m
[32m[Inf][291]C: 11326, D: 8840[0m
[32m[Inf][292]C: 11326, D: 8840[0m
[32m[Inf][293]C: 11326, D: 8840[0m
[32m[Inf][294]C: 11326, D: 8840[0m
[32m[Inf][295]C: 11326, D: 8840[0m
[32m[Inf][296]C: 11326, D: 8840[0m
[32m[Inf][297]C: 11326, D: 8840[0m
[32m[Inf][298]C: 11326, D: 8840[0m
[32m[Inf][299]C: 11326, D: 8840[0m
[32m[Inf][300]C: 11326, D: 8840[0m
[32m[Inf][301]C: 11326, D: 8840[0m
[32m[Inf][302]C: 11326, D: 8840[0m
[32m[Inf][303]C: 11326, D: 8840[0m
[32m[Inf][304]C: 11326, D: 8840[0m
[32m[Inf][305]C: 11326, D: 8840[0m
[32m[Inf][306]C: 11326, D: 8840[0m
[32m[Inf][307]C: 11326, D: 8840[0m
[32m[Inf][308]C: 11326, D: 8840[0m
[32m[Inf][309]C: 11326, D: 8840[0m
[32m[Inf][310]C: 11326, D: 8840[0m
[32m[Inf][311]C: 11326, D: 8840[0m
[32m[Inf][312]C: 11326, D: 8840[0m
[32m[Inf][313]C: 11326, D: 8840[0m
[32m[Inf][314]C: 11326, D: 8840[0m
[32m[Inf][315]C: 11326, D: 8840[0m
[32m[Inf][316]C: 11326, D: 8840[0m
[32m[Inf][317]C: 11326, D: 8840[0m
[32m[Inf][318]C: 11326, D: 8840[0m
[32m[Inf][319]C: 11326, D: 8840[0m
[32m[Inf][320]C: 11326, D: 8840[0m
[32m[Inf][321]C: 11326, D: 8840[0m
[32m[Inf][322]C: 11326, D: 8840[0m
[32m[Inf][323]C: 11326, D: 8840[0m
[32m[Inf][324]C: 11326, D: 8840[0m
[32m[Inf][325]C: 11326, D: 8840[0m
[32m[Inf][326]C: 11326, D: 8840[0m
[32m[Inf][327]C: 11326, D: 8840[0m
[32m[Inf][328]C: 11326, D: 8840[0m
[32m[Inf][329]C: 11326, D: 8840[0m
[32m[Inf][330]C: 11326, D: 8840[0m
[32m[Inf][331]C: 11326, D: 8840[0m
[32m[Inf][332]C: 11326, D: 8840[0m
[32m[Inf][333]C: 11326, D: 8840[0m
[32m[Inf][334]C: 11326, D: 8840[0m
[32m[Inf][335]C: 11326, D: 8840[0m
[32m[Inf][336]C: 11326, D: 8840[0m
[32m[Inf][337]C: 11326, D: 8840[0m
[32m[Inf][338]C: 11326, D: 8840[0m
[32m[Inf][339]C: 11326, D: 8840[0m
[32m[Inf][340]C: 11326, D: 8840[0m
[32m[Inf][341]C: 11326, D: 8840[0m
[32m[Inf][342]C: 11326, D: 8840[0m
[32m[Inf][343]C: 11326, D: 8840[0m
[32m[Inf][344]C: 11326, D: 8840[0m
[32m[Inf][345]C: 11326, D: 8840[0m
[32m[Inf][346]C: 11326, D: 8840[0m
[32m[Inf][347]C: 11326, D: 8840[0m
[32m[Inf][348]C: 11326, D: 8840[0m
[32m[Inf][349]C: 11326, D: 8840[0m
[32m[Inf][350]C: 11326, D: 8840[0m
[32m[Inf][351]C: 11326, D: 8840[0m
[32m[Inf][352]C: 11326, D: 8840[0m
[32m[Inf][353]C: 11326, D: 8840[0m
[32m[Inf][354]C: 11326, D: 8840[0m
[32m[Inf][355]C: 11326, D: 8840[0m
[32m[Inf][356]C: 11326, D: 8840[0m
[32m[Inf][357]C: 11326, D: 8840[0m
[32m[Inf][358]C: 11326, D: 8840[0m
[32m[Inf][359]C: 11326, D: 8840[0m
[32m[Inf][360]C: 11326, D: 8840[0m
[32m[Inf][361]C: 11326, D: 8840[0m
[32m[Inf][362]C: 11326, D: 8840[0m
[32m[Inf][363]C: 11326, D: 8840[0m
[32m[Inf][364]C: 11326, D: 8840[0m
[32m[Inf][365]C: 11326, D: 8840[0m
[32m[Inf][366]C: 11326, D: 8840[0m
[32m[Inf][367]C: 11326, D: 8840[0m
[32m[Inf][368]C: 11326, D: 8840[0m
[32m[Inf][369]C: 11326, D: 8840[0m
[32m[Inf][370]C: 11326, D: 8840[0m
[32m[Inf][371]C: 11326, D: 8840[0m
[32m[Inf][372]C: 11326, D: 8840[0m
[32m[Inf][373]C: 11326, D: 8840[0m
[32m[Inf][374]C: 11326, D: 8840[0m
[32m[Inf][375]C: 11326, D: 8840[0m
[32m[Inf][376]C: 11326, D: 8840[0m
[32m[Inf][377]C: 11326, D: 8840[0m
[32m[Inf][378]C: 11326, D: 8840[0m
[32m[Inf][379]C: 11326, D: 8840[0m
[32m[Inf][380]C: 11326, D: 8840[0m
[32m[Inf][381]C: 11326, D: 8840[0m
[32m[Inf][382]C: 11326, D: 8840[0m
[32m[Inf][383]C: 11326, D: 8840[0m
[32m[Inf][384]C: 11326, D: 8840[0m
[32m[Inf][385]C: 11326, D: 8840[0m
[32m[Inf][386]C: 11326, D: 8840[0m
[32m[Inf][387]C: 11326, D: 8840[0m
[32m[Inf][388]C: 11326, D: 8840[0m
[32m[Inf][389]C: 11326, D: 8840[0m
[32m[Inf][390]C: 11326, D: 8840[0m
[32m[Inf][391]C: 11326, D: 8840[0m
[32m[Inf][392]C: 11326, D: 8840[0m
[32m[Inf][393]C: 11326, D: 8840[0m
[32m[Inf][394]C: 11326, D: 8840[0m
[32m[Inf][395]C: 11326, D: 8840[0m
[32m[Inf][396]C: 11326, D: 8840[0m
[32m[Inf][397]C: 11326, D: 8840[0m
[32m[Inf][398]C: 11326, D: 8840[0m
[32m[Inf][399]C: 11326, D: 8840[0m
[32m[Inf][400]C: 11326, D: 8840[0m
[32m[Inf][401]C: 11326, D: 8840[0m
[32m[Inf][402]C: 11326, D: 8840[0m
[32m[Inf][403]C: 11326, D: 8840[0m
[32m[Inf][404]C: 11326, D: 8840[0m
[32m[Inf][405]C: 11326, D: 8840[0m
[32m[Inf][406]C: 11326, D: 8840[0m
[32m[Inf][407]C: 11326, D: 8840[0m
[32m[Inf][408]C: 11326, D: 8840[0m
[32m[Inf][409]C: 11326, D: 8840[0m
[32m[Inf][410]C: 11326, D: 8840[0m
[32m[Inf][411]C: 11326, D: 8840[0m
[32m[Inf][412]C: 11326, D: 8840[0m
[32m[Inf][413]C: 11326, D: 8840[0m
[32m[Inf][414]C: 11326, D: 8840[0m
[32m[Inf][415]C: 11326, D: 8840[0m
[32m[Inf][416]C: 11326, D: 8840[0m
[32m[Inf][417]C: 11326, D: 8840[0m
[32m[Inf][418]C: 11326, D: 8840[0m
[32m[Inf][419]C: 11326, D: 8840[0m
[32m[Inf][420]C: 11326, D: 8840[0m
[32m[Inf][421]C: 11326, D: 8840[0m
[32m[Inf][422]C: 11326, D: 8840[0m
[32m[Inf][423]C: 11326, D: 8840[0m
[32m[Inf][424]C: 11326, D: 8840[0m
[32m[Inf][425]C: 11326, D: 8840[0m
[32m[Inf][426]C: 11326, D: 8840[0m
[32m[Inf][427]C: 11326, D: 8840[0m
[32m[Inf][428]C: 11326, D: 8840[0m
[32m[Inf][429]C: 11326, D: 8840[0m
[32m[Inf][430]C: 11326, D: 8840[0m
[32m[Inf][431]C: 11326, D: 8840[0m
[32m[Inf][432]C: 11326, D: 8840[0m
[32m[Inf][433]C: 11326, D: 8840[0m
[32m[Inf][434]C: 11326, D: 8840[0m
[32m[Inf][435]C: 11326, D: 8840[0m
[32m[Inf][436]C: 11326, D: 8840[0m
[32m[Inf][437]C: 11326, D: 8840[0m
[32m[Inf][438]C: 11326, D: 8840[0m
[32m[Inf][439]C: 11326, D: 8840[0m
[32m[Inf][440]C: 11326, D: 8840[0m
[32m[Inf][441]C: 11326, D: 8840[0m
[32m[Inf][442]C: 11326, D: 8840[0m
[32m[Inf][443]C: 11326, D: 8840[0m
[32m[Inf][444]C: 11326, D: 8840[0m
[32m[Inf][445]C: 11326, D: 8840[0m
[32m[Inf][446]C: 11326, D: 8840[0m
[32m[Inf][447]C: 11326, D: 8840[0m
[32m[Inf][448]C: 11326, D: 8840[0m
[32m[Inf][449]C: 11326, D: 8840[0m
[32m[Inf][450]C: 11326, D: 8840[0m
[32m[Inf][451]C: 11326, D: 8840[0m
[32m[Inf][452]C: 11326, D: 8840[0m
[32m[Inf][453]C: 11326, D: 8840[0m
[32m[Inf][454]C: 11326, D: 8840[0m
[32m[Inf][455]C: 11326, D: 8840[0m
[32m[Inf][456]C: 11326, D: 8840[0m
[32m[Inf][457]C: 11326, D: 8840[0m
[32m[Inf][458]C: 11326, D: 8840[0m
[32m[Inf][459]C: 11326, D: 8840[0m
[32m[Inf][460]C: 11326, D: 8840[0m
[32m[Inf][461]C: 11326, D: 8840[0m
[32m[Inf][462]C: 11326, D: 8840[0m
[32m[Inf][463]C: 11326, D: 8840[0m
[32m[Inf][464]C: 11326, D: 8840[0m
[32m[Inf][465]C: 11326, D: 8840[0m
[32m[Inf][466]C: 11326, D: 8840[0m
[32m[Inf][467]C: 11326, D: 8840[0m
[32m[Inf][468]C: 11326, D: 8840[0m
[32m[Inf][469]C: 11326, D: 8840[0m
[32m[Inf][470]C: 11326, D: 8840[0m
[32m[Inf][471]C: 11326, D: 8840[0m
[32m[Inf][472]C: 11326, D: 8840[0m
[32m[Inf][473]C: 11326, D: 8840[0m
[32m[Inf][474]C: 11326, D: 8840[0m
[32m[Inf][475]C: 11326, D: 8840[0m
[32m[Inf][476]C: 11326, D: 8840[0m
[32m[Inf][477]C: 11326, D: 8840[0m
[32m[Inf][478]C: 11326, D: 8840[0m
[32m[Inf][479]C: 11326, D: 8840[0m
[32m[Inf][480]C: 11326, D: 8840[0m
[32m[Inf][481]C: 11326, D: 8840[0m
[32m[Inf][482]C: 11326, D: 8840[0m
[32m[Inf][483]C: 11326, D: 8840[0m
[32m[Inf][484]C: 11326, D: 8840[0m
[32m[Inf][485]C: 11326, D: 8840[0m
[32m[Inf][486]C: 11326, D: 8840[0m
[32m[Inf][487]C: 11326, D: 8840[0m
[32m[Inf][488]C: 11326, D: 8840[0m
[32m[Inf][489]C: 11326, D: 8840[0m
[32m[Inf][490]C: 11326, D: 8840[0m
[32m[Inf][491]C: 11326, D: 8840[0m
[32m[Inf][492]C: 11326, D: 8840[0m
[32m[Inf][493]C: 11326, D: 8840[0m
[32m[Inf][494]C: 11326, D: 8840[0m
[32m[Inf][495]C: 11326, D: 8840[0m
[32m[Inf][496]C: 11326, D: 8840[0m
[32m[Inf][497]C: 11326, D: 8840[0m
[32m[Inf][498]C: 11326, D: 8840[0m
[32m[Inf][499]C: 11326, D: 8840[0m
[32m[Inf][500]C: 11326, D: 8840[0m
[32m[Inf][501]C: 11326, D: 8840[0m
[32m[Inf][502]C: 11326, D: 8840[0m
[32m[Inf][503]C: 11326, D: 8840[0m
[32m[Inf][504]C: 11326, D: 8840[0m
[32m[Inf][505]C: 11326, D: 8840[0m
[32m[Inf][506]C: 11326, D: 8840[0m
[32m[Inf][507]C: 11326, D: 8840[0m
[32m[Inf][508]C: 11326, D: 8840[0m
[32m[Inf][509]C: 11326, D: 8840[0m
[32m[Inf][510]C: 11326, D: 8840[0m
[32m[Inf][511]C: 11326, D: 8840[0m
[32m[Inf][512]C: 11326, D: 8840[0m
[32m[Inf][513]C: 11326, D: 8840[0m
[32m[Inf][514]C: 11326, D: 8840[0m
[32m[Inf][515]C: 11326, D: 8840[0m
[32m[Inf][516]C: 11326, D: 8840[0m
[32m[Inf][517]C: 11326, D: 8840[0m
[32m[Inf][518]C: 11326, D: 8840[0m
[32m[Inf][519]C: 11326, D: 8840[0m
[32m[Inf][520]C: 11326, D: 8840[0m
[32m[Inf][521]C: 11326, D: 8840[0m
[32m[Inf][522]C: 11326, D: 8840[0m
[32m[Inf][523]C: 11326, D: 8840[0m
[32m[Inf][524]C: 11326, D: 8840[0m
[32m[Inf][525]C: 11326, D: 8840[0m
[32m[Inf][526]C: 11326, D: 8840[0m
[32m[Inf][527]C: 11326, D: 8840[0m
[32m[Inf][528]C: 11326, D: 8840[0m
[32m[Inf][529]C: 11326, D: 8840[0m
[32m[Inf][530]C: 11326, D: 8840[0m
[32m[Inf][531]C: 11326, D: 8840[0m
[32m[Inf][532]C: 11326, D: 8840[0m
[32m[Inf][533]C: 11326, D: 8840[0m
[32m[Inf][534]C: 11326, D: 8840[0m
[32m[Inf][535]C: 11326, D: 8840[0m
[32m[Inf][536]C: 11326, D: 8840[0m
[32m[Inf][537]C: 11326, D: 8840[0m
[32m[Inf][538]C: 11326, D: 8840[0m
[32m[Inf][539]C: 11326, D: 8840[0m
[32m[Inf][540]C: 11326, D: 8840[0m
[32m[Inf][541]C: 11326, D: 8840[0m
[32m[Inf][542]C: 11326, D: 8840[0m
[32m[Inf][543]C: 11326, D: 8840[0m
[32m[Inf][544]C: 11326, D: 8840[0m
[32m[Inf][545]C: 11326, D: 8840[0m
[32m[Inf][546]C: 11326, D: 8840[0m
[32m[Inf][547]C: 11326, D: 8840[0m
[32m[Inf][548]C: 11326, D: 8840[0m
[32m[Inf][549]C: 11326, D: 8840[0m
[32m[Inf][550]C: 11326, D: 8840[0m
[32m[Inf][551]C: 11326, D: 8840[0m
[32m[Inf][552]C: 11326, D: 8840[0m
[32m[Inf][553]C: 11326, D: 8840[0m
[32m[Inf][554]C: 11326, D: 8840[0m
[32m[Inf][555]C: 11326, D: 8840[0m
[32m[Inf][556]C: 11326, D: 8840[0m
[32m[Inf][557]C: 11326, D: 8840[0m
[32m[Inf][558]C: 11326, D: 8840[0m
[32m[Inf][559]C: 11326, D: 8840[0m
[32m[Inf][560]C: 11326, D: 8840[0m
[32m[Inf][561]C: 11326, D: 8840[0m
[32m[Inf][562]C: 11326, D: 8840[0m
[32m[Inf][563]C: 11326, D: 8840[0m
[32m[Inf][564]C: 11326, D: 8840[0m
[32m[Inf][565]C: 11326, D: 8840[0m
[32m[Inf][566]C: 11326, D: 8840[0m
[32m[Inf][567]C: 11326, D: 8840[0m
[32m[Inf][568]C: 11326, D: 8840[0m
[32m[Inf][569]C: 11326, D: 8840[0m
[32m[Inf][570]C: 11326, D: 8840[0m
[32m[Inf][571]C: 11326, D: 8840[0m
[32m[Inf][572]C: 11326, D: 8840[0m
[32m[Inf][573]C: 11326, D: 8840[0m
[32m[Inf][574]C: 11326, D: 8840[0m
[32m[Inf][575]C: 11326, D: 8840[0m
[32m[Inf][576]C: 11326, D: 8840[0m
[32m[Inf][577]C: 11326, D: 8840[0m
[32m[Inf][578]C: 11326, D: 8840[0m
[32m[Inf][579]C: 11326, D: 8840[0m
[32m[Inf][580]C: 11326, D: 8840[0m
[32m[Inf][581]C: 11326, D: 8840[0m
[32m[Inf][582]C: 11326, D: 8840[0m
[32m[Inf][583]C: 11326, D: 8840[0m
[32m[Inf][584]C: 11326, D: 8840[0m
[32m[Inf][585]C: 11326, D: 8840[0m
[32m[Inf][586]C: 11326, D: 8840[0m
[32m[Inf][587]C: 11326, D: 8840[0m
[32m[Inf][588]C: 11326, D: 8840[0m
[32m[Inf][589]C: 11326, D: 8840[0m
[32m[Inf][590]C: 11326, D: 8840[0m
[32m[Inf][591]C: 11326, D: 8840[0m
[32m[Inf][592]C: 11326, D: 8840[0m
[32m[Inf][593]C: 11326, D: 8840[0m
[32m[Inf][594]C: 11326, D: 8840[0m
[32m[Inf][595]C: 11326, D: 8840[0m
[32m[Inf][596]C: 11326, D: 8840[0m
[32m[Inf][597]C: 11326, D: 8840[0m
[32m[Inf][598]C: 11326, D: 8840[0m
[32m[Inf][599]C: 11326, D: 8840[0m
[32m[Inf][600]C: 11326, D: 8840[0m
[32m[Inf][601]C: 11326, D: 8840[0m
[32m[Inf][602]C: 11326, D: 8840[0m
[32m[Inf][603]C: 11326, D: 8840[0m
[32m[Inf][604]C: 11326, D: 8840[0m
[32m[Inf][605]C: 11326, D: 8840[0m
[32m[Inf][606]C: 11326, D: 8840[0m
[32m[Inf][607]C: 11326, D: 8840[0m
[32m[Inf][608]C: 11326, D: 8840[0m
[32m[Inf][609]C: 11326, D: 8840[0m
[32m[Inf][610]C: 11326, D: 8840[0m
[32m[Inf][611]C: 11326, D: 8840[0m
[32m[Inf][612]C: 11326, D: 8840[0m
[32m[Inf][613]C: 11326, D: 8840[0m
[32m[Inf][614]C: 11326, D: 8840[0m
[32m[Inf][615]C: 11326, D: 8840[0m
[32m[Inf][616]C: 11326, D: 8840[0m
[32m[Inf][617]C: 11326, D: 8840[0m
[32m[Inf][618]C: 11326, D: 8840[0m
[32m[Inf][619]C: 11326, D: 8840[0m
[32m[Inf][620]C: 11326, D: 8840[0m
[32m[Inf][621]C: 11326, D: 8840[0m
[32m[Inf][622]C: 11326, D: 8840[0m
[32m[Inf][623]C: 11326, D: 8840[0m
[32m[Inf][624]C: 11326, D: 8840[0m
[32m[Inf][625]C: 11326, D: 8840[0m
[32m[Inf][626]C: 11326, D: 8840[0m
[32m[Inf][627]C: 11326, D: 8840[0m
[32m[Inf][628]C: 11326, D: 8840[0m
[32m[Inf][629]C: 11326, D: 8840[0m
[32m[Inf][630]C: 11326, D: 8840[0m
[32m[Inf][631]C: 11326, D: 8840[0m
[32m[Inf][632]C: 11326, D: 8840[0m
[32m[Inf][633]C: 11326, D: 8840[0m
[32m[Inf][634]C: 11326, D: 8840[0m
[32m[Inf][635]C: 11326, D: 8840[0m
[32m[Inf][636]C: 11326, D: 8840[0m
[32m[Inf][637]C: 11326, D: 8840[0m
[32m[Inf][638]C: 11326, D: 8840[0m
[32m[Inf][639]C: 11326, D: 8840[0m
[32m[Inf][640]C: 11326, D: 8840[0m
[32m[Inf][641]C: 11326, D: 8840[0m
[32m[Inf][642]C: 11326, D: 8840[0m
[32m[Inf][643]C: 11326, D: 8840[0m
[32m[Inf][644]C: 11326, D: 8840[0m
[32m[Inf][645]C: 11326, D: 8840[0m
[32m[Inf][646]C: 11326, D: 8840[0m
[32m[Inf][647]C: 11326, D: 8840[0m
[32m[Inf][648]C: 11326, D: 8840[0m
[32m[Inf][649]C: 11326, D: 8840[0m
[32m[Inf][650]C: 11326, D: 8840[0m
[32m[Inf][651]C: 11326, D: 8840[0m
[32m[Inf][652]C: 11326, D: 8840[0m
[32m[Inf][653]C: 11326, D: 8840[0m
[32m[Inf][654]C: 11326, D: 8840[0m
[32m[Inf][655]C: 11326, D: 8840[0m
[32m[Inf][656]C: 11326, D: 8840[0m
[32m[Inf][657]C: 11326, D: 8840[0m
[32m[Inf][658]C: 11326, D: 8840[0m
[32m[Inf][659]C: 11326, D: 8840[0m
[32m[Inf][660]C: 11326, D: 8840[0m
[32m[Inf][661]C: 11326, D: 8840[0m
[32m[Inf][662]C: 11326, D: 8840[0m
[32m[Inf][663]C: 11326, D: 8840[0m
[32m[Inf][664]C: 11326, D: 8840[0m
[32m[Inf][665]C: 11326, D: 8840[0m
[32m[Inf][666]C: 11326, D: 8840[0m
[32m[Inf][667]C: 11326, D: 8840[0m
[32m[Inf][668]C: 11326, D: 8840[0m
[32m[Inf][669]C: 11326, D: 8840[0m
[32m[Inf][670]C: 11326, D: 8840[0m
[32m[Inf][671]C: 11326, D: 8840[0m
[32m[Inf][672]C: 11326, D: 8840[0m
[32m[Inf][673]C: 11326, D: 8840[0m
[32m[Inf][674]C: 11326, D: 8840[0m
[32m[Inf][675]C: 11326, D: 8840[0m
[32m[Inf][676]C: 11326, D: 8840[0m
[32m[Inf][677]C: 11326, D: 8840[0m
[32m[Inf][678]C: 11326, D: 8840[0m
[32m[Inf][679]C: 11326, D: 8840[0m
[32m[Inf][680]C: 11326, D: 8840[0m
[32m[Inf][681]C: 11326, D: 8840[0m
[32m[Inf][682]C: 11326, D: 8840[0m
[32m[Inf][683]C: 11326, D: 8840[0m
[32m[Inf][684]C: 11326, D: 8840[0m
[32m[Inf][685]C: 11326, D: 8840[0m
[32m[Inf][686]C: 11326, D: 8840[0m
[32m[Inf][687]C: 11326, D: 8840[0m
[32m[Inf][688]C: 11326, D: 8840[0m
[32m[Inf][689]C: 11326, D: 8840[0m
[32m[Inf][690]C: 11326, D: 8840[0m
[32m[Inf][691]C: 11326, D: 8840[0m
[32m[Inf][692]C: 11326, D: 8840[0m
[32m[Inf][693]C: 11326, D: 8840[0m
[32m[Inf][694]C: 11326, D: 8840[0m
[32m[Inf][695]C: 11326, D: 8840[0m
[32m[Inf][696]C: 11326, D: 8840[0m
[32m[Inf][697]C: 11326, D: 8840[0m
[32m[Inf][698]C: 11326, D: 8840[0m
[32m[Inf][699]C: 11326, D: 8840[0m
[32m[Inf][700]C: 11326, D: 8840[0m
[32m[Inf][701]C: 11326, D: 8840[0m
[32m[Inf][702]C: 11326, D: 8840[0m
[32m[Inf][703]C: 11326, D: 8840[0m
[32m[Inf][704]C: 11326, D: 8840[0m
[32m[Inf][705]C: 11326, D: 8840[0m
[32m[Inf][706]C: 11326, D: 8840[0m
[32m[Inf][707]C: 11326, D: 8840[0m
[32m[Inf][708]C: 11326, D: 8840[0m
[32m[Inf][709]C: 11326, D: 8840[0m
[32m[Inf][710]C: 11326, D: 8840[0m
[32m[Inf][711]C: 11326, D: 8840[0m
[32m[Inf][712]C: 11326, D: 8840[0m
[32m[Inf][713]C: 11326, D: 8840[0m
[32m[Inf][714]C: 11326, D: 8840[0m
[32m[Inf][715]C: 11326, D: 8840[0m
[32m[Inf][716]C: 11326, D: 8840[0m
[32m[Inf][717]C: 11326, D: 8840[0m
[32m[Inf][718]C: 11326, D: 8840[0m
[32m[Inf][719]C: 11326, D: 8840[0m
[32m[Inf][720]C: 11326, D: 8840[0m
[32m[Inf][721]C: 11326, D: 8840[0m
[32m[Inf][722]C: 11326, D: 8840[0m
[32m[Inf][723]C: 11326, D: 8840[0m
[32m[Inf][724]C: 11326, D: 8840[0m
[32m[Inf][725]C: 11326, D: 8840[0m
[32m[Inf][726]C: 11326, D: 8840[0m
[32m[Inf][727]C: 11326, D: 8840[0m
[32m[Inf][728]C: 11326, D: 8840[0m
[32m[Inf][729]C: 11326, D: 8840[0m
[32m[Inf][730]C: 11326, D: 8840[0m
[32m[Inf][731]C: 11326, D: 8840[0m
[32m[Inf][732]C: 11326, D: 8840[0m
[32m[Inf][733]C: 11326, D: 8840[0m
[32m[Inf][734]C: 11326, D: 8840[0m
[32m[Inf][735]C: 11326, D: 8840[0m
[32m[Inf][736]C: 11326, D: 8840[0m
[32m[Inf][737]C: 11326, D: 8840[0m
[32m[Inf][738]C: 11326, D: 8840[0m
[32m[Inf][739]C: 11326, D: 8840[0m
[32m[Inf][740]C: 11326, D: 8840[0m
[32m[Inf][741]C: 11326, D: 8840[0m
[32m[Inf][742]C: 11326, D: 8840[0m
[32m[Inf][743]C: 11326, D: 8840[0m
[32m[Inf][744]C: 11326, D: 8840[0m
[32m[Inf][745]C: 11326, D: 8840[0m
[32m[Inf][746]C: 11326, D: 8840[0m
[32m[Inf][747]C: 11326, D: 8840[0m
[32m[Inf][748]C: 11326, D: 8840[0m
[32m[Inf][749]C: 11326, D: 8840[0m
[32m[Inf][750]C: 11326, D: 8840[0m
[32m[Inf][751]C: 11326, D: 8840[0m
[32m[Inf][752]C: 11326, D: 8840[0m
[32m[Inf][753]C: 11326, D: 8840[0m
[32m[Inf][754]C: 11326, D: 8840[0m
[32m[Inf][755]C: 11326, D: 8840[0m
[32m[Inf][756]C: 11326, D: 8840[0m
[32m[Inf][757]C: 11326, D: 8840[0m
[32m[Inf][758]C: 11326, D: 8840[0m
[32m[Inf][759]C: 11326, D: 8840[0m
[32m[Inf][760]C: 11326, D: 8840[0m
[32m[Inf][761]C: 11326, D: 8840[0m
[32m[Inf][762]C: 11326, D: 8840[0m
[32m[Inf][763]C: 11326, D: 8840[0m
[32m[Inf][764]C: 11326, D: 8840[0m
[32m[Inf][765]C: 11326, D: 8840[0m
[32m[Inf][766]C: 11326, D: 8840[0m
[32m[Inf][767]C: 11326, D: 8840[0m
[32m[Inf][768]C: 11326, D: 8840[0m
[32m[Inf][769]C: 11326, D: 8840[0m
[32m[Inf][770]C: 11326, D: 8840[0m
[32m[Inf][771]C: 11326, D: 8840[0m
[32m[Inf][772]C: 11326, D: 8840[0m
[32m[Inf][773]C: 11326, D: 8840[0m
[32m[Inf][774]C: 11326, D: 8840[0m
[32m[Inf][775]C: 11326, D: 8840[0m
[32m[Inf][776]C: 11326, D: 8840[0m
[32m[Inf][777]C: 11326, D: 8840[0m
[32m[Inf][778]C: 11326, D: 8840[0m
[32m[Inf][779]C: 11326, D: 8840[0m
[32m[Inf][780]C: 11326, D: 8840[0m
[32m[Inf][781]C: 11326, D: 8840[0m
[32m[Inf][782]C: 11326, D: 8840[0m
[32m[Inf][783]C: 11326, D: 8840[0m
[32m[Inf][784]C: 11326, D: 8840[0m
[32m[Inf][785]C: 11326, D: 8840[0m
[32m[Inf][786]C: 11326, D: 8840[0m
[32m[Inf][787]C: 11326, D: 8840[0m
[32m[Inf][788]C: 11326, D: 8840[0m
[32m[Inf][789]C: 11326, D: 8840[0m
[32m[Inf][790]C: 11326, D: 8840[0m
[32m[Inf][791]C: 11326, D: 8840[0m
[32m[Inf][792]C: 11326, D: 8840[0m
[32m[Inf][793]C: 11326, D: 8840[0m
[32m[Inf][794]C: 11326, D: 8840[0m
[32m[Inf][795]C: 11326, D: 8840[0m
[32m[Inf][796]C: 11326, D: 8840[0m
[32m[Inf][797]C: 11326, D: 8840[0m
[32m[Inf][798]C: 11326, D: 8840[0m
[32m[Inf][799]C: 11326, D: 8840[0m
[32m[Inf][800]C: 11326, D: 8840[0m
[32m[Inf][801]C: 11326, D: 8840[0m
[32m[Inf][802]C: 11326, D: 8840[0m
[32m[Inf][803]C: 11326, D: 8840[0m
[32m[Inf][804]C: 11326, D: 8840[0m
[32m[Inf][805]C: 11326, D: 8840[0m
[32m[Inf][806]C: 11326, D: 8840[0m
[32m[Inf][807]C: 11326, D: 8840[0m
[32m[Inf][808]C: 11326, D: 8840[0m
[32m[Inf][809]C: 11326, D: 8840[0m
[32m[Inf][810]C: 11326, D: 8840[0m
[32m[Inf][811]C: 11326, D: 8840[0m
[32m[Inf][812]C: 11326, D: 8840[0m
[32m[Inf][813]C: 11326, D: 8840[0m
[32m[Inf][814]C: 11326, D: 8840[0m
[32m[Inf][815]C: 11326, D: 8840[0m
[32m[Inf][816]C: 11326, D: 8840[0m
[32m[Inf][817]C: 11326, D: 8840[0m
[32m[Inf][818]C: 11326, D: 8840[0m
[32m[Inf][819]C: 11326, D: 8840[0m
[32m[Inf][820]C: 11326, D: 8840[0m
[32m[Inf][821]C: 11326, D: 8840[0m
[32m[Inf][822]C: 11326, D: 8840[0m
[32m[Inf][823]C: 11326, D: 8840[0m
[32m[Inf][824]C: 11326, D: 8840[0m
[32m[Inf][825]C: 11326, D: 8840[0m
[32m[Inf][826]C: 11326, D: 8840[0m
[32m[Inf][827]C: 11326, D: 8840[0m
[32m[Inf][828]C: 11326, D: 8840[0m
[32m[Inf][829]C: 11326, D: 8840[0m
[32m[Inf][830]C: 11326, D: 8840[0m
[32m[Inf][831]C: 11326, D: 8840[0m
[32m[Inf][832]C: 11326, D: 8840[0m
[32m[Inf][833]C: 11326, D: 8840[0m
[32m[Inf][834]C: 11326, D: 8840[0m
[32m[Inf][835]C: 11326, D: 8840[0m
[32m[Inf][836]C: 11326, D: 8840[0m
[32m[Inf][837]C: 11326, D: 8840[0m
[32m[Inf][838]C: 11326, D: 8840[0m
[32m[Inf][839]C: 11326, D: 8840[0m
[32m[Inf][840]C: 11326, D: 8840[0m
[32m[Inf][841]C: 11326, D: 8840[0m
[32m[Inf][842]C: 11326, D: 8840[0m
[32m[Inf][843]C: 11326, D: 8840[0m
[32m[Inf][844]C: 11326, D: 8840[0m
[32m[Inf][845]C: 11326, D: 8840[0m
[32m[Inf][846]C: 11326, D: 8840[0m
[32m[Inf][847]C: 11326, D: 8840[0m
[Log] [848]Terminating program (user signal)
[Log] [849]Gracefully closing window
[Log] [850]Writing to log file, bye.