[Log] [1]Console initialized
[90m[dmp][2]Resizing to [79, 158][0m
[90m[dmp][3]Resizing done[0m
[Log] [4]Start rendering thread
[33m[WRN][5]render() with no scene![0m
[32m[Inf][6]C: 11326, D: 8840[0m
[32m[Inf][7]C: 11326, D: 8840[0m
[32m[Inf][8]C: 11326, D: 8840[0m
[32m[Inf][9]C: 11326, D: 8840[0m
[32m[Inf][10]C: 11326, D: 8840[0m
[32m[Inf][11]C: 11326, D: 8840[0m
[32m[Inf][12]C: 11326, D: 8840[0m
[32m[Inf][13]C: 11326, D: 8840[0m
[32m[Inf][14]C: 11326, D: 8840[0m
[90m[dmp][15]KEY: g[0m
[32m[Inf][16]C: 11326, D: 8840[0m
[32m[Inf][17]C: 11326, D: 8840[0m
[32m[Inf][18]C: 11326, D: 8840[0m
[32m[Inf][19]C: 11326, D: 8840[0m
[90m[dmp][20]KEY: h[0m
[32m[Inf][21]C: 11376, D: 8861[0m
[32m[Inf][22]C: 11376, D: 8861[0m
[32m[Inf][23]C: 11376, D: 8861[0m
[32m[Inf][24]C: 11376, D: 8861[0m
[32m[Inf][25]C: 11376, D: 8861[0m
[32m[Inf][26]C: 11376, D: 8861[0m
[90m[dmp][27]KEY: h[0m
[32m[Inf][28]C: 11376, D: 8861[0m
[90m[dmp][29]KEY: h[0m
[90m[dmp][30]KEY: h[0m
[32m[Inf][31]C: 11376, D: 8861[0m
[32m[Inf][32]C: 11376, D: 8861[0m
[90m[dmp][33]KEY: h[0m
[90m[dmp][34]KEY: h[0m
[90m[dmp][35]KEY: h[0m
[32m[Inf][36]C: 11376, D: 8861[0m
[90m[dmp][37]KEY: h[0m
[90m[dmp][38]KEY: h[0m
[32m[Inf][39]C: 11376, D: 8861[0m
[90m[dmp][40]KEY: h[0m
[90m[dmp][41]KEY: h[0m
[32m[Inf][42]C: 11376, D: 8861[0m
[90m[dmp][43]KEY: h[0m
[90m[dmp][44]KEY: h[0m
[32m[Inf][45]C: 11376, D: 8861[0m
[90m[dmp][46]KEY: h[0m
[90m[dmp][47]KEY: h[0m
[32m[Inf][48]C: 11376, D: 8861[0m
[90m[dmp][49]KEY: h[0m
[32m[Inf][50]C: 11376, D: 8861[0m
[90m[dmp][51]KEY: h[0m
[32m[Inf][52]C: 11376, D: 8861[0m
[90m[dmp][53]KEY: h[0m
[32m[Inf][54]C: 11376, D: 8861[0m
[90m[dmp][55]KEY: h[0m
[32m[Inf][56]C: 11376, D: 8861[0m
[90m[dmp][57]KEY: h[0m
[90m[dmp][58]KEY: h[0m
[32m[Inf][59]C: 11376, D: 8861[0m
[90m[dmp][60]KEY: h[0m
[90m[dmp][61]KEY: h[0m
[32m[Inf][62]C: 11376, D: 8861[0m
[90m[dmp][63]KEY: h[0m
[90m[dmp][64]KEY: h[0m
[32m[Inf][65]C: 11376, D: 8861[0m
[90m[dmp][66]KEY: h[0m
[90m[dmp][67]KEY: h[0m
[32m[Inf][68]C: 11376, D: 8861[0m
[90m[dmp][69]KEY: h[0m
[32m[Inf][70]C: 11376, D: 8861[0m
[90m[dmp][71]KEY: h[0m
[90m[dmp][72]KEY: h[0m
[90m[dmp][73]KEY: h[0m
[32m[Inf][74]C: 11296, D: 8861[0m
[90m[dmp][75]KEY: h[0m
[90m[dmp][76]KEY: h[0m
[32m[Inf][77]C: 11136, D: 8815[0m
[90m[dmp][78]KEY: h[0m
[90m[dmp][79]KEY: h[0m
[32m[Inf][80]C: 10952, D: 8741[0m
[90m[dmp][81]KEY: h[0m
[90m[dmp][82]KEY: h[0m
[32m[Inf][83]C: 10744, D: 8625[0m
[90m[dmp][84]KEY: h[0m
[90m[dmp][85]KEY: h[0m
[32m[Inf][86]C: 10536, D: 8483[0m
[90m[dmp][87]KEY: h[0m
[90m[dmp][88]KEY: h[0m
[32m[Inf][89]C: 10328, D: 8327[0m
[32m[Inf][90]C: 10224, D: 8243[0m
[90m[dmp][91]KEY: k[0m
[32m[Inf][92]C: 10224, D: 8243[0m
[32m[Inf][93]C: 10298, D: 8293[0m
[32m[Inf][94]C: 10298, D: 8293[0m
[32m[Inf][95]C: 10298, D: 8293[0m
[32m[Inf][96]C: 10298, D: 8293[0m
[32m[Inf][97]C: 10298, D: 8293[0m
[90m[dmp][98]KEY: k[0m
[32m[Inf][99]C: 10298, D: 8293[0m
[90m[dmp][100]KEY: k[0m
[32m[Inf][101]C: 10321, D: 8306[0m
[32m[Inf][102]C: 10344, D: 8314[0m
[90m[dmp][103]KEY: k[0m
[90m[dmp][104]KEY: k[0m
[90m[dmp][105]KEY: k[0m
[32m[Inf][106]C: 10390, D: 8307[0m
[90m[dmp][107]KEY: k[0m
[90m[dmp][108]KEY: k[0m
[32m[Inf][109]C: 10436, D: 8256[0m
[90m[dmp][110]KEY: k[0m
[90m[dmp][111]KEY: k[0m
[32m[Inf][112]C: 10436, D: 8166[0m
[90m[dmp][113]KEY: k[0m
[90m[dmp][114]KEY: k[0m
[32m[Inf][115]C: 10436, D: 8029[0m
[90m[dmp][116]KEY: k[0m
[90m[dmp][117]KEY: h[0m
[32m[Inf][118]C: 10258, D: 7870[0m
[32m[Inf][119]C: 10149, D: 7783[0m
[32m[Inf][120]C: 10149, D: 7783[0m
[32m[Inf][121]C: 10149, D: 7783[0m
[32m[Inf][122]C: 10149, D: 7783[0m
[32m[Inf][123]C: 10149, D: 7783[0m
[32m[Inf][124]C: 10149, D: 7783[0m
[90m[dmp][125]KEY: h[0m
[32m[Inf][126]C: 10149, D: 7783[0m
[90m[dmp][127]KEY: h[0m
[90m[dmp][128]KEY: h[0m
[32m[Inf][129]C: 9931, D: 7604[0m
[90m[dmp][130]KEY: h[0m
[32m[Inf][131]C: 9713, D: 7419[0m
[90m[dmp][132]KEY: h[0m
[32m[Inf][133]C: 9604, D: 7325[0m
[90m[dmp][134]KEY: h[0m
[90m[dmp][135]KEY: h[0m
[90m[dmp][136]KEY: h[0m
[32m[Inf][137]C: 9386, D: 7134[0m
[32m[Inf][138]C: 9277, D: 7038[0m
[32m[Inf][139]C: 9277, D: 7038[0m
[90m[dmp][140]KEY: +[0m
[32m[Inf][141]C: 14482, D: 9867[0m
[90m[dmp][142]KEY: +[0m
[32m[Inf][143]C: 19122, D: 11927[0m
[32m[Inf][144]C: 19122, D: 11783[0m
[90m[dmp][145]KEY: h[0m
[32m[Inf][146]C: 19122, D: 11783[0m
[32m[Inf][147]C: 19042, D: 11714[0m
[32m[Inf][148]C: 19042, D: 11714[0m
[32m[Inf][149]C: 19042, D: 11714[0m
[90m[dmp][150]KEY: h[0m
[32m[Inf][151]C: 19042, D: 11714[0m
[90m[dmp][152]KEY: h[0m
[90m[dmp][153]KEY: h[0m
[32m[Inf][154]C: 18882, D: 11577[0m
[90m[dmp][155]KEY: h[0m
[90m[dmp][156]KEY: h[0m
[32m[Inf][157]C: 18642, D: 11409[0m
[90m[dmp][158]KEY: h[0m
[90m[dmp][159]KEY: h[0m
[32m[Inf][160]C: 18562, D: 11350[0m
[90m[dmp][161]KEY: h[0m
[90m[dmp][162]KEY: h[0m
[90m[dmp][163]KEY: h[0m
[32m[Inf][164]C: 18322, D: 11112[0m
[90m[dmp][165]KEY: h[0m
[90m[dmp][166]KEY: h[0m
[90m[dmp][167]KEY: h[0m
[32m[Inf][168]C: 18082, D: 10834[0m
[90m[dmp][169]KEY: h[0m
[90m[dmp][170]KEY: h[0m
[32m[Inf][171]C: 17922, D: 10678[0m
[90m[dmp][172]KEY: h[0m
[90m[dmp][173]KEY: h[0m
[32m[Inf][174]C: 17762, D: 10535[0m
[90m[dmp][175]KEY: h[0m
[90m[dmp][176]KEY: h[0m
[32m[Inf][177]C: 17602, D: 10388[0m
[90m[dmp][178]KEY: h[0m
[90m[dmp][179]KEY: h[0m
[32m[Inf][180]C: 17442, D: 10236[0m
[90m[dmp][181]KEY: h[0m
[90m[dmp][182]KEY: h[0m
[32m[Inf][183]C: 17282, D: 10068[0m
[90m[dmp][184]KEY: h[0m
[32m[Inf][185]C: 17122, D: 9908[0m
[90m[dmp][186]KEY: +[0m
[32m[Inf][187]C: 17122, D: 9908[0m
[32m[Inf][188]C: 15122, D: 7218[0m
[90m[dmp][189]KEY: +[0m
[32m[Inf][190]C: 12722, D: 5076[0m
[32m[Inf][191]C: 12722, D: 5076[0m
[32m[Inf][192]C: 12722, D: 5076[0m
[32m[Inf][193]C: 12722, D: 5076[0m
[32m[Inf][194]C: 12722, D: 5076[0m
[90m[dmp][195]KEY: j[0m
[32m[Inf][196]C: 12722, D: 5121[0m
[32m[Inf][197]C: 12722, D: 5121[0m
[32m[Inf][198]C: 12722, D: 5121[0m
[32m[Inf][199]C: 12722, D: 5121[0m
[32m[Inf][200]C: 12722, D: 5121[0m
[32m[Inf][201]C: 12722, D: 5121[0m
[90m[dmp][202]KEY: j[0m
[90m[dmp][203]KEY: j[0m
[32m[Inf][204]C: 12722, D: 5163[0m
[90m[dmp][205]KEY: j[0m
[90m[dmp][206]KEY: j[0m
[32m[Inf][207]C: 12722, D: 5221[0m
[90m[dmp][208]KEY: j[0m
[32m[Inf][209]C: 12722, D: 5235[0m
[90m[dmp][210]KEY: j[0m
[90m[dmp][211]KEY: j[0m
[32m[Inf][212]C: 12722, D: 5235[0m
[90m[dmp][213]KEY: j[0m
[90m[dmp][214]KEY: j[0m
[32m[Inf][215]C: 12722, D: 5213[0m
[90m[dmp][216]KEY: j[0m
[90m[dmp][217]KEY: j[0m
[32m[Inf][218]C: 12722, D: 5214[0m
[90m[dmp][219]KEY: j[0m
[90m[dmp][220]KEY: j[0m
[32m[Inf][221]C: 12722, D: 5237[0m
[90m[dmp][222]KEY: j[0m
[90m[dmp][223]KEY: j[0m
[32m[Inf][224]C: 12722, D: 5285[0m
[90m[dmp][225]KEY: j[0m
[90m[dmp][226]KEY: j[0m
[90m[dmp][227]KEY: j[0m
[32m[Inf][228]C: 12722, D: 5377[0m
[90m[dmp][229]KEY: j[0m
[90m[dmp][230]KEY: j[0m
[32m[Inf][231]C: 12722, D: 5451[0m
[90m[dmp][232]KEY: j[0m
[90m[dmp][233]KEY: j[0m
[32m[Inf][234]C: 12722, D: 5516[0m
[90m[dmp][235]KEY: j[0m
[90m[dmp][236]KEY: j[0m
[32m[Inf][237]C: 12722, D: 5549[0m
[90m[dmp][238]KEY: j[0m
[90m[dmp][239]KEY: j[0m
[90m[dmp][240]KEY: j[0m
[32m[Inf][241]C: 12722, D: 5582[0m
[90m[dmp][242]KEY: j[0m
[90m[dmp][243]KEY: j[0m
[32m[Inf][244]C: 12722, D: 5626[0m
[90m[dmp][245]KEY: j[0m
[90m[dmp][246]KEY: j[0m
[32m[Inf][247]C: 12722, D: 5708[0m
[90m[dmp][248]KEY: j[0m
[90m[dmp][249]KEY: j[0m
[90m[dmp][250]KEY: j[0m
[32m[Inf][251]C: 12722, D: 5793[0m
[90m[dmp][252]KEY: j[0m
[90m[dmp][253]KEY: j[0m
[32m[Inf][254]C: 12722, D: 5896[0m
[90m[dmp][255]KEY: j[0m
[90m[dmp][256]KEY: j[0m
[90m[dmp][257]KEY: j[0m
[32m[Inf][258]C: 12722, D: 6050[0m
[90m[dmp][259]KEY: j[0m
[90m[dmp][260]KEY: j[0m
[32m[Inf][261]C: 12722, D: 6160[0m
[90m[dmp][262]KEY: j[0m
[90m[dmp][263]KEY: j[0m
[32m[Inf][264]C: 12722, D: 6269[0m
[90m[dmp][265]KEY: j[0m
[90m[dmp][266]KEY: j[0m
[32m[Inf][267]C: 12722, D: 6423[0m
[90m[dmp][268]KEY: j[0m
[90m[dmp][269]KEY: j[0m
[32m[Inf][270]C: 12722, D: 6473[0m
[90m[dmp][271]KEY: j[0m
[32m[Inf][272]C: 12722, D: 6565[0m
[32m[Inf][273]C: 12722, D: 6565[0m
[32m[Inf][274]C: 12722, D: 6565[0m
[32m[Inf][275]C: 12722, D: 6565[0m
[32m[Inf][276]C: 12722, D: 6565[0m
[32m[Inf][277]C: 12722, D: 6565[0m
[32m[Inf][278]C: 12722, D: 6565[0m
[32m[Inf][279]C: 12722, D: 6565[0m
[32m[Inf][280]C: 12722, D: 6565[0m
[32m[Inf][281]C: 12722, D: 6565[0m
[32m[Inf][282]C: 12722, D: 6565[0m
[32m[Inf][283]C: 12722, D: 6565[0m
[32m[Inf][284]C: 12722, D: 6565[0m
[32m[Inf][285]C: 12722, D: 6565[0m
[32m[Inf][286]C: 12722, D: 6565[0m
[32m[Inf][287]C: 12722, D: 6565[0m
[32m[Inf][288]C: 12722, D: 6565[0m
[32m[Inf][289]C: 12722, D: 6565[0m
[32m[Inf][290]C: 12722, D: 6565[0m
[32m[Inf][291]C: 12722, D: 6565[0m
[32m[Inf][292]C: 12722, D: 6565[0m
[32m[Inf][293]C: 12722, D: 6565[0m
[32m[Inf][294]C: 12722, D: 6565[0m
[32m[Inf][295]C: 12722, D: 6565[0m
[32m[Inf][296]C: 12722, D: 6565[0m
[32m[Inf][297]C: 12722, D: 6565[0m
[32m[Inf][298]C: 12722, D: 6565[0m
[32m[Inf][299]C: 12722, D: 6565[0m
[32m[Inf][300]C: 12722, D: 6565[0m
[32m[Inf][301]C: 12722, D: 6565[0m
[32m[Inf][302]C: 12722, D: 6565[0m
[32m[Inf][303]C: 12722, D: 6565[0m
[32m[Inf][304]C: 12722, D: 6565[0m
[32m[Inf][305]C: 12722, D: 6565[0m
[32m[Inf][306]C: 12722, D: 6565[0m
[32m[Inf][307]C: 12722, D: 6565[0m
[32m[Inf][308]C: 12722, D: 6565[0m
[32m[Inf][309]C: 12722, D: 6565[0m
[32m[Inf][310]C: 12722, D: 6565[0m
[32m[Inf][311]C: 12722, D: 6565[0m
[32m[Inf][312]C: 12722, D: 6565[0m
[32m[Inf][313]C: 12722, D: 6565[0m
[32m[Inf][314]C: 12722, D: 6565[0m
[32m[Inf][315]C: 12722, D: 6565[0m
[32m[Inf][316]C: 12722, D: 6565[0m
[32m[Inf][317]C: 12722, D: 6565[0m
[32m[Inf][318]C: 12722, D: 6565[0m
[32m[Inf][319]C: 12722, D: 6565[0m
[32m[Inf][320]C: 12722, D: 6565[0m
[32m[Inf][321]C: 12722, D: 6565[0m
[32m[Inf][322]C: 12722, D: 6565[0m
[32m[Inf][323]C: 12722, D: 6565[0m
[32m[Inf][324]C: 12722, D: 6565[0m
[32m[Inf][325]C: 12722, D: 6565[0m
[32m[Inf][326]C: 12722, D: 6565[0m
[32m[Inf][327]C: 12722, D: 6565[0m
[32m[Inf][328]C: 12722, D: 6565[0m
[32m[Inf][329]C: 12722, D: 6565[0m
[32m[Inf][330]C: 12722, D: 6565[0m
[32m[Inf][331]C: 12722, D: 6565[0m
[32m[Inf][332]C: 12722, D: 6565[0m
[32m[Inf][333]C: 12722, D: 6565[0m
[32m[Inf][334]C: 12722, D: 6565[0m
[32m[Inf][335]C: 12722, D: 6565[0m
[32m[Inf][336]C: 12722, D: 6565[0m
[32m[Inf][337]C: 12722, D: 6565[0m
[32m[Inf][338]C: 12722, D: 6565[0m
[32m[Inf][339]C: 12722, D: 6565[0m
[32m[Inf][340]C: 12722, D: 6565[0m
[32m[Inf][341]C: 12722, D: 6565[0m
[32m[Inf][342]C: 12722, D: 6565[0m
[32m[Inf][343]C: 12722, D: 6565[0m
[32m[Inf][344]C: 12722, D: 6565[0m
[32m[Inf][345]C: 12722, D: 6565[0m
[32m[Inf][346]C: 12722, D: 6565[0m
[32m[Inf][347]C: 12722, D: 6565[0m
[32m[Inf][348]C: 12722, D: 6565[0m
[32m[Inf][349]C: 12722, D: 6565[0m
[32m[Inf][350]C: 12722, D: 6565[0m
[32m[Inf][351]C: 12722, D: 6565[0m
[32m[Inf][352]C: 12722, D: 6565[0m
[32m[Inf][353]C: 12722, D: 6565[0m
[32m[Inf][354]C: 12722, D: 6565[0m
[32m[Inf][355]C: 12722, D: 6565[0m
[32m[Inf][356]C: 12722, D: 6565[0m
[32m[Inf][357]C: 12722, D: 6565[0m
[32m[Inf][358]C: 12722, D: 6565[0m
[32m[Inf][359]C: 12722, D: 6565[0m
[32m[Inf][360]C: 12722, D: 6565[0m
[32m[Inf][361]C: 12722, D: 6565[0m
[32m[Inf][362]C: 12722, D: 6565[0m
[32m[Inf][363]C: 12722, D: 6565[0m
[32m[Inf][364]C: 12722, D: 6565[0m
[32m[Inf][365]C: 12722, D: 6565[0m
[32m[Inf][366]C: 12722, D: 6565[0m
[32m[Inf][367]C: 12722, D: 6565[0m
[32m[Inf][368]C: 12722, D: 6565[0m
[32m[Inf][369]C: 12722, D: 6565[0m
[32m[Inf][370]C: 12722, D: 6565[0m
[32m[Inf][371]C: 12722, D: 6565[0m
[32m[Inf][372]C: 12722, D: 6565[0m
[32m[Inf][373]C: 12722, D: 6565[0m
[32m[Inf][374]C: 12722, D: 6565[0m
[32m[Inf][375]C: 12722, D: 6565[0m
[32m[Inf][376]C: 12722, D: 6565[0m
[32m[Inf][377]C: 12722, D: 6565[0m
[32m[Inf][378]C: 12722, D: 6565[0m
[32m[Inf][379]C: 12722, D: 6565[0m
[32m[Inf][380]C: 12722, D: 6565[0m
[32m[Inf][381]C: 12722, D: 6565[0m
[32m[Inf][382]C: 12722, D: 6565[0m
[32m[Inf][383]C: 12722, D: 6565[0m
[32m[Inf][384]C: 12722, D: 6565[0m
[32m[Inf][385]C: 12722, D: 6565[0m
[32m[Inf][386]C: 12722, D: 6565[0m
[32m[Inf][387]C: 12722, D: 6565[0m
[32m[Inf][388]C: 12722, D: 6565[0m
[32m[Inf][389]C: 12722, D: 6565[0m
[32m[Inf][390]C: 12722, D: 6565[0m
[32m[Inf][391]C: 12722, D: 6565[0m
[32m[Inf][392]C: 12722, D: 6565[0m
[32m[Inf][393]C: 12722, D: 6565[0m
[32m[Inf][394]C: 12722, D: 6565[0m
[32m[Inf][395]C: 12722, D: 6565[0m
[32m[Inf][396]C: 12722, D: 6565[0m
[32m[Inf][397]C: 12722, D: 6565[0m
[32m[Inf][398]C: 12722, D: 6565[0m
[32m[Inf][399]C: 12722, D: 6565[0m
[32m[Inf][400]C: 12722, D: 6565[0m
[32m[Inf][401]C: 12722, D: 6565[0m
[32m[Inf][402]C: 12722, D: 6565[0m
[32m[Inf][403]C: 12722, D: 6565[0m
[32m[Inf][404]C: 12722, D: 6565[0m
[32m[Inf][405]C: 12722, D: 6565[0m
[32m[Inf][406]C: 12722, D: 6565[0m
[32m[Inf][407]C: 12722, D: 6565[0m
[32m[Inf][408]C: 12722, D: 6565[0m
[32m[Inf][409]C: 12722, D: 6565[0m
[32m[Inf][410]C: 12722, D: 6565[0m
[32m[Inf][411]C: 12722, D: 6565[0m
[32m[Inf][412]C: 12722, D: 6565[0m
[32m[Inf][413]C: 12722, D: 6565[0m
[32m[Inf][414]C: 12722, D: 6565[0m
[32m[Inf][415]C: 12722, D: 6565[0m
[32m[Inf][416]C: 12722, D: 6565[0m
[32m[Inf][417]C: 12722, D: 6565[0m
[32m[Inf][418]C: 12722, D: 6565[0m
[32m[Inf][419]C: 12722, D: 6565[0m
[32m[Inf][420]C: 12722, D: 6565[0m
[32m[Inf][421]C: 12722, D: 6565[0m
[32m[Inf][422]C: 12722, D: 6565[0m
[32m[Inf][423]C: 12722, D: 6565[0m
[32m[Inf][424]C: 12722, D: 6565[0m
[32m[Inf][425]C: 12722, D: 6565[0m
[32m[Inf][426]C: 12722, D: 6565[0m
[32m[Inf][427]C: 12722, D: 6565[0m
[32m[Inf][428]C: 12722, D: 6565[0m
[32m[Inf][429]C: 12722, D: 6565[0m
[32m[Inf][430]C: 12722, D: 6565[0m
[32m[Inf][431]C: 12722, D: 6565[0m
[32m[Inf][432]C: 12722, D: 6565[0m
[32m[Inf][433]C: 12722, D: 6565[0m
[32m[Inf][434]C: 12722, D: 6565[0m
[32m[Inf][435]C: 12722, D: 6565[0m
[32m[Inf][436]C: 12722, D: 6565[0m
[32m[Inf][437]C: 12722, D: 6565[0m
[32m[Inf][438]C: 12722, D: 6565[0m
[32m[Inf][439]C: 12722, D: 6565[0m
[32m[Inf][440]C: 12722, D: 6565[0m
[32m[Inf][441]C: 12722, D: 6565[0m
[32m[Inf][442]C: 12722, D: 6565[0m
[32m[Inf][443]C: 12722, D: 6565[0m
[32m[Inf][444]C: 12722, D: 6565[0m
[32m[Inf][445]C: 12722, D: 6565[0m
[32m[Inf][446]C: 12722, D: 6565[0m
[32m[Inf][447]C: 12722, D: 6565[0m
[32m[Inf][448]C: 12722, D: 6565[0m
[32m[Inf][449]C: 12722, D: 6565[0m
[32m[Inf][450]C: 12722, D: 6565[0m
[32m[Inf][451]C: 12722, D: 6565[0m
[32m[Inf][452]C: 12722, D: 6565[0m
[32m[Inf][453]C: 12722, D: 6565[0m
[32m[Inf][454]C: 12722, D: 6565[0m
[32m[Inf][455]C: 12722, D: 6565[0m
[32m[Inf][456]C: 12722, D: 6565[0m
[32m[Inf][457]C: 12722, D: 6565[0m
[32m[Inf][458]C: 12722, D: 6565[0m
[32m[Inf][459]C: 12722, D: 6565[0m
[32m[Inf][460]C: 12722, D: 6565[0m
[32m[Inf][461]C: 12722, D: 6565[0m
[32m[Inf][462]C: 12722, D: 6565[0m
[32m[Inf][463]C: 12722, D: 6565[0m
[32m[Inf][464]C: 12722, D: 6565[0m
[32m[Inf][465]C: 12722, D: 6565[0m
[32m[Inf][466]C: 12722, D: 6565[0m
[32m[Inf][467]C: 12722, D: 6565[0m
[32m[Inf][468]C: 12722, D: 6565[0m
[32m[Inf][469]C: 12722, D: 6565[0m
[32m[Inf][470]C: 12722, D: 6565[0m
[32m[Inf][471]C: 12722, D: 6565[0m
[32m[Inf][472]C: 12722, D: 6565[0m
[32m[Inf][473]C: 12722, D: 6565[0m
[32m[Inf][474]C: 12722, D: 6565[0m
[32m[Inf][475]C: 12722, D: 6565[0m
[32m[Inf][476]C: 12722, D: 6565[0m
[32m[Inf][477]C: 12722, D: 6565[0m
[32m[Inf][478]C: 12722, D: 6565[0m
[32m[Inf][479]C: 12722, D: 6565[0m
[32m[Inf][480]C: 12722, D: 6565[0m
[Log] [481]Terminating program (user signal)
[Log] [482]Gracefully closing window
[32m[Inf][483]C: 12722, D: 6565[0m
[Log] [484]Writing to log file, bye.