[Log] [1]Console initialized
[90m[dmp][2]Resizing to [79, 158][0m
[90m[dmp][3]Resizing done[0m
[Log] [4]Start rendering thread
[33m[WRN][5]render() with no scene![0m
[32m[Inf][6]C: 11326, D: 8840[0m
[32m[Inf][7]C: 11326, D: 8840[0m
[32m[Inf][8]C: 11326, D: 8840[0m
[32m[Inf][9]C: 11326, D: 8840[0m
[32m[Inf][10]C: 11326, D: 8840[0m
[32m[Inf][11]C: 11326, D: 8840[0m
[32m[Inf][12]C: 11326, D: 8840[0m
[32m[Inf][13]C: 11326, D: 8840[0m
[32m[Inf][14]C: 11326, D: 8840[0m
[32m[Inf][15]C: 11326, D: 8840[0m
[32m[Inf][16]C: 11326, D: 8840[0m
[32m[Inf][17]C: 11326, D: 8840[0m
[32m[Inf][18]C: 11326, D: 8840[0m
[32m[Inf][19]C: 11326, D: 8840[0m
[32m[Inf][20]C: 11326, D: 8840[0m
[32m[Inf][21]C: 11326, D: 8840[0m
[32m[Inf][22]C: 11326, D: 8840[0m
[32m[Inf][23]C: 11326, D: 8840[0m
[32m[Inf][24]C: 11326, D: 8840[0m
[32m[Inf][25]C: 11326, D: 8840[0m
[32m[Inf][26]C: 11326, D: 8840[0m
[32m[Inf][27]C: 11326, D: 8840[0m
[32m[Inf][28]C: 11326, D: 8840[0m
[32m[Inf][29]C: 11326, D: 8840[0m
[32m[Inf][30]C: 11326, D: 8840[0m
[32m[Inf][31]C: 11326, D: 8840[0m
[32m[Inf][32]C: 11326, D: 8840[0m
[32m[Inf][33]C: 11326, D: 8840[0m
[32m[Inf][34]C: 11326, D: 8840[0m
[32m[Inf][35]C: 11326, D: 8840[0m
[32m[Inf][36]C: 11326, D: 8840[0m
[32m[Inf][37]C: 11326, D: 8840[0m
[90m[dmp][38]KEY: j[0m
[32m[Inf][39]C: 11245, D: 8784[0m
[32m[Inf][40]C: 11245, D: 8784[0m
[32m[Inf][41]C: 11245, D: 8784[0m
[32m[Inf][42]C: 11245, D: 8784[0m
[32m[Inf][43]C: 11245, D: 8784[0m
[32m[Inf][44]C: 11245, D: 8784[0m
[32m[Inf][45]C: 11245, D: 8784[0m
[32m[Inf][46]C: 11245, D: 8784[0m
[32m[Inf][47]C: 11245, D: 8784[0m
[32m[Inf][48]C: 11245, D: 8784[0m
[32m[Inf][49]C: 11245, D: 8784[0m
[32m[Inf][50]C: 11245, D: 8784[0m
[32m[Inf][51]C: 11245, D: 8784[0m
[32m[Inf][52]C: 11245, D: 8784[0m
[32m[Inf][53]C: 11245, D: 8784[0m
[32m[Inf][54]C: 11245, D: 8784[0m
[32m[Inf][55]C: 11245, D: 8784[0m
[32m[Inf][56]C: 11245, D: 8784[0m
[32m[Inf][57]C: 11245, D: 8784[0m
[32m[Inf][58]C: 11245, D: 8784[0m
[32m[Inf][59]C: 11245, D: 8784[0m
[32m[Inf][60]C: 11245, D: 8784[0m
[32m[Inf][61]C: 11245, D: 8784[0m
[32m[Inf][62]C: 11245, D: 8784[0m
[32m[Inf][63]C: 11245, D: 8784[0m
[32m[Inf][64]C: 11245, D: 8784[0m
[32m[Inf][65]C: 11245, D: 8784[0m
[32m[Inf][66]C: 11245, D: 8784[0m
[32m[Inf][67]C: 11245, D: 8784[0m
[32m[Inf][68]C: 11245, D: 8784[0m
[90m[dmp][69]KEY: j[0m
[32m[Inf][70]C: 11245, D: 8784[0m
[32m[Inf][71]C: 11164, D: 8720[0m
[32m[Inf][72]C: 11164, D: 8720[0m
[32m[Inf][73]C: 11164, D: 8720[0m
[32m[Inf][74]C: 11164, D: 8720[0m
[32m[Inf][75]C: 11164, D: 8720[0m
[32m[Inf][76]C: 11164, D: 8720[0m
[32m[Inf][77]C: 11164, D: 8720[0m
[32m[Inf][78]C: 11164, D: 8720[0m
[90m[dmp][79]KEY: j[0m
[32m[Inf][80]C: 11083, D: 8652[0m
[32m[Inf][81]C: 11083, D: 8652[0m
[32m[Inf][82]C: 11083, D: 8652[0m
[32m[Inf][83]C: 11083, D: 8652[0m
[90m[dmp][84]KEY: j[0m
[32m[Inf][85]C: 11083, D: 8652[0m
[32m[Inf][86]C: 11002, D: 8573[0m
[32m[Inf][87]C: 11002, D: 8573[0m
[32m[Inf][88]C: 11002, D: 8573[0m
[32m[Inf][89]C: 11002, D: 8573[0m
[32m[Inf][90]C: 11002, D: 8573[0m
[90m[dmp][91]KEY: k[0m
[32m[Inf][92]C: 11083, D: 8652[0m
[32m[Inf][93]C: 11083, D: 8652[0m
[32m[Inf][94]C: 11083, D: 8652[0m
[32m[Inf][95]C: 11083, D: 8652[0m
[90m[dmp][96]KEY: k[0m
[32m[Inf][97]C: 11164, D: 8720[0m
[32m[Inf][98]C: 11164, D: 8720[0m
[32m[Inf][99]C: 11164, D: 8720[0m
[90m[dmp][100]KEY: k[0m
[32m[Inf][101]C: 11164, D: 8720[0m
[32m[Inf][102]C: 11245, D: 8784[0m
[32m[Inf][103]C: 11245, D: 8784[0m
[32m[Inf][104]C: 11245, D: 8784[0m
[90m[dmp][105]KEY: k[0m
[32m[Inf][106]C: 11245, D: 8784[0m
[32m[Inf][107]C: 11326, D: 8840[0m
[32m[Inf][108]C: 11326, D: 8840[0m
[32m[Inf][109]C: 11326, D: 8840[0m
[90m[dmp][110]KEY: k[0m
[32m[Inf][111]C: 11326, D: 8840[0m
[32m[Inf][112]C: 11407, D: 8884[0m
[32m[Inf][113]C: 11407, D: 8884[0m
[32m[Inf][114]C: 11407, D: 8884[0m
[32m[Inf][115]C: 11407, D: 8884[0m
[90m[dmp][116]KEY: k[0m
[32m[Inf][117]C: 11438, D: 8901[0m
[32m[Inf][118]C: 11438, D: 8901[0m
[32m[Inf][119]C: 11438, D: 8901[0m
[90m[dmp][120]KEY: k[0m
[32m[Inf][121]C: 11469, D: 8912[0m
[32m[Inf][122]C: 11469, D: 8912[0m
[32m[Inf][123]C: 11469, D: 8912[0m
[32m[Inf][124]C: 11469, D: 8912[0m
[90m[dmp][125]KEY: j[0m
[32m[Inf][126]C: 11469, D: 8912[0m
[32m[Inf][127]C: 11438, D: 8901[0m
[32m[Inf][128]C: 11438, D: 8901[0m
[32m[Inf][129]C: 11438, D: 8901[0m
[90m[dmp][130]KEY: j[0m
[32m[Inf][131]C: 11407, D: 8884[0m
[32m[Inf][132]C: 11407, D: 8884[0m
[32m[Inf][133]C: 11407, D: 8884[0m
[90m[dmp][134]KEY: j[0m
[32m[Inf][135]C: 11407, D: 8884[0m
[32m[Inf][136]C: 11326, D: 8840[0m
[32m[Inf][137]C: 11326, D: 8840[0m
[32m[Inf][138]C: 11326, D: 8840[0m
[90m[dmp][139]KEY: j[0m
[32m[Inf][140]C: 11245, D: 8784[0m
[32m[Inf][141]C: 11245, D: 8784[0m
[32m[Inf][142]C: 11245, D: 8784[0m
[32m[Inf][143]C: 11245, D: 8784[0m
[90m[dmp][144]KEY: j[0m
[32m[Inf][145]C: 11164, D: 8720[0m
[32m[Inf][146]C: 11164, D: 8720[0m
[32m[Inf][147]C: 11164, D: 8720[0m
[90m[dmp][148]KEY: j[0m
[32m[Inf][149]C: 11164, D: 8720[0m
[32m[Inf][150]C: 11083, D: 8652[0m
[32m[Inf][151]C: 11083, D: 8652[0m
[32m[Inf][152]C: 11083, D: 8652[0m
[90m[dmp][153]KEY: k[0m
[32m[Inf][154]C: 11164, D: 8720[0m
[32m[Inf][155]C: 11164, D: 8720[0m
[32m[Inf][156]C: 11164, D: 8720[0m
[90m[dmp][157]KEY: k[0m
[32m[Inf][158]C: 11164, D: 8720[0m
[32m[Inf][159]C: 11245, D: 8784[0m
[32m[Inf][160]C: 11245, D: 8784[0m
[32m[Inf][161]C: 11245, D: 8784[0m
[90m[dmp][162]KEY: k[0m
[32m[Inf][163]C: 11326, D: 8840[0m
[32m[Inf][164]C: 11326, D: 8840[0m
[90m[dmp][165]KEY: k[0m
[32m[Inf][166]C: 11326, D: 8840[0m
[32m[Inf][167]C: 11407, D: 8884[0m
[32m[Inf][168]C: 11407, D: 8884[0m
[32m[Inf][169]C: 11407, D: 8884[0m
[32m[Inf][170]C: 11407, D: 8884[0m
[90m[dmp][171]KEY: j[0m
[32m[Inf][172]C: 11326, D: 8840[0m
[32m[Inf][173]C: 11326, D: 8840[0m
[32m[Inf][174]C: 11326, D: 8840[0m
[90m[dmp][175]KEY: j[0m
[32m[Inf][176]C: 11326, D: 8840[0m
[32m[Inf][177]C: 11245, D: 8784[0m
[32m[Inf][178]C: 11245, D: 8784[0m
[32m[Inf][179]C: 11245, D: 8784[0m
[90m[dmp][180]KEY: j[0m
[32m[Inf][181]C: 11245, D: 8784[0m
[32m[Inf][182]C: 11164, D: 8720[0m
[90m[dmp][183]KEY: k[0m
[32m[Inf][184]C: 11164, D: 8720[0m
[32m[Inf][185]C: 11245, D: 8784[0m
[32m[Inf][186]C: 11245, D: 8784[0m
[32m[Inf][187]C: 11245, D: 8784[0m
[90m[dmp][188]KEY: k[0m
[32m[Inf][189]C: 11326, D: 8840[0m
[32m[Inf][190]C: 11326, D: 8840[0m
[32m[Inf][191]C: 11326, D: 8840[0m
[90m[dmp][192]KEY: k[0m
[32m[Inf][193]C: 11326, D: 8840[0m
[32m[Inf][194]C: 11407, D: 8884[0m
[32m[Inf][195]C: 11407, D: 8884[0m
[90m[dmp][196]KEY: l[0m
[32m[Inf][197]C: 11407, D: 8884[0m
[32m[Inf][198]C: 11356, D: 8853[0m
[32m[Inf][199]C: 11356, D: 8853[0m
[32m[Inf][200]C: 11356, D: 8853[0m
[32m[Inf][201]C: 11356, D: 8853[0m
[32m[Inf][202]C: 11356, D: 8853[0m
[32m[Inf][203]C: 11356, D: 8853[0m
[32m[Inf][204]C: 11356, D: 8853[0m
[32m[Inf][205]C: 11356, D: 8853[0m
[32m[Inf][206]C: 11356, D: 8853[0m
[32m[Inf][207]C: 11356, D: 8853[0m
[90m[dmp][208]KEY: l[0m
[32m[Inf][209]C: 11356, D: 8853[0m
[32m[Inf][210]C: 11305, D: 8832[0m
[90m[dmp][211]KEY: l[0m
[90m[dmp][212]KEY: l[0m
[32m[Inf][213]C: 11254, D: 8807[0m
[32m[Inf][214]C: 11203, D: 8782[0m
[90m[dmp][215]KEY: l[0m
[90m[dmp][216]KEY: l[0m
[32m[Inf][217]C: 11152, D: 8756[0m
[32m[Inf][218]C: 11101, D: 8729[0m
[90m[dmp][219]KEY: l[0m
[90m[dmp][220]KEY: l[0m
[32m[Inf][221]C: 11050, D: 8714[0m
[32m[Inf][222]C: 10999, D: 8688[0m
[90m[dmp][223]KEY: l[0m
[90m[dmp][224]KEY: l[0m
[32m[Inf][225]C: 10948, D: 8659[0m
[32m[Inf][226]C: 10897, D: 8632[0m
[90m[dmp][227]KEY: l[0m
[32m[Inf][228]C: 10846, D: 8601[0m
[90m[dmp][229]KEY: h[0m
[32m[Inf][230]C: 10897, D: 8632[0m
[32m[Inf][231]C: 10897, D: 8632[0m
[32m[Inf][232]C: 10897, D: 8632[0m
[32m[Inf][233]C: 10897, D: 8632[0m
[32m[Inf][234]C: 10897, D: 8632[0m
[32m[Inf][235]C: 10897, D: 8632[0m
[32m[Inf][236]C: 10897, D: 8632[0m
[32m[Inf][237]C: 10897, D: 8632[0m
[32m[Inf][238]C: 10897, D: 8632[0m
[32m[Inf][239]C: 10897, D: 8632[0m
[32m[Inf][240]C: 10897, D: 8632[0m
[90m[dmp][241]KEY: h[0m
[32m[Inf][242]C: 10948, D: 8659[0m
[90m[dmp][243]KEY: h[0m
[32m[Inf][244]C: 10999, D: 8688[0m
[90m[dmp][245]KEY: h[0m
[32m[Inf][246]C: 11050, D: 8714[0m
[90m[dmp][247]KEY: h[0m
[32m[Inf][248]C: 11101, D: 8729[0m
[90m[dmp][249]KEY: h[0m
[32m[Inf][250]C: 11152, D: 8756[0m
[90m[dmp][251]KEY: h[0m
[32m[Inf][252]C: 11203, D: 8782[0m
[90m[dmp][253]KEY: h[0m
[32m[Inf][254]C: 11254, D: 8807[0m
[90m[dmp][255]KEY: h[0m
[32m[Inf][256]C: 11305, D: 8832[0m
[90m[dmp][257]KEY: h[0m
[32m[Inf][258]C: 11356, D: 8853[0m
[90m[dmp][259]KEY: h[0m
[32m[Inf][260]C: 11407, D: 8884[0m
[90m[dmp][261]KEY: h[0m
[32m[Inf][262]C: 11458, D: 8915[0m
[90m[dmp][263]KEY: h[0m
[32m[Inf][264]C: 11458, D: 8915[0m
[90m[dmp][265]KEY: h[0m
[32m[Inf][266]C: 11458, D: 8915[0m
[90m[dmp][267]KEY: h[0m
[32m[Inf][268]C: 11458, D: 8915[0m
[90m[dmp][269]KEY: h[0m
[32m[Inf][270]C: 11458, D: 8915[0m
[90m[dmp][271]KEY: h[0m
[32m[Inf][272]C: 11458, D: 8915[0m
[32m[Inf][273]C: 11458, D: 8915[0m
[32m[Inf][274]C: 11458, D: 8915[0m
[32m[Inf][275]C: 11458, D: 8915[0m
[32m[Inf][276]C: 11458, D: 8915[0m
[32m[Inf][277]C: 11458, D: 8915[0m
[32m[Inf][278]C: 11458, D: 8915[0m
[32m[Inf][279]C: 11458, D: 8915[0m
[32m[Inf][280]C: 11458, D: 8915[0m
[32m[Inf][281]C: 11458, D: 8915[0m
[32m[Inf][282]C: 11458, D: 8915[0m
[32m[Inf][283]C: 11458, D: 8915[0m
[90m[dmp][284]KEY: -[0m
[32m[Inf][285]C: 11458, D: 8915[0m
[32m[Inf][286]C: 3453, D: 2435[0m
[32m[Inf][287]C: 3453, D: 2435[0m
[32m[Inf][288]C: 3453, D: 2435[0m
[32m[Inf][289]C: 3453, D: 2435[0m
[32m[Inf][290]C: 3453, D: 2435[0m
[32m[Inf][291]C: 3453, D: 2435[0m
[32m[Inf][292]C: 3453, D: 2435[0m
[32m[Inf][293]C: 3453, D: 2435[0m
[32m[Inf][294]C: 3453, D: 2435[0m
[32m[Inf][295]C: 3453, D: 2435[0m
[32m[Inf][296]C: 3453, D: 2435[0m
[32m[Inf][297]C: 3453, D: 2435[0m
[32m[Inf][298]C: 3453, D: 2435[0m
[32m[Inf][299]C: 3453, D: 2435[0m
[32m[Inf][300]C: 3453, D: 2435[0m
[32m[Inf][301]C: 3453, D: 2435[0m
[32m[Inf][302]C: 3453, D: 2435[0m
[32m[Inf][303]C: 3453, D: 2435[0m
[32m[Inf][304]C: 3453, D: 2435[0m
[32m[Inf][305]C: 3453, D: 2435[0m
[32m[Inf][306]C: 3453, D: 2435[0m
[32m[Inf][307]C: 3453, D: 2435[0m
[32m[Inf][308]C: 3453, D: 2435[0m
[32m[Inf][309]C: 3453, D: 2435[0m
[32m[Inf][310]C: 3453, D: 2435[0m
[32m[Inf][311]C: 3453, D: 2435[0m
[32m[Inf][312]C: 3453, D: 2435[0m
[32m[Inf][313]C: 3453, D: 2435[0m
[32m[Inf][314]C: 3453, D: 2435[0m
[32m[Inf][315]C: 3453, D: 2435[0m
[90m[dmp][316]KEY: +[0m
[32m[Inf][317]C: 3453, D: 2435[0m
[32m[Inf][318]C: 11458, D: 8915[0m
[32m[Inf][319]C: 11458, D: 8915[0m
[32m[Inf][320]C: 11458, D: 8915[0m
[32m[Inf][321]C: 11458, D: 8915[0m
[32m[Inf][322]C: 11458, D: 8915[0m
[32m[Inf][323]C: 11458, D: 8915[0m
[32m[Inf][324]C: 11458, D: 8915[0m
[32m[Inf][325]C: 11458, D: 8915[0m
[32m[Inf][326]C: 11458, D: 8915[0m
[90m[dmp][327]KEY: +[0m
[32m[Inf][328]C: 15066, D: 13908[0m
[32m[Inf][329]C: 15066, D: 13908[0m
[32m[Inf][330]C: 15066, D: 13908[0m
[32m[Inf][331]C: 15066, D: 13908[0m
[32m[Inf][332]C: 15066, D: 13908[0m
[32m[Inf][333]C: 15066, D: 13908[0m
[32m[Inf][334]C: 15066, D: 13908[0m
[32m[Inf][335]C: 15066, D: 13908[0m
[32m[Inf][336]C: 15066, D: 13908[0m
[32m[Inf][337]C: 15066, D: 13908[0m
[90m[dmp][338]KEY: -[0m
[32m[Inf][339]C: 11458, D: 8915[0m
[32m[Inf][340]C: 11458, D: 8915[0m
[32m[Inf][341]C: 11458, D: 8915[0m
[32m[Inf][342]C: 11458, D: 8915[0m
[32m[Inf][343]C: 11458, D: 8915[0m
[32m[Inf][344]C: 11458, D: 8915[0m
[32m[Inf][345]C: 11458, D: 8915[0m
[32m[Inf][346]C: 11458, D: 8915[0m
[32m[Inf][347]C: 11458, D: 8915[0m
[32m[Inf][348]C: 11458, D: 8915[0m
[32m[Inf][349]C: 11458, D: 8915[0m
[32m[Inf][350]C: 11458, D: 8915[0m
[32m[Inf][351]C: 11458, D: 8915[0m
[32m[Inf][352]C: 11458, D: 8915[0m
[32m[Inf][353]C: 11458, D: 8915[0m
[32m[Inf][354]C: 11458, D: 8915[0m
[32m[Inf][355]C: 11458, D: 8915[0m
[32m[Inf][356]C: 11458, D: 8915[0m
[32m[Inf][357]C: 11458, D: 8915[0m
[32m[Inf][358]C: 11458, D: 8915[0m
[32m[Inf][359]C: 11458, D: 8915[0m
[32m[Inf][360]C: 11458, D: 8915[0m
[32m[Inf][361]C: 11458, D: 8915[0m
[32m[Inf][362]C: 11458, D: 8915[0m
[32m[Inf][363]C: 11458, D: 8915[0m
[32m[Inf][364]C: 11458, D: 8915[0m
[32m[Inf][365]C: 11458, D: 8915[0m
[32m[Inf][366]C: 11458, D: 8915[0m
[90m[dmp][367]KEY: +[0m
[32m[Inf][368]C: 15066, D: 13908[0m
[32m[Inf][369]C: 15066, D: 13908[0m
[32m[Inf][370]C: 15066, D: 13908[0m
[90m[dmp][371]KEY: -[0m
[32m[Inf][372]C: 16098, D: 14615[0m
[32m[Inf][373]C: 11458, D: 8915[0m
[32m[Inf][374]C: 11458, D: 8915[0m
[32m[Inf][375]C: 11458, D: 8915[0m
[32m[Inf][376]C: 11458, D: 8915[0m
[32m[Inf][377]C: 11458, D: 8915[0m
[32m[Inf][378]C: 11458, D: 8915[0m
[32m[Inf][379]C: 11458, D: 8915[0m
[32m[Inf][380]C: 11458, D: 8915[0m
[90m[dmp][381]KEY: +[0m
[32m[Inf][382]C: 15066, D: 13908[0m
[32m[Inf][383]C: 15066, D: 13908[0m
[32m[Inf][384]C: 15066, D: 13908[0m
[90m[dmp][385]KEY: -[0m
[32m[Inf][386]C: 15066, D: 13908[0m
[32m[Inf][387]C: 11458, D: 8915[0m
[32m[Inf][388]C: 11458, D: 8915[0m
[32m[Inf][389]C: 11458, D: 8915[0m
[32m[Inf][390]C: 11458, D: 8915[0m
[32m[Inf][391]C: 11458, D: 8915[0m
[32m[Inf][392]C: 11458, D: 8915[0m
[32m[Inf][393]C: 11458, D: 8915[0m
[32m[Inf][394]C: 11458, D: 8915[0m
[32m[Inf][395]C: 11458, D: 8915[0m
[32m[Inf][396]C: 11458, D: 8915[0m
[32m[Inf][397]C: 11458, D: 8915[0m
[32m[Inf][398]C: 11458, D: 8915[0m
[32m[Inf][399]C: 11458, D: 8915[0m
[32m[Inf][400]C: 11458, D: 8915[0m
[32m[Inf][401]C: 11458, D: 8915[0m
[32m[Inf][402]C: 11458, D: 8915[0m
[32m[Inf][403]C: 11458, D: 8915[0m
[32m[Inf][404]C: 11458, D: 8915[0m
[32m[Inf][405]C: 11458, D: 8915[0m
[32m[Inf][406]C: 11458, D: 8915[0m
[90m[dmp][407]KEY: k[0m
[32m[Inf][408]C: 11489, D: 8932[0m
[32m[Inf][409]C: 11489, D: 8932[0m
[32m[Inf][410]C: 11489, D: 8932[0m
[32m[Inf][411]C: 11489, D: 8932[0m
[32m[Inf][412]C: 11489, D: 8932[0m
[32m[Inf][413]C: 11489, D: 8932[0m
[32m[Inf][414]C: 11489, D: 8932[0m
[32m[Inf][415]C: 11489, D: 8932[0m
[32m[Inf][416]C: 11489, D: 8932[0m
[32m[Inf][417]C: 11489, D: 8932[0m
[90m[dmp][418]KEY: k[0m
[32m[Inf][419]C: 11520, D: 8943[0m
[90m[dmp][420]KEY: k[0m
[32m[Inf][421]C: 11551, D: 8944[0m
[90m[dmp][422]KEY: k[0m
[32m[Inf][423]C: 11582, D: 8937[0m
[90m[dmp][424]KEY: k[0m
[32m[Inf][425]C: 11613, D: 8920[0m
[90m[dmp][426]KEY: k[0m
[32m[Inf][427]C: 11644, D: 8886[0m
[90m[dmp][428]KEY: k[0m
[32m[Inf][429]C: 11644, D: 8846[0m
[90m[dmp][430]KEY: k[0m
[90m[dmp][431]KEY: k[0m
[32m[Inf][432]C: 11644, D: 8796[0m
[32m[Inf][433]C: 11644, D: 8736[0m
[90m[dmp][434]KEY: k[0m
[32m[Inf][435]C: 11644, D: 8657[0m
[32m[Inf][436]C: 11644, D: 8657[0m
[90m[dmp][437]KEY: h[0m
[32m[Inf][438]C: 11644, D: 8657[0m
[32m[Inf][439]C: 11644, D: 8657[0m
[32m[Inf][440]C: 11644, D: 8657[0m
[32m[Inf][441]C: 11644, D: 8657[0m
[32m[Inf][442]C: 11644, D: 8657[0m
[32m[Inf][443]C: 11644, D: 8657[0m
[32m[Inf][444]C: 11644, D: 8657[0m
[32m[Inf][445]C: 11644, D: 8657[0m
[32m[Inf][446]C: 11644, D: 8657[0m
[32m[Inf][447]C: 11644, D: 8657[0m
[90m[dmp][448]KEY: h[0m
[32m[Inf][449]C: 11644, D: 8657[0m
[32m[Inf][450]C: 11644, D: 8657[0m
[90m[dmp][451]KEY: h[0m
[90m[dmp][452]KEY: h[0m
[32m[Inf][453]C: 11644, D: 8657[0m
[32m[Inf][454]C: 11644, D: 8657[0m
[90m[dmp][455]KEY: h[0m
[90m[dmp][456]KEY: h[0m
[32m[Inf][457]C: 11644, D: 8657[0m
[32m[Inf][458]C: 11644, D: 8657[0m
[90m[dmp][459]KEY: h[0m
[90m[dmp][460]KEY: h[0m
[32m[Inf][461]C: 11644, D: 8657[0m
[90m[dmp][462]KEY: h[0m
[32m[Inf][463]C: 11644, D: 8657[0m
[90m[dmp][464]KEY: h[0m
[32m[Inf][465]C: 11644, D: 8657[0m
[90m[dmp][466]KEY: h[0m
[32m[Inf][467]C: 11644, D: 8657[0m
[90m[dmp][468]KEY: h[0m
[32m[Inf][469]C: 11644, D: 8657[0m
[90m[dmp][470]KEY: h[0m
[32m[Inf][471]C: 11644, D: 8657[0m
[90m[dmp][472]KEY: h[0m
[32m[Inf][473]C: 11644, D: 8657[0m
[90m[dmp][474]KEY: h[0m
[32m[Inf][475]C: 11644, D: 8657[0m
[90m[dmp][476]KEY: h[0m
[32m[Inf][477]C: 11644, D: 8657[0m
[90m[dmp][478]KEY: h[0m
[32m[Inf][479]C: 11644, D: 8657[0m
[90m[dmp][480]KEY: h[0m
[90m[dmp][481]KEY: h[0m
[32m[Inf][482]C: 11644, D: 8657[0m
[32m[Inf][483]C: 11644, D: 8657[0m
[90m[dmp][484]KEY: h[0m
[90m[dmp][485]KEY: h[0m
[32m[Inf][486]C: 11644, D: 8657[0m
[32m[Inf][487]C: 11644, D: 8657[0m
[90m[dmp][488]KEY: h[0m
[90m[dmp][489]KEY: h[0m
[32m[Inf][490]C: 11644, D: 8657[0m
[32m[Inf][491]C: 11644, D: 8657[0m
[90m[dmp][492]KEY: h[0m
[90m[dmp][493]KEY: h[0m
[32m[Inf][494]C: 11564, D: 8657[0m
[32m[Inf][495]C: 11484, D: 8638[0m
[90m[dmp][496]KEY: h[0m
[90m[dmp][497]KEY: h[0m
[32m[Inf][498]C: 11404, D: 8611[0m
[32m[Inf][499]C: 11324, D: 8576[0m
[90m[dmp][500]KEY: h[0m
[90m[dmp][501]KEY: h[0m
[32m[Inf][502]C: 11102, D: 8483[0m
[90m[dmp][503]KEY: h[0m
[32m[Inf][504]C: 10991, D: 8421[0m
[90m[dmp][505]KEY: h[0m
[32m[Inf][506]C: 10880, D: 8353[0m
[90m[dmp][507]KEY: h[0m
[32m[Inf][508]C: 10769, D: 8277[0m
[90m[dmp][509]KEY: h[0m
[32m[Inf][510]C: 10658, D: 8197[0m
[90m[dmp][511]KEY: h[0m
[32m[Inf][512]C: 10547, D: 8115[0m
[90m[dmp][513]KEY: h[0m
[32m[Inf][514]C: 10436, D: 8029[0m
[90m[dmp][515]KEY: h[0m
[32m[Inf][516]C: 10325, D: 7940[0m
[90m[dmp][517]KEY: h[0m
[32m[Inf][518]C: 10325, D: 7940[0m
[32m[Inf][519]C: 10214, D: 7850[0m
[90m[dmp][520]KEY: h[0m
[90m[dmp][521]KEY: h[0m
[32m[Inf][522]C: 10103, D: 7757[0m
[32m[Inf][523]C: 9992, D: 7663[0m
[90m[dmp][524]KEY: h[0m
[90m[dmp][525]KEY: h[0m
[32m[Inf][526]C: 9881, D: 7568[0m
[32m[Inf][527]C: 9770, D: 7472[0m
[90m[dmp][528]KEY: h[0m
[32m[Inf][529]C: 9659, D: 7375[0m
[90m[dmp][530]KEY: h[0m
[32m[Inf][531]C: 9548, D: 7277[0m
[90m[dmp][532]KEY: h[0m
[32m[Inf][533]C: 9437, D: 7179[0m
[90m[dmp][534]KEY: h[0m
[32m[Inf][535]C: 9326, D: 7080[0m
[90m[dmp][536]KEY: h[0m
[32m[Inf][537]C: 9215, D: 6980[0m
[32m[Inf][538]C: 9215, D: 6980[0m
[32m[Inf][539]C: 9215, D: 6980[0m
[90m[dmp][540]KEY: +[0m
[32m[Inf][541]C: 14322, D: 9482[0m
[32m[Inf][542]C: 14162, D: 9645[0m
[90m[dmp][543]KEY: +[0m
[32m[Inf][544]C: 14162, D: 9645[0m
[32m[Inf][545]C: 18482, D: 11453[0m
[32m[Inf][546]C: 18482, D: 11453[0m
[32m[Inf][547]C: 18482, D: 11453[0m
[32m[Inf][548]C: 18482, D: 11453[0m
[32m[Inf][549]C: 18482, D: 11453[0m
[32m[Inf][550]C: 18482, D: 11453[0m
[90m[dmp][551]KEY: h[0m
[32m[Inf][552]C: 18482, D: 11453[0m
[32m[Inf][553]C: 18402, D: 11385[0m
[32m[Inf][554]C: 18402, D: 11385[0m
[32m[Inf][555]C: 18402, D: 11385[0m
[32m[Inf][556]C: 18402, D: 11385[0m
[90m[dmp][557]KEY: j[0m
[32m[Inf][558]C: 18402, D: 11385[0m
[32m[Inf][559]C: 18402, D: 11393[0m
[32m[Inf][560]C: 18402, D: 11393[0m
[32m[Inf][561]C: 18402, D: 11393[0m
[32m[Inf][562]C: 18402, D: 11393[0m
[32m[Inf][563]C: 18402, D: 11393[0m
[32m[Inf][564]C: 18402, D: 11393[0m
[90m[dmp][565]KEY: +[0m
[32m[Inf][566]C: 18402, D: 11393[0m
[32m[Inf][567]C: 17682, D: 10623[0m
[32m[Inf][568]C: 17682, D: 10623[0m
[32m[Inf][569]C: 17682, D: 10623[0m
[32m[Inf][570]C: 17682, D: 10623[0m
[32m[Inf][571]C: 17682, D: 10623[0m
[90m[dmp][572]KEY: k[0m
[32m[Inf][573]C: 17682, D: 10623[0m
[32m[Inf][574]C: 17682, D: 10601[0m
[32m[Inf][575]C: 17682, D: 10601[0m
[32m[Inf][576]C: 17682, D: 10601[0m
[32m[Inf][577]C: 17682, D: 10601[0m
[32m[Inf][578]C: 17682, D: 10601[0m
[32m[Inf][579]C: 17682, D: 10601[0m
[90m[dmp][580]KEY: j[0m
[32m[Inf][581]C: 17682, D: 10623[0m
[32m[Inf][582]C: 17682, D: 10623[0m
[32m[Inf][583]C: 17682, D: 10623[0m
[32m[Inf][584]C: 17682, D: 10623[0m
[32m[Inf][585]C: 17682, D: 10623[0m
[32m[Inf][586]C: 17682, D: 10623[0m
[90m[dmp][587]KEY: h[0m
[32m[Inf][588]C: 17682, D: 10623[0m
[32m[Inf][589]C: 17602, D: 10580[0m
[32m[Inf][590]C: 17602, D: 10580[0m
[32m[Inf][591]C: 17602, D: 10580[0m
[32m[Inf][592]C: 17602, D: 10580[0m
[32m[Inf][593]C: 17602, D: 10580[0m
[90m[dmp][594]KEY: g[0m
[32m[Inf][595]C: 17602, D: 10580[0m
[32m[Inf][596]C: 17602, D: 10580[0m
[32m[Inf][597]C: 17602, D: 10580[0m
[32m[Inf][598]C: 17602, D: 10580[0m
[32m[Inf][599]C: 17602, D: 10580[0m
[32m[Inf][600]C: 17602, D: 10580[0m
[90m[dmp][601]KEY: h[0m
[32m[Inf][602]C: 17602, D: 10580[0m
[32m[Inf][603]C: 17522, D: 10535[0m
[32m[Inf][604]C: 17522, D: 10535[0m
[90m[dmp][605]KEY: h[0m
[32m[Inf][606]C: 17522, D: 10535[0m
[32m[Inf][607]C: 17442, D: 10478[0m
[32m[Inf][608]C: 17442, D: 10478[0m
[90m[dmp][609]KEY: h[0m
[32m[Inf][610]C: 17362, D: 10416[0m
[32m[Inf][611]C: 17362, D: 10416[0m
[90m[dmp][612]KEY: h[0m
[32m[Inf][613]C: 17362, D: 10416[0m
[32m[Inf][614]C: 17282, D: 10345[0m
[90m[dmp][615]KEY: h[0m
[32m[Inf][616]C: 17202, D: 10270[0m
[32m[Inf][617]C: 17202, D: 10270[0m
[32m[Inf][618]C: 17202, D: 10270[0m
[32m[Inf][619]C: 17202, D: 10270[0m
[32m[Inf][620]C: 17202, D: 10270[0m
[32m[Inf][621]C: 17202, D: 10270[0m
[32m[Inf][622]C: 17202, D: 10270[0m
[32m[Inf][623]C: 17202, D: 10270[0m
[32m[Inf][624]C: 17202, D: 10270[0m
[32m[Inf][625]C: 17202, D: 10270[0m
[32m[Inf][626]C: 17202, D: 10270[0m
[32m[Inf][627]C: 17202, D: 10270[0m
[32m[Inf][628]C: 17202, D: 10270[0m
[Log] [629]Terminating program (user signal)
[Log] [630]Gracefully closing window
[32m[Inf][631]C: 17202, D: 10270[0m
[Log] [632]Writing to log file, bye.