[Log] [1]Console initialized
[90m[dmp][2]Resizing to [79, 158][0m
[90m[dmp][3]Resizing done[0m
[Log] [4]Start rendering thread
[33m[WRN][5]render() with no scene![0m
[32m[Inf][6]C: 11326, D: 8840[0m
[32m[Inf][7]C: 11326, D: 8840[0m
[32m[Inf][8]C: 11326, D: 8840[0m
[32m[Inf][9]C: 11326, D: 8840[0m
[32m[Inf][10]C: 11326, D: 8840[0m
[32m[Inf][11]C: 11326, D: 8840[0m
[32m[Inf][12]C: 11326, D: 8840[0m
[32m[Inf][13]C: 11326, D: 8840[0m
[32m[Inf][14]C: 11326, D: 8840[0m
[32m[Inf][15]C: 11326, D: 8840[0m
[32m[Inf][16]C: 11326, D: 8840[0m
[32m[Inf][17]C: 11326, D: 8840[0m
[90m[dmp][18]KEY: h[0m
[32m[Inf][19]C: 11326, D: 8840[0m
[32m[Inf][20]C: 11376, D: 8861[0m
[32m[Inf][21]C: 11376, D: 8861[0m
[32m[Inf][22]C: 11376, D: 8861[0m
[32m[Inf][23]C: 11376, D: 8861[0m
[32m[Inf][24]C: 11376, D: 8861[0m
[32m[Inf][25]C: 11376, D: 8861[0m
[90m[dmp][26]KEY: h[0m
[32m[Inf][27]C: 11376, D: 8861[0m
[32m[Inf][28]C: 11376, D: 8861[0m
[90m[dmp][29]KEY: h[0m
[32m[Inf][30]C: 11376, D: 8861[0m
[90m[dmp][31]KEY: h[0m
[32m[Inf][32]C: 11376, D: 8861[0m
[32m[Inf][33]C: 11376, D: 8861[0m
[32m[Inf][34]C: 11376, D: 8861[0m
[90m[dmp][35]KEY: h[0m
[32m[Inf][36]C: 11376, D: 8861[0m
[90m[dmp][37]KEY: h[0m
[32m[Inf][38]C: 11376, D: 8861[0m
[32m[Inf][39]C: 11376, D: 8861[0m
[90m[dmp][40]KEY: h[0m
[32m[Inf][41]C: 11376, D: 8861[0m
[90m[dmp][42]KEY: h[0m
[32m[Inf][43]C: 11376, D: 8861[0m
[32m[Inf][44]C: 11376, D: 8861[0m
[32m[Inf][45]C: 11376, D: 8861[0m
[90m[dmp][46]KEY: h[0m
[32m[Inf][47]C: 11376, D: 8861[0m
[90m[dmp][48]KEY: h[0m
[32m[Inf][49]C: 11376, D: 8861[0m
[32m[Inf][50]C: 11376, D: 8861[0m
[90m[dmp][51]KEY: h[0m
[32m[Inf][52]C: 11376, D: 8861[0m
[90m[dmp][53]KEY: h[0m
[32m[Inf][54]C: 11376, D: 8861[0m
[90m[dmp][55]KEY: h[0m
[32m[Inf][56]C: 11376, D: 8861[0m
[90m[dmp][57]KEY: h[0m
[32m[Inf][58]C: 11376, D: 8861[0m
[90m[dmp][59]KEY: h[0m
[32m[Inf][60]C: 11376, D: 8861[0m
[32m[Inf][61]C: 11376, D: 8861[0m
[90m[dmp][62]KEY: h[0m
[32m[Inf][63]C: 11376, D: 8861[0m
[32m[Inf][64]C: 11376, D: 8861[0m
[90m[dmp][65]KEY: h[0m
[32m[Inf][66]C: 11376, D: 8861[0m
[32m[Inf][67]C: 11376, D: 8861[0m
[32m[Inf][68]C: 11376, D: 8861[0m
[90m[dmp][69]KEY: h[0m
[32m[Inf][70]C: 11376, D: 8861[0m
[32m[Inf][71]C: 11376, D: 8861[0m
[90m[dmp][72]KEY: h[0m
[32m[Inf][73]C: 11376, D: 8861[0m
[90m[dmp][74]KEY: h[0m
[32m[Inf][75]C: 11376, D: 8861[0m
[32m[Inf][76]C: 11376, D: 8861[0m
[90m[dmp][77]KEY: h[0m
[32m[Inf][78]C: 11376, D: 8861[0m
[90m[dmp][79]KEY: h[0m
[32m[Inf][80]C: 11376, D: 8861[0m
[32m[Inf][81]C: 11376, D: 8861[0m
[32m[Inf][82]C: 11376, D: 8861[0m
[90m[dmp][83]KEY: h[0m
[32m[Inf][84]C: 11376, D: 8861[0m
[90m[dmp][85]KEY: h[0m
[32m[Inf][86]C: 11376, D: 8861[0m
[32m[Inf][87]C: 11376, D: 8861[0m
[90m[dmp][88]KEY: h[0m
[32m[Inf][89]C: 11376, D: 8861[0m
[90m[dmp][90]KEY: h[0m
[32m[Inf][91]C: 11376, D: 8861[0m
[32m[Inf][92]C: 11376, D: 8861[0m
[90m[dmp][93]KEY: h[0m
[32m[Inf][94]C: 11376, D: 8861[0m
[32m[Inf][95]C: 11376, D: 8861[0m
[90m[dmp][96]KEY: h[0m
[32m[Inf][97]C: 11376, D: 8861[0m
[32m[Inf][98]C: 11376, D: 8861[0m
[90m[dmp][99]KEY: h[0m
[32m[Inf][100]C: 11376, D: 8861[0m
[90m[dmp][101]KEY: h[0m
[32m[Inf][102]C: 11376, D: 8861[0m
[32m[Inf][103]C: 11296, D: 8861[0m
[90m[dmp][104]KEY: h[0m
[32m[Inf][105]C: 11296, D: 8861[0m
[32m[Inf][106]C: 11216, D: 8842[0m
[90m[dmp][107]KEY: h[0m
[32m[Inf][108]C: 11136, D: 8815[0m
[32m[Inf][109]C: 11136, D: 8815[0m
[90m[dmp][110]KEY: h[0m
[32m[Inf][111]C: 11056, D: 8780[0m
[90m[dmp][112]KEY: h[0m
[32m[Inf][113]C: 11056, D: 8780[0m
[32m[Inf][114]C: 10952, D: 8741[0m
[90m[dmp][115]KEY: h[0m
[32m[Inf][116]C: 10848, D: 8687[0m
[32m[Inf][117]C: 10848, D: 8687[0m
[90m[dmp][118]KEY: h[0m
[32m[Inf][119]C: 10744, D: 8625[0m
[90m[dmp][120]KEY: h[0m
[32m[Inf][121]C: 10744, D: 8625[0m
[32m[Inf][122]C: 10640, D: 8557[0m
[32m[Inf][123]C: 10640, D: 8557[0m
[32m[Inf][124]C: 10640, D: 8557[0m
[32m[Inf][125]C: 10640, D: 8557[0m
[32m[Inf][126]C: 10640, D: 8557[0m
[32m[Inf][127]C: 10640, D: 8557[0m
[32m[Inf][128]C: 10640, D: 8557[0m
[32m[Inf][129]C: 10640, D: 8557[0m
[32m[Inf][130]C: 10640, D: 8557[0m
[32m[Inf][131]C: 10640, D: 8557[0m
[32m[Inf][132]C: 10640, D: 8557[0m
[32m[Inf][133]C: 10640, D: 8557[0m
[32m[Inf][134]C: 10640, D: 8557[0m
[32m[Inf][135]C: 10640, D: 8557[0m
[32m[Inf][136]C: 10640, D: 8557[0m
[32m[Inf][137]C: 10640, D: 8557[0m
[32m[Inf][138]C: 10640, D: 8557[0m
[32m[Inf][139]C: 10640, D: 8557[0m
[32m[Inf][140]C: 10640, D: 8557[0m
[32m[Inf][141]C: 10640, D: 8557[0m
[32m[Inf][142]C: 10640, D: 8557[0m
[32m[Inf][143]C: 10640, D: 8557[0m
[32m[Inf][144]C: 10640, D: 8557[0m
[32m[Inf][145]C: 10640, D: 8557[0m
[32m[Inf][146]C: 10640, D: 8557[0m
[32m[Inf][147]C: 10640, D: 8557[0m
[32m[Inf][148]C: 10640, D: 8557[0m
[32m[Inf][149]C: 10640, D: 8557[0m
[32m[Inf][150]C: 10640, D: 8557[0m
[32m[Inf][151]C: 10640, D: 8557[0m
[32m[Inf][152]C: 10640, D: 8557[0m
[32m[Inf][153]C: 10640, D: 8557[0m
[32m[Inf][154]C: 10640, D: 8557[0m
[32m[Inf][155]C: 10640, D: 8557[0m
[32m[Inf][156]C: 10640, D: 8557[0m
[32m[Inf][157]C: 10640, D: 8557[0m
[32m[Inf][158]C: 10640, D: 8557[0m
[32m[Inf][159]C: 10640, D: 8557[0m
[32m[Inf][160]C: 10640, D: 8557[0m
[32m[Inf][161]C: 10640, D: 8557[0m
[32m[Inf][162]C: 10640, D: 8557[0m
[32m[Inf][163]C: 10640, D: 8557[0m
[32m[Inf][164]C: 10640, D: 8557[0m
[32m[Inf][165]C: 10640, D: 8557[0m
[32m[Inf][166]C: 10640, D: 8557[0m
[32m[Inf][167]C: 10640, D: 8557[0m
[32m[Inf][168]C: 10640, D: 8557[0m
[32m[Inf][169]C: 10640, D: 8557[0m
[32m[Inf][170]C: 10640, D: 8557[0m
[32m[Inf][171]C: 10640, D: 8557[0m
[32m[Inf][172]C: 10640, D: 8557[0m
[32m[Inf][173]C: 10640, D: 8557[0m
[32m[Inf][174]C: 10640, D: 8557[0m
[32m[Inf][175]C: 10640, D: 8557[0m
[32m[Inf][176]C: 10640, D: 8557[0m
[32m[Inf][177]C: 10640, D: 8557[0m
[32m[Inf][178]C: 10640, D: 8557[0m
[32m[Inf][179]C: 10640, D: 8557[0m
[32m[Inf][180]C: 10640, D: 8557[0m
[32m[Inf][181]C: 10640, D: 8557[0m
[32m[Inf][182]C: 10640, D: 8557[0m
[32m[Inf][183]C: 10640, D: 8557[0m
[32m[Inf][184]C: 10640, D: 8557[0m
[32m[Inf][185]C: 10640, D: 8557[0m
[32m[Inf][186]C: 10640, D: 8557[0m
[32m[Inf][187]C: 10640, D: 8557[0m
[32m[Inf][188]C: 10640, D: 8557[0m
[32m[Inf][189]C: 10640, D: 8557[0m
[32m[Inf][190]C: 10640, D: 8557[0m
[32m[Inf][191]C: 10640, D: 8557[0m
[32m[Inf][192]C: 10640, D: 8557[0m
[32m[Inf][193]C: 10640, D: 8557[0m
[32m[Inf][194]C: 10640, D: 8557[0m
[32m[Inf][195]C: 10640, D: 8557[0m
[32m[Inf][196]C: 10640, D: 8557[0m
[32m[Inf][197]C: 10640, D: 8557[0m
[32m[Inf][198]C: 10640, D: 8557[0m
[32m[Inf][199]C: 10640, D: 8557[0m
[32m[Inf][200]C: 10640, D: 8557[0m
[32m[Inf][201]C: 10640, D: 8557[0m
[32m[Inf][202]C: 10640, D: 8557[0m
[32m[Inf][203]C: 10640, D: 8557[0m
[32m[Inf][204]C: 10640, D: 8557[0m
[32m[Inf][205]C: 10640, D: 8557[0m
[32m[Inf][206]C: 10640, D: 8557[0m
[32m[Inf][207]C: 10640, D: 8557[0m
[32m[Inf][208]C: 10640, D: 8557[0m
[32m[Inf][209]C: 10640, D: 8557[0m
[32m[Inf][210]C: 10640, D: 8557[0m
[32m[Inf][211]C: 10640, D: 8557[0m
[32m[Inf][212]C: 10640, D: 8557[0m
[32m[Inf][213]C: 10640, D: 8557[0m
[32m[Inf][214]C: 10640, D: 8557[0m
[32m[Inf][215]C: 10640, D: 8557[0m
[32m[Inf][216]C: 10640, D: 8557[0m
[32m[Inf][217]C: 10640, D: 8557[0m
[32m[Inf][218]C: 10640, D: 8557[0m
[32m[Inf][219]C: 10640, D: 8557[0m
[32m[Inf][220]C: 10640, D: 8557[0m
[32m[Inf][221]C: 10640, D: 8557[0m
[32m[Inf][222]C: 10640, D: 8557[0m
[32m[Inf][223]C: 10640, D: 8557[0m
[32m[Inf][224]C: 10640, D: 8557[0m
[32m[Inf][225]C: 10640, D: 8557[0m
[32m[Inf][226]C: 10640, D: 8557[0m
[32m[Inf][227]C: 10640, D: 8557[0m
[32m[Inf][228]C: 10640, D: 8557[0m
[32m[Inf][229]C: 10640, D: 8557[0m
[32m[Inf][230]C: 10640, D: 8557[0m
[32m[Inf][231]C: 10640, D: 8557[0m
[32m[Inf][232]C: 10640, D: 8557[0m
[32m[Inf][233]C: 10640, D: 8557[0m
[32m[Inf][234]C: 10640, D: 8557[0m
[32m[Inf][235]C: 10640, D: 8557[0m
[32m[Inf][236]C: 10640, D: 8557[0m
[32m[Inf][237]C: 10640, D: 8557[0m
[32m[Inf][238]C: 10640, D: 8557[0m
[32m[Inf][239]C: 10640, D: 8557[0m
[32m[Inf][240]C: 10640, D: 8557[0m
[32m[Inf][241]C: 10640, D: 8557[0m
[32m[Inf][242]C: 10640, D: 8557[0m
[32m[Inf][243]C: 10640, D: 8557[0m
[32m[Inf][244]C: 10640, D: 8557[0m
[32m[Inf][245]C: 10640, D: 8557[0m
[32m[Inf][246]C: 10640, D: 8557[0m
[32m[Inf][247]C: 10640, D: 8557[0m
[32m[Inf][248]C: 10640, D: 8557[0m
[32m[Inf][249]C: 10640, D: 8557[0m
[32m[Inf][250]C: 10640, D: 8557[0m
[32m[Inf][251]C: 10640, D: 8557[0m
[32m[Inf][252]C: 10640, D: 8557[0m
[32m[Inf][253]C: 10640, D: 8557[0m
[32m[Inf][254]C: 10640, D: 8557[0m
[32m[Inf][255]C: 10640, D: 8557[0m
[32m[Inf][256]C: 10640, D: 8557[0m
[32m[Inf][257]C: 10640, D: 8557[0m
[32m[Inf][258]C: 10640, D: 8557[0m
[32m[Inf][259]C: 10640, D: 8557[0m
[32m[Inf][260]C: 10640, D: 8557[0m
[32m[Inf][261]C: 10640, D: 8557[0m
[32m[Inf][262]C: 10640, D: 8557[0m
[32m[Inf][263]C: 10640, D: 8557[0m
[32m[Inf][264]C: 10640, D: 8557[0m
[32m[Inf][265]C: 10640, D: 8557[0m
[32m[Inf][266]C: 10640, D: 8557[0m
[32m[Inf][267]C: 10640, D: 8557[0m
[32m[Inf][268]C: 10640, D: 8557[0m
[32m[Inf][269]C: 10640, D: 8557[0m
[32m[Inf][270]C: 10640, D: 8557[0m
[32m[Inf][271]C: 10640, D: 8557[0m
[32m[Inf][272]C: 10640, D: 8557[0m
[32m[Inf][273]C: 10640, D: 8557[0m
[32m[Inf][274]C: 10640, D: 8557[0m
[32m[Inf][275]C: 10640, D: 8557[0m
[32m[Inf][276]C: 10640, D: 8557[0m
[32m[Inf][277]C: 10640, D: 8557[0m
[32m[Inf][278]C: 10640, D: 8557[0m
[32m[Inf][279]C: 10640, D: 8557[0m
[Log] [280]Terminating program (user signal)
[Log] [281]Gracefully closing window
[Log] [282]Writing to log file, bye.