[Log] [1]Console initialized
[90m[dmp][2]Resizing to [79, 158][0m
[90m[dmp][3]Resizing done[0m
[Log] [4]Start rendering thread
[32m[Inf][5]C: 11326, D: 8840[0m
[90m[dmp][6]KEY: h[0m
[32m[Inf][7]C: 11376, D: 8861[0m
[90m[dmp][8]KEY: h[0m
[90m[dmp][9]KEY: h[0m
[32m[Inf][10]C: 11376, D: 8861[0m
[90m[dmp][11]KEY: h[0m
[32m[Inf][12]C: 11376, D: 8861[0m
[90m[dmp][13]KEY: h[0m
[32m[Inf][14]C: 11376, D: 8861[0m
[90m[dmp][15]KEY: h[0m
[32m[Inf][16]C: 11376, D: 8861[0m
[90m[dmp][17]KEY: h[0m
[90m[dmp][18]KEY: h[0m
[32m[Inf][19]C: 11376, D: 8861[0m
[90m[dmp][20]KEY: h[0m
[32m[Inf][21]C: 11376, D: 8861[0m
[90m[dmp][22]KEY: h[0m
[90m[dmp][23]KEY: h[0m
[32m[Inf][24]C: 11376, D: 8861[0m
[90m[dmp][25]KEY: h[0m
[90m[dmp][26]KEY: h[0m
[90m[dmp][27]KEY: h[0m
[32m[Inf][28]C: 11376, D: 8861[0m
[90m[dmp][29]KEY: h[0m
[90m[dmp][30]KEY: h[0m
[32m[Inf][31]C: 11376, D: 8861[0m
[90m[dmp][32]KEY: h[0m
[90m[dmp][33]KEY: h[0m
[32m[Inf][34]C: 11376, D: 8861[0m
[90m[dmp][35]KEY: h[0m
[90m[dmp][36]KEY: h[0m
[32m[Inf][37]C: 11376, D: 8861[0m
[90m[dmp][38]KEY: h[0m
[90m[dmp][39]KEY: h[0m
[32m[Inf][40]C: 11376, D: 8861[0m
[90m[dmp][41]KEY: h[0m
[90m[dmp][42]KEY: h[0m
[32m[Inf][43]C: 11376, D: 8861[0m
[90m[dmp][44]KEY: h[0m
[90m[dmp][45]KEY: h[0m
[32m[Inf][46]C: 11376, D: 8861[0m
[90m[dmp][47]KEY: h[0m
[90m[dmp][48]KEY: h[0m
[32m[Inf][49]C: 11376, D: 8861[0m
[90m[dmp][50]KEY: h[0m
[90m[dmp][51]KEY: h[0m
[32m[Inf][52]C: 11376, D: 8861[0m
[90m[dmp][53]KEY: h[0m
[90m[dmp][54]KEY: h[0m
[32m[Inf][55]C: 11216, D: 8842[0m
[32m[Inf][56]C: 11136, D: 8815[0m
[90m[dmp][57]KEY: h[0m
[90m[dmp][58]KEY: h[0m
[90m[dmp][59]KEY: h[0m
[32m[Inf][60]C: 10952, D: 8741[0m
[90m[dmp][61]KEY: h[0m
[90m[dmp][62]KEY: h[0m
[32m[Inf][63]C: 10744, D: 8625[0m
[90m[dmp][64]KEY: h[0m
[90m[dmp][65]KEY: h[0m
[32m[Inf][66]C: 10536, D: 8483[0m
[90m[dmp][67]KEY: h[0m
[32m[Inf][68]C: 10328, D: 8327[0m
[90m[dmp][69]KEY: k[0m
[32m[Inf][70]C: 10403, D: 8378[0m
[90m[dmp][71]KEY: k[0m
[90m[dmp][72]KEY: k[0m
[32m[Inf][73]C: 10427, D: 8392[0m
[32m[Inf][74]C: 10451, D: 8401[0m
[90m[dmp][75]KEY: k[0m
[90m[dmp][76]KEY: k[0m
[32m[Inf][77]C: 10499, D: 8395[0m
[90m[dmp][78]KEY: k[0m
[32m[Inf][79]C: 10523, D: 8378[0m
[90m[dmp][80]KEY: k[0m
[90m[dmp][81]KEY: k[0m
[90m[dmp][82]KEY: k[0m
[32m[Inf][83]C: 10547, D: 8304[0m
[32m[Inf][84]C: 10547, D: 8254[0m
[90m[dmp][85]KEY: h[0m
[32m[Inf][86]C: 10436, D: 8166[0m
[90m[dmp][87]KEY: h[0m
[90m[dmp][88]KEY: h[0m
[32m[Inf][89]C: 10325, D: 8075[0m
[90m[dmp][90]KEY: h[0m
[32m[Inf][91]C: 10103, D: 7888[0m
[90m[dmp][92]KEY: h[0m
[32m[Inf][93]C: 9992, D: 7792[0m
[90m[dmp][94]KEY: h[0m
[32m[Inf][95]C: 9881, D: 7695[0m
[90m[dmp][96]KEY: k[0m
[32m[Inf][97]C: 9881, D: 7641[0m
[90m[dmp][98]KEY: k[0m
[32m[Inf][99]C: 9881, D: 7568[0m
[90m[dmp][100]KEY: k[0m
[90m[dmp][101]KEY: k[0m
[32m[Inf][102]C: 9797, D: 7494[0m
[32m[Inf][103]C: 9713, D: 7419[0m
[90m[dmp][104]KEY: k[0m
[32m[Inf][105]C: 9629, D: 7343[0m
[90m[dmp][106]KEY: h[0m
[32m[Inf][107]C: 9521, D: 7250[0m
[90m[dmp][108]KEY: h[0m
[32m[Inf][109]C: 9413, D: 7156[0m
[90m[dmp][110]KEY: h[0m
[32m[Inf][111]C: 9305, D: 7061[0m
[90m[dmp][112]KEY: h[0m
[32m[Inf][113]C: 9197, D: 6966[0m
[90m[dmp][114]KEY: +[0m
[32m[Inf][115]C: 14482, D: 9816[0m
[90m[dmp][116]KEY: +[0m
[32m[Inf][117]C: 19122, D: 11689[0m
[90m[dmp][118]KEY: +[0m
[32m[Inf][119]C: 19122, D: 11346[0m
[90m[dmp][120]KEY: h[0m
[32m[Inf][121]C: 19042, D: 11264[0m
[90m[dmp][122]KEY: h[0m
[90m[dmp][123]KEY: h[0m
[32m[Inf][124]C: 18962, D: 11189[0m
[90m[dmp][125]KEY: h[0m
[90m[dmp][126]KEY: h[0m
[32m[Inf][127]C: 18802, D: 11064[0m
[90m[dmp][128]KEY: h[0m
[90m[dmp][129]KEY: h[0m
[90m[dmp][130]KEY: h[0m
[32m[Inf][131]C: 18562, D: 10867[0m
[90m[dmp][132]KEY: h[0m
[90m[dmp][133]KEY: h[0m
[32m[Inf][134]C: 18402, D: 10717[0m
[90m[dmp][135]KEY: h[0m
[90m[dmp][136]KEY: h[0m
[32m[Inf][137]C: 18242, D: 10558[0m
[90m[dmp][138]KEY: h[0m
[90m[dmp][139]KEY: h[0m
[90m[dmp][140]KEY: h[0m
[32m[Inf][141]C: 18002, D: 10344[0m
[90m[dmp][142]KEY: h[0m
[90m[dmp][143]KEY: h[0m
[32m[Inf][144]C: 17842, D: 10200[0m
[90m[dmp][145]KEY: h[0m
[32m[Inf][146]C: 17682, D: 10060[0m
[Log] [147]Terminating program (user signal)
[Log] [148]Gracefully closing window
[Log] [149]Writing to log file, bye.