[Log] [1]Console initialized
[90m[dmp][2]Resizing to [79, 158][0m
[90m[dmp][3]Resizing done[0m
[Log] [4]Start rendering thread
[32m[Inf][5]C: 11326, D: 8840[0m
[90m[dmp][6]KEY: h[0m
[32m[Inf][7]C: 11376, D: 8861[0m
[90m[dmp][8]KEY: h[0m
[32m[Inf][9]C: 11376, D: 8861[0m
[90m[dmp][10]KEY: h[0m
[90m[dmp][11]KEY: h[0m
[32m[Inf][12]C: 11376, D: 8861[0m
[32m[Inf][13]C: 11376, D: 8861[0m
[90m[dmp][14]KEY: h[0m
[90m[dmp][15]KEY: h[0m
[32m[Inf][16]C: 11376, D: 8861[0m
[90m[dmp][17]KEY: h[0m
[90m[dmp][18]KEY: h[0m
[32m[Inf][19]C: 11376, D: 8861[0m
[32m[Inf][20]C: 11376, D: 8861[0m
[90m[dmp][21]KEY: h[0m
[90m[dmp][22]KEY: h[0m
[32m[Inf][23]C: 11376, D: 8861[0m
[90m[dmp][24]KEY: h[0m
[32m[Inf][25]C: 11376, D: 8861[0m
[90m[dmp][26]KEY: h[0m
[90m[dmp][27]KEY: h[0m
[32m[Inf][28]C: 11376, D: 8861[0m
[90m[dmp][29]KEY: h[0m
[90m[dmp][30]KEY: h[0m
[32m[Inf][31]C: 11376, D: 8861[0m
[32m[Inf][32]C: 11376, D: 8861[0m
[90m[dmp][33]KEY: h[0m
[90m[dmp][34]KEY: h[0m
[32m[Inf][35]C: 11376, D: 8861[0m
[90m[dmp][36]KEY: k[0m
[32m[Inf][37]C: 11376, D: 8861[0m
[32m[Inf][38]C: 11458, D: 8915[0m
[90m[dmp][39]KEY: k[0m
[90m[dmp][40]KEY: k[0m
[32m[Inf][41]C: 11489, D: 8932[0m
[90m[dmp][42]KEY: k[0m
[32m[Inf][43]C: 11551, D: 8944[0m
[90m[dmp][44]KEY: k[0m
[32m[Inf][45]C: 11582, D: 8937[0m
[90m[dmp][46]KEY: k[0m
[32m[Inf][47]C: 11613, D: 8920[0m
[90m[dmp][48]KEY: k[0m
[90m[dmp][49]KEY: k[0m
[32m[Inf][50]C: 11644, D: 8846[0m
[90m[dmp][51]KEY: k[0m
[90m[dmp][52]KEY: k[0m
[32m[Inf][53]C: 11644, D: 8796[0m
[32m[Inf][54]C: 11644, D: 8736[0m
[90m[dmp][55]KEY: k[0m
[90m[dmp][56]KEY: k[0m
[90m[dmp][57]KEY: k[0m
[32m[Inf][58]C: 11543, D: 8576[0m
[32m[Inf][59]C: 11442, D: 8493[0m
[90m[dmp][60]KEY: h[0m
[32m[Inf][61]C: 11442, D: 8493[0m
[90m[dmp][62]KEY: h[0m
[32m[Inf][63]C: 11442, D: 8493[0m
[90m[dmp][64]KEY: h[0m
[32m[Inf][65]C: 11442, D: 8493[0m
[90m[dmp][66]KEY: h[0m
[90m[dmp][67]KEY: h[0m
[32m[Inf][68]C: 11442, D: 8493[0m
[90m[dmp][69]KEY: h[0m
[90m[dmp][70]KEY: h[0m
[32m[Inf][71]C: 11442, D: 8493[0m
[32m[Inf][72]C: 11442, D: 8493[0m
[90m[dmp][73]KEY: h[0m
[90m[dmp][74]KEY: h[0m
[32m[Inf][75]C: 11442, D: 8493[0m
[Log] [76]Terminating program (user signal)
[Log] [77]Gracefully closing window
[Log] [78]Writing to log file, bye.