[Log] [1]Console initialized
[90m[dmp][2]Resizing to [35, 80][0m
[90m[dmp][3]Resizing done[0m
[Log] [4]Start rendering thread
[33m[WRN][5]render() with no scene![0m
[32m[Inf][6]C: 3276, D: 3086[0m
[32m[Inf][7]C: 3276, D: 3086[0m
[32m[Inf][8]C: 3276, D: 3086[0m
[32m[Inf][9]C: 3276, D: 3086[0m
[32m[Inf][10]C: 3276, D: 3086[0m
[32m[Inf][11]C: 3276, D: 3086[0m
[32m[Inf][12]C: 3276, D: 3086[0m
[32m[Inf][13]C: 3276, D: 3086[0m
[32m[Inf][14]C: 3276, D: 3086[0m
[32m[Inf][15]C: 3276, D: 3086[0m
[32m[Inf][16]C: 3276, D: 3086[0m
[32m[Inf][17]C: 3276, D: 3086[0m
[32m[Inf][18]C: 3276, D: 3086[0m
[32m[Inf][19]C: 3276, D: 3086[0m
[32m[Inf][20]C: 3276, D: 3086[0m
[32m[Inf][21]C: 3276, D: 3086[0m
[32m[Inf][22]C: 3276, D: 3086[0m
[32m[Inf][23]C: 3276, D: 3086[0m
[32m[Inf][24]C: 3276, D: 3086[0m
[32m[Inf][25]C: 3276, D: 3086[0m
[32m[Inf][26]C: 3276, D: 3086[0m
[32m[Inf][27]C: 3276, D: 3086[0m
[32m[Inf][28]C: 3276, D: 3086[0m
[32m[Inf][29]C: 3276, D: 3086[0m
[32m[Inf][30]C: 3276, D: 3086[0m
[32m[Inf][31]C: 3276, D: 3086[0m
[32m[Inf][32]C: 3276, D: 3086[0m
[32m[Inf][33]C: 3276, D: 3086[0m
[32m[Inf][34]C: 3276, D: 3086[0m
[32m[Inf][35]C: 3276, D: 3086[0m
[32m[Inf][36]C: 3276, D: 3086[0m
[32m[Inf][37]C: 3276, D: 3086[0m
[32m[Inf][38]C: 3276, D: 3086[0m
[32m[Inf][39]C: 3276, D: 3086[0m
[32m[Inf][40]C: 3276, D: 3086[0m
[32m[Inf][41]C: 3276, D: 3086[0m
[32m[Inf][42]C: 3276, D: 3086[0m
[32m[Inf][43]C: 3276, D: 3086[0m
[32m[Inf][44]C: 3276, D: 3086[0m
[32m[Inf][45]C: 3276, D: 3086[0m
[32m[Inf][46]C: 3276, D: 3086[0m
[32m[Inf][47]C: 3276, D: 3086[0m
[32m[Inf][48]C: 3276, D: 3086[0m
[32m[Inf][49]C: 3276, D: 3086[0m
[32m[Inf][50]C: 3276, D: 3086[0m
[32m[Inf][51]C: 3276, D: 3086[0m
[32m[Inf][52]C: 3276, D: 3086[0m
[32m[Inf][53]C: 3276, D: 3086[0m
[32m[Inf][54]C: 3276, D: 3086[0m
[32m[Inf][55]C: 3276, D: 3086[0m
[32m[Inf][56]C: 3276, D: 3086[0m
[32m[Inf][57]C: 3276, D: 3086[0m
[32m[Inf][58]C: 3276, D: 3086[0m
[32m[Inf][59]C: 3276, D: 3086[0m
[32m[Inf][60]C: 3276, D: 3086[0m
[32m[Inf][61]C: 3276, D: 3086[0m
[32m[Inf][62]C: 3276, D: 3086[0m
[32m[Inf][63]C: 3276, D: 3086[0m
[32m[Inf][64]C: 3276, D: 3086[0m
[32m[Inf][65]C: 3276, D: 3086[0m
[32m[Inf][66]C: 3276, D: 3086[0m
[32m[Inf][67]C: 3276, D: 3086[0m
[32m[Inf][68]C: 3276, D: 3086[0m
[32m[Inf][69]C: 3276, D: 3086[0m
[32m[Inf][70]C: 3276, D: 3086[0m
[36m[Dbg][71]Window dimensions changed[0m
[90m[dmp][72]Resizing to [79, 158][0m
[90m[dmp][73]Resizing done[0m
[32m[Inf][74]C: 11326, D: 8850[0m
[32m[Inf][75]C: 11326, D: 8850[0m
[32m[Inf][76]C: 11326, D: 8850[0m
[32m[Inf][77]C: 11326, D: 8850[0m
[32m[Inf][78]C: 11326, D: 8850[0m
[32m[Inf][79]C: 11326, D: 8850[0m
[32m[Inf][80]C: 11326, D: 8850[0m
[32m[Inf][81]C: 11326, D: 8850[0m
[32m[Inf][82]C: 11326, D: 8850[0m
[32m[Inf][83]C: 11326, D: 8850[0m
[32m[Inf][84]C: 11326, D: 8850[0m
[32m[Inf][85]C: 11326, D: 8850[0m
[32m[Inf][86]C: 11326, D: 8850[0m
[32m[Inf][87]C: 11326, D: 8850[0m
[32m[Inf][88]C: 11326, D: 8850[0m
[32m[Inf][89]C: 11326, D: 8850[0m
[32m[Inf][90]C: 11326, D: 8850[0m
[32m[Inf][91]C: 11326, D: 8850[0m
[32m[Inf][92]C: 11326, D: 8850[0m
[32m[Inf][93]C: 11326, D: 8850[0m
[32m[Inf][94]C: 11326, D: 8850[0m
[32m[Inf][95]C: 11326, D: 8850[0m
[32m[Inf][96]C: 11326, D: 8850[0m
[32m[Inf][97]C: 11326, D: 8850[0m
[90m[dmp][98]KEY: +[0m
[32m[Inf][99]C: 14306, D: 13542[0m
[32m[Inf][100]C: 14306, D: 13542[0m
[32m[Inf][101]C: 14306, D: 13542[0m
[32m[Inf][102]C: 14306, D: 13542[0m
[32m[Inf][103]C: 14306, D: 13542[0m
[32m[Inf][104]C: 14306, D: 13542[0m
[90m[dmp][105]KEY: h[0m
[32m[Inf][106]C: 14306, D: 13542[0m
[32m[Inf][107]C: 14358, D: 13567[0m
[32m[Inf][108]C: 14358, D: 13567[0m
[32m[Inf][109]C: 14358, D: 13567[0m
[32m[Inf][110]C: 14358, D: 13567[0m
[32m[Inf][111]C: 14358, D: 13567[0m
[32m[Inf][112]C: 14358, D: 13567[0m
[32m[Inf][113]C: 14358, D: 13567[0m
[32m[Inf][114]C: 14358, D: 13567[0m
[90m[dmp][115]KEY: h[0m
[32m[Inf][116]C: 14358, D: 13567[0m
[32m[Inf][117]C: 14410, D: 13595[0m
[90m[dmp][118]KEY: h[0m
[90m[dmp][119]KEY: h[0m
[32m[Inf][120]C: 14462, D: 13618[0m
[32m[Inf][121]C: 14514, D: 13640[0m
[90m[dmp][122]KEY: h[0m
[90m[dmp][123]KEY: h[0m
[32m[Inf][124]C: 14566, D: 13666[0m
[90m[dmp][125]KEY: h[0m
[32m[Inf][126]C: 14670, D: 13722[0m
[90m[dmp][127]KEY: h[0m
[32m[Inf][128]C: 14722, D: 13747[0m
[90m[dmp][129]KEY: h[0m
[32m[Inf][130]C: 14774, D: 13766[0m
[90m[dmp][131]KEY: h[0m
[90m[dmp][132]KEY: h[0m
[32m[Inf][133]C: 14826, D: 13786[0m
[32m[Inf][134]C: 14878, D: 13803[0m
[90m[dmp][135]KEY: h[0m
[32m[Inf][136]C: 14930, D: 13824[0m
[90m[dmp][137]KEY: h[0m
[32m[Inf][138]C: 14982, D: 13840[0m
[90m[dmp][139]KEY: h[0m
[90m[dmp][140]KEY: h[0m
[32m[Inf][141]C: 15034, D: 13861[0m
[32m[Inf][142]C: 15086, D: 13887[0m
[90m[dmp][143]KEY: h[0m
[90m[dmp][144]KEY: h[0m
[32m[Inf][145]C: 15190, D: 13889[0m
[90m[dmp][146]KEY: h[0m
[32m[Inf][147]C: 15242, D: 13868[0m
[90m[dmp][148]KEY: h[0m
[32m[Inf][149]C: 15242, D: 13868[0m
[32m[Inf][150]C: 15294, D: 13846[0m
[90m[dmp][151]KEY: h[0m
[90m[dmp][152]KEY: h[0m
[32m[Inf][153]C: 15346, D: 13821[0m
[90m[dmp][154]KEY: h[0m
[32m[Inf][155]C: 15370, D: 13711[0m
[90m[dmp][156]KEY: h[0m
[32m[Inf][157]C: 15342, D: 13656[0m
[90m[dmp][158]KEY: h[0m
[90m[dmp][159]KEY: h[0m
[32m[Inf][160]C: 15314, D: 13598[0m
[32m[Inf][161]C: 15286, D: 13544[0m
[90m[dmp][162]KEY: h[0m
[90m[dmp][163]KEY: h[0m
[32m[Inf][164]C: 15258, D: 13487[0m
[32m[Inf][165]C: 15230, D: 13435[0m
[90m[dmp][166]KEY: h[0m
[90m[dmp][167]KEY: h[0m
[32m[Inf][168]C: 15202, D: 13375[0m
[90m[dmp][169]KEY: h[0m
[32m[Inf][170]C: 15146, D: 13249[0m
[32m[Inf][171]C: 15146, D: 13249[0m
[90m[dmp][172]KEY: h[0m
[32m[Inf][173]C: 15118, D: 13195[0m
[90m[dmp][174]KEY: h[0m
[32m[Inf][175]C: 15090, D: 13137[0m
[90m[dmp][176]KEY: h[0m
[90m[dmp][177]KEY: h[0m
[32m[Inf][178]C: 15062, D: 13076[0m
[32m[Inf][179]C: 15034, D: 13023[0m
[90m[dmp][180]KEY: h[0m
[90m[dmp][181]KEY: h[0m
[32m[Inf][182]C: 15006, D: 12967[0m
[90m[dmp][183]KEY: h[0m
[32m[Inf][184]C: 14950, D: 12855[0m
[90m[dmp][185]KEY: h[0m
[32m[Inf][186]C: 14922, D: 12806[0m
[90m[dmp][187]KEY: h[0m
[90m[dmp][188]KEY: h[0m
[32m[Inf][189]C: 14894, D: 12752[0m
[90m[dmp][190]KEY: h[0m
[32m[Inf][191]C: 14838, D: 12642[0m
[90m[dmp][192]KEY: h[0m
[90m[dmp][193]KEY: h[0m
[32m[Inf][194]C: 14810, D: 12588[0m
[32m[Inf][195]C: 14782, D: 12544[0m
[90m[dmp][196]KEY: h[0m
[90m[dmp][197]KEY: h[0m
[32m[Inf][198]C: 14726, D: 12456[0m
[90m[dmp][199]KEY: h[0m
[32m[Inf][200]C: 14698, D: 12401[0m
[90m[dmp][201]KEY: h[0m
[90m[dmp][202]KEY: h[0m
[32m[Inf][203]C: 14670, D: 12344[0m
[32m[Inf][204]C: 14642, D: 12292[0m
[90m[dmp][205]KEY: h[0m
[90m[dmp][206]KEY: h[0m
[32m[Inf][207]C: 14622, D: 12240[0m
[32m[Inf][208]C: 14602, D: 12188[0m
[90m[dmp][209]KEY: h[0m
[90m[dmp][210]KEY: h[0m
[32m[Inf][211]C: 14582, D: 12139[0m
[90m[dmp][212]KEY: h[0m
[32m[Inf][213]C: 14542, D: 12036[0m
[90m[dmp][214]KEY: h[0m
[32m[Inf][215]C: 14522, D: 11997[0m
[90m[dmp][216]KEY: h[0m
[90m[dmp][217]KEY: h[0m
[32m[Inf][218]C: 14482, D: 11906[0m
[90m[dmp][219]KEY: h[0m
[32m[Inf][220]C: 14462, D: 11856[0m
[90m[dmp][221]KEY: h[0m
[90m[dmp][222]KEY: h[0m
[32m[Inf][223]C: 14442, D: 11800[0m
[90m[dmp][224]KEY: h[0m
[32m[Inf][225]C: 14402, D: 11689[0m
[90m[dmp][226]KEY: h[0m
[90m[dmp][227]KEY: h[0m
[32m[Inf][228]C: 14382, D: 11636[0m
[32m[Inf][229]C: 14362, D: 11585[0m
[90m[dmp][230]KEY: h[0m
[32m[Inf][231]C: 14342, D: 11534[0m
[90m[dmp][232]KEY: h[0m
[90m[dmp][233]KEY: h[0m
[32m[Inf][234]C: 14322, D: 11484[0m
[32m[Inf][235]C: 14302, D: 11435[0m
[90m[dmp][236]KEY: h[0m
[90m[dmp][237]KEY: h[0m
[32m[Inf][238]C: 14282, D: 11383[0m
[90m[dmp][239]KEY: h[0m
[90m[dmp][240]KEY: h[0m
[32m[Inf][241]C: 14242, D: 11284[0m
[32m[Inf][242]C: 14222, D: 11237[0m
[90m[dmp][243]KEY: h[0m
[90m[dmp][244]KEY: h[0m
[32m[Inf][245]C: 14202, D: 11185[0m
[32m[Inf][246]C: 14182, D: 11136[0m
[90m[dmp][247]KEY: h[0m
[90m[dmp][248]KEY: h[0m
[32m[Inf][249]C: 14162, D: 11082[0m
[90m[dmp][250]KEY: h[0m
[32m[Inf][251]C: 14122, D: 10976[0m
[90m[dmp][252]KEY: h[0m
[32m[Inf][253]C: 14122, D: 10976[0m
[90m[dmp][254]KEY: h[0m
[32m[Inf][255]C: 14082, D: 10883[0m
[90m[dmp][256]KEY: h[0m
[90m[dmp][257]KEY: h[0m
[32m[Inf][258]C: 14062, D: 10832[0m
[32m[Inf][259]C: 14042, D: 10776[0m
[90m[dmp][260]KEY: h[0m
[90m[dmp][261]KEY: h[0m
[32m[Inf][262]C: 14022, D: 10724[0m
[32m[Inf][263]C: 14002, D: 10667[0m
[90m[dmp][264]KEY: h[0m
[90m[dmp][265]KEY: h[0m
[32m[Inf][266]C: 13902, D: 10535[0m
[90m[dmp][267]KEY: h[0m
[90m[dmp][268]KEY: h[0m
[32m[Inf][269]C: 13822, D: 10455[0m
[32m[Inf][270]C: 13742, D: 10375[0m
[90m[dmp][271]KEY: h[0m
[90m[dmp][272]KEY: h[0m
[32m[Inf][273]C: 13662, D: 10295[0m
[32m[Inf][274]C: 13582, D: 10215[0m
[90m[dmp][275]KEY: h[0m
[90m[dmp][276]KEY: h[0m
[32m[Inf][277]C: 13422, D: 10055[0m
[90m[dmp][278]KEY: h[0m
[90m[dmp][279]KEY: h[0m
[32m[Inf][280]C: 13342, D: 9975[0m
[32m[Inf][281]C: 13262, D: 9895[0m
[90m[dmp][282]KEY: h[0m
[90m[dmp][283]KEY: h[0m
[32m[Inf][284]C: 13182, D: 9815[0m
[32m[Inf][285]C: 13102, D: 9735[0m
[90m[dmp][286]KEY: h[0m
[90m[dmp][287]KEY: h[0m
[32m[Inf][288]C: 13022, D: 9655[0m
[90m[dmp][289]KEY: h[0m
[32m[Inf][290]C: 12862, D: 9495[0m
[90m[dmp][291]KEY: h[0m
[32m[Inf][292]C: 12862, D: 9495[0m
[32m[Inf][293]C: 12782, D: 9415[0m
[90m[dmp][294]KEY: h[0m
[90m[dmp][295]KEY: h[0m
[32m[Inf][296]C: 12702, D: 9335[0m
[32m[Inf][297]C: 12622, D: 9255[0m
[90m[dmp][298]KEY: h[0m
[90m[dmp][299]KEY: h[0m
[32m[Inf][300]C: 12542, D: 9175[0m
[90m[dmp][301]KEY: h[0m
[32m[Inf][302]C: 12382, D: 9015[0m
[90m[dmp][303]KEY: h[0m
[90m[dmp][304]KEY: h[0m
[32m[Inf][305]C: 12302, D: 8935[0m
[32m[Inf][306]C: 12222, D: 8855[0m
[90m[dmp][307]KEY: h[0m
[32m[Inf][308]C: 12142, D: 8775[0m
[90m[dmp][309]KEY: h[0m
[32m[Inf][310]C: 12062, D: 8695[0m
[90m[dmp][311]KEY: h[0m
[90m[dmp][312]KEY: h[0m
[32m[Inf][313]C: 11982, D: 8615[0m
[32m[Inf][314]C: 11902, D: 8535[0m
[90m[dmp][315]KEY: h[0m
[90m[dmp][316]KEY: h[0m
[32m[Inf][317]C: 11822, D: 8455[0m
[90m[dmp][318]KEY: k[0m
[32m[Inf][319]C: 11742, D: 8375[0m
[32m[Inf][320]C: 11843, D: 8428[0m
[32m[Inf][321]C: 11843, D: 8428[0m
[32m[Inf][322]C: 11843, D: 8428[0m
[32m[Inf][323]C: 11843, D: 8428[0m
[32m[Inf][324]C: 11843, D: 8428[0m
[32m[Inf][325]C: 11843, D: 8428[0m
[32m[Inf][326]C: 11843, D: 8428[0m
[32m[Inf][327]C: 11843, D: 8428[0m
[90m[dmp][328]KEY: k[0m
[32m[Inf][329]C: 11944, D: 8487[0m
[90m[dmp][330]KEY: k[0m
[32m[Inf][331]C: 12045, D: 8541[0m
[90m[dmp][332]KEY: k[0m
[32m[Inf][333]C: 12045, D: 8541[0m
[32m[Inf][334]C: 12146, D: 8580[0m
[90m[dmp][335]KEY: k[0m
[32m[Inf][336]C: 12247, D: 8626[0m
[32m[Inf][337]C: 12247, D: 8626[0m
[32m[Inf][338]C: 12247, D: 8626[0m
[90m[dmp][339]KEY: +[0m
[32m[Inf][340]C: 17682, D: 11116[0m
[32m[Inf][341]C: 17682, D: 11116[0m
[32m[Inf][342]C: 17682, D: 11116[0m
[32m[Inf][343]C: 17682, D: 11116[0m
[90m[dmp][344]KEY: +[0m
[32m[Inf][345]C: 17682, D: 11116[0m
[32m[Inf][346]C: 16242, D: 9201[0m
[32m[Inf][347]C: 16242, D: 9201[0m
[90m[dmp][348]KEY: +[0m
[32m[Inf][349]C: 16242, D: 9201[0m
[32m[Inf][350]C: 13362, D: 7597[0m
[32m[Inf][351]C: 13362, D: 7597[0m
[32m[Inf][352]C: 13362, D: 7597[0m
[32m[Inf][353]C: 13362, D: 7597[0m
[90m[dmp][354]KEY: k[0m
[32m[Inf][355]C: 13362, D: 7597[0m
[32m[Inf][356]C: 13362, D: 7604[0m
[32m[Inf][357]C: 13362, D: 7604[0m
[32m[Inf][358]C: 13362, D: 7604[0m
[32m[Inf][359]C: 13362, D: 7604[0m
[32m[Inf][360]C: 13362, D: 7604[0m
[90m[dmp][361]KEY: k[0m
[32m[Inf][362]C: 13362, D: 7604[0m
[90m[dmp][363]KEY: k[0m
[32m[Inf][364]C: 13362, D: 7608[0m
[32m[Inf][365]C: 13362, D: 7604[0m
[90m[dmp][366]KEY: k[0m
[90m[dmp][367]KEY: k[0m
[32m[Inf][368]C: 13362, D: 7606[0m
[90m[dmp][369]KEY: k[0m
[90m[dmp][370]KEY: k[0m
[32m[Inf][371]C: 13362, D: 7617[0m
[90m[dmp][372]KEY: k[0m
[32m[Inf][373]C: 13362, D: 7634[0m
[32m[Inf][374]C: 13362, D: 7634[0m
[90m[dmp][375]KEY: k[0m
[32m[Inf][376]C: 13362, D: 7650[0m
[90m[dmp][377]KEY: k[0m
[90m[dmp][378]KEY: k[0m
[32m[Inf][379]C: 13362, D: 7666[0m
[90m[dmp][380]KEY: k[0m
[32m[Inf][381]C: 13362, D: 7678[0m
[90m[dmp][382]KEY: k[0m
[32m[Inf][383]C: 13362, D: 7700[0m
[90m[dmp][384]KEY: k[0m
[32m[Inf][385]C: 13362, D: 7700[0m
[90m[dmp][386]KEY: k[0m
[32m[Inf][387]C: 13362, D: 7710[0m
[90m[dmp][388]KEY: k[0m
[32m[Inf][389]C: 13362, D: 7722[0m
[32m[Inf][390]C: 13362, D: 7741[0m
[90m[dmp][391]KEY: k[0m
[90m[dmp][392]KEY: k[0m
[32m[Inf][393]C: 13362, D: 7765[0m
[32m[Inf][394]C: 13362, D: 7780[0m
[90m[dmp][395]KEY: k[0m
[90m[dmp][396]KEY: k[0m
[32m[Inf][397]C: 13362, D: 7770[0m
[90m[dmp][398]KEY: k[0m
[32m[Inf][399]C: 13362, D: 7728[0m
[32m[Inf][400]C: 13362, D: 7672[0m
[90m[dmp][401]KEY: k[0m
[90m[dmp][402]KEY: k[0m
[32m[Inf][403]C: 13362, D: 7602[0m
[90m[dmp][404]KEY: k[0m
[32m[Inf][405]C: 13362, D: 7520[0m
[90m[dmp][406]KEY: k[0m
[32m[Inf][407]C: 13362, D: 7334[0m
[32m[Inf][408]C: 13362, D: 7334[0m
[90m[dmp][409]KEY: k[0m
[32m[Inf][410]C: 13362, D: 7236[0m
[90m[dmp][411]KEY: k[0m
[90m[dmp][412]KEY: k[0m
[32m[Inf][413]C: 13362, D: 7137[0m
[90m[dmp][414]KEY: k[0m
[90m[dmp][415]KEY: k[0m
[32m[Inf][416]C: 13362, D: 6942[0m
[32m[Inf][417]C: 13362, D: 6845[0m
[90m[dmp][418]KEY: k[0m
[90m[dmp][419]KEY: k[0m
[32m[Inf][420]C: 13362, D: 6750[0m
[90m[dmp][421]KEY: k[0m
[32m[Inf][422]C: 13362, D: 6661[0m
[32m[Inf][423]C: 13362, D: 6581[0m
[90m[dmp][424]KEY: k[0m
[90m[dmp][425]KEY: k[0m
[32m[Inf][426]C: 13362, D: 6507[0m
[90m[dmp][427]KEY: k[0m
[32m[Inf][428]C: 13362, D: 6433[0m
[32m[Inf][429]C: 13362, D: 6361[0m
[90m[dmp][430]KEY: k[0m
[90m[dmp][431]KEY: k[0m
[32m[Inf][432]C: 13362, D: 6297[0m
[90m[dmp][433]KEY: k[0m
[32m[Inf][434]C: 13362, D: 6237[0m
[90m[dmp][435]KEY: k[0m
[32m[Inf][436]C: 13362, D: 6177[0m
[32m[Inf][437]C: 13362, D: 6124[0m
[90m[dmp][438]KEY: k[0m
[90m[dmp][439]KEY: k[0m
[32m[Inf][440]C: 13362, D: 6080[0m
[90m[dmp][441]KEY: k[0m
[90m[dmp][442]KEY: k[0m
[32m[Inf][443]C: 13362, D: 6022[0m
[90m[dmp][444]KEY: k[0m
[32m[Inf][445]C: 13362, D: 6004[0m
[32m[Inf][446]C: 13362, D: 5990[0m
[90m[dmp][447]KEY: k[0m
[90m[dmp][448]KEY: k[0m
[32m[Inf][449]C: 13362, D: 5978[0m
[90m[dmp][450]KEY: k[0m
[32m[Inf][451]C: 13362, D: 5983[0m
[90m[dmp][452]KEY: k[0m
[32m[Inf][453]C: 13362, D: 5985[0m
[32m[Inf][454]C: 13362, D: 5977[0m
[90m[dmp][455]KEY: k[0m
[90m[dmp][456]KEY: k[0m
[32m[Inf][457]C: 13362, D: 5971[0m
[90m[dmp][458]KEY: k[0m
[32m[Inf][459]C: 13362, D: 5936[0m
[32m[Inf][460]C: 13362, D: 5936[0m
[90m[dmp][461]KEY: k[0m
[32m[Inf][462]C: 13362, D: 5899[0m
[90m[dmp][463]KEY: k[0m
[90m[dmp][464]KEY: k[0m
[32m[Inf][465]C: 13362, D: 5855[0m
[90m[dmp][466]KEY: k[0m
[32m[Inf][467]C: 13362, D: 5744[0m
[32m[Inf][468]C: 13362, D: 5744[0m
[90m[dmp][469]KEY: k[0m
[32m[Inf][470]C: 13362, D: 5677[0m
[90m[dmp][471]KEY: k[0m
[90m[dmp][472]KEY: k[0m
[32m[Inf][473]C: 13362, D: 5605[0m
[90m[dmp][474]KEY: k[0m
[32m[Inf][475]C: 13362, D: 5461[0m
[90m[dmp][476]KEY: k[0m
[32m[Inf][477]C: 13362, D: 5461[0m
[90m[dmp][478]KEY: k[0m
[32m[Inf][479]C: 13362, D: 5395[0m
[32m[Inf][480]C: 13362, D: 5331[0m
[90m[dmp][481]KEY: k[0m
[90m[dmp][482]KEY: k[0m
[32m[Inf][483]C: 13362, D: 5266[0m
[90m[dmp][484]KEY: k[0m
[90m[dmp][485]KEY: k[0m
[32m[Inf][486]C: 13362, D: 5141[0m
[32m[Inf][487]C: 13362, D: 5093[0m
[90m[dmp][488]KEY: k[0m
[90m[dmp][489]KEY: k[0m
[32m[Inf][490]C: 13362, D: 5066[0m
[32m[Inf][491]C: 13362, D: 5059[0m
[90m[dmp][492]KEY: k[0m
[90m[dmp][493]KEY: k[0m
[32m[Inf][494]C: 13362, D: 5062[0m
[32m[Inf][495]C: 13362, D: 5078[0m
[90m[dmp][496]KEY: k[0m
[90m[dmp][497]KEY: k[0m
[32m[Inf][498]C: 13362, D: 5099[0m
[90m[dmp][499]KEY: k[0m
[32m[Inf][500]C: 13362, D: 5128[0m
[32m[Inf][501]C: 13362, D: 5159[0m
[90m[dmp][502]KEY: k[0m
[90m[dmp][503]KEY: k[0m
[32m[Inf][504]C: 13362, D: 5193[0m
[32m[Inf][505]C: 13362, D: 5229[0m
[90m[dmp][506]KEY: k[0m
[90m[dmp][507]KEY: k[0m
[32m[Inf][508]C: 13362, D: 5264[0m
[32m[Inf][509]C: 13362, D: 5299[0m
[90m[dmp][510]KEY: k[0m
[90m[dmp][511]KEY: k[0m
[32m[Inf][512]C: 13362, D: 5330[0m
[32m[Inf][513]C: 13362, D: 5359[0m
[90m[dmp][514]KEY: k[0m
[90m[dmp][515]KEY: k[0m
[32m[Inf][516]C: 13362, D: 5375[0m
[32m[Inf][517]C: 13362, D: 5375[0m
[90m[dmp][518]KEY: k[0m
[90m[dmp][519]KEY: k[0m
[32m[Inf][520]C: 13362, D: 5359[0m
[32m[Inf][521]C: 13362, D: 5326[0m
[90m[dmp][522]KEY: k[0m
[90m[dmp][523]KEY: k[0m
[32m[Inf][524]C: 13362, D: 5281[0m
[32m[Inf][525]C: 13362, D: 5222[0m
[90m[dmp][526]KEY: k[0m
[90m[dmp][527]KEY: k[0m
[32m[Inf][528]C: 13362, D: 5158[0m
[32m[Inf][529]C: 13362, D: 5094[0m
[90m[dmp][530]KEY: k[0m
[90m[dmp][531]KEY: k[0m
[32m[Inf][532]C: 13362, D: 5019[0m
[32m[Inf][533]C: 13362, D: 4943[0m
[90m[dmp][534]KEY: k[0m
[90m[dmp][535]KEY: k[0m
[32m[Inf][536]C: 13362, D: 4871[0m
[90m[dmp][537]KEY: k[0m
[32m[Inf][538]C: 13362, D: 4742[0m
[90m[dmp][539]KEY: k[0m
[32m[Inf][540]C: 13362, D: 4683[0m
[90m[dmp][541]KEY: k[0m
[90m[dmp][542]KEY: k[0m
[32m[Inf][543]C: 13362, D: 4629[0m
[32m[Inf][544]C: 13362, D: 4582[0m
[90m[dmp][545]KEY: k[0m
[90m[dmp][546]KEY: k[0m
[32m[Inf][547]C: 13362, D: 4539[0m
[90m[dmp][548]KEY: k[0m
[32m[Inf][549]C: 13362, D: 4471[0m
[90m[dmp][550]KEY: k[0m
[32m[Inf][551]C: 13362, D: 4453[0m
[90m[dmp][552]KEY: k[0m
[90m[dmp][553]KEY: k[0m
[32m[Inf][554]C: 13362, D: 4449[0m
[32m[Inf][555]C: 13362, D: 4453[0m
[90m[dmp][556]KEY: k[0m
[90m[dmp][557]KEY: k[0m
[32m[Inf][558]C: 13362, D: 4467[0m
[90m[dmp][559]KEY: k[0m
[32m[Inf][560]C: 13362, D: 4540[0m
[90m[dmp][561]KEY: k[0m
[32m[Inf][562]C: 13362, D: 4591[0m
[90m[dmp][563]KEY: k[0m
[90m[dmp][564]KEY: k[0m
[32m[Inf][565]C: 13362, D: 4646[0m
[32m[Inf][566]C: 13362, D: 4705[0m
[90m[dmp][567]KEY: k[0m
[90m[dmp][568]KEY: k[0m
[32m[Inf][569]C: 13362, D: 4765[0m
[90m[dmp][570]KEY: k[0m
[32m[Inf][571]C: 13362, D: 4883[0m
[32m[Inf][572]C: 13362, D: 4883[0m
[90m[dmp][573]KEY: k[0m
[32m[Inf][574]C: 13362, D: 4938[0m
[90m[dmp][575]KEY: k[0m
[90m[dmp][576]KEY: k[0m
[32m[Inf][577]C: 13362, D: 4991[0m
[32m[Inf][578]C: 13362, D: 5039[0m
[90m[dmp][579]KEY: k[0m
[90m[dmp][580]KEY: k[0m
[32m[Inf][581]C: 13362, D: 5083[0m
[32m[Inf][582]C: 13362, D: 5128[0m
[90m[dmp][583]KEY: k[0m
[90m[dmp][584]KEY: k[0m
[32m[Inf][585]C: 13362, D: 5171[0m
[32m[Inf][586]C: 13362, D: 5207[0m
[90m[dmp][587]KEY: k[0m
[90m[dmp][588]KEY: k[0m
[32m[Inf][589]C: 13362, D: 5241[0m
[90m[dmp][590]KEY: k[0m
[90m[dmp][591]KEY: k[0m
[32m[Inf][592]C: 13362, D: 5293[0m
[32m[Inf][593]C: 13362, D: 5321[0m
[90m[dmp][594]KEY: k[0m
[90m[dmp][595]KEY: k[0m
[32m[Inf][596]C: 13362, D: 5344[0m
[32m[Inf][597]C: 13362, D: 5362[0m
[90m[dmp][598]KEY: k[0m
[90m[dmp][599]KEY: k[0m
[32m[Inf][600]C: 13362, D: 5378[0m
[32m[Inf][601]C: 13362, D: 5389[0m
[90m[dmp][602]KEY: k[0m
[90m[dmp][603]KEY: k[0m
[32m[Inf][604]C: 13362, D: 5400[0m
[90m[dmp][605]KEY: k[0m
[32m[Inf][606]C: 13362, D: 5409[0m
[32m[Inf][607]C: 13362, D: 5414[0m
[90m[dmp][608]KEY: k[0m
[90m[dmp][609]KEY: k[0m
[32m[Inf][610]C: 13362, D: 5418[0m
[32m[Inf][611]C: 13362, D: 5437[0m
[90m[dmp][612]KEY: k[0m
[90m[dmp][613]KEY: k[0m
[32m[Inf][614]C: 13362, D: 5470[0m
[32m[Inf][615]C: 13362, D: 5508[0m
[90m[dmp][616]KEY: k[0m
[90m[dmp][617]KEY: k[0m
[32m[Inf][618]C: 13362, D: 5592[0m
[90m[dmp][619]KEY: k[0m
[90m[dmp][620]KEY: k[0m
[32m[Inf][621]C: 13362, D: 5638[0m
[32m[Inf][622]C: 13362, D: 5688[0m
[90m[dmp][623]KEY: k[0m
[90m[dmp][624]KEY: k[0m
[32m[Inf][625]C: 13362, D: 5741[0m
[32m[Inf][626]C: 13362, D: 5795[0m
[90m[dmp][627]KEY: k[0m
[90m[dmp][628]KEY: k[0m
[32m[Inf][629]C: 13362, D: 5850[0m
[32m[Inf][630]C: 13362, D: 5907[0m
[90m[dmp][631]KEY: k[0m
[90m[dmp][632]KEY: k[0m
[32m[Inf][633]C: 13362, D: 5962[0m
[32m[Inf][634]C: 13362, D: 6016[0m
[90m[dmp][635]KEY: k[0m
[90m[dmp][636]KEY: k[0m
[32m[Inf][637]C: 13362, D: 6071[0m
[32m[Inf][638]C: 13362, D: 6124[0m
[90m[dmp][639]KEY: k[0m
[90m[dmp][640]KEY: k[0m
[32m[Inf][641]C: 13362, D: 6178[0m
[32m[Inf][642]C: 13362, D: 6222[0m
[90m[dmp][643]KEY: k[0m
[90m[dmp][644]KEY: k[0m
[32m[Inf][645]C: 13362, D: 6254[0m
[32m[Inf][646]C: 13362, D: 6274[0m
[90m[dmp][647]KEY: k[0m
[90m[dmp][648]KEY: k[0m
[32m[Inf][649]C: 13362, D: 6301[0m
[32m[Inf][650]C: 13362, D: 6327[0m
[90m[dmp][651]KEY: k[0m
[90m[dmp][652]KEY: k[0m
[32m[Inf][653]C: 13362, D: 6344[0m
[32m[Inf][654]C: 13362, D: 6352[0m
[32m[Inf][655]C: 13362, D: 6352[0m
[32m[Inf][656]C: 13362, D: 6352[0m
[32m[Inf][657]C: 13362, D: 6352[0m
[32m[Inf][658]C: 13362, D: 6352[0m
[32m[Inf][659]C: 13362, D: 6352[0m
[90m[dmp][660]KEY: j[0m
[32m[Inf][661]C: 13362, D: 6352[0m
[90m[dmp][662]KEY: j[0m
[32m[Inf][663]C: 13362, D: 6327[0m
[32m[Inf][664]C: 13362, D: 6327[0m
[90m[dmp][665]KEY: j[0m
[32m[Inf][666]C: 13362, D: 6301[0m
[90m[dmp][667]KEY: j[0m
[90m[dmp][668]KEY: j[0m
[32m[Inf][669]C: 13362, D: 6274[0m
[90m[dmp][670]KEY: j[0m
[32m[Inf][671]C: 13362, D: 6222[0m
[32m[Inf][672]C: 13362, D: 6222[0m
[32m[Inf][673]C: 13362, D: 6222[0m
[90m[dmp][674]KEY: h[0m
[32m[Inf][675]C: 13362, D: 6222[0m
[32m[Inf][676]C: 13282, D: 6225[0m
[32m[Inf][677]C: 13282, D: 6225[0m
[32m[Inf][678]C: 13282, D: 6225[0m
[32m[Inf][679]C: 13282, D: 6225[0m
[32m[Inf][680]C: 13282, D: 6225[0m
[32m[Inf][681]C: 13282, D: 6225[0m
[90m[dmp][682]KEY: h[0m
[32m[Inf][683]C: 13282, D: 6225[0m
[90m[dmp][684]KEY: h[0m
[32m[Inf][685]C: 13202, D: 6225[0m
[32m[Inf][686]C: 13122, D: 6223[0m
[90m[dmp][687]KEY: h[0m
[90m[dmp][688]KEY: h[0m
[32m[Inf][689]C: 13042, D: 6222[0m
[90m[dmp][690]KEY: h[0m
[32m[Inf][691]C: 12962, D: 6220[0m
[32m[Inf][692]C: 12882, D: 6218[0m
[90m[dmp][693]KEY: h[0m
[90m[dmp][694]KEY: h[0m
[32m[Inf][695]C: 12802, D: 6216[0m
[32m[Inf][696]C: 12722, D: 6208[0m
[90m[dmp][697]KEY: h[0m
[90m[dmp][698]KEY: h[0m
[32m[Inf][699]C: 12722, D: 6188[0m
[32m[Inf][700]C: 12722, D: 6166[0m
[90m[dmp][701]KEY: h[0m
[90m[dmp][702]KEY: h[0m
[32m[Inf][703]C: 12722, D: 6140[0m
[32m[Inf][704]C: 12722, D: 6111[0m
[90m[dmp][705]KEY: h[0m
[90m[dmp][706]KEY: h[0m
[32m[Inf][707]C: 12722, D: 6084[0m
[32m[Inf][708]C: 12722, D: 6058[0m
[90m[dmp][709]KEY: h[0m
[90m[dmp][710]KEY: h[0m
[32m[Inf][711]C: 12722, D: 5993[0m
[90m[dmp][712]KEY: h[0m
[90m[dmp][713]KEY: h[0m
[32m[Inf][714]C: 12722, D: 5960[0m
[90m[dmp][715]KEY: h[0m
[32m[Inf][716]C: 12722, D: 5895[0m
[90m[dmp][717]KEY: h[0m
[32m[Inf][718]C: 12722, D: 5895[0m
[32m[Inf][719]C: 12722, D: 5862[0m
[90m[dmp][720]KEY: h[0m
[90m[dmp][721]KEY: h[0m
[32m[Inf][722]C: 12722, D: 5829[0m
[32m[Inf][723]C: 12722, D: 5795[0m
[90m[dmp][724]KEY: h[0m
[90m[dmp][725]KEY: h[0m
[32m[Inf][726]C: 12722, D: 5761[0m
[32m[Inf][727]C: 12722, D: 5726[0m
[90m[dmp][728]KEY: h[0m
[90m[dmp][729]KEY: h[0m
[32m[Inf][730]C: 12722, D: 5692[0m
[32m[Inf][731]C: 12722, D: 5667[0m
[90m[dmp][732]KEY: h[0m
[90m[dmp][733]KEY: h[0m
[32m[Inf][734]C: 12722, D: 5646[0m
[32m[Inf][735]C: 12722, D: 5623[0m
[90m[dmp][736]KEY: h[0m
[90m[dmp][737]KEY: h[0m
[32m[Inf][738]C: 12722, D: 5583[0m
[90m[dmp][739]KEY: h[0m
[90m[dmp][740]KEY: h[0m
[32m[Inf][741]C: 12722, D: 5568[0m
[32m[Inf][742]C: 12722, D: 5554[0m
[90m[dmp][743]KEY: h[0m
[32m[Inf][744]C: 12722, D: 5541[0m
[32m[Inf][745]C: 12722, D: 5541[0m
[90m[dmp][746]KEY: j[0m
[32m[Inf][747]C: 12722, D: 5541[0m
[32m[Inf][748]C: 12722, D: 5503[0m
[32m[Inf][749]C: 12722, D: 5503[0m
[32m[Inf][750]C: 12722, D: 5503[0m
[32m[Inf][751]C: 12722, D: 5503[0m
[32m[Inf][752]C: 12722, D: 5503[0m
[32m[Inf][753]C: 12722, D: 5503[0m
[90m[dmp][754]KEY: j[0m
[32m[Inf][755]C: 12722, D: 5503[0m
[32m[Inf][756]C: 12722, D: 5457[0m
[90m[dmp][757]KEY: k[0m
[32m[Inf][758]C: 12722, D: 5457[0m
[32m[Inf][759]C: 12722, D: 5503[0m
[32m[Inf][760]C: 12722, D: 5503[0m
[32m[Inf][761]C: 12722, D: 5503[0m
[32m[Inf][762]C: 12722, D: 5503[0m
[32m[Inf][763]C: 12722, D: 5503[0m
[32m[Inf][764]C: 12722, D: 5503[0m
[90m[dmp][765]KEY: k[0m
[32m[Inf][766]C: 12722, D: 5503[0m
[90m[dmp][767]KEY: k[0m
[32m[Inf][768]C: 12722, D: 5569[0m
[32m[Inf][769]C: 12722, D: 5569[0m
[90m[dmp][770]KEY: k[0m
[32m[Inf][771]C: 12722, D: 5586[0m
[90m[dmp][772]KEY: k[0m
[90m[dmp][773]KEY: k[0m
[32m[Inf][774]C: 12722, D: 5616[0m
[32m[Inf][775]C: 12722, D: 5647[0m
[90m[dmp][776]KEY: k[0m
[90m[dmp][777]KEY: k[0m
[32m[Inf][778]C: 12722, D: 5668[0m
[32m[Inf][779]C: 12722, D: 5680[0m
[90m[dmp][780]KEY: k[0m
[90m[dmp][781]KEY: k[0m
[32m[Inf][782]C: 12722, D: 5684[0m
[32m[Inf][783]C: 12722, D: 5680[0m
[90m[dmp][784]KEY: k[0m
[90m[dmp][785]KEY: k[0m
[32m[Inf][786]C: 12722, D: 5666[0m
[32m[Inf][787]C: 12722, D: 5651[0m
[90m[dmp][788]KEY: k[0m
[90m[dmp][789]KEY: k[0m
[32m[Inf][790]C: 12722, D: 5636[0m
[32m[Inf][791]C: 12722, D: 5623[0m
[90m[dmp][792]KEY: k[0m
[90m[dmp][793]KEY: k[0m
[32m[Inf][794]C: 12722, D: 5613[0m
[32m[Inf][795]C: 12722, D: 5616[0m
[90m[dmp][796]KEY: k[0m
[90m[dmp][797]KEY: k[0m
[32m[Inf][798]C: 12722, D: 5635[0m
[90m[dmp][799]KEY: k[0m
[32m[Inf][800]C: 12722, D: 5669[0m
[32m[Inf][801]C: 12722, D: 5710[0m
[90m[dmp][802]KEY: k[0m
[90m[dmp][803]KEY: k[0m
[32m[Inf][804]C: 12722, D: 5763[0m
[90m[dmp][805]KEY: k[0m
[32m[Inf][806]C: 12722, D: 5901[0m
[32m[Inf][807]C: 12722, D: 5901[0m
[90m[dmp][808]KEY: k[0m
[32m[Inf][809]C: 12722, D: 5973[0m
[90m[dmp][810]KEY: k[0m
[90m[dmp][811]KEY: k[0m
[32m[Inf][812]C: 12722, D: 6057[0m
[90m[dmp][813]KEY: k[0m
[32m[Inf][814]C: 12722, D: 6135[0m
[32m[Inf][815]C: 12722, D: 6205[0m
[90m[dmp][816]KEY: k[0m
[90m[dmp][817]KEY: k[0m
[32m[Inf][818]C: 12722, D: 6269[0m
[90m[dmp][819]KEY: k[0m
[90m[dmp][820]KEY: k[0m
[32m[Inf][821]C: 12722, D: 6380[0m
[32m[Inf][822]C: 12722, D: 6425[0m
[90m[dmp][823]KEY: k[0m
[32m[Inf][824]C: 12722, D: 6461[0m
[32m[Inf][825]C: 12722, D: 6461[0m
[32m[Inf][826]C: 12722, D: 6461[0m
[32m[Inf][827]C: 12722, D: 6461[0m
[32m[Inf][828]C: 12722, D: 6461[0m
[Log] [829]Terminating program (user signal)
[Log] [830]Gracefully closing window
[32m[Inf][831]C: 12722, D: 6461[0m
[Log] [832]Writing to log file, bye.