[Log] [1]Console initialized
[90m[dmp][2]Resizing to [79, 158][0m
[90m[dmp][3]Resizing done[0m
[Log] [4]Start rendering thread
[33m[WRN][5]render() with no scene![0m
[32m[Inf][6]C: 11326, D: 8840[0m
[32m[Inf][7]C: 11326, D: 8840[0m
[32m[Inf][8]C: 11326, D: 8840[0m
[32m[Inf][9]C: 11326, D: 8840[0m
[32m[Inf][10]C: 11326, D: 8840[0m
[32m[Inf][11]C: 11326, D: 8840[0m
[32m[Inf][12]C: 11326, D: 8840[0m
[32m[Inf][13]C: 11326, D: 8840[0m
[32m[Inf][14]C: 11326, D: 8840[0m
[90m[dmp][15]KEY: h[0m
[32m[Inf][16]C: 11326, D: 8840[0m
[32m[Inf][17]C: 11376, D: 8861[0m
[32m[Inf][18]C: 11376, D: 8861[0m
[32m[Inf][19]C: 11376, D: 8861[0m
[32m[Inf][20]C: 11376, D: 8861[0m
[32m[Inf][21]C: 11376, D: 8861[0m
[32m[Inf][22]C: 11376, D: 8861[0m
[90m[dmp][23]KEY: h[0m
[90m[dmp][24]KEY: h[0m
[32m[Inf][25]C: 11376, D: 8861[0m
[90m[dmp][26]KEY: h[0m
[32m[Inf][27]C: 11376, D: 8861[0m
[32m[Inf][28]C: 11376, D: 8861[0m
[90m[dmp][29]KEY: h[0m
[90m[dmp][30]KEY: h[0m
[90m[dmp][31]KEY: h[0m
[32m[Inf][32]C: 11376, D: 8861[0m
[90m[dmp][33]KEY: h[0m
[32m[Inf][34]C: 11376, D: 8861[0m
[90m[dmp][35]KEY: h[0m
[32m[Inf][36]C: 11376, D: 8861[0m
[32m[Inf][37]C: 11376, D: 8861[0m
[90m[dmp][38]KEY: h[0m
[90m[dmp][39]KEY: h[0m
[32m[Inf][40]C: 11376, D: 8861[0m
[90m[dmp][41]KEY: h[0m
[90m[dmp][42]KEY: h[0m
[32m[Inf][43]C: 11376, D: 8861[0m
[90m[dmp][44]KEY: h[0m
[90m[dmp][45]KEY: h[0m
[32m[Inf][46]C: 11376, D: 8861[0m
[90m[dmp][47]KEY: h[0m
[90m[dmp][48]KEY: h[0m
[32m[Inf][49]C: 11376, D: 8861[0m
[90m[dmp][50]KEY: h[0m
[90m[dmp][51]KEY: h[0m
[32m[Inf][52]C: 11376, D: 8861[0m
[32m[Inf][53]C: 11376, D: 8861[0m
[90m[dmp][54]KEY: h[0m
[90m[dmp][55]KEY: h[0m
[32m[Inf][56]C: 11376, D: 8861[0m
[32m[Inf][57]C: 11376, D: 8861[0m
[90m[dmp][58]KEY: h[0m
[90m[dmp][59]KEY: h[0m
[32m[Inf][60]C: 11376, D: 8861[0m
[90m[dmp][61]KEY: h[0m
[90m[dmp][62]KEY: h[0m
[32m[Inf][63]C: 11376, D: 8861[0m
[32m[Inf][64]C: 11376, D: 8861[0m
[90m[dmp][65]KEY: h[0m
[90m[dmp][66]KEY: h[0m
[90m[dmp][67]KEY: h[0m
[32m[Inf][68]C: 11376, D: 8861[0m
[90m[dmp][69]KEY: h[0m
[32m[Inf][70]C: 11376, D: 8861[0m
[90m[dmp][71]KEY: h[0m
[32m[Inf][72]C: 11376, D: 8861[0m
[90m[dmp][73]KEY: h[0m
[32m[Inf][74]C: 11296, D: 8861[0m
[32m[Inf][75]C: 11216, D: 8842[0m
[90m[dmp][76]KEY: h[0m
[90m[dmp][77]KEY: k[0m
[32m[Inf][78]C: 11136, D: 8815[0m
[32m[Inf][79]C: 11218, D: 8869[0m
[32m[Inf][80]C: 11218, D: 8869[0m
[32m[Inf][81]C: 11218, D: 8869[0m
[32m[Inf][82]C: 11218, D: 8869[0m
[32m[Inf][83]C: 11218, D: 8869[0m
[32m[Inf][84]C: 11218, D: 8869[0m
[90m[dmp][85]KEY: k[0m
[32m[Inf][86]C: 11249, D: 8886[0m
[90m[dmp][87]KEY: k[0m
[32m[Inf][88]C: 11280, D: 8897[0m
[90m[dmp][89]KEY: k[0m
[32m[Inf][90]C: 11311, D: 8898[0m
[90m[dmp][91]KEY: k[0m
[90m[dmp][92]KEY: k[0m
[32m[Inf][93]C: 11342, D: 8891[0m
[90m[dmp][94]KEY: k[0m
[90m[dmp][95]KEY: k[0m
[32m[Inf][96]C: 11404, D: 8840[0m
[90m[dmp][97]KEY: k[0m
[32m[Inf][98]C: 11404, D: 8800[0m
[90m[dmp][99]KEY: k[0m
[32m[Inf][100]C: 11404, D: 8750[0m
[90m[dmp][101]KEY: h[0m
[32m[Inf][102]C: 11404, D: 8690[0m
[32m[Inf][103]C: 11324, D: 8655[0m
[32m[Inf][104]C: 11324, D: 8655[0m
[32m[Inf][105]C: 11324, D: 8655[0m
[32m[Inf][106]C: 11324, D: 8655[0m
[32m[Inf][107]C: 11324, D: 8655[0m
[32m[Inf][108]C: 11324, D: 8655[0m
[90m[dmp][109]KEY: h[0m
[32m[Inf][110]C: 11213, D: 8616[0m
[90m[dmp][111]KEY: h[0m
[90m[dmp][112]KEY: h[0m
[32m[Inf][113]C: 10991, D: 8500[0m
[90m[dmp][114]KEY: h[0m
[32m[Inf][115]C: 10880, D: 8432[0m
[90m[dmp][116]KEY: h[0m
[90m[dmp][117]KEY: h[0m
[32m[Inf][118]C: 10769, D: 8356[0m
[32m[Inf][119]C: 10658, D: 8276[0m
[90m[dmp][120]KEY: k[0m
[32m[Inf][121]C: 10658, D: 8276[0m
[32m[Inf][122]C: 10658, D: 8197[0m
[32m[Inf][123]C: 10658, D: 8197[0m
[32m[Inf][124]C: 10658, D: 8197[0m
[32m[Inf][125]C: 10658, D: 8197[0m
[90m[dmp][126]KEY: h[0m
[32m[Inf][127]C: 10658, D: 8197[0m
[32m[Inf][128]C: 10547, D: 8115[0m
[32m[Inf][129]C: 10547, D: 8115[0m
[32m[Inf][130]C: 10547, D: 8115[0m
[32m[Inf][131]C: 10547, D: 8115[0m
[32m[Inf][132]C: 10547, D: 8115[0m
[32m[Inf][133]C: 10547, D: 8115[0m
[32m[Inf][134]C: 10547, D: 8115[0m
[32m[Inf][135]C: 10547, D: 8115[0m
[32m[Inf][136]C: 10547, D: 8115[0m
[32m[Inf][137]C: 10547, D: 8115[0m
[32m[Inf][138]C: 10547, D: 8115[0m
[32m[Inf][139]C: 10547, D: 8115[0m
[32m[Inf][140]C: 10547, D: 8115[0m
[32m[Inf][141]C: 10547, D: 8115[0m
[32m[Inf][142]C: 10547, D: 8115[0m
[32m[Inf][143]C: 10547, D: 8115[0m
[32m[Inf][144]C: 10547, D: 8115[0m
[32m[Inf][145]C: 10547, D: 8115[0m
[90m[dmp][146]KEY: +[0m
[32m[Inf][147]C: 16002, D: 11507[0m
[32m[Inf][148]C: 16002, D: 11507[0m
[32m[Inf][149]C: 16002, D: 11507[0m
[90m[dmp][150]KEY: +[0m
[32m[Inf][151]C: 19202, D: 13746[0m
[32m[Inf][152]C: 19202, D: 13746[0m
[32m[Inf][153]C: 19202, D: 13746[0m
[32m[Inf][154]C: 19202, D: 13746[0m
[32m[Inf][155]C: 19202, D: 13746[0m
[32m[Inf][156]C: 19202, D: 13746[0m
[90m[dmp][157]KEY: h[0m
[32m[Inf][158]C: 19202, D: 13746[0m
[32m[Inf][159]C: 19202, D: 13697[0m
[32m[Inf][160]C: 19202, D: 13697[0m
[32m[Inf][161]C: 19202, D: 13697[0m
[32m[Inf][162]C: 19202, D: 13697[0m
[90m[dmp][163]KEY: h[0m
[90m[dmp][164]KEY: h[0m
[32m[Inf][165]C: 19202, D: 13648[0m
[90m[dmp][166]KEY: h[0m
[32m[Inf][167]C: 19202, D: 13604[0m
[90m[dmp][168]KEY: h[0m
[32m[Inf][169]C: 19202, D: 13565[0m
[90m[dmp][170]KEY: h[0m
[90m[dmp][171]KEY: h[0m
[32m[Inf][172]C: 19202, D: 13474[0m
[90m[dmp][173]KEY: h[0m
[32m[Inf][174]C: 19202, D: 13416[0m
[90m[dmp][175]KEY: h[0m
[90m[dmp][176]KEY: h[0m
[32m[Inf][177]C: 19202, D: 13310[0m
[90m[dmp][178]KEY: h[0m
[32m[Inf][179]C: 19202, D: 13268[0m
[90m[dmp][180]KEY: h[0m
[32m[Inf][181]C: 19202, D: 13232[0m
[90m[dmp][182]KEY: h[0m
[90m[dmp][183]KEY: h[0m
[32m[Inf][184]C: 19202, D: 13150[0m
[90m[dmp][185]KEY: h[0m
[90m[dmp][186]KEY: h[0m
[32m[Inf][187]C: 19202, D: 13055[0m
[90m[dmp][188]KEY: h[0m
[90m[dmp][189]KEY: h[0m
[32m[Inf][190]C: 19202, D: 12958[0m
[90m[dmp][191]KEY: h[0m
[32m[Inf][192]C: 19202, D: 12910[0m
[90m[dmp][193]KEY: h[0m
[90m[dmp][194]KEY: h[0m
[32m[Inf][195]C: 19202, D: 12815[0m
[90m[dmp][196]KEY: h[0m
[90m[dmp][197]KEY: h[0m
[32m[Inf][198]C: 19202, D: 12734[0m
[90m[dmp][199]KEY: h[0m
[32m[Inf][200]C: 19202, D: 12693[0m
[90m[dmp][201]KEY: h[0m
[90m[dmp][202]KEY: h[0m
[32m[Inf][203]C: 19202, D: 12598[0m
[90m[dmp][204]KEY: h[0m
[32m[Inf][205]C: 19202, D: 12543[0m
[90m[dmp][206]KEY: h[0m
[90m[dmp][207]KEY: h[0m
[32m[Inf][208]C: 19202, D: 12450[0m
[90m[dmp][209]KEY: h[0m
[90m[dmp][210]KEY: h[0m
[90m[dmp][211]KEY: h[0m
[32m[Inf][212]C: 19202, D: 12293[0m
[90m[dmp][213]KEY: h[0m
[90m[dmp][214]KEY: h[0m
[32m[Inf][215]C: 19202, D: 12195[0m
[90m[dmp][216]KEY: h[0m
[90m[dmp][217]KEY: h[0m
[32m[Inf][218]C: 19202, D: 12118[0m
[90m[dmp][219]KEY: h[0m
[32m[Inf][220]C: 19202, D: 12089[0m
[90m[dmp][221]KEY: h[0m
[32m[Inf][222]C: 19202, D: 12060[0m
[90m[dmp][223]KEY: h[0m
[32m[Inf][224]C: 19202, D: 12027[0m
[90m[dmp][225]KEY: h[0m
[32m[Inf][226]C: 19202, D: 11992[0m
[90m[dmp][227]KEY: h[0m
[32m[Inf][228]C: 19122, D: 11927[0m
[32m[Inf][229]C: 19042, D: 11873[0m
[32m[Inf][230]C: 19042, D: 11873[0m
[32m[Inf][231]C: 19042, D: 11873[0m
[32m[Inf][232]C: 19042, D: 11873[0m
[32m[Inf][233]C: 19042, D: 11873[0m
[32m[Inf][234]C: 19042, D: 11873[0m
[32m[Inf][235]C: 19042, D: 11873[0m
[32m[Inf][236]C: 19042, D: 11873[0m
[32m[Inf][237]C: 19042, D: 11873[0m
[32m[Inf][238]C: 19042, D: 11873[0m
[32m[Inf][239]C: 19042, D: 11873[0m
[32m[Inf][240]C: 19042, D: 11873[0m
[32m[Inf][241]C: 19042, D: 11873[0m
[32m[Inf][242]C: 19042, D: 11873[0m
[32m[Inf][243]C: 19042, D: 11873[0m
[90m[dmp][244]KEY: j[0m
[32m[Inf][245]C: 19042, D: 11873[0m
[32m[Inf][246]C: 19042, D: 11880[0m
[32m[Inf][247]C: 19042, D: 11880[0m
[32m[Inf][248]C: 19042, D: 11880[0m
[90m[dmp][249]KEY: j[0m
[32m[Inf][250]C: 19042, D: 11880[0m
[90m[dmp][251]KEY: j[0m
[90m[dmp][252]KEY: j[0m
[32m[Inf][253]C: 19042, D: 11916[0m
[90m[dmp][254]KEY: h[0m
[32m[Inf][255]C: 19042, D: 11942[0m
[32m[Inf][256]C: 18962, D: 11884[0m
[32m[Inf][257]C: 18962, D: 11884[0m
[32m[Inf][258]C: 18962, D: 11884[0m
[32m[Inf][259]C: 18962, D: 11884[0m
[90m[dmp][260]KEY: h[0m
[90m[dmp][261]KEY: h[0m
[32m[Inf][262]C: 18882, D: 11822[0m
[90m[dmp][263]KEY: h[0m
[90m[dmp][264]KEY: h[0m
[32m[Inf][265]C: 18722, D: 11698[0m
[90m[dmp][266]KEY: h[0m
[32m[Inf][267]C: 18562, D: 11579[0m
[90m[dmp][268]KEY: h[0m
[90m[dmp][269]KEY: h[0m
[32m[Inf][270]C: 18482, D: 11518[0m
[90m[dmp][271]KEY: h[0m
[32m[Inf][272]C: 18402, D: 11453[0m
[90m[dmp][273]KEY: h[0m
[90m[dmp][274]KEY: h[0m
[32m[Inf][275]C: 18242, D: 11284[0m
[90m[dmp][276]KEY: h[0m
[32m[Inf][277]C: 18162, D: 11196[0m
[90m[dmp][278]KEY: h[0m
[32m[Inf][279]C: 18082, D: 11119[0m
[90m[dmp][280]KEY: h[0m
[90m[dmp][281]KEY: h[0m
[32m[Inf][282]C: 17922, D: 10983[0m
[90m[dmp][283]KEY: h[0m
[90m[dmp][284]KEY: h[0m
[32m[Inf][285]C: 17762, D: 10848[0m
[90m[dmp][286]KEY: h[0m
[32m[Inf][287]C: 17682, D: 10766[0m
[90m[dmp][288]KEY: h[0m
[90m[dmp][289]KEY: h[0m
[32m[Inf][290]C: 17522, D: 10618[0m
[90m[dmp][291]KEY: h[0m
[32m[Inf][292]C: 17442, D: 10538[0m
[90m[dmp][293]KEY: h[0m
[90m[dmp][294]KEY: h[0m
[32m[Inf][295]C: 17282, D: 10373[0m
[90m[dmp][296]KEY: h[0m
[32m[Inf][297]C: 17122, D: 10213[0m
[32m[Inf][298]C: 17122, D: 10213[0m
[32m[Inf][299]C: 17122, D: 10213[0m
[90m[dmp][300]KEY: l[0m
[32m[Inf][301]C: 17122, D: 10213[0m
[32m[Inf][302]C: 17202, D: 10291[0m
[32m[Inf][303]C: 17202, D: 10291[0m
[32m[Inf][304]C: 17202, D: 10291[0m
[90m[dmp][305]KEY: l[0m
[32m[Inf][306]C: 17202, D: 10291[0m
[90m[dmp][307]KEY: l[0m
[32m[Inf][308]C: 17282, D: 10373[0m
[90m[dmp][309]KEY: l[0m
[90m[dmp][310]KEY: l[0m
[32m[Inf][311]C: 17442, D: 10538[0m
[90m[dmp][312]KEY: l[0m
[32m[Inf][313]C: 17522, D: 10618[0m
[90m[dmp][314]KEY: l[0m
[90m[dmp][315]KEY: l[0m
[32m[Inf][316]C: 17682, D: 10766[0m
[90m[dmp][317]KEY: l[0m
[32m[Inf][318]C: 17762, D: 10848[0m
[90m[dmp][319]KEY: l[0m
[90m[dmp][320]KEY: l[0m
[32m[Inf][321]C: 17922, D: 10983[0m
[32m[Inf][322]C: 18002, D: 11046[0m
[32m[Inf][323]C: 18002, D: 11046[0m
[32m[Inf][324]C: 18002, D: 11046[0m
[32m[Inf][325]C: 18002, D: 11046[0m
[32m[Inf][326]C: 18002, D: 11046[0m
[32m[Inf][327]C: 18002, D: 11046[0m
[32m[Inf][328]C: 18002, D: 11046[0m
[32m[Inf][329]C: 18002, D: 11046[0m
[32m[Inf][330]C: 18002, D: 11046[0m
[32m[Inf][331]C: 18002, D: 11046[0m
[32m[Inf][332]C: 18002, D: 11046[0m
[32m[Inf][333]C: 18002, D: 11046[0m
[32m[Inf][334]C: 18002, D: 11046[0m
[32m[Inf][335]C: 18002, D: 11046[0m
[32m[Inf][336]C: 18002, D: 11046[0m
[32m[Inf][337]C: 18002, D: 11046[0m
[32m[Inf][338]C: 18002, D: 11046[0m
[32m[Inf][339]C: 18002, D: 11046[0m
[32m[Inf][340]C: 18002, D: 11046[0m
[32m[Inf][341]C: 18002, D: 11046[0m
[32m[Inf][342]C: 18002, D: 11046[0m
[32m[Inf][343]C: 18002, D: 11046[0m
[32m[Inf][344]C: 18002, D: 11046[0m
[32m[Inf][345]C: 18002, D: 11046[0m
[32m[Inf][346]C: 18002, D: 11046[0m
[32m[Inf][347]C: 18002, D: 11046[0m
[32m[Inf][348]C: 18002, D: 11046[0m
[32m[Inf][349]C: 18002, D: 11046[0m
[32m[Inf][350]C: 18002, D: 11046[0m
[32m[Inf][351]C: 18002, D: 11046[0m
[32m[Inf][352]C: 18002, D: 11046[0m
[32m[Inf][353]C: 18002, D: 11046[0m
[32m[Inf][354]C: 18002, D: 11046[0m
[32m[Inf][355]C: 18002, D: 11046[0m
[32m[Inf][356]C: 18002, D: 11046[0m
[32m[Inf][357]C: 18002, D: 11046[0m
[32m[Inf][358]C: 18002, D: 11046[0m
[32m[Inf][359]C: 18002, D: 11046[0m
[32m[Inf][360]C: 18002, D: 11046[0m
[32m[Inf][361]C: 18002, D: 11046[0m
[32m[Inf][362]C: 18002, D: 11046[0m
[32m[Inf][363]C: 18002, D: 11046[0m
[32m[Inf][364]C: 18002, D: 11046[0m
[32m[Inf][365]C: 18002, D: 11046[0m
[32m[Inf][366]C: 18002, D: 11046[0m
[32m[Inf][367]C: 18002, D: 11046[0m
[32m[Inf][368]C: 18002, D: 11046[0m
[32m[Inf][369]C: 18002, D: 11046[0m
[32m[Inf][370]C: 18002, D: 11046[0m
[32m[Inf][371]C: 18002, D: 11046[0m
[32m[Inf][372]C: 18002, D: 11046[0m
[32m[Inf][373]C: 18002, D: 11046[0m
[32m[Inf][374]C: 18002, D: 11046[0m
[32m[Inf][375]C: 18002, D: 11046[0m
[32m[Inf][376]C: 18002, D: 11046[0m
[32m[Inf][377]C: 18002, D: 11046[0m
[32m[Inf][378]C: 18002, D: 11046[0m
[32m[Inf][379]C: 18002, D: 11046[0m
[32m[Inf][380]C: 18002, D: 11046[0m
[32m[Inf][381]C: 18002, D: 11046[0m
[32m[Inf][382]C: 18002, D: 11046[0m
[32m[Inf][383]C: 18002, D: 11046[0m
[32m[Inf][384]C: 18002, D: 11046[0m
[32m[Inf][385]C: 18002, D: 11046[0m
[32m[Inf][386]C: 18002, D: 11046[0m
[32m[Inf][387]C: 18002, D: 11046[0m
[32m[Inf][388]C: 18002, D: 11046[0m
[32m[Inf][389]C: 18002, D: 11046[0m
[32m[Inf][390]C: 18002, D: 11046[0m
[32m[Inf][391]C: 18002, D: 11046[0m
[32m[Inf][392]C: 18002, D: 11046[0m
[32m[Inf][393]C: 18002, D: 11046[0m
[32m[Inf][394]C: 18002, D: 11046[0m
[32m[Inf][395]C: 18002, D: 11046[0m
[32m[Inf][396]C: 18002, D: 11046[0m
[32m[Inf][397]C: 18002, D: 11046[0m
[32m[Inf][398]C: 18002, D: 11046[0m
[32m[Inf][399]C: 18002, D: 11046[0m
[32m[Inf][400]C: 18002, D: 11046[0m
[32m[Inf][401]C: 18002, D: 11046[0m
[32m[Inf][402]C: 18002, D: 11046[0m
[Log] [403]Terminating program (user signal)
[Log] [404]Gracefully closing window
[32m[Inf][405]C: 18002, D: 11046[0m
[Log] [406]Writing to log file, bye.