[Log] [1]Console initialized
[90m[dmp][2]Resizing to [79, 158][0m
[90m[dmp][3]Resizing done[0m
[Log] [4]Start rendering thread
[33m[WRN][5]render() with no scene![0m
[32m[Inf][6]C: 11326, D: 8840[0m
[32m[Inf][7]C: 11326, D: 8840[0m
[32m[Inf][8]C: 11326, D: 8840[0m
[32m[Inf][9]C: 11326, D: 8840[0m
[32m[Inf][10]C: 11326, D: 8840[0m
[32m[Inf][11]C: 11326, D: 8840[0m
[32m[Inf][12]C: 11326, D: 8840[0m
[32m[Inf][13]C: 11326, D: 8840[0m
[32m[Inf][14]C: 11326, D: 8840[0m
[32m[Inf][15]C: 11326, D: 8840[0m
[32m[Inf][16]C: 11326, D: 8840[0m
[90m[dmp][17]KEY: h[0m
[32m[Inf][18]C: 11376, D: 8861[0m
[32m[Inf][19]C: 11376, D: 8861[0m
[32m[Inf][20]C: 11376, D: 8861[0m
[32m[Inf][21]C: 11376, D: 8861[0m
[32m[Inf][22]C: 11376, D: 8861[0m
[32m[Inf][23]C: 11376, D: 8861[0m
[90m[dmp][24]KEY: h[0m
[32m[Inf][25]C: 11376, D: 8861[0m
[90m[dmp][26]KEY: h[0m
[32m[Inf][27]C: 11376, D: 8861[0m
[90m[dmp][28]KEY: h[0m
[32m[Inf][29]C: 11376, D: 8861[0m
[90m[dmp][30]KEY: h[0m
[32m[Inf][31]C: 11376, D: 8861[0m
[32m[Inf][32]C: 11376, D: 8861[0m
[90m[dmp][33]KEY: h[0m
[90m[dmp][34]KEY: h[0m
[32m[Inf][35]C: 11376, D: 8861[0m
[90m[dmp][36]KEY: h[0m
[32m[Inf][37]C: 11376, D: 8861[0m
[90m[dmp][38]KEY: h[0m
[90m[dmp][39]KEY: h[0m
[32m[Inf][40]C: 11376, D: 8861[0m
[90m[dmp][41]KEY: h[0m
[32m[Inf][42]C: 11376, D: 8861[0m
[90m[dmp][43]KEY: h[0m
[32m[Inf][44]C: 11376, D: 8861[0m
[90m[dmp][45]KEY: h[0m
[32m[Inf][46]C: 11376, D: 8861[0m
[90m[dmp][47]KEY: h[0m
[32m[Inf][48]C: 11376, D: 8861[0m
[90m[dmp][49]KEY: h[0m
[32m[Inf][50]C: 11376, D: 8861[0m
[90m[dmp][51]KEY: h[0m
[32m[Inf][52]C: 11376, D: 8861[0m
[90m[dmp][53]KEY: h[0m
[32m[Inf][54]C: 11376, D: 8861[0m
[32m[Inf][55]C: 11376, D: 8861[0m
[90m[dmp][56]KEY: h[0m
[90m[dmp][57]KEY: h[0m
[32m[Inf][58]C: 11376, D: 8861[0m
[90m[dmp][59]KEY: h[0m
[32m[Inf][60]C: 11376, D: 8861[0m
[90m[dmp][61]KEY: h[0m
[32m[Inf][62]C: 11376, D: 8861[0m
[90m[dmp][63]KEY: h[0m
[90m[dmp][64]KEY: h[0m
[32m[Inf][65]C: 11376, D: 8861[0m
[90m[dmp][66]KEY: h[0m
[32m[Inf][67]C: 11376, D: 8861[0m
[90m[dmp][68]KEY: h[0m
[32m[Inf][69]C: 11376, D: 8861[0m
[90m[dmp][70]KEY: h[0m
[32m[Inf][71]C: 11376, D: 8861[0m
[90m[dmp][72]KEY: h[0m
[32m[Inf][73]C: 11376, D: 8861[0m
[90m[dmp][74]KEY: h[0m
[32m[Inf][75]C: 11376, D: 8861[0m
[90m[dmp][76]KEY: h[0m
[32m[Inf][77]C: 11376, D: 8861[0m
[90m[dmp][78]KEY: h[0m
[32m[Inf][79]C: 11376, D: 8861[0m
[32m[Inf][80]C: 11296, D: 8861[0m
[32m[Inf][81]C: 11296, D: 8861[0m
[90m[dmp][82]KEY: k[0m
[32m[Inf][83]C: 11378, D: 8915[0m
[32m[Inf][84]C: 11378, D: 8915[0m
[32m[Inf][85]C: 11378, D: 8915[0m
[32m[Inf][86]C: 11378, D: 8915[0m
[32m[Inf][87]C: 11378, D: 8915[0m
[32m[Inf][88]C: 11378, D: 8915[0m
[32m[Inf][89]C: 11378, D: 8915[0m
[90m[dmp][90]KEY: k[0m
[32m[Inf][91]C: 11409, D: 8932[0m
[90m[dmp][92]KEY: k[0m
[32m[Inf][93]C: 11440, D: 8943[0m
[90m[dmp][94]KEY: k[0m
[32m[Inf][95]C: 11471, D: 8944[0m
[90m[dmp][96]KEY: k[0m
[32m[Inf][97]C: 11502, D: 8937[0m
[90m[dmp][98]KEY: k[0m
[32m[Inf][99]C: 11533, D: 8920[0m
[90m[dmp][100]KEY: k[0m
[90m[dmp][101]KEY: k[0m
[32m[Inf][102]C: 11564, D: 8886[0m
[90m[dmp][103]KEY: k[0m
[32m[Inf][104]C: 11564, D: 8796[0m
[90m[dmp][105]KEY: k[0m
[32m[Inf][106]C: 11564, D: 8736[0m
[90m[dmp][107]KEY: h[0m
[32m[Inf][108]C: 11564, D: 8736[0m
[32m[Inf][109]C: 11484, D: 8717[0m
[32m[Inf][110]C: 11484, D: 8717[0m
[32m[Inf][111]C: 11484, D: 8717[0m
[32m[Inf][112]C: 11484, D: 8717[0m
[32m[Inf][113]C: 11484, D: 8717[0m
[90m[dmp][114]KEY: h[0m
[32m[Inf][115]C: 11484, D: 8717[0m
[90m[dmp][116]KEY: h[0m
[32m[Inf][117]C: 11324, D: 8655[0m
[90m[dmp][118]KEY: h[0m
[32m[Inf][119]C: 11213, D: 8616[0m
[90m[dmp][120]KEY: h[0m
[32m[Inf][121]C: 11102, D: 8562[0m
[90m[dmp][122]KEY: h[0m
[90m[dmp][123]KEY: h[0m
[32m[Inf][124]C: 10880, D: 8432[0m
[90m[dmp][125]KEY: h[0m
[32m[Inf][126]C: 10769, D: 8356[0m
[90m[dmp][127]KEY: +[0m
[32m[Inf][128]C: 15042, D: 10250[0m
[90m[dmp][129]KEY: +[0m
[32m[Inf][130]C: 16002, D: 11699[0m
[32m[Inf][131]C: 19202, D: 14172[0m
[32m[Inf][132]C: 19202, D: 14172[0m
[32m[Inf][133]C: 19202, D: 14172[0m
[90m[dmp][134]KEY: h[0m
[32m[Inf][135]C: 19202, D: 14172[0m
[32m[Inf][136]C: 19202, D: 14128[0m
[32m[Inf][137]C: 19202, D: 14128[0m
[32m[Inf][138]C: 19202, D: 14128[0m
[32m[Inf][139]C: 19202, D: 14128[0m
[90m[dmp][140]KEY: h[0m
[32m[Inf][141]C: 19202, D: 14128[0m
[90m[dmp][142]KEY: h[0m
[32m[Inf][143]C: 19202, D: 14028[0m
[90m[dmp][144]KEY: h[0m
[90m[dmp][145]KEY: h[0m
[32m[Inf][146]C: 19202, D: 13985[0m
[90m[dmp][147]KEY: h[0m
[32m[Inf][148]C: 19202, D: 13902[0m
[32m[Inf][149]C: 19202, D: 13902[0m
[32m[Inf][150]C: 19202, D: 13902[0m
[32m[Inf][151]C: 19202, D: 13902[0m
[32m[Inf][152]C: 19202, D: 13902[0m
[32m[Inf][153]C: 19202, D: 13902[0m
[32m[Inf][154]C: 19202, D: 13902[0m
[32m[Inf][155]C: 19202, D: 13902[0m
[32m[Inf][156]C: 19202, D: 13902[0m
[32m[Inf][157]C: 19202, D: 13902[0m
[32m[Inf][158]C: 19202, D: 13902[0m
[32m[Inf][159]C: 19202, D: 13902[0m
[32m[Inf][160]C: 19202, D: 13902[0m
[32m[Inf][161]C: 19202, D: 13902[0m
[32m[Inf][162]C: 19202, D: 13902[0m
[32m[Inf][163]C: 19202, D: 13902[0m
[32m[Inf][164]C: 19202, D: 13902[0m
[32m[Inf][165]C: 19202, D: 13902[0m
[32m[Inf][166]C: 19202, D: 13902[0m
[32m[Inf][167]C: 19202, D: 13902[0m
[32m[Inf][168]C: 19202, D: 13902[0m
[32m[Inf][169]C: 19202, D: 13902[0m
[32m[Inf][170]C: 19202, D: 13902[0m
[32m[Inf][171]C: 19202, D: 13902[0m
[32m[Inf][172]C: 19202, D: 13902[0m
[32m[Inf][173]C: 19202, D: 13902[0m
[32m[Inf][174]C: 19202, D: 13902[0m
[32m[Inf][175]C: 19202, D: 13902[0m
[32m[Inf][176]C: 19202, D: 13902[0m
[32m[Inf][177]C: 19202, D: 13902[0m
[32m[Inf][178]C: 19202, D: 13902[0m
[32m[Inf][179]C: 19202, D: 13902[0m
[32m[Inf][180]C: 19202, D: 13902[0m
[32m[Inf][181]C: 19202, D: 13902[0m
[32m[Inf][182]C: 19202, D: 13902[0m
[32m[Inf][183]C: 19202, D: 13902[0m
[32m[Inf][184]C: 19202, D: 13902[0m
[32m[Inf][185]C: 19202, D: 13902[0m
[32m[Inf][186]C: 19202, D: 13902[0m
[32m[Inf][187]C: 19202, D: 13902[0m
[32m[Inf][188]C: 19202, D: 13902[0m
[32m[Inf][189]C: 19202, D: 13902[0m
[32m[Inf][190]C: 19202, D: 13902[0m
[32m[Inf][191]C: 19202, D: 13902[0m
[32m[Inf][192]C: 19202, D: 13902[0m
[32m[Inf][193]C: 19202, D: 13902[0m
[32m[Inf][194]C: 19202, D: 13902[0m
[32m[Inf][195]C: 19202, D: 13902[0m
[32m[Inf][196]C: 19202, D: 13902[0m
[32m[Inf][197]C: 19202, D: 13902[0m
[32m[Inf][198]C: 19202, D: 13902[0m
[32m[Inf][199]C: 19202, D: 13902[0m
[32m[Inf][200]C: 19202, D: 13902[0m
[32m[Inf][201]C: 19202, D: 13902[0m
[32m[Inf][202]C: 19202, D: 13902[0m
[32m[Inf][203]C: 19202, D: 13902[0m
[Log] [204]Terminating program (user signal)
[Log] [205]Gracefully closing window
[Log] [206]Writing to log file, bye.