[Log] [1]Console initialized
[90m[dmp][2]Resizing to [76, 155][0m
[90m[dmp][3]Resizing done[0m
[Log] [4]Start rendering thread
[33m[WRN][5]render() with no scene![0m
[32m[Inf][6]C: 10844, D: 8563[0m
[32m[Inf][7]C: 10844, D: 8563[0m
[32m[Inf][8]C: 10844, D: 8563[0m
[32m[Inf][9]C: 10844, D: 8563[0m
[32m[Inf][10]C: 10844, D: 8563[0m
[32m[Inf][11]C: 10844, D: 8563[0m
[32m[Inf][12]C: 10844, D: 8563[0m
[32m[Inf][13]C: 10844, D: 8563[0m
[32m[Inf][14]C: 10844, D: 8563[0m
[32m[Inf][15]C: 10844, D: 8563[0m
[32m[Inf][16]C: 10844, D: 8563[0m
[32m[Inf][17]C: 10844, D: 8563[0m
[32m[Inf][18]C: 10844, D: 8563[0m
[32m[Inf][19]C: 10844, D: 8563[0m
[32m[Inf][20]C: 10844, D: 8563[0m
[32m[Inf][21]C: 10844, D: 8563[0m
[32m[Inf][22]C: 10844, D: 8563[0m
[32m[Inf][23]C: 10844, D: 8563[0m
[32m[Inf][24]C: 10844, D: 8563[0m
[32m[Inf][25]C: 10844, D: 8563[0m
[32m[Inf][26]C: 10844, D: 8563[0m
[32m[Inf][27]C: 10844, D: 8563[0m
[32m[Inf][28]C: 10844, D: 8563[0m
[32m[Inf][29]C: 10844, D: 8563[0m
[32m[Inf][30]C: 10844, D: 8563[0m
[32m[Inf][31]C: 10844, D: 8563[0m
[32m[Inf][32]C: 10844, D: 8563[0m
[32m[Inf][33]C: 10844, D: 8563[0m
[32m[Inf][34]C: 10844, D: 8563[0m
[32m[Inf][35]C: 10844, D: 8563[0m
[32m[Inf][36]C: 10844, D: 8563[0m
[32m[Inf][37]C: 10844, D: 8563[0m
[32m[Inf][38]C: 10844, D: 8563[0m
[32m[Inf][39]C: 10844, D: 8563[0m
[32m[Inf][40]C: 10844, D: 8563[0m
[32m[Inf][41]C: 10844, D: 8563[0m
[32m[Inf][42]C: 10844, D: 8563[0m
[90m[dmp][43]KEY: h[0m
[32m[Inf][44]C: 10893, D: 8584[0m
[32m[Inf][45]C: 10893, D: 8584[0m
[32m[Inf][46]C: 10893, D: 8584[0m
[32m[Inf][47]C: 10893, D: 8584[0m
[32m[Inf][48]C: 10893, D: 8584[0m
[32m[Inf][49]C: 10893, D: 8584[0m
[32m[Inf][50]C: 10893, D: 8584[0m
[32m[Inf][51]C: 10893, D: 8584[0m
[32m[Inf][52]C: 10893, D: 8584[0m
[90m[dmp][53]KEY: h[0m
[32m[Inf][54]C: 10893, D: 8584[0m
[32m[Inf][55]C: 10942, D: 8605[0m
[90m[dmp][56]KEY: h[0m
[90m[dmp][57]KEY: h[0m
[32m[Inf][58]C: 10991, D: 8630[0m
[32m[Inf][59]C: 10991, D: 8630[0m
[90m[dmp][60]KEY: h[0m
[90m[dmp][61]KEY: h[0m
[32m[Inf][62]C: 10991, D: 8630[0m
[32m[Inf][63]C: 10991, D: 8630[0m
[90m[dmp][64]KEY: h[0m
[90m[dmp][65]KEY: h[0m
[32m[Inf][66]C: 10991, D: 8630[0m
[32m[Inf][67]C: 10991, D: 8630[0m
[90m[dmp][68]KEY: h[0m
[90m[dmp][69]KEY: h[0m
[32m[Inf][70]C: 10991, D: 8630[0m
[32m[Inf][71]C: 10991, D: 8630[0m
[90m[dmp][72]KEY: h[0m
[90m[dmp][73]KEY: h[0m
[32m[Inf][74]C: 10991, D: 8630[0m
[90m[dmp][75]KEY: h[0m
[32m[Inf][76]C: 10991, D: 8630[0m
[90m[dmp][77]KEY: h[0m
[32m[Inf][78]C: 10991, D: 8630[0m
[90m[dmp][79]KEY: h[0m
[32m[Inf][80]C: 10991, D: 8630[0m
[90m[dmp][81]KEY: h[0m
[32m[Inf][82]C: 10991, D: 8630[0m
[90m[dmp][83]KEY: h[0m
[32m[Inf][84]C: 10991, D: 8630[0m
[90m[dmp][85]KEY: h[0m
[32m[Inf][86]C: 10991, D: 8630[0m
[90m[dmp][87]KEY: h[0m
[32m[Inf][88]C: 10991, D: 8630[0m
[90m[dmp][89]KEY: h[0m
[32m[Inf][90]C: 10991, D: 8630[0m
[90m[dmp][91]KEY: h[0m
[32m[Inf][92]C: 10991, D: 8630[0m
[90m[dmp][93]KEY: h[0m
[32m[Inf][94]C: 10991, D: 8630[0m
[90m[dmp][95]KEY: h[0m
[32m[Inf][96]C: 10991, D: 8630[0m
[90m[dmp][97]KEY: h[0m
[90m[dmp][98]KEY: h[0m
[32m[Inf][99]C: 10991, D: 8630[0m
[32m[Inf][100]C: 10991, D: 8630[0m
[90m[dmp][101]KEY: h[0m
[90m[dmp][102]KEY: h[0m
[32m[Inf][103]C: 10991, D: 8630[0m
[90m[dmp][104]KEY: h[0m
[32m[Inf][105]C: 10991, D: 8630[0m
[90m[dmp][106]KEY: h[0m
[32m[Inf][107]C: 10914, D: 8630[0m
[90m[dmp][108]KEY: h[0m
[32m[Inf][109]C: 10837, D: 8611[0m
[90m[dmp][110]KEY: h[0m
[32m[Inf][111]C: 10760, D: 8584[0m
[90m[dmp][112]KEY: h[0m
[32m[Inf][113]C: 10683, D: 8549[0m
[90m[dmp][114]KEY: h[0m
[90m[dmp][115]KEY: h[0m
[32m[Inf][116]C: 10583, D: 8510[0m
[32m[Inf][117]C: 10483, D: 8456[0m
[90m[dmp][118]KEY: h[0m
[90m[dmp][119]KEY: h[0m
[32m[Inf][120]C: 10383, D: 8394[0m
[32m[Inf][121]C: 10283, D: 8327[0m
[90m[dmp][122]KEY: h[0m
[90m[dmp][123]KEY: h[0m
[32m[Inf][124]C: 10183, D: 8254[0m
[32m[Inf][125]C: 10083, D: 8178[0m
[90m[dmp][126]KEY: h[0m
[90m[dmp][127]KEY: h[0m
[32m[Inf][128]C: 9983, D: 8100[0m
[32m[Inf][129]C: 9883, D: 8017[0m
[90m[dmp][130]KEY: h[0m
[90m[dmp][131]KEY: h[0m
[32m[Inf][132]C: 9783, D: 7931[0m
[32m[Inf][133]C: 9683, D: 7843[0m
[90m[dmp][134]KEY: h[0m
[32m[Inf][135]C: 9583, D: 7752[0m
[90m[dmp][136]KEY: h[0m
[32m[Inf][137]C: 9483, D: 7659[0m
[90m[dmp][138]KEY: h[0m
[32m[Inf][139]C: 9383, D: 7564[0m
[90m[dmp][140]KEY: h[0m
[32m[Inf][141]C: 9283, D: 7467[0m
[90m[dmp][142]KEY: h[0m
[32m[Inf][143]C: 9183, D: 7368[0m
[90m[dmp][144]KEY: h[0m
[32m[Inf][145]C: 9083, D: 7269[0m
[90m[dmp][146]KEY: h[0m
[32m[Inf][147]C: 8983, D: 7170[0m
[90m[dmp][148]KEY: h[0m
[32m[Inf][149]C: 8883, D: 7071[0m
[90m[dmp][150]KEY: h[0m
[32m[Inf][151]C: 8783, D: 6972[0m
[90m[dmp][152]KEY: h[0m
[32m[Inf][153]C: 8683, D: 6873[0m
[90m[dmp][154]KEY: h[0m
[32m[Inf][155]C: 8583, D: 6774[0m
[90m[dmp][156]KEY: h[0m
[32m[Inf][157]C: 8483, D: 6676[0m
[90m[dmp][158]KEY: h[0m
[32m[Inf][159]C: 8383, D: 6578[0m
[90m[dmp][160]KEY: h[0m
[32m[Inf][161]C: 8383, D: 6578[0m
[32m[Inf][162]C: 8283, D: 6481[0m
[90m[dmp][163]KEY: h[0m
[32m[Inf][164]C: 8183, D: 6385[0m
[90m[dmp][165]KEY: h[0m
[32m[Inf][166]C: 8083, D: 6289[0m
[90m[dmp][167]KEY: h[0m
[32m[Inf][168]C: 7983, D: 6194[0m
[90m[dmp][169]KEY: h[0m
[32m[Inf][170]C: 7883, D: 6101[0m
[90m[dmp][171]KEY: h[0m
[32m[Inf][172]C: 7783, D: 6009[0m
[90m[dmp][173]KEY: h[0m
[32m[Inf][174]C: 7783, D: 6009[0m
[32m[Inf][175]C: 7683, D: 5921[0m
[90m[dmp][176]KEY: h[0m
[32m[Inf][177]C: 7583, D: 5844[0m
[90m[dmp][178]KEY: h[0m
[90m[dmp][179]KEY: h[0m
[32m[Inf][180]C: 7506, D: 5767[0m
[32m[Inf][181]C: 7429, D: 5690[0m
[90m[dmp][182]KEY: h[0m
[32m[Inf][183]C: 7352, D: 5613[0m
[90m[dmp][184]KEY: h[0m
[32m[Inf][185]C: 7275, D: 5536[0m
[90m[dmp][186]KEY: h[0m
[32m[Inf][187]C: 7198, D: 5459[0m
[32m[Inf][188]C: 7198, D: 5459[0m
[90m[dmp][189]KEY: h[0m
[32m[Inf][190]C: 7121, D: 5382[0m
[32m[Inf][191]C: 7121, D: 5382[0m
[90m[dmp][192]KEY: h[0m
[32m[Inf][193]C: 7044, D: 5305[0m
[90m[dmp][194]KEY: h[0m
[32m[Inf][195]C: 6967, D: 5228[0m
[32m[Inf][196]C: 6967, D: 5228[0m
[90m[dmp][197]KEY: h[0m
[32m[Inf][198]C: 6890, D: 5151[0m
[32m[Inf][199]C: 6890, D: 5151[0m
[32m[Inf][200]C: 6890, D: 5151[0m
[32m[Inf][201]C: 6890, D: 5151[0m
[32m[Inf][202]C: 6890, D: 5151[0m
[32m[Inf][203]C: 6890, D: 5151[0m
[32m[Inf][204]C: 6890, D: 5151[0m
[32m[Inf][205]C: 6890, D: 5151[0m
[32m[Inf][206]C: 6890, D: 5151[0m
[32m[Inf][207]C: 6890, D: 5151[0m
[32m[Inf][208]C: 6890, D: 5151[0m
[90m[dmp][209]KEY: j[0m
[32m[Inf][210]C: 6839, D: 5126[0m
[32m[Inf][211]C: 6839, D: 5126[0m
[32m[Inf][212]C: 6839, D: 5126[0m
[32m[Inf][213]C: 6839, D: 5126[0m
[32m[Inf][214]C: 6839, D: 5126[0m
[32m[Inf][215]C: 6839, D: 5126[0m
[32m[Inf][216]C: 6839, D: 5126[0m
[32m[Inf][217]C: 6839, D: 5126[0m
[32m[Inf][218]C: 6839, D: 5126[0m
[32m[Inf][219]C: 6839, D: 5126[0m
[32m[Inf][220]C: 6839, D: 5126[0m
[32m[Inf][221]C: 6839, D: 5126[0m
[32m[Inf][222]C: 6839, D: 5126[0m
[90m[dmp][223]KEY: l[0m
[32m[Inf][224]C: 6839, D: 5126[0m
[32m[Inf][225]C: 6916, D: 5203[0m
[32m[Inf][226]C: 6916, D: 5203[0m
[32m[Inf][227]C: 6916, D: 5203[0m
[32m[Inf][228]C: 6916, D: 5203[0m
[32m[Inf][229]C: 6916, D: 5203[0m
[32m[Inf][230]C: 6916, D: 5203[0m
[32m[Inf][231]C: 6916, D: 5203[0m
[32m[Inf][232]C: 6916, D: 5203[0m
[32m[Inf][233]C: 6916, D: 5203[0m
[32m[Inf][234]C: 6916, D: 5203[0m
[32m[Inf][235]C: 6916, D: 5203[0m
[32m[Inf][236]C: 6916, D: 5203[0m
[90m[dmp][237]KEY: l[0m
[32m[Inf][238]C: 6916, D: 5203[0m
[32m[Inf][239]C: 6993, D: 5280[0m
[90m[dmp][240]KEY: l[0m
[32m[Inf][241]C: 7070, D: 5357[0m
[90m[dmp][242]KEY: l[0m
[32m[Inf][243]C: 7147, D: 5434[0m
[90m[dmp][244]KEY: l[0m
[32m[Inf][245]C: 7224, D: 5511[0m
[90m[dmp][246]KEY: l[0m
[32m[Inf][247]C: 7301, D: 5588[0m
[32m[Inf][248]C: 7301, D: 5588[0m
[90m[dmp][249]KEY: l[0m
[32m[Inf][250]C: 7378, D: 5665[0m
[90m[dmp][251]KEY: l[0m
[32m[Inf][252]C: 7378, D: 5665[0m
[32m[Inf][253]C: 7455, D: 5742[0m
[90m[dmp][254]KEY: l[0m
[32m[Inf][255]C: 7532, D: 5819[0m
[90m[dmp][256]KEY: l[0m
[32m[Inf][257]C: 7631, D: 5896[0m
[32m[Inf][258]C: 7631, D: 5896[0m
[32m[Inf][259]C: 7631, D: 5896[0m
[32m[Inf][260]C: 7631, D: 5896[0m
[32m[Inf][261]C: 7631, D: 5896[0m
[32m[Inf][262]C: 7631, D: 5896[0m
[32m[Inf][263]C: 7631, D: 5896[0m
[32m[Inf][264]C: 7631, D: 5896[0m
[90m[dmp][265]KEY: 7[0m
[32m[Inf][266]C: 7631, D: 5896[0m
[32m[Inf][267]C: 7631, D: 5896[0m
[32m[Inf][268]C: 7631, D: 5896[0m
[32m[Inf][269]C: 7631, D: 5896[0m
[32m[Inf][270]C: 7631, D: 5896[0m
[32m[Inf][271]C: 7631, D: 5896[0m
[32m[Inf][272]C: 7631, D: 5896[0m
[32m[Inf][273]C: 7631, D: 5896[0m
[32m[Inf][274]C: 7631, D: 5896[0m
[32m[Inf][275]C: 7631, D: 5896[0m
[32m[Inf][276]C: 7631, D: 5896[0m
[32m[Inf][277]C: 7631, D: 5896[0m
[32m[Inf][278]C: 7631, D: 5896[0m
[32m[Inf][279]C: 7631, D: 5896[0m
[32m[Inf][280]C: 7631, D: 5896[0m
[32m[Inf][281]C: 7631, D: 5896[0m
[90m[dmp][282]KEY: +[0m
[32m[Inf][283]C: 7631, D: 5895[0m
[32m[Inf][284]C: 9994, D: 6837[0m
[32m[Inf][285]C: 9994, D: 6837[0m
[90m[dmp][286]KEY: +[0m
[32m[Inf][287]C: 9994, D: 6837[0m
[32m[Inf][288]C: 13714, D: 7694[0m
[90m[dmp][289]KEY: +[0m
[32m[Inf][290]C: 13714, D: 7694[0m
[32m[Inf][291]C: 12014, D: 5755[0m
[90m[dmp][292]KEY: +[0m
[32m[Inf][293]C: 12014, D: 5755[0m
[32m[Inf][294]C: 12014, D: 7047[0m
[90m[dmp][295]KEY: +[0m
[32m[Inf][296]C: 12014, D: 8469[0m
[32m[Inf][297]C: 12014, D: 8469[0m
[32m[Inf][298]C: 12014, D: 8469[0m
[90m[dmp][299]KEY: l[0m
[32m[Inf][300]C: 12014, D: 8523[0m
[32m[Inf][301]C: 12014, D: 8523[0m
[32m[Inf][302]C: 12014, D: 8523[0m
[32m[Inf][303]C: 12014, D: 8523[0m
[32m[Inf][304]C: 12014, D: 8523[0m
[32m[Inf][305]C: 12014, D: 8523[0m
[90m[dmp][306]KEY: l[0m
[32m[Inf][307]C: 12014, D: 8523[0m
[90m[dmp][308]KEY: l[0m
[32m[Inf][309]C: 12014, D: 8579[0m
[32m[Inf][310]C: 12014, D: 8637[0m
[90m[dmp][311]KEY: l[0m
[90m[dmp][312]KEY: l[0m
[32m[Inf][313]C: 12014, D: 8696[0m
[32m[Inf][314]C: 12014, D: 8756[0m
[90m[dmp][315]KEY: l[0m
[90m[dmp][316]KEY: l[0m
[32m[Inf][317]C: 12014, D: 8807[0m
[32m[Inf][318]C: 12014, D: 8854[0m
[90m[dmp][319]KEY: l[0m
[90m[dmp][320]KEY: l[0m
[32m[Inf][321]C: 12014, D: 8899[0m
[90m[dmp][322]KEY: l[0m
[32m[Inf][323]C: 12014, D: 8941[0m
[32m[Inf][324]C: 12014, D: 8981[0m
[90m[dmp][325]KEY: l[0m
[90m[dmp][326]KEY: l[0m
[32m[Inf][327]C: 12014, D: 9013[0m
[90m[dmp][328]KEY: l[0m
[32m[Inf][329]C: 12014, D: 9043[0m
[90m[dmp][330]KEY: l[0m
[32m[Inf][331]C: 12014, D: 9091[0m
[32m[Inf][332]C: 12014, D: 9091[0m
[90m[dmp][333]KEY: l[0m
[32m[Inf][334]C: 12014, D: 9115[0m
[90m[dmp][335]KEY: l[0m
[32m[Inf][336]C: 12014, D: 9115[0m
[90m[dmp][337]KEY: l[0m
[32m[Inf][338]C: 12014, D: 9139[0m
[90m[dmp][339]KEY: l[0m
[32m[Inf][340]C: 12014, D: 9183[0m
[90m[dmp][341]KEY: l[0m
[32m[Inf][342]C: 12014, D: 9183[0m
[90m[dmp][343]KEY: l[0m
[32m[Inf][344]C: 12014, D: 9231[0m
[32m[Inf][345]C: 12014, D: 9231[0m
[90m[dmp][346]KEY: l[0m
[32m[Inf][347]C: 12014, D: 9256[0m
[90m[dmp][348]KEY: l[0m
[32m[Inf][349]C: 12014, D: 9256[0m
[90m[dmp][350]KEY: l[0m
[32m[Inf][351]C: 12014, D: 9280[0m
[90m[dmp][352]KEY: l[0m
[32m[Inf][353]C: 12014, D: 9334[0m
[90m[dmp][354]KEY: l[0m
[32m[Inf][355]C: 12014, D: 9334[0m
[90m[dmp][356]KEY: l[0m
[32m[Inf][357]C: 12014, D: 9379[0m
[90m[dmp][358]KEY: l[0m
[32m[Inf][359]C: 12014, D: 9379[0m
[32m[Inf][360]C: 12014, D: 9401[0m
[90m[dmp][361]KEY: l[0m
[90m[dmp][362]KEY: l[0m
[32m[Inf][363]C: 12014, D: 9421[0m
[90m[dmp][364]KEY: l[0m
[32m[Inf][365]C: 12014, D: 9456[0m
[90m[dmp][366]KEY: l[0m
[32m[Inf][367]C: 12014, D: 9473[0m
[90m[dmp][368]KEY: l[0m
[32m[Inf][369]C: 12014, D: 9473[0m
[32m[Inf][370]C: 12014, D: 9490[0m
[90m[dmp][371]KEY: l[0m
[32m[Inf][372]C: 12014, D: 9507[0m
[32m[Inf][373]C: 12014, D: 9507[0m
[32m[Inf][374]C: 12014, D: 9507[0m
[32m[Inf][375]C: 12014, D: 9507[0m
[32m[Inf][376]C: 12014, D: 9507[0m
[32m[Inf][377]C: 12014, D: 9507[0m
[90m[dmp][378]KEY: j[0m
[32m[Inf][379]C: 12014, D: 9481[0m
[90m[dmp][380]KEY: j[0m
[32m[Inf][381]C: 12014, D: 9481[0m
[90m[dmp][382]KEY: j[0m
[32m[Inf][383]C: 12014, D: 9457[0m
[90m[dmp][384]KEY: j[0m
[32m[Inf][385]C: 12014, D: 9408[0m
[32m[Inf][386]C: 12014, D: 9408[0m
[90m[dmp][387]KEY: j[0m
[32m[Inf][388]C: 12014, D: 9386[0m
[32m[Inf][389]C: 12014, D: 9386[0m
[32m[Inf][390]C: 12014, D: 9386[0m
[32m[Inf][391]C: 12014, D: 9386[0m
[32m[Inf][392]C: 12014, D: 9386[0m
[32m[Inf][393]C: 12014, D: 9386[0m
[90m[dmp][394]KEY: k[0m
[32m[Inf][395]C: 12014, D: 9386[0m
[32m[Inf][396]C: 12014, D: 9408[0m
[90m[dmp][397]KEY: k[0m
[90m[dmp][398]KEY: k[0m
[32m[Inf][399]C: 12014, D: 9432[0m
[90m[dmp][400]KEY: k[0m
[32m[Inf][401]C: 12014, D: 9457[0m
[32m[Inf][402]C: 12014, D: 9481[0m
[90m[dmp][403]KEY: k[0m
[90m[dmp][404]KEY: k[0m
[32m[Inf][405]C: 12014, D: 9507[0m
[90m[dmp][406]KEY: k[0m
[32m[Inf][407]C: 12014, D: 9534[0m
[32m[Inf][408]C: 12014, D: 9562[0m
[90m[dmp][409]KEY: k[0m
[90m[dmp][410]KEY: k[0m
[32m[Inf][411]C: 12014, D: 9592[0m
[90m[dmp][412]KEY: k[0m
[32m[Inf][413]C: 12014, D: 9622[0m
[32m[Inf][414]C: 12014, D: 9653[0m
[90m[dmp][415]KEY: k[0m
[90m[dmp][416]KEY: k[0m
[32m[Inf][417]C: 12014, D: 9722[0m
[90m[dmp][418]KEY: k[0m
[32m[Inf][419]C: 12014, D: 9722[0m
[90m[dmp][420]KEY: k[0m
[32m[Inf][421]C: 12014, D: 9780[0m
[90m[dmp][422]KEY: k[0m
[32m[Inf][423]C: 12014, D: 9804[0m
[90m[dmp][424]KEY: k[0m
[32m[Inf][425]C: 12014, D: 9804[0m
[90m[dmp][426]KEY: k[0m
[32m[Inf][427]C: 12014, D: 9847[0m
[90m[dmp][428]KEY: k[0m
[32m[Inf][429]C: 12014, D: 9847[0m
[32m[Inf][430]C: 12014, D: 9864[0m
[90m[dmp][431]KEY: k[0m
[90m[dmp][432]KEY: k[0m
[32m[Inf][433]C: 12014, D: 9879[0m
[32m[Inf][434]C: 12014, D: 9890[0m
[90m[dmp][435]KEY: k[0m
[90m[dmp][436]KEY: k[0m
[32m[Inf][437]C: 12014, D: 9895[0m
[90m[dmp][438]KEY: k[0m
[32m[Inf][439]C: 12014, D: 9891[0m
[32m[Inf][440]C: 12014, D: 9872[0m
[90m[dmp][441]KEY: k[0m
[90m[dmp][442]KEY: k[0m
[32m[Inf][443]C: 12014, D: 9852[0m
[90m[dmp][444]KEY: k[0m
[32m[Inf][445]C: 12014, D: 9832[0m
[32m[Inf][446]C: 12014, D: 9812[0m
[90m[dmp][447]KEY: k[0m
[90m[dmp][448]KEY: k[0m
[32m[Inf][449]C: 12014, D: 9770[0m
[90m[dmp][450]KEY: k[0m
[32m[Inf][451]C: 12014, D: 9770[0m
[90m[dmp][452]KEY: k[0m
[32m[Inf][453]C: 12014, D: 9728[0m
[32m[Inf][454]C: 12014, D: 9728[0m
[90m[dmp][455]KEY: k[0m
[32m[Inf][456]C: 12014, D: 9707[0m
[90m[dmp][457]KEY: k[0m
[32m[Inf][458]C: 12014, D: 9689[0m
[90m[dmp][459]KEY: k[0m
[32m[Inf][460]C: 12014, D: 9689[0m
[90m[dmp][461]KEY: k[0m
[32m[Inf][462]C: 12014, D: 9662[0m
[90m[dmp][463]KEY: k[0m
[32m[Inf][464]C: 12014, D: 9646[0m
[32m[Inf][465]C: 12014, D: 9646[0m
[90m[dmp][466]KEY: k[0m
[32m[Inf][467]C: 12014, D: 9629[0m
[90m[dmp][468]KEY: k[0m
[90m[dmp][469]KEY: k[0m
[32m[Inf][470]C: 12014, D: 9611[0m
[32m[Inf][471]C: 12014, D: 9593[0m
[90m[dmp][472]KEY: k[0m
[90m[dmp][473]KEY: k[0m
[32m[Inf][474]C: 12014, D: 9574[0m
[90m[dmp][475]KEY: k[0m
[32m[Inf][476]C: 12014, D: 9555[0m
[32m[Inf][477]C: 12014, D: 9535[0m
[90m[dmp][478]KEY: k[0m
[90m[dmp][479]KEY: k[0m
[32m[Inf][480]C: 12014, D: 9494[0m
[90m[dmp][481]KEY: k[0m
[32m[Inf][482]C: 12014, D: 9494[0m
[90m[dmp][483]KEY: k[0m
[32m[Inf][484]C: 12014, D: 9438[0m
[32m[Inf][485]C: 12014, D: 9438[0m
[90m[dmp][486]KEY: k[0m
[32m[Inf][487]C: 12014, D: 9396[0m
[90m[dmp][488]KEY: k[0m
[32m[Inf][489]C: 12014, D: 9396[0m
[90m[dmp][490]KEY: k[0m
[32m[Inf][491]C: 12014, D: 9351[0m
[32m[Inf][492]C: 12014, D: 9306[0m
[90m[dmp][493]KEY: k[0m
[90m[dmp][494]KEY: k[0m
[32m[Inf][495]C: 12014, D: 9267[0m
[32m[Inf][496]C: 12014, D: 9235[0m
[90m[dmp][497]KEY: k[0m
[90m[dmp][498]KEY: k[0m
[32m[Inf][499]C: 12014, D: 9203[0m
[90m[dmp][500]KEY: k[0m
[32m[Inf][501]C: 12014, D: 9136[0m
[32m[Inf][502]C: 12014, D: 9136[0m
[90m[dmp][503]KEY: k[0m
[32m[Inf][504]C: 12014, D: 9099[0m
[90m[dmp][505]KEY: k[0m
[32m[Inf][506]C: 12014, D: 9099[0m
[90m[dmp][507]KEY: k[0m
[32m[Inf][508]C: 12014, D: 9062[0m
[90m[dmp][509]KEY: k[0m
[32m[Inf][510]C: 12014, D: 8982[0m
[32m[Inf][511]C: 12014, D: 8982[0m
[90m[dmp][512]KEY: k[0m
[32m[Inf][513]C: 12014, D: 8940[0m
[90m[dmp][514]KEY: k[0m
[32m[Inf][515]C: 12014, D: 8940[0m
[90m[dmp][516]KEY: k[0m
[32m[Inf][517]C: 12014, D: 8896[0m
[32m[Inf][518]C: 12014, D: 8851[0m
[90m[dmp][519]KEY: k[0m
[90m[dmp][520]KEY: k[0m
[32m[Inf][521]C: 12014, D: 8805[0m
[90m[dmp][522]KEY: k[0m
[32m[Inf][523]C: 12014, D: 8715[0m
[32m[Inf][524]C: 12014, D: 8715[0m
[90m[dmp][525]KEY: k[0m
[32m[Inf][526]C: 12014, D: 8668[0m
[90m[dmp][527]KEY: k[0m
[32m[Inf][528]C: 12014, D: 8668[0m
[90m[dmp][529]KEY: k[0m
[32m[Inf][530]C: 12014, D: 8571[0m
[32m[Inf][531]C: 12014, D: 8571[0m
[90m[dmp][532]KEY: k[0m
[32m[Inf][533]C: 12014, D: 8522[0m
[90m[dmp][534]KEY: k[0m
[32m[Inf][535]C: 12014, D: 8522[0m
[90m[dmp][536]KEY: k[0m
[32m[Inf][537]C: 12014, D: 8472[0m
[90m[dmp][538]KEY: k[0m
[32m[Inf][539]C: 12014, D: 8374[0m
[90m[dmp][540]KEY: k[0m
[32m[Inf][541]C: 12014, D: 8374[0m
[90m[dmp][542]KEY: k[0m
[32m[Inf][543]C: 12014, D: 8290[0m
[90m[dmp][544]KEY: k[0m
[32m[Inf][545]C: 12014, D: 8290[0m
[32m[Inf][546]C: 12014, D: 8250[0m
[90m[dmp][547]KEY: k[0m
[90m[dmp][548]KEY: k[0m
[32m[Inf][549]C: 12014, D: 8210[0m
[90m[dmp][550]KEY: k[0m
[32m[Inf][551]C: 12014, D: 8173[0m
[90m[dmp][552]KEY: k[0m
[32m[Inf][553]C: 12014, D: 8143[0m
[32m[Inf][554]C: 12014, D: 8109[0m
[90m[dmp][555]KEY: k[0m
[90m[dmp][556]KEY: k[0m
[32m[Inf][557]C: 12014, D: 8060[0m
[90m[dmp][558]KEY: k[0m
[32m[Inf][559]C: 12014, D: 8002[0m
[90m[dmp][560]KEY: k[0m
[32m[Inf][561]C: 12014, D: 7869[0m
[32m[Inf][562]C: 12014, D: 7869[0m
[90m[dmp][563]KEY: k[0m
[90m[dmp][564]KEY: k[0m
[32m[Inf][565]C: 12014, D: 7801[0m
[90m[dmp][566]KEY: k[0m
[32m[Inf][567]C: 12014, D: 7733[0m
[32m[Inf][568]C: 12014, D: 7665[0m
[90m[dmp][569]KEY: k[0m
[90m[dmp][570]KEY: k[0m
[32m[Inf][571]C: 12014, D: 7597[0m
[90m[dmp][572]KEY: k[0m
[32m[Inf][573]C: 12014, D: 7530[0m
[90m[dmp][574]KEY: k[0m
[32m[Inf][575]C: 12014, D: 7462[0m
[32m[Inf][576]C: 12014, D: 7395[0m
[90m[dmp][577]KEY: k[0m
[90m[dmp][578]KEY: k[0m
[32m[Inf][579]C: 12014, D: 7329[0m
[90m[dmp][580]KEY: k[0m
[32m[Inf][581]C: 12014, D: 7264[0m
[32m[Inf][582]C: 12014, D: 7199[0m
[90m[dmp][583]KEY: k[0m
[90m[dmp][584]KEY: k[0m
[32m[Inf][585]C: 12014, D: 7133[0m
[32m[Inf][586]C: 12014, D: 7068[0m
[90m[dmp][587]KEY: k[0m
[90m[dmp][588]KEY: k[0m
[32m[Inf][589]C: 12014, D: 7003[0m
[90m[dmp][590]KEY: k[0m
[32m[Inf][591]C: 12014, D: 6859[0m
[32m[Inf][592]C: 12014, D: 6859[0m
[90m[dmp][593]KEY: k[0m
[32m[Inf][594]C: 12014, D: 6774[0m
[90m[dmp][595]KEY: k[0m
[32m[Inf][596]C: 12014, D: 6774[0m
[32m[Inf][597]C: 12014, D: 6685[0m
[90m[dmp][598]KEY: k[0m
[90m[dmp][599]KEY: k[0m
[32m[Inf][600]C: 12014, D: 6591[0m
[32m[Inf][601]C: 12014, D: 6493[0m
[90m[dmp][602]KEY: k[0m
[90m[dmp][603]KEY: k[0m
[32m[Inf][604]C: 12014, D: 6392[0m
[32m[Inf][605]C: 12014, D: 6289[0m
[90m[dmp][606]KEY: k[0m
[90m[dmp][607]KEY: k[0m
[32m[Inf][608]C: 12014, D: 6185[0m
[32m[Inf][609]C: 12014, D: 6079[0m
[90m[dmp][610]KEY: k[0m
[90m[dmp][611]KEY: k[0m
[32m[Inf][612]C: 12014, D: 5969[0m
[32m[Inf][613]C: 12014, D: 5856[0m
[90m[dmp][614]KEY: k[0m
[90m[dmp][615]KEY: k[0m
[32m[Inf][616]C: 12014, D: 5739[0m
[90m[dmp][617]KEY: k[0m
[32m[Inf][618]C: 12014, D: 5615[0m
[32m[Inf][619]C: 12014, D: 5488[0m
[90m[dmp][620]KEY: k[0m
[90m[dmp][621]KEY: k[0m
[32m[Inf][622]C: 12014, D: 5356[0m
[32m[Inf][623]C: 12014, D: 5225[0m
[90m[dmp][624]KEY: k[0m
[90m[dmp][625]KEY: k[0m
[32m[Inf][626]C: 12014, D: 4968[0m
[90m[dmp][627]KEY: k[0m
[32m[Inf][628]C: 12014, D: 4841[0m
[90m[dmp][629]KEY: k[0m
[90m[dmp][630]KEY: k[0m
[32m[Inf][631]C: 12014, D: 4714[0m
[90m[dmp][632]KEY: k[0m
[32m[Inf][633]C: 12014, D: 4463[0m
[90m[dmp][634]KEY: k[0m
[90m[dmp][635]KEY: k[0m
[32m[Inf][636]C: 12014, D: 4339[0m
[32m[Inf][637]C: 12014, D: 4215[0m
[90m[dmp][638]KEY: k[0m
[90m[dmp][639]KEY: l[0m
[32m[Inf][640]C: 12014, D: 4092[0m
[32m[Inf][641]C: 12014, D: 4093[0m
[32m[Inf][642]C: 12014, D: 4093[0m
[32m[Inf][643]C: 12014, D: 4093[0m
[32m[Inf][644]C: 12014, D: 4093[0m
[32m[Inf][645]C: 12014, D: 4093[0m
[32m[Inf][646]C: 12014, D: 4093[0m
[32m[Inf][647]C: 12014, D: 4093[0m
[90m[dmp][648]KEY: l[0m
[32m[Inf][649]C: 12014, D: 4096[0m
[90m[dmp][650]KEY: l[0m
[32m[Inf][651]C: 12014, D: 4100[0m
[90m[dmp][652]KEY: l[0m
[32m[Inf][653]C: 12014, D: 4100[0m
[90m[dmp][654]KEY: l[0m
[32m[Inf][655]C: 12014, D: 4111[0m
[90m[dmp][656]KEY: l[0m
[32m[Inf][657]C: 12014, D: 4117[0m
[90m[dmp][658]KEY: l[0m
[32m[Inf][659]C: 12014, D: 4117[0m
[90m[dmp][660]KEY: l[0m
[32m[Inf][661]C: 12014, D: 4132[0m
[90m[dmp][662]KEY: l[0m
[32m[Inf][663]C: 12014, D: 4140[0m
[90m[dmp][664]KEY: l[0m
[32m[Inf][665]C: 12014, D: 4140[0m
[32m[Inf][666]C: 12014, D: 4148[0m
[90m[dmp][667]KEY: l[0m
[90m[dmp][668]KEY: l[0m
[32m[Inf][669]C: 12014, D: 4156[0m
[32m[Inf][670]C: 12014, D: 4165[0m
[90m[dmp][671]KEY: l[0m
[90m[dmp][672]KEY: l[0m
[32m[Inf][673]C: 12014, D: 4175[0m
[32m[Inf][674]C: 12014, D: 4184[0m
[90m[dmp][675]KEY: l[0m
[90m[dmp][676]KEY: l[0m
[32m[Inf][677]C: 12014, D: 4194[0m
[90m[dmp][678]KEY: l[0m
[32m[Inf][679]C: 12014, D: 4215[0m
[32m[Inf][680]C: 12014, D: 4215[0m
[90m[dmp][681]KEY: l[0m
[32m[Inf][682]C: 12014, D: 4226[0m
[90m[dmp][683]KEY: l[0m
[32m[Inf][684]C: 12014, D: 4236[0m
[32m[Inf][685]C: 12014, D: 4236[0m
[90m[dmp][686]KEY: l[0m
[32m[Inf][687]C: 12014, D: 4246[0m
[90m[dmp][688]KEY: l[0m
[32m[Inf][689]C: 12014, D: 4256[0m
[32m[Inf][690]C: 12014, D: 4256[0m
[32m[Inf][691]C: 12014, D: 4256[0m
[32m[Inf][692]C: 12014, D: 4256[0m
[32m[Inf][693]C: 12014, D: 4256[0m
[32m[Inf][694]C: 12014, D: 4256[0m
[32m[Inf][695]C: 12014, D: 4256[0m
[90m[dmp][696]KEY: k[0m
[32m[Inf][697]C: 12014, D: 4256[0m
[32m[Inf][698]C: 12014, D: 4155[0m
[90m[dmp][699]KEY: k[0m
[90m[dmp][700]KEY: k[0m
[32m[Inf][701]C: 12014, D: 4065[0m
[90m[dmp][702]KEY: k[0m
[32m[Inf][703]C: 12014, D: 3903[0m
[32m[Inf][704]C: 12014, D: 3903[0m
[90m[dmp][705]KEY: k[0m
[32m[Inf][706]C: 12014, D: 3826[0m
[32m[Inf][707]C: 12014, D: 3826[0m
[90m[dmp][708]KEY: k[0m
[32m[Inf][709]C: 12014, D: 3753[0m
[90m[dmp][710]KEY: k[0m
[32m[Inf][711]C: 12014, D: 3753[0m
[32m[Inf][712]C: 12014, D: 3681[0m
[90m[dmp][713]KEY: k[0m
[90m[dmp][714]KEY: k[0m
[32m[Inf][715]C: 12014, D: 3619[0m
[32m[Inf][716]C: 12014, D: 3564[0m
[90m[dmp][717]KEY: k[0m
[90m[dmp][718]KEY: k[0m
[32m[Inf][719]C: 12014, D: 3514[0m
[90m[dmp][720]KEY: k[0m
[32m[Inf][721]C: 12014, D: 3426[0m
[32m[Inf][722]C: 12014, D: 3426[0m
[90m[dmp][723]KEY: k[0m
[90m[dmp][724]KEY: k[0m
[32m[Inf][725]C: 12014, D: 3387[0m
[32m[Inf][726]C: 12014, D: 3352[0m
[90m[dmp][727]KEY: k[0m
[90m[dmp][728]KEY: k[0m
[32m[Inf][729]C: 12014, D: 3325[0m
[32m[Inf][730]C: 12014, D: 3303[0m
[90m[dmp][731]KEY: k[0m
[90m[dmp][732]KEY: k[0m
[32m[Inf][733]C: 12014, D: 3284[0m
[90m[dmp][734]KEY: k[0m
[32m[Inf][735]C: 12014, D: 3258[0m
[32m[Inf][736]C: 12014, D: 3258[0m
[90m[dmp][737]KEY: k[0m
[32m[Inf][738]C: 12014, D: 3247[0m
[90m[dmp][739]KEY: k[0m
[32m[Inf][740]C: 12014, D: 3240[0m
[90m[dmp][741]KEY: k[0m
[32m[Inf][742]C: 12014, D: 3214[0m
[90m[dmp][743]KEY: k[0m
[32m[Inf][744]C: 12014, D: 3214[0m
[32m[Inf][745]C: 12014, D: 3188[0m
[90m[dmp][746]KEY: k[0m
[90m[dmp][747]KEY: k[0m
[32m[Inf][748]C: 12014, D: 3164[0m
[32m[Inf][749]C: 12014, D: 3141[0m
[90m[dmp][750]KEY: k[0m
[90m[dmp][751]KEY: k[0m
[32m[Inf][752]C: 12014, D: 3121[0m
[32m[Inf][753]C: 12014, D: 3102[0m
[90m[dmp][754]KEY: k[0m
[90m[dmp][755]KEY: k[0m
[32m[Inf][756]C: 12014, D: 3086[0m
[32m[Inf][757]C: 12014, D: 3072[0m
[90m[dmp][758]KEY: k[0m
[90m[dmp][759]KEY: k[0m
[32m[Inf][760]C: 12014, D: 3060[0m
[90m[dmp][761]KEY: k[0m
[32m[Inf][762]C: 12014, D: 3043[0m
[32m[Inf][763]C: 12014, D: 3043[0m
[90m[dmp][764]KEY: k[0m
[32m[Inf][765]C: 12014, D: 3039[0m
[32m[Inf][766]C: 12014, D: 3039[0m
[90m[dmp][767]KEY: k[0m
[32m[Inf][768]C: 12014, D: 3036[0m
[90m[dmp][769]KEY: k[0m
[32m[Inf][770]C: 12014, D: 3036[0m
[32m[Inf][771]C: 12014, D: 3036[0m
[90m[dmp][772]KEY: k[0m
[90m[dmp][773]KEY: k[0m
[32m[Inf][774]C: 12014, D: 3040[0m
[90m[dmp][775]KEY: k[0m
[32m[Inf][776]C: 12014, D: 3045[0m
[90m[dmp][777]KEY: k[0m
[32m[Inf][778]C: 12014, D: 3045[0m
[32m[Inf][779]C: 12014, D: 3047[0m
[90m[dmp][780]KEY: k[0m
[90m[dmp][781]KEY: k[0m
[32m[Inf][782]C: 12014, D: 3046[0m
[90m[dmp][783]KEY: k[0m
[32m[Inf][784]C: 12014, D: 3032[0m
[32m[Inf][785]C: 12014, D: 3032[0m
[90m[dmp][786]KEY: k[0m
[32m[Inf][787]C: 12014, D: 3018[0m
[90m[dmp][788]KEY: k[0m
[32m[Inf][789]C: 12014, D: 3003[0m
[32m[Inf][790]C: 12014, D: 3003[0m
[90m[dmp][791]KEY: k[0m
[32m[Inf][792]C: 12014, D: 2985[0m
[32m[Inf][793]C: 12014, D: 2985[0m
[90m[dmp][794]KEY: k[0m
[32m[Inf][795]C: 12014, D: 2965[0m
[90m[dmp][796]KEY: k[0m
[32m[Inf][797]C: 12014, D: 2965[0m
[90m[dmp][798]KEY: k[0m
[32m[Inf][799]C: 12014, D: 2920[0m
[90m[dmp][800]KEY: k[0m
[32m[Inf][801]C: 12014, D: 2896[0m
[90m[dmp][802]KEY: k[0m
[32m[Inf][803]C: 12014, D: 2896[0m
[32m[Inf][804]C: 12014, D: 2869[0m
[90m[dmp][805]KEY: k[0m
[32m[Inf][806]C: 12014, D: 2842[0m
[32m[Inf][807]C: 12014, D: 2842[0m
[32m[Inf][808]C: 12014, D: 2842[0m
[32m[Inf][809]C: 12014, D: 2842[0m
[32m[Inf][810]C: 12014, D: 2842[0m
[32m[Inf][811]C: 12014, D: 2842[0m
[Log] [812]Terminating program (user signal)
[Log] [813]Gracefully closing window
[32m[Inf][814]C: 12014, D: 2842[0m
[Log] [815]Writing to log file, bye.