[Log] [1]Console initialized
[90m[dmp][2]Resizing to [79, 158][0m
[90m[dmp][3]Resizing done[0m
[Log] [4]Start rendering thread
[33m[WRN][5]render() with no scene![0m
[32m[Inf][6]C: 11326, D: 8840[0m
[32m[Inf][7]C: 11326, D: 8840[0m
[32m[Inf][8]C: 11326, D: 8840[0m
[32m[Inf][9]C: 11326, D: 8840[0m
[32m[Inf][10]C: 11326, D: 8840[0m
[32m[Inf][11]C: 11326, D: 8840[0m
[32m[Inf][12]C: 11326, D: 8840[0m
[32m[Inf][13]C: 11326, D: 8840[0m
[32m[Inf][14]C: 11326, D: 8840[0m
[32m[Inf][15]C: 11326, D: 8840[0m
[32m[Inf][16]C: 11326, D: 8840[0m
[32m[Inf][17]C: 11326, D: 8840[0m
[32m[Inf][18]C: 11326, D: 8840[0m
[32m[Inf][19]C: 11326, D: 8840[0m
[32m[Inf][20]C: 11326, D: 8840[0m
[90m[dmp][21]KEY: -[0m
[32m[Inf][22]C: 11326, D: 8840[0m
[32m[Inf][23]C: 3453, D: 2435[0m
[32m[Inf][24]C: 3453, D: 2435[0m
[32m[Inf][25]C: 3453, D: 2435[0m
[32m[Inf][26]C: 3453, D: 2435[0m
[90m[dmp][27]KEY: -[0m
[32m[Inf][28]C: 845, D: 618[0m
[32m[Inf][29]C: 845, D: 618[0m
[32m[Inf][30]C: 845, D: 618[0m
[32m[Inf][31]C: 845, D: 618[0m
[32m[Inf][32]C: 845, D: 618[0m
[32m[Inf][33]C: 845, D: 618[0m
[32m[Inf][34]C: 845, D: 618[0m
[32m[Inf][35]C: 845, D: 618[0m
[32m[Inf][36]C: 845, D: 618[0m
[90m[dmp][37]KEY: +[0m
[32m[Inf][38]C: 3453, D: 2435[0m
[32m[Inf][39]C: 3453, D: 2435[0m
[32m[Inf][40]C: 3453, D: 2435[0m
[32m[Inf][41]C: 3453, D: 2435[0m
[32m[Inf][42]C: 3453, D: 2435[0m
[32m[Inf][43]C: 3453, D: 2435[0m
[32m[Inf][44]C: 3453, D: 2435[0m
[32m[Inf][45]C: 3453, D: 2435[0m
[32m[Inf][46]C: 3453, D: 2435[0m
[32m[Inf][47]C: 3453, D: 2435[0m
[32m[Inf][48]C: 3453, D: 2435[0m
[32m[Inf][49]C: 3453, D: 2435[0m
[90m[dmp][50]KEY: +[0m
[32m[Inf][51]C: 11326, D: 8840[0m
[32m[Inf][52]C: 11326, D: 8840[0m
[32m[Inf][53]C: 11326, D: 8840[0m
[32m[Inf][54]C: 11326, D: 8840[0m
[32m[Inf][55]C: 11326, D: 8840[0m
[32m[Inf][56]C: 11326, D: 8840[0m
[32m[Inf][57]C: 11326, D: 8840[0m
[32m[Inf][58]C: 11326, D: 8840[0m
[32m[Inf][59]C: 11326, D: 8840[0m
[32m[Inf][60]C: 11326, D: 8840[0m
[32m[Inf][61]C: 11326, D: 8840[0m
[32m[Inf][62]C: 11326, D: 8840[0m
[32m[Inf][63]C: 11326, D: 8840[0m
[32m[Inf][64]C: 11326, D: 8840[0m
[32m[Inf][65]C: 11326, D: 8840[0m
[32m[Inf][66]C: 11326, D: 8840[0m
[32m[Inf][67]C: 11326, D: 8840[0m
[32m[Inf][68]C: 11326, D: 8840[0m
[32m[Inf][69]C: 11326, D: 8840[0m
[32m[Inf][70]C: 11326, D: 8840[0m
[32m[Inf][71]C: 11326, D: 8840[0m
[32m[Inf][72]C: 11326, D: 8840[0m
[32m[Inf][73]C: 11326, D: 8840[0m
[32m[Inf][74]C: 11326, D: 8840[0m
[32m[Inf][75]C: 11326, D: 8840[0m
[32m[Inf][76]C: 11326, D: 8840[0m
[32m[Inf][77]C: 11326, D: 8840[0m
[32m[Inf][78]C: 11326, D: 8840[0m
[32m[Inf][79]C: 11326, D: 8840[0m
[32m[Inf][80]C: 11326, D: 8840[0m
[32m[Inf][81]C: 11326, D: 8840[0m
[32m[Inf][82]C: 11326, D: 8840[0m
[32m[Inf][83]C: 11326, D: 8840[0m
[32m[Inf][84]C: 11326, D: 8840[0m
[32m[Inf][85]C: 11326, D: 8840[0m
[32m[Inf][86]C: 11326, D: 8840[0m
[32m[Inf][87]C: 11326, D: 8840[0m
[32m[Inf][88]C: 11326, D: 8840[0m
[32m[Inf][89]C: 11326, D: 8840[0m
[32m[Inf][90]C: 11326, D: 8840[0m
[32m[Inf][91]C: 11326, D: 8840[0m
[32m[Inf][92]C: 11326, D: 8840[0m
[32m[Inf][93]C: 11326, D: 8840[0m
[32m[Inf][94]C: 11326, D: 8840[0m
[32m[Inf][95]C: 11326, D: 8840[0m
[32m[Inf][96]C: 11326, D: 8840[0m
[90m[dmp][97]KEY: h[0m
[32m[Inf][98]C: 11376, D: 8861[0m
[32m[Inf][99]C: 11376, D: 8861[0m
[32m[Inf][100]C: 11376, D: 8861[0m
[32m[Inf][101]C: 11376, D: 8861[0m
[32m[Inf][102]C: 11376, D: 8861[0m
[32m[Inf][103]C: 11376, D: 8861[0m
[32m[Inf][104]C: 11376, D: 8861[0m
[32m[Inf][105]C: 11376, D: 8861[0m
[32m[Inf][106]C: 11376, D: 8861[0m
[32m[Inf][107]C: 11376, D: 8861[0m
[90m[dmp][108]KEY: h[0m
[32m[Inf][109]C: 11376, D: 8861[0m
[32m[Inf][110]C: 11376, D: 8861[0m
[90m[dmp][111]KEY: h[0m
[90m[dmp][112]KEY: h[0m
[32m[Inf][113]C: 11376, D: 8861[0m
[32m[Inf][114]C: 11376, D: 8861[0m
[90m[dmp][115]KEY: h[0m
[90m[dmp][116]KEY: h[0m
[32m[Inf][117]C: 11376, D: 8861[0m
[32m[Inf][118]C: 11376, D: 8861[0m
[90m[dmp][119]KEY: h[0m
[90m[dmp][120]KEY: h[0m
[32m[Inf][121]C: 11376, D: 8861[0m
[32m[Inf][122]C: 11376, D: 8861[0m
[90m[dmp][123]KEY: h[0m
[90m[dmp][124]KEY: h[0m
[32m[Inf][125]C: 11376, D: 8861[0m
[90m[dmp][126]KEY: h[0m
[32m[Inf][127]C: 11376, D: 8861[0m
[90m[dmp][128]KEY: h[0m
[32m[Inf][129]C: 11376, D: 8861[0m
[90m[dmp][130]KEY: h[0m
[32m[Inf][131]C: 11376, D: 8861[0m
[90m[dmp][132]KEY: h[0m
[32m[Inf][133]C: 11376, D: 8861[0m
[90m[dmp][134]KEY: h[0m
[32m[Inf][135]C: 11376, D: 8861[0m
[90m[dmp][136]KEY: h[0m
[32m[Inf][137]C: 11376, D: 8861[0m
[90m[dmp][138]KEY: h[0m
[32m[Inf][139]C: 11376, D: 8861[0m
[90m[dmp][140]KEY: h[0m
[32m[Inf][141]C: 11376, D: 8861[0m
[90m[dmp][142]KEY: h[0m
[32m[Inf][143]C: 11376, D: 8861[0m
[90m[dmp][144]KEY: h[0m
[90m[dmp][145]KEY: h[0m
[32m[Inf][146]C: 11376, D: 8861[0m
[32m[Inf][147]C: 11376, D: 8861[0m
[90m[dmp][148]KEY: h[0m
[90m[dmp][149]KEY: h[0m
[32m[Inf][150]C: 11376, D: 8861[0m
[32m[Inf][151]C: 11376, D: 8861[0m
[90m[dmp][152]KEY: h[0m
[90m[dmp][153]KEY: h[0m
[32m[Inf][154]C: 11376, D: 8861[0m
[32m[Inf][155]C: 11376, D: 8861[0m
[90m[dmp][156]KEY: h[0m
[90m[dmp][157]KEY: h[0m
[32m[Inf][158]C: 11376, D: 8861[0m
[32m[Inf][159]C: 11376, D: 8861[0m
[90m[dmp][160]KEY: h[0m
[90m[dmp][161]KEY: h[0m
[32m[Inf][162]C: 11376, D: 8861[0m
[90m[dmp][163]KEY: h[0m
[32m[Inf][164]C: 11296, D: 8861[0m
[90m[dmp][165]KEY: h[0m
[32m[Inf][166]C: 11216, D: 8842[0m
[90m[dmp][167]KEY: h[0m
[32m[Inf][168]C: 11136, D: 8815[0m
[90m[dmp][169]KEY: h[0m
[32m[Inf][170]C: 11056, D: 8780[0m
[90m[dmp][171]KEY: k[0m
[32m[Inf][172]C: 11138, D: 8834[0m
[32m[Inf][173]C: 11138, D: 8834[0m
[32m[Inf][174]C: 11138, D: 8834[0m
[32m[Inf][175]C: 11138, D: 8834[0m
[32m[Inf][176]C: 11138, D: 8834[0m
[32m[Inf][177]C: 11138, D: 8834[0m
[32m[Inf][178]C: 11138, D: 8834[0m
[32m[Inf][179]C: 11138, D: 8834[0m
[32m[Inf][180]C: 11138, D: 8834[0m
[32m[Inf][181]C: 11138, D: 8834[0m
[90m[dmp][182]KEY: k[0m
[32m[Inf][183]C: 11138, D: 8834[0m
[32m[Inf][184]C: 11169, D: 8851[0m
[90m[dmp][185]KEY: k[0m
[90m[dmp][186]KEY: k[0m
[32m[Inf][187]C: 11200, D: 8862[0m
[32m[Inf][188]C: 11231, D: 8863[0m
[90m[dmp][189]KEY: k[0m
[90m[dmp][190]KEY: k[0m
[32m[Inf][191]C: 11262, D: 8856[0m
[32m[Inf][192]C: 11293, D: 8839[0m
[90m[dmp][193]KEY: k[0m
[90m[dmp][194]KEY: k[0m
[32m[Inf][195]C: 11324, D: 8805[0m
[32m[Inf][196]C: 11324, D: 8765[0m
[90m[dmp][197]KEY: k[0m
[90m[dmp][198]KEY: k[0m
[32m[Inf][199]C: 11324, D: 8715[0m
[32m[Inf][200]C: 11324, D: 8655[0m
[90m[dmp][201]KEY: k[0m
[90m[dmp][202]KEY: k[0m
[32m[Inf][203]C: 11227, D: 8495[0m
[90m[dmp][204]KEY: k[0m
[32m[Inf][205]C: 11130, D: 8412[0m
[90m[dmp][206]KEY: k[0m
[32m[Inf][207]C: 11033, D: 8327[0m
[90m[dmp][208]KEY: k[0m
[32m[Inf][209]C: 10936, D: 8242[0m
[90m[dmp][210]KEY: h[0m
[32m[Inf][211]C: 10829, D: 8203[0m
[32m[Inf][212]C: 10829, D: 8203[0m
[32m[Inf][213]C: 10829, D: 8203[0m
[32m[Inf][214]C: 10829, D: 8203[0m
[32m[Inf][215]C: 10829, D: 8203[0m
[32m[Inf][216]C: 10829, D: 8203[0m
[32m[Inf][217]C: 10829, D: 8203[0m
[32m[Inf][218]C: 10829, D: 8203[0m
[32m[Inf][219]C: 10829, D: 8203[0m
[32m[Inf][220]C: 10829, D: 8203[0m
[32m[Inf][221]C: 10829, D: 8203[0m
[90m[dmp][222]KEY: h[0m
[32m[Inf][223]C: 10722, D: 8149[0m
[90m[dmp][224]KEY: h[0m
[32m[Inf][225]C: 10615, D: 8087[0m
[90m[dmp][226]KEY: h[0m
[32m[Inf][227]C: 10508, D: 8019[0m
[90m[dmp][228]KEY: h[0m
[32m[Inf][229]C: 10401, D: 7945[0m
[90m[dmp][230]KEY: h[0m
[32m[Inf][231]C: 10294, D: 7868[0m
[90m[dmp][232]KEY: h[0m
[32m[Inf][233]C: 10187, D: 7790[0m
[90m[dmp][234]KEY: h[0m
[32m[Inf][235]C: 10080, D: 7708[0m
[90m[dmp][236]KEY: h[0m
[32m[Inf][237]C: 9973, D: 7623[0m
[90m[dmp][238]KEY: h[0m
[32m[Inf][239]C: 9866, D: 7537[0m
[90m[dmp][240]KEY: h[0m
[32m[Inf][241]C: 9759, D: 7448[0m
[32m[Inf][242]C: 9759, D: 7448[0m
[32m[Inf][243]C: 9759, D: 7448[0m
[32m[Inf][244]C: 9759, D: 7448[0m
[32m[Inf][245]C: 9759, D: 7448[0m
[32m[Inf][246]C: 9759, D: 7448[0m
[32m[Inf][247]C: 9759, D: 7448[0m
[32m[Inf][248]C: 9759, D: 7448[0m
[32m[Inf][249]C: 9759, D: 7448[0m
[32m[Inf][250]C: 9759, D: 7448[0m
[90m[dmp][251]KEY: +[0m
[32m[Inf][252]C: 15442, D: 10711[0m
[90m[dmp][253]KEY: +[0m
[32m[Inf][254]C: 15442, D: 10711[0m
[32m[Inf][255]C: 19202, D: 12667[0m
[32m[Inf][256]C: 19202, D: 12667[0m
[32m[Inf][257]C: 19202, D: 12667[0m
[32m[Inf][258]C: 19202, D: 12667[0m
[32m[Inf][259]C: 19202, D: 12667[0m
[32m[Inf][260]C: 19202, D: 12667[0m
[32m[Inf][261]C: 19202, D: 12667[0m
[32m[Inf][262]C: 19202, D: 12667[0m
[32m[Inf][263]C: 19202, D: 12667[0m
[32m[Inf][264]C: 19202, D: 12667[0m
[90m[dmp][265]KEY: h[0m
[32m[Inf][266]C: 19202, D: 12667[0m
[32m[Inf][267]C: 19202, D: 12624[0m
[32m[Inf][268]C: 19202, D: 12624[0m
[32m[Inf][269]C: 19202, D: 12624[0m
[32m[Inf][270]C: 19202, D: 12624[0m
[32m[Inf][271]C: 19202, D: 12624[0m
[90m[dmp][272]KEY: h[0m
[32m[Inf][273]C: 19202, D: 12624[0m
[90m[dmp][274]KEY: h[0m
[32m[Inf][275]C: 19202, D: 12539[0m
[90m[dmp][276]KEY: h[0m
[32m[Inf][277]C: 19202, D: 12539[0m
[32m[Inf][278]C: 19202, D: 12490[0m
[90m[dmp][279]KEY: h[0m
[90m[dmp][280]KEY: h[0m
[32m[Inf][281]C: 19202, D: 12446[0m
[90m[dmp][282]KEY: h[0m
[32m[Inf][283]C: 19202, D: 12398[0m
[90m[dmp][284]KEY: h[0m
[32m[Inf][285]C: 19202, D: 12351[0m
[32m[Inf][286]C: 19202, D: 12300[0m
[90m[dmp][287]KEY: h[0m
[90m[dmp][288]KEY: h[0m
[32m[Inf][289]C: 19202, D: 12252[0m
[90m[dmp][290]KEY: h[0m
[32m[Inf][291]C: 19202, D: 12150[0m
[90m[dmp][292]KEY: h[0m
[32m[Inf][293]C: 19202, D: 12107[0m
[32m[Inf][294]C: 19202, D: 12107[0m
[90m[dmp][295]KEY: h[0m
[90m[dmp][296]KEY: h[0m
[32m[Inf][297]C: 19202, D: 12059[0m
[90m[dmp][298]KEY: h[0m
[90m[dmp][299]KEY: h[0m
[32m[Inf][300]C: 19202, D: 11971[0m
[90m[dmp][301]KEY: h[0m
[90m[dmp][302]KEY: h[0m
[32m[Inf][303]C: 19202, D: 11888[0m
[90m[dmp][304]KEY: h[0m
[32m[Inf][305]C: 19202, D: 11851[0m
[90m[dmp][306]KEY: h[0m
[32m[Inf][307]C: 19202, D: 11815[0m
[32m[Inf][308]C: 19202, D: 11782[0m
[90m[dmp][309]KEY: h[0m
[90m[dmp][310]KEY: h[0m
[32m[Inf][311]C: 19202, D: 11751[0m
[90m[dmp][312]KEY: h[0m
[32m[Inf][313]C: 19202, D: 11711[0m
[90m[dmp][314]KEY: h[0m
[90m[dmp][315]KEY: h[0m
[32m[Inf][316]C: 19122, D: 11582[0m
[90m[dmp][317]KEY: h[0m
[32m[Inf][318]C: 18962, D: 11442[0m
[90m[dmp][319]KEY: h[0m
[32m[Inf][320]C: 18882, D: 11380[0m
[32m[Inf][321]C: 18882, D: 11380[0m
[90m[dmp][322]KEY: h[0m
[32m[Inf][323]C: 18802, D: 11323[0m
[90m[dmp][324]KEY: h[0m
[90m[dmp][325]KEY: h[0m
[32m[Inf][326]C: 18722, D: 11276[0m
[90m[dmp][327]KEY: h[0m
[90m[dmp][328]KEY: h[0m
[32m[Inf][329]C: 18562, D: 11165[0m
[90m[dmp][330]KEY: h[0m
[32m[Inf][331]C: 18482, D: 11097[0m
[32m[Inf][332]C: 18402, D: 11012[0m
[90m[dmp][333]KEY: h[0m
[90m[dmp][334]KEY: h[0m
[32m[Inf][335]C: 18322, D: 10920[0m
[90m[dmp][336]KEY: h[0m
[32m[Inf][337]C: 18242, D: 10829[0m
[90m[dmp][338]KEY: h[0m
[32m[Inf][339]C: 18162, D: 10735[0m
[32m[Inf][340]C: 18082, D: 10656[0m
[90m[dmp][341]KEY: h[0m
[90m[dmp][342]KEY: h[0m
[32m[Inf][343]C: 17922, D: 10515[0m
[90m[dmp][344]KEY: h[0m
[90m[dmp][345]KEY: h[0m
[32m[Inf][346]C: 17842, D: 10453[0m
[90m[dmp][347]KEY: h[0m
[32m[Inf][348]C: 17762, D: 10385[0m
[32m[Inf][349]C: 17682, D: 10310[0m
[32m[Inf][350]C: 17682, D: 10310[0m
[32m[Inf][351]C: 17682, D: 10310[0m
[32m[Inf][352]C: 17682, D: 10310[0m
[32m[Inf][353]C: 17682, D: 10310[0m
[32m[Inf][354]C: 17682, D: 10310[0m
[90m[dmp][355]KEY: +[0m
[32m[Inf][356]C: 17682, D: 10381[0m
[90m[dmp][357]KEY: +[0m
[32m[Inf][358]C: 16242, D: 8266[0m
[32m[Inf][359]C: 13362, D: 6408[0m
[90m[dmp][360]KEY: +[0m
[32m[Inf][361]C: 13362, D: 6408[0m
[32m[Inf][362]C: 12722, D: 6971[0m
[90m[dmp][363]KEY: +[0m
[32m[Inf][364]C: 12722, D: 6971[0m
[32m[Inf][365]C: 12722, D: 7707[0m
[90m[dmp][366]KEY: -[0m
[32m[Inf][367]C: 12722, D: 7707[0m
[32m[Inf][368]C: 12722, D: 6971[0m
[32m[Inf][369]C: 12722, D: 6971[0m
[90m[dmp][370]KEY: -[0m
[32m[Inf][371]C: 12722, D: 6971[0m
[32m[Inf][372]C: 13362, D: 6408[0m
[90m[dmp][373]KEY: -[0m
[32m[Inf][374]C: 13362, D: 6408[0m
[32m[Inf][375]C: 16242, D: 8266[0m
[90m[dmp][376]KEY: k[0m
[32m[Inf][377]C: 16242, D: 8266[0m
[32m[Inf][378]C: 16242, D: 8234[0m
[32m[Inf][379]C: 16242, D: 8234[0m
[32m[Inf][380]C: 16242, D: 8234[0m
[32m[Inf][381]C: 16242, D: 8234[0m
[32m[Inf][382]C: 16242, D: 8234[0m
[32m[Inf][383]C: 16242, D: 8234[0m
[90m[dmp][384]KEY: k[0m
[32m[Inf][385]C: 16242, D: 8185[0m
[90m[dmp][386]KEY: k[0m
[90m[dmp][387]KEY: k[0m
[32m[Inf][388]C: 16242, D: 8118[0m
[90m[dmp][389]KEY: k[0m
[32m[Inf][390]C: 16242, D: 8040[0m
[90m[dmp][391]KEY: k[0m
[32m[Inf][392]C: 16242, D: 7870[0m
[32m[Inf][393]C: 16242, D: 7870[0m
[90m[dmp][394]KEY: k[0m
[32m[Inf][395]C: 16242, D: 7793[0m
[90m[dmp][396]KEY: k[0m
[90m[dmp][397]KEY: k[0m
[32m[Inf][398]C: 16242, D: 7727[0m
[90m[dmp][399]KEY: k[0m
[32m[Inf][400]C: 16242, D: 7671[0m
[32m[Inf][401]C: 16242, D: 7628[0m
[90m[dmp][402]KEY: k[0m
[90m[dmp][403]KEY: k[0m
[32m[Inf][404]C: 16242, D: 7599[0m
[90m[dmp][405]KEY: k[0m
[32m[Inf][406]C: 16242, D: 7568[0m
[90m[dmp][407]KEY: +[0m
[32m[Inf][408]C: 16242, D: 7568[0m
[32m[Inf][409]C: 13362, D: 6365[0m
[32m[Inf][410]C: 13362, D: 6365[0m
[90m[dmp][411]KEY: +[0m
[32m[Inf][412]C: 12722, D: 7466[0m
[32m[Inf][413]C: 12722, D: 7466[0m
[32m[Inf][414]C: 12722, D: 7466[0m
[32m[Inf][415]C: 12722, D: 7466[0m
[32m[Inf][416]C: 12722, D: 7466[0m
[32m[Inf][417]C: 12722, D: 7466[0m
[90m[dmp][418]KEY: k[0m
[32m[Inf][419]C: 12722, D: 7451[0m
[32m[Inf][420]C: 12722, D: 7451[0m
[32m[Inf][421]C: 12722, D: 7451[0m
[32m[Inf][422]C: 12722, D: 7451[0m
[32m[Inf][423]C: 12722, D: 7451[0m
[32m[Inf][424]C: 12722, D: 7451[0m
[90m[dmp][425]KEY: k[0m
[32m[Inf][426]C: 12722, D: 7451[0m
[32m[Inf][427]C: 12722, D: 7438[0m
[90m[dmp][428]KEY: k[0m
[90m[dmp][429]KEY: k[0m
[32m[Inf][430]C: 12722, D: 7426[0m
[32m[Inf][431]C: 12722, D: 7402[0m
[90m[dmp][432]KEY: k[0m
[90m[dmp][433]KEY: k[0m
[32m[Inf][434]C: 12722, D: 7363[0m
[90m[dmp][435]KEY: k[0m
[32m[Inf][436]C: 12722, D: 7311[0m
[32m[Inf][437]C: 12722, D: 7261[0m
[90m[dmp][438]KEY: k[0m
[90m[dmp][439]KEY: k[0m
[32m[Inf][440]C: 12722, D: 7212[0m
[32m[Inf][441]C: 12722, D: 7165[0m
[90m[dmp][442]KEY: k[0m
[90m[dmp][443]KEY: k[0m
[32m[Inf][444]C: 12722, D: 7119[0m
[90m[dmp][445]KEY: k[0m
[32m[Inf][446]C: 12722, D: 7074[0m
[32m[Inf][447]C: 12722, D: 7030[0m
[90m[dmp][448]KEY: k[0m
[90m[dmp][449]KEY: k[0m
[32m[Inf][450]C: 12722, D: 6986[0m
[90m[dmp][451]KEY: k[0m
[32m[Inf][452]C: 12722, D: 6947[0m
[90m[dmp][453]KEY: k[0m
[32m[Inf][454]C: 12722, D: 6916[0m
[32m[Inf][455]C: 12722, D: 6889[0m
[90m[dmp][456]KEY: k[0m
[90m[dmp][457]KEY: k[0m
[32m[Inf][458]C: 12722, D: 6866[0m
[90m[dmp][459]KEY: k[0m
[32m[Inf][460]C: 12722, D: 6845[0m
[90m[dmp][461]KEY: -[0m
[32m[Inf][462]C: 12722, D: 6827[0m
[32m[Inf][463]C: 13362, D: 6756[0m
[90m[dmp][464]KEY: -[0m
[32m[Inf][465]C: 16242, D: 7511[0m
[32m[Inf][466]C: 16242, D: 7511[0m
[90m[dmp][467]KEY: -[0m
[32m[Inf][468]C: 17682, D: 10174[0m
[90m[dmp][469]KEY: -[0m
[32m[Inf][470]C: 17682, D: 10174[0m
[32m[Inf][471]C: 13762, D: 8910[0m
[90m[dmp][472]KEY: k[0m
[32m[Inf][473]C: 13762, D: 8876[0m
[32m[Inf][474]C: 13762, D: 8876[0m
[32m[Inf][475]C: 13762, D: 8876[0m
[32m[Inf][476]C: 13762, D: 8876[0m
[32m[Inf][477]C: 13762, D: 8876[0m
[32m[Inf][478]C: 13762, D: 8876[0m
[90m[dmp][479]KEY: k[0m
[32m[Inf][480]C: 13762, D: 8876[0m
[90m[dmp][481]KEY: k[0m
[32m[Inf][482]C: 13762, D: 8787[0m
[32m[Inf][483]C: 13762, D: 8787[0m
[90m[dmp][484]KEY: k[0m
[32m[Inf][485]C: 13762, D: 8787[0m
[32m[Inf][486]C: 13762, D: 8737[0m
[90m[dmp][487]KEY: +[0m
[32m[Inf][488]C: 13762, D: 8737[0m
[32m[Inf][489]C: 17682, D: 9964[0m
[90m[dmp][490]KEY: +[0m
[32m[Inf][491]C: 16242, D: 6985[0m
[90m[dmp][492]KEY: +[0m
[32m[Inf][493]C: 13362, D: 6888[0m
[90m[dmp][494]KEY: +[0m
[32m[Inf][495]C: 13362, D: 6888[0m
[90m[dmp][496]KEY: h[0m
[32m[Inf][497]C: 12722, D: 7416[0m
[32m[Inf][498]C: 12722, D: 7416[0m
[90m[dmp][499]KEY: +[0m
[32m[Inf][500]C: 12722, D: 6522[0m
[90m[dmp][501]KEY: +[0m
[32m[Inf][502]C: 12722, D: 4426[0m
[90m[dmp][503]KEY: k[0m
[32m[Inf][504]C: 12722, D: 4426[0m
[32m[Inf][505]C: 12722, D: 4393[0m
[32m[Inf][506]C: 12722, D: 4393[0m
[32m[Inf][507]C: 12722, D: 4393[0m
[32m[Inf][508]C: 12722, D: 4393[0m
[90m[dmp][509]KEY: -[0m
[32m[Inf][510]C: 12722, D: 6522[0m
[32m[Inf][511]C: 12722, D: 6522[0m
[90m[dmp][512]KEY: -[0m
[32m[Inf][513]C: 12722, D: 6522[0m
[32m[Inf][514]C: 12722, D: 7416[0m
[90m[dmp][515]KEY: -[0m
[32m[Inf][516]C: 13362, D: 6888[0m
[90m[dmp][517]KEY: -[0m
[32m[Inf][518]C: 13362, D: 6888[0m
[32m[Inf][519]C: 16242, D: 6985[0m
[90m[dmp][520]KEY: -[0m
[32m[Inf][521]C: 16242, D: 6985[0m
[32m[Inf][522]C: 17682, D: 9964[0m
[32m[Inf][523]C: 17682, D: 9964[0m
[32m[Inf][524]C: 17682, D: 9964[0m
[32m[Inf][525]C: 17682, D: 9964[0m
[32m[Inf][526]C: 17682, D: 9964[0m
[90m[dmp][527]KEY: k[0m
[32m[Inf][528]C: 17682, D: 9964[0m
[90m[dmp][529]KEY: k[0m
[32m[Inf][530]C: 17682, D: 9886[0m
[90m[dmp][531]KEY: k[0m
[90m[dmp][532]KEY: k[0m
[32m[Inf][533]C: 17682, D: 9817[0m
[90m[dmp][534]KEY: k[0m
[90m[dmp][535]KEY: k[0m
[32m[Inf][536]C: 17682, D: 9790[0m
[90m[dmp][537]KEY: k[0m
[32m[Inf][538]C: 17682, D: 9744[0m
[32m[Inf][539]C: 17682, D: 9675[0m
[90m[dmp][540]KEY: k[0m
[90m[dmp][541]KEY: k[0m
[32m[Inf][542]C: 17682, D: 9612[0m
[90m[dmp][543]KEY: k[0m
[32m[Inf][544]C: 17682, D: 9558[0m
[32m[Inf][545]C: 17682, D: 9528[0m
[90m[dmp][546]KEY: k[0m
[90m[dmp][547]KEY: k[0m
[32m[Inf][548]C: 17682, D: 9519[0m
[90m[dmp][549]KEY: k[0m
[32m[Inf][550]C: 17682, D: 9472[0m
[90m[dmp][551]KEY: k[0m
[90m[dmp][552]KEY: k[0m
[32m[Inf][553]C: 17682, D: 9350[0m
[90m[dmp][554]KEY: k[0m
[32m[Inf][555]C: 17682, D: 9350[0m
[32m[Inf][556]C: 17682, D: 9286[0m
[90m[dmp][557]KEY: k[0m
[90m[dmp][558]KEY: k[0m
[32m[Inf][559]C: 17682, D: 9229[0m
[90m[dmp][560]KEY: k[0m
[32m[Inf][561]C: 17682, D: 9185[0m
[32m[Inf][562]C: 17682, D: 9144[0m
[90m[dmp][563]KEY: k[0m
[90m[dmp][564]KEY: k[0m
[32m[Inf][565]C: 17682, D: 9110[0m
[90m[dmp][566]KEY: k[0m
[32m[Inf][567]C: 17682, D: 9024[0m
[90m[dmp][568]KEY: k[0m
[32m[Inf][569]C: 17682, D: 9024[0m
[32m[Inf][570]C: 17682, D: 8977[0m
[90m[dmp][571]KEY: k[0m
[90m[dmp][572]KEY: k[0m
[32m[Inf][573]C: 17682, D: 8918[0m
[90m[dmp][574]KEY: k[0m
[32m[Inf][575]C: 17682, D: 8805[0m
[90m[dmp][576]KEY: k[0m
[32m[Inf][577]C: 17682, D: 8774[0m
[32m[Inf][578]C: 17682, D: 8774[0m
[90m[dmp][579]KEY: k[0m
[90m[dmp][580]KEY: k[0m
[32m[Inf][581]C: 17682, D: 8746[0m
[90m[dmp][582]KEY: k[0m
[32m[Inf][583]C: 17682, D: 8669[0m
[90m[dmp][584]KEY: k[0m
[90m[dmp][585]KEY: k[0m
[32m[Inf][586]C: 17682, D: 8628[0m
[32m[Inf][587]C: 17682, D: 8573[0m
[90m[dmp][588]KEY: k[0m
[90m[dmp][589]KEY: k[0m
[32m[Inf][590]C: 17682, D: 8513[0m
[90m[dmp][591]KEY: k[0m
[32m[Inf][592]C: 17682, D: 8465[0m
[90m[dmp][593]KEY: k[0m
[32m[Inf][594]C: 17682, D: 8421[0m
[32m[Inf][595]C: 17682, D: 8390[0m
[90m[dmp][596]KEY: l[0m
[32m[Inf][597]C: 17682, D: 8390[0m
[32m[Inf][598]C: 17762, D: 8457[0m
[32m[Inf][599]C: 17762, D: 8457[0m
[32m[Inf][600]C: 17762, D: 8457[0m
[32m[Inf][601]C: 17762, D: 8457[0m
[32m[Inf][602]C: 17762, D: 8457[0m
[90m[dmp][603]KEY: l[0m
[32m[Inf][604]C: 17762, D: 8457[0m
[90m[dmp][605]KEY: l[0m
[32m[Inf][606]C: 17922, D: 8599[0m
[90m[dmp][607]KEY: l[0m
[32m[Inf][608]C: 18002, D: 8686[0m
[90m[dmp][609]KEY: l[0m
[32m[Inf][610]C: 18082, D: 8779[0m
[90m[dmp][611]KEY: l[0m
[90m[dmp][612]KEY: l[0m
[32m[Inf][613]C: 18162, D: 8871[0m
[32m[Inf][614]C: 18242, D: 8978[0m
[90m[dmp][615]KEY: l[0m
[90m[dmp][616]KEY: l[0m
[32m[Inf][617]C: 18322, D: 9086[0m
[90m[dmp][618]KEY: l[0m
[90m[dmp][619]KEY: l[0m
[32m[Inf][620]C: 18482, D: 9271[0m
[32m[Inf][621]C: 18562, D: 9334[0m
[90m[dmp][622]KEY: l[0m
[90m[dmp][623]KEY: l[0m
[32m[Inf][624]C: 18642, D: 9388[0m
[90m[dmp][625]KEY: l[0m
[32m[Inf][626]C: 18722, D: 9447[0m
[90m[dmp][627]KEY: l[0m
[32m[Inf][628]C: 18802, D: 9519[0m
[90m[dmp][629]KEY: l[0m
[32m[Inf][630]C: 18882, D: 9591[0m
[90m[dmp][631]KEY: l[0m
[32m[Inf][632]C: 18962, D: 9665[0m
[32m[Inf][633]C: 19042, D: 9753[0m
[90m[dmp][634]KEY: l[0m
[90m[dmp][635]KEY: l[0m
[32m[Inf][636]C: 19122, D: 9858[0m
[32m[Inf][637]C: 19202, D: 9968[0m
[90m[dmp][638]KEY: l[0m
[90m[dmp][639]KEY: l[0m
[32m[Inf][640]C: 19202, D: 10022[0m
[90m[dmp][641]KEY: l[0m
[32m[Inf][642]C: 19202, D: 10064[0m
[32m[Inf][643]C: 19202, D: 10095[0m
[90m[dmp][644]KEY: +[0m
[32m[Inf][645]C: 19202, D: 10095[0m
[32m[Inf][646]C: 19762, D: 8055[0m
[32m[Inf][647]C: 19762, D: 8055[0m
[32m[Inf][648]C: 19762, D: 8055[0m
[32m[Inf][649]C: 19762, D: 8055[0m
[90m[dmp][650]KEY: +[0m
[32m[Inf][651]C: 19762, D: 8055[0m
[32m[Inf][652]C: 20402, D: 7249[0m
[32m[Inf][653]C: 20402, D: 7249[0m
[90m[dmp][654]KEY: l[0m
[32m[Inf][655]C: 20482, D: 7234[0m
[32m[Inf][656]C: 20482, D: 7234[0m
[32m[Inf][657]C: 20482, D: 7234[0m
[32m[Inf][658]C: 20482, D: 7234[0m
[32m[Inf][659]C: 20482, D: 7234[0m
[32m[Inf][660]C: 20482, D: 7234[0m
[90m[dmp][661]KEY: l[0m
[32m[Inf][662]C: 20482, D: 7234[0m
[90m[dmp][663]KEY: l[0m
[32m[Inf][664]C: 20562, D: 7216[0m
[32m[Inf][665]C: 20642, D: 7197[0m
[90m[dmp][666]KEY: l[0m
[90m[dmp][667]KEY: l[0m
[32m[Inf][668]C: 20722, D: 7175[0m
[90m[dmp][669]KEY: l[0m
[32m[Inf][670]C: 20802, D: 7153[0m
[90m[dmp][671]KEY: l[0m
[32m[Inf][672]C: 20962, D: 7107[0m
[90m[dmp][673]KEY: l[0m
[32m[Inf][674]C: 21042, D: 7086[0m
[90m[dmp][675]KEY: l[0m
[90m[dmp][676]KEY: l[0m
[32m[Inf][677]C: 21122, D: 7067[0m
[32m[Inf][678]C: 21202, D: 7051[0m
[90m[dmp][679]KEY: l[0m
[90m[dmp][680]KEY: l[0m
[32m[Inf][681]C: 21282, D: 7042[0m
[90m[dmp][682]KEY: l[0m
[32m[Inf][683]C: 21362, D: 7040[0m
[32m[Inf][684]C: 21442, D: 7051[0m
[90m[dmp][685]KEY: l[0m
[90m[dmp][686]KEY: l[0m
[32m[Inf][687]C: 21522, D: 7063[0m
[90m[dmp][688]KEY: l[0m
[32m[Inf][689]C: 21602, D: 7076[0m
[90m[dmp][690]KEY: l[0m
[32m[Inf][691]C: 21682, D: 7089[0m
[32m[Inf][692]C: 21762, D: 7106[0m
[90m[dmp][693]KEY: l[0m
[90m[dmp][694]KEY: l[0m
[32m[Inf][695]C: 21922, D: 7140[0m
[90m[dmp][696]KEY: l[0m
[90m[dmp][697]KEY: l[0m
[32m[Inf][698]C: 22002, D: 7161[0m
[90m[dmp][699]KEY: l[0m
[32m[Inf][700]C: 22162, D: 7202[0m
[90m[dmp][701]KEY: l[0m
[32m[Inf][702]C: 22162, D: 7202[0m
[90m[dmp][703]KEY: l[0m
[32m[Inf][704]C: 22322, D: 7242[0m
[32m[Inf][705]C: 22322, D: 7242[0m
[90m[dmp][706]KEY: l[0m
[32m[Inf][707]C: 22402, D: 7259[0m
[90m[dmp][708]KEY: l[0m
[90m[dmp][709]KEY: l[0m
[32m[Inf][710]C: 22482, D: 7274[0m
[32m[Inf][711]C: 22562, D: 7289[0m
[90m[dmp][712]KEY: l[0m
[90m[dmp][713]KEY: l[0m
[32m[Inf][714]C: 22642, D: 7306[0m
[32m[Inf][715]C: 22722, D: 7324[0m
[32m[Inf][716]C: 22722, D: 7324[0m
[90m[dmp][717]KEY: -[0m
[32m[Inf][718]C: 20962, D: 8955[0m
[90m[dmp][719]KEY: -[0m
[32m[Inf][720]C: 20962, D: 8955[0m
[32m[Inf][721]C: 19202, D: 10423[0m
[32m[Inf][722]C: 19202, D: 10423[0m
[90m[dmp][723]KEY: l[0m
[32m[Inf][724]C: 19202, D: 10423[0m
[32m[Inf][725]C: 19202, D: 10454[0m
[32m[Inf][726]C: 19202, D: 10454[0m
[32m[Inf][727]C: 19202, D: 10454[0m
[32m[Inf][728]C: 19202, D: 10454[0m
[32m[Inf][729]C: 19202, D: 10454[0m
[90m[dmp][730]KEY: l[0m
[32m[Inf][731]C: 19202, D: 10454[0m
[90m[dmp][732]KEY: l[0m
[32m[Inf][733]C: 19202, D: 10519[0m
[90m[dmp][734]KEY: l[0m
[90m[dmp][735]KEY: l[0m
[32m[Inf][736]C: 19202, D: 10613[0m
[90m[dmp][737]KEY: l[0m
[32m[Inf][738]C: 19202, D: 10613[0m
[32m[Inf][739]C: 19202, D: 10668[0m
[90m[dmp][740]KEY: l[0m
[90m[dmp][741]KEY: l[0m
[32m[Inf][742]C: 19202, D: 10720[0m
[90m[dmp][743]KEY: l[0m
[32m[Inf][744]C: 19202, D: 10759[0m
[32m[Inf][745]C: 19202, D: 10791[0m
[90m[dmp][746]KEY: l[0m
[90m[dmp][747]KEY: l[0m
[32m[Inf][748]C: 19202, D: 10812[0m
[90m[dmp][749]KEY: l[0m
[90m[dmp][750]KEY: l[0m
[32m[Inf][751]C: 19202, D: 10863[0m
[90m[dmp][752]KEY: l[0m
[32m[Inf][753]C: 19202, D: 10897[0m
[32m[Inf][754]C: 19202, D: 10929[0m
[90m[dmp][755]KEY: l[0m
[90m[dmp][756]KEY: l[0m
[32m[Inf][757]C: 19202, D: 10957[0m
[90m[dmp][758]KEY: l[0m
[32m[Inf][759]C: 19202, D: 11007[0m
[90m[dmp][760]KEY: l[0m
[90m[dmp][761]KEY: l[0m
[32m[Inf][762]C: 19202, D: 11040[0m
[32m[Inf][763]C: 19202, D: 11079[0m
[90m[dmp][764]KEY: l[0m
[90m[dmp][765]KEY: l[0m
[32m[Inf][766]C: 19202, D: 11125[0m
[90m[dmp][767]KEY: l[0m
[32m[Inf][768]C: 19202, D: 11221[0m
[90m[dmp][769]KEY: l[0m
[32m[Inf][770]C: 19202, D: 11221[0m
[90m[dmp][771]KEY: l[0m
[32m[Inf][772]C: 19202, D: 11269[0m
[90m[dmp][773]KEY: l[0m
[32m[Inf][774]C: 19202, D: 11359[0m
[32m[Inf][775]C: 19202, D: 11359[0m
[90m[dmp][776]KEY: l[0m
[32m[Inf][777]C: 19202, D: 11396[0m
[90m[dmp][778]KEY: l[0m
[90m[dmp][779]KEY: l[0m
[32m[Inf][780]C: 19202, D: 11434[0m
[90m[dmp][781]KEY: l[0m
[32m[Inf][782]C: 19202, D: 11466[0m
[90m[dmp][783]KEY: l[0m
[32m[Inf][784]C: 19202, D: 11540[0m
[90m[dmp][785]KEY: l[0m
[32m[Inf][786]C: 19202, D: 11540[0m
[90m[dmp][787]KEY: l[0m
[32m[Inf][788]C: 19202, D: 11586[0m
[90m[dmp][789]KEY: l[0m
[32m[Inf][790]C: 19202, D: 11678[0m
[32m[Inf][791]C: 19202, D: 11678[0m
[90m[dmp][792]KEY: l[0m
[32m[Inf][793]C: 19202, D: 11714[0m
[90m[dmp][794]KEY: l[0m
[90m[dmp][795]KEY: l[0m
[32m[Inf][796]C: 19202, D: 11748[0m
[90m[dmp][797]KEY: l[0m
[32m[Inf][798]C: 19202, D: 11780[0m
[90m[dmp][799]KEY: l[0m
[32m[Inf][800]C: 19202, D: 11847[0m
[32m[Inf][801]C: 19202, D: 11847[0m
[90m[dmp][802]KEY: l[0m
[32m[Inf][803]C: 19202, D: 11879[0m
[90m[dmp][804]KEY: l[0m
[32m[Inf][805]C: 19202, D: 11917[0m
[32m[Inf][806]C: 19202, D: 11917[0m
[32m[Inf][807]C: 19202, D: 11917[0m
[32m[Inf][808]C: 19202, D: 11917[0m
[32m[Inf][809]C: 19202, D: 11917[0m
[32m[Inf][810]C: 19202, D: 11917[0m
[32m[Inf][811]C: 19202, D: 11917[0m
[32m[Inf][812]C: 19202, D: 11917[0m
[32m[Inf][813]C: 19202, D: 11917[0m
[Log] [814]Terminating program (user signal)
[Log] [815]Gracefully closing window
[Log] [816]Writing to log file, bye.