[Log] [1]Console initialized
[90m[dmp][2]Resizing to [79, 158][0m
[90m[dmp][3]Resizing done[0m
[Log] [4]Start rendering thread
[33m[WRN][5]render() with no scene![0m
[32m[Inf][6]C: 11326, D: 8840[0m
[32m[Inf][7]C: 11326, D: 8840[0m
[32m[Inf][8]C: 11326, D: 8840[0m
[32m[Inf][9]C: 11326, D: 8840[0m
[32m[Inf][10]C: 11326, D: 8840[0m
[32m[Inf][11]C: 11326, D: 8840[0m
[32m[Inf][12]C: 11326, D: 8840[0m
[32m[Inf][13]C: 11326, D: 8840[0m
[32m[Inf][14]C: 11326, D: 8840[0m
[32m[Inf][15]C: 11326, D: 8840[0m
[32m[Inf][16]C: 11326, D: 8840[0m
[90m[dmp][17]KEY: h[0m
[32m[Inf][18]C: 11376, D: 8861[0m
[32m[Inf][19]C: 11376, D: 8861[0m
[32m[Inf][20]C: 11376, D: 8861[0m
[32m[Inf][21]C: 11376, D: 8861[0m
[32m[Inf][22]C: 11376, D: 8861[0m
[32m[Inf][23]C: 11376, D: 8861[0m
[32m[Inf][24]C: 11376, D: 8861[0m
[90m[dmp][25]KEY: h[0m
[32m[Inf][26]C: 11376, D: 8861[0m
[90m[dmp][27]KEY: h[0m
[32m[Inf][28]C: 11376, D: 8861[0m
[90m[dmp][29]KEY: h[0m
[32m[Inf][30]C: 11376, D: 8861[0m
[90m[dmp][31]KEY: h[0m
[32m[Inf][32]C: 11376, D: 8861[0m
[90m[dmp][33]KEY: h[0m
[32m[Inf][34]C: 11376, D: 8861[0m
[32m[Inf][35]C: 11376, D: 8861[0m
[90m[dmp][36]KEY: h[0m
[32m[Inf][37]C: 11376, D: 8861[0m
[90m[dmp][38]KEY: h[0m
[90m[dmp][39]KEY: h[0m
[32m[Inf][40]C: 11376, D: 8861[0m
[32m[Inf][41]C: 11376, D: 8861[0m
[90m[dmp][42]KEY: h[0m
[90m[dmp][43]KEY: h[0m
[32m[Inf][44]C: 11376, D: 8861[0m
[32m[Inf][45]C: 11376, D: 8861[0m
[90m[dmp][46]KEY: h[0m
[90m[dmp][47]KEY: h[0m
[32m[Inf][48]C: 11376, D: 8861[0m
[90m[dmp][49]KEY: h[0m
[32m[Inf][50]C: 11376, D: 8861[0m
[90m[dmp][51]KEY: h[0m
[32m[Inf][52]C: 11376, D: 8861[0m
[90m[dmp][53]KEY: h[0m
[90m[dmp][54]KEY: h[0m
[32m[Inf][55]C: 11376, D: 8861[0m
[32m[Inf][56]C: 11376, D: 8861[0m
[90m[dmp][57]KEY: h[0m
[90m[dmp][58]KEY: h[0m
[32m[Inf][59]C: 11376, D: 8861[0m
[90m[dmp][60]KEY: h[0m
[32m[Inf][61]C: 11376, D: 8861[0m
[32m[Inf][62]C: 11376, D: 8861[0m
[90m[dmp][63]KEY: h[0m
[90m[dmp][64]KEY: h[0m
[32m[Inf][65]C: 11376, D: 8861[0m
[90m[dmp][66]KEY: h[0m
[32m[Inf][67]C: 11376, D: 8861[0m
[90m[dmp][68]KEY: h[0m
[32m[Inf][69]C: 11376, D: 8861[0m
[90m[dmp][70]KEY: h[0m
[32m[Inf][71]C: 11376, D: 8861[0m
[90m[dmp][72]KEY: h[0m
[32m[Inf][73]C: 11376, D: 8861[0m
[32m[Inf][74]C: 11376, D: 8861[0m
[90m[dmp][75]KEY: h[0m
[32m[Inf][76]C: 11376, D: 8861[0m
[90m[dmp][77]KEY: h[0m
[90m[dmp][78]KEY: h[0m
[32m[Inf][79]C: 11376, D: 8861[0m
[32m[Inf][80]C: 11376, D: 8861[0m
[90m[dmp][81]KEY: h[0m
[90m[dmp][82]KEY: h[0m
[32m[Inf][83]C: 11296, D: 8861[0m
[90m[dmp][84]KEY: h[0m
[90m[dmp][85]KEY: h[0m
[32m[Inf][86]C: 11136, D: 8815[0m
[32m[Inf][87]C: 11056, D: 8780[0m
[90m[dmp][88]KEY: h[0m
[90m[dmp][89]KEY: h[0m
[32m[Inf][90]C: 10952, D: 8741[0m
[90m[dmp][91]KEY: h[0m
[32m[Inf][92]C: 10744, D: 8625[0m
[90m[dmp][93]KEY: h[0m
[32m[Inf][94]C: 10640, D: 8557[0m
[90m[dmp][95]KEY: j[0m
[32m[Inf][96]C: 10562, D: 8502[0m
[32m[Inf][97]C: 10562, D: 8502[0m
[32m[Inf][98]C: 10562, D: 8502[0m
[32m[Inf][99]C: 10562, D: 8502[0m
[32m[Inf][100]C: 10562, D: 8502[0m
[32m[Inf][101]C: 10562, D: 8502[0m
[90m[dmp][102]KEY: j[0m
[32m[Inf][103]C: 10484, D: 8440[0m
[90m[dmp][104]KEY: j[0m
[32m[Inf][105]C: 10406, D: 8373[0m
[90m[dmp][106]KEY: k[0m
[32m[Inf][107]C: 10484, D: 8440[0m
[32m[Inf][108]C: 10484, D: 8440[0m
[32m[Inf][109]C: 10484, D: 8440[0m
[32m[Inf][110]C: 10484, D: 8440[0m
[32m[Inf][111]C: 10484, D: 8440[0m
[32m[Inf][112]C: 10484, D: 8440[0m
[32m[Inf][113]C: 10484, D: 8440[0m
[90m[dmp][114]KEY: k[0m
[32m[Inf][115]C: 10484, D: 8440[0m
[90m[dmp][116]KEY: k[0m
[32m[Inf][117]C: 10640, D: 8557[0m
[90m[dmp][118]KEY: k[0m
[90m[dmp][119]KEY: k[0m
[32m[Inf][120]C: 10745, D: 8628[0m
[90m[dmp][121]KEY: k[0m
[32m[Inf][122]C: 10772, D: 8639[0m
[90m[dmp][123]KEY: k[0m
[32m[Inf][124]C: 10799, D: 8640[0m
[90m[dmp][125]KEY: k[0m
[32m[Inf][126]C: 10826, D: 8633[0m
[90m[dmp][127]KEY: k[0m
[32m[Inf][128]C: 10853, D: 8616[0m
[32m[Inf][129]C: 10853, D: 8616[0m
[32m[Inf][130]C: 10853, D: 8616[0m
[32m[Inf][131]C: 10853, D: 8616[0m
[32m[Inf][132]C: 10853, D: 8616[0m
[32m[Inf][133]C: 10853, D: 8616[0m
[32m[Inf][134]C: 10853, D: 8616[0m
[32m[Inf][135]C: 10853, D: 8616[0m
[32m[Inf][136]C: 10853, D: 8616[0m
[32m[Inf][137]C: 10853, D: 8616[0m
[32m[Inf][138]C: 10853, D: 8616[0m
[32m[Inf][139]C: 10853, D: 8616[0m
[32m[Inf][140]C: 10853, D: 8616[0m
[32m[Inf][141]C: 10853, D: 8616[0m
[32m[Inf][142]C: 10853, D: 8616[0m
[32m[Inf][143]C: 10853, D: 8616[0m
[32m[Inf][144]C: 10853, D: 8616[0m
[32m[Inf][145]C: 10853, D: 8616[0m
[32m[Inf][146]C: 10853, D: 8616[0m
[32m[Inf][147]C: 10853, D: 8616[0m
[32m[Inf][148]C: 10853, D: 8616[0m
[32m[Inf][149]C: 10853, D: 8616[0m
[32m[Inf][150]C: 10853, D: 8616[0m
[32m[Inf][151]C: 10853, D: 8616[0m
[32m[Inf][152]C: 10853, D: 8616[0m
[32m[Inf][153]C: 10853, D: 8616[0m
[32m[Inf][154]C: 10853, D: 8616[0m
[32m[Inf][155]C: 10853, D: 8616[0m
[32m[Inf][156]C: 10853, D: 8616[0m
[32m[Inf][157]C: 10853, D: 8616[0m
[32m[Inf][158]C: 10853, D: 8616[0m
[32m[Inf][159]C: 10853, D: 8616[0m
[32m[Inf][160]C: 10853, D: 8616[0m
[32m[Inf][161]C: 10853, D: 8616[0m
[32m[Inf][162]C: 10853, D: 8616[0m
[32m[Inf][163]C: 10853, D: 8616[0m
[32m[Inf][164]C: 10853, D: 8616[0m
[32m[Inf][165]C: 10853, D: 8616[0m
[32m[Inf][166]C: 10853, D: 8616[0m
[32m[Inf][167]C: 10853, D: 8616[0m
[32m[Inf][168]C: 10853, D: 8616[0m
[32m[Inf][169]C: 10853, D: 8616[0m
[32m[Inf][170]C: 10853, D: 8616[0m
[32m[Inf][171]C: 10853, D: 8616[0m
[32m[Inf][172]C: 10853, D: 8616[0m
[Log] [173]Terminating program (user signal)
[Log] [174]Gracefully closing window
[Log] [175]Writing to log file, bye.