[Log] [1]Console initialized
[90m[dmp][2]Resizing to [79, 158][0m
[90m[dmp][3]Resizing done[0m
[Log] [4]Start rendering thread
[33m[WRN][5]render() with no scene![0m
[32m[Inf][6]C: 11326, D: 8840[0m
[32m[Inf][7]C: 11326, D: 8840[0m
[32m[Inf][8]C: 11326, D: 8840[0m
[32m[Inf][9]C: 11326, D: 8840[0m
[32m[Inf][10]C: 11326, D: 8840[0m
[32m[Inf][11]C: 11326, D: 8840[0m
[32m[Inf][12]C: 11326, D: 8840[0m
[32m[Inf][13]C: 11326, D: 8840[0m
[32m[Inf][14]C: 11326, D: 8840[0m
[32m[Inf][15]C: 11326, D: 8840[0m
[32m[Inf][16]C: 11326, D: 8840[0m
[32m[Inf][17]C: 11326, D: 8840[0m
[32m[Inf][18]C: 11326, D: 8840[0m
[32m[Inf][19]C: 11326, D: 8840[0m
[32m[Inf][20]C: 11326, D: 8840[0m
[32m[Inf][21]C: 11326, D: 8840[0m
[90m[dmp][22]KEY: h[0m
[32m[Inf][23]C: 11326, D: 8840[0m
[32m[Inf][24]C: 11376, D: 8861[0m
[32m[Inf][25]C: 11376, D: 8861[0m
[32m[Inf][26]C: 11376, D: 8861[0m
[32m[Inf][27]C: 11376, D: 8861[0m
[32m[Inf][28]C: 11376, D: 8861[0m
[32m[Inf][29]C: 11376, D: 8861[0m
[90m[dmp][30]KEY: h[0m
[32m[Inf][31]C: 11376, D: 8861[0m
[32m[Inf][32]C: 11376, D: 8861[0m
[32m[Inf][33]C: 11376, D: 8861[0m
[32m[Inf][34]C: 11376, D: 8861[0m
[90m[dmp][35]KEY: h[0m
[32m[Inf][36]C: 11376, D: 8861[0m
[32m[Inf][37]C: 11376, D: 8861[0m
[90m[dmp][38]KEY: h[0m
[32m[Inf][39]C: 11376, D: 8861[0m
[32m[Inf][40]C: 11376, D: 8861[0m
[32m[Inf][41]C: 11376, D: 8861[0m
[90m[dmp][42]KEY: h[0m
[32m[Inf][43]C: 11376, D: 8861[0m
[32m[Inf][44]C: 11376, D: 8861[0m
[90m[dmp][45]KEY: h[0m
[32m[Inf][46]C: 11376, D: 8861[0m
[32m[Inf][47]C: 11376, D: 8861[0m
[32m[Inf][48]C: 11376, D: 8861[0m
[32m[Inf][49]C: 11376, D: 8861[0m
[90m[dmp][50]KEY: k[0m
[32m[Inf][51]C: 11376, D: 8861[0m
[32m[Inf][52]C: 11458, D: 8915[0m
[32m[Inf][53]C: 11458, D: 8915[0m
[90m[dmp][54]KEY: k[0m
[32m[Inf][55]C: 11489, D: 8932[0m
[32m[Inf][56]C: 11489, D: 8932[0m
[90m[dmp][57]KEY: k[0m
[32m[Inf][58]C: 11520, D: 8943[0m
[32m[Inf][59]C: 11520, D: 8943[0m
[90m[dmp][60]KEY: k[0m
[32m[Inf][61]C: 11551, D: 8944[0m
[32m[Inf][62]C: 11551, D: 8944[0m
[90m[dmp][63]KEY: k[0m
[32m[Inf][64]C: 11582, D: 8937[0m
[32m[Inf][65]C: 11582, D: 8937[0m
[90m[dmp][66]KEY: k[0m
[32m[Inf][67]C: 11613, D: 8920[0m
[32m[Inf][68]C: 11613, D: 8920[0m
[90m[dmp][69]KEY: k[0m
[32m[Inf][70]C: 11644, D: 8886[0m
[32m[Inf][71]C: 11644, D: 8886[0m
[90m[dmp][72]KEY: k[0m
[32m[Inf][73]C: 11644, D: 8886[0m
[32m[Inf][74]C: 11644, D: 8846[0m
[90m[dmp][75]KEY: k[0m
[32m[Inf][76]C: 11644, D: 8846[0m
[32m[Inf][77]C: 11644, D: 8796[0m
[90m[dmp][78]KEY: k[0m
[32m[Inf][79]C: 11644, D: 8736[0m
[32m[Inf][80]C: 11644, D: 8736[0m
[32m[Inf][81]C: 11644, D: 8736[0m
[90m[dmp][82]KEY: l[0m
[32m[Inf][83]C: 11644, D: 8736[0m
[32m[Inf][84]C: 11644, D: 8736[0m
[32m[Inf][85]C: 11644, D: 8736[0m
[90m[dmp][86]KEY: l[0m
[32m[Inf][87]C: 11644, D: 8736[0m
[32m[Inf][88]C: 11644, D: 8736[0m
[90m[dmp][89]KEY: l[0m
[32m[Inf][90]C: 11644, D: 8736[0m
[32m[Inf][91]C: 11644, D: 8736[0m
[90m[dmp][92]KEY: l[0m
[32m[Inf][93]C: 11644, D: 8736[0m
[32m[Inf][94]C: 11644, D: 8736[0m
[90m[dmp][95]KEY: l[0m
[32m[Inf][96]C: 11644, D: 8736[0m
[32m[Inf][97]C: 11644, D: 8736[0m
[32m[Inf][98]C: 11644, D: 8736[0m
[90m[dmp][99]KEY: l[0m
[32m[Inf][100]C: 11593, D: 8714[0m
[32m[Inf][101]C: 11593, D: 8714[0m
[32m[Inf][102]C: 11593, D: 8714[0m
[32m[Inf][103]C: 11593, D: 8714[0m
[32m[Inf][104]C: 11593, D: 8714[0m
[32m[Inf][105]C: 11593, D: 8714[0m
[32m[Inf][106]C: 11593, D: 8714[0m
[90m[dmp][107]KEY: l[0m
[32m[Inf][108]C: 11542, D: 8682[0m
[32m[Inf][109]C: 11542, D: 8682[0m
[32m[Inf][110]C: 11542, D: 8682[0m
[32m[Inf][111]C: 11542, D: 8682[0m
[90m[dmp][112]KEY: l[0m
[32m[Inf][113]C: 11542, D: 8682[0m
[32m[Inf][114]C: 11491, D: 8660[0m
[32m[Inf][115]C: 11491, D: 8660[0m
[32m[Inf][116]C: 11491, D: 8660[0m
[32m[Inf][117]C: 11491, D: 8660[0m
[32m[Inf][118]C: 11491, D: 8660[0m
[32m[Inf][119]C: 11491, D: 8660[0m
[32m[Inf][120]C: 11491, D: 8660[0m
[32m[Inf][121]C: 11491, D: 8660[0m
[32m[Inf][122]C: 11491, D: 8660[0m
[32m[Inf][123]C: 11491, D: 8660[0m
[32m[Inf][124]C: 11491, D: 8660[0m
[32m[Inf][125]C: 11491, D: 8660[0m
[32m[Inf][126]C: 11491, D: 8660[0m
[90m[dmp][127]KEY: -[0m
[32m[Inf][128]C: 8932, D: 7248[0m
[32m[Inf][129]C: 3453, D: 2435[0m
[32m[Inf][130]C: 3453, D: 2435[0m
[32m[Inf][131]C: 3453, D: 2435[0m
[32m[Inf][132]C: 3453, D: 2435[0m
[32m[Inf][133]C: 3453, D: 2435[0m
[32m[Inf][134]C: 3453, D: 2435[0m
[32m[Inf][135]C: 3453, D: 2435[0m
[32m[Inf][136]C: 3453, D: 2435[0m
[32m[Inf][137]C: 3453, D: 2435[0m
[32m[Inf][138]C: 3453, D: 2435[0m
[32m[Inf][139]C: 3453, D: 2435[0m
[32m[Inf][140]C: 3453, D: 2435[0m
[32m[Inf][141]C: 3453, D: 2435[0m
[32m[Inf][142]C: 3453, D: 2435[0m
[32m[Inf][143]C: 3453, D: 2435[0m
[32m[Inf][144]C: 3453, D: 2435[0m
[32m[Inf][145]C: 3453, D: 2435[0m
[32m[Inf][146]C: 3453, D: 2435[0m
[90m[dmp][147]KEY: -[0m
[32m[Inf][148]C: 845, D: 618[0m
[32m[Inf][149]C: 845, D: 618[0m
[32m[Inf][150]C: 845, D: 618[0m
[32m[Inf][151]C: 845, D: 618[0m
[32m[Inf][152]C: 845, D: 618[0m
[32m[Inf][153]C: 845, D: 618[0m
[32m[Inf][154]C: 845, D: 618[0m
[32m[Inf][155]C: 845, D: 618[0m
[32m[Inf][156]C: 845, D: 618[0m
[32m[Inf][157]C: 845, D: 618[0m
[90m[dmp][158]KEY: +[0m
[32m[Inf][159]C: 3453, D: 2435[0m
[32m[Inf][160]C: 3453, D: 2435[0m
[32m[Inf][161]C: 3453, D: 2435[0m
[32m[Inf][162]C: 3453, D: 2435[0m
[32m[Inf][163]C: 3453, D: 2435[0m
[32m[Inf][164]C: 3453, D: 2435[0m
[32m[Inf][165]C: 3453, D: 2435[0m
[90m[dmp][166]KEY: +[0m
[32m[Inf][167]C: 6012, D: 3847[0m
[32m[Inf][168]C: 11491, D: 8660[0m
[32m[Inf][169]C: 11491, D: 8660[0m
[32m[Inf][170]C: 11491, D: 8660[0m
[32m[Inf][171]C: 11491, D: 8660[0m
[32m[Inf][172]C: 11491, D: 8660[0m
[32m[Inf][173]C: 11491, D: 8660[0m
[32m[Inf][174]C: 11491, D: 8660[0m
[32m[Inf][175]C: 11491, D: 8660[0m
[32m[Inf][176]C: 11491, D: 8660[0m
[32m[Inf][177]C: 11491, D: 8660[0m
[32m[Inf][178]C: 11491, D: 8660[0m
[32m[Inf][179]C: 11491, D: 8660[0m
[32m[Inf][180]C: 11491, D: 8660[0m
[32m[Inf][181]C: 11491, D: 8660[0m
[32m[Inf][182]C: 11491, D: 8660[0m
[32m[Inf][183]C: 11491, D: 8660[0m
[32m[Inf][184]C: 11491, D: 8660[0m
[32m[Inf][185]C: 11491, D: 8660[0m
[32m[Inf][186]C: 11491, D: 8660[0m
[32m[Inf][187]C: 11491, D: 8660[0m
[32m[Inf][188]C: 11491, D: 8660[0m
[32m[Inf][189]C: 11491, D: 8660[0m
[32m[Inf][190]C: 11491, D: 8660[0m
[32m[Inf][191]C: 11491, D: 8660[0m
[32m[Inf][192]C: 11491, D: 8660[0m
[32m[Inf][193]C: 11491, D: 8660[0m
[32m[Inf][194]C: 11491, D: 8660[0m
[32m[Inf][195]C: 11491, D: 8660[0m
[32m[Inf][196]C: 11491, D: 8660[0m
[32m[Inf][197]C: 11491, D: 8660[0m
[32m[Inf][198]C: 11491, D: 8660[0m
[32m[Inf][199]C: 11491, D: 8660[0m
[32m[Inf][200]C: 11491, D: 8660[0m
[32m[Inf][201]C: 11491, D: 8660[0m
[32m[Inf][202]C: 11491, D: 8660[0m
[32m[Inf][203]C: 11491, D: 8660[0m
[32m[Inf][204]C: 11491, D: 8660[0m
[32m[Inf][205]C: 11491, D: 8660[0m
[32m[Inf][206]C: 11491, D: 8660[0m
[32m[Inf][207]C: 11491, D: 8660[0m
[32m[Inf][208]C: 11491, D: 8660[0m
[90m[dmp][209]KEY: -[0m
[32m[Inf][210]C: 3453, D: 2435[0m
[32m[Inf][211]C: 3453, D: 2435[0m
[32m[Inf][212]C: 3453, D: 2435[0m
[32m[Inf][213]C: 3453, D: 2435[0m
[32m[Inf][214]C: 3453, D: 2435[0m
[32m[Inf][215]C: 3453, D: 2435[0m
[90m[dmp][216]KEY: +[0m
[32m[Inf][217]C: 11491, D: 8660[0m
[32m[Inf][218]C: 11491, D: 8660[0m
[32m[Inf][219]C: 11491, D: 8660[0m
[90m[dmp][220]KEY: -[0m
[32m[Inf][221]C: 11491, D: 8660[0m
[32m[Inf][222]C: 3453, D: 2435[0m
[32m[Inf][223]C: 3453, D: 2435[0m
[32m[Inf][224]C: 3453, D: 2435[0m
[90m[dmp][225]KEY: +[0m
[32m[Inf][226]C: 3453, D: 2435[0m
[32m[Inf][227]C: 11491, D: 8660[0m
[32m[Inf][228]C: 11491, D: 8660[0m
[90m[dmp][229]KEY: -[0m
[32m[Inf][230]C: 8932, D: 7248[0m
[32m[Inf][231]C: 3453, D: 2435[0m
[32m[Inf][232]C: 3453, D: 2435[0m
[32m[Inf][233]C: 3453, D: 2435[0m
[90m[dmp][234]KEY: +[0m
[32m[Inf][235]C: 3453, D: 2435[0m
[32m[Inf][236]C: 11491, D: 8660[0m
[32m[Inf][237]C: 11491, D: 8660[0m
[90m[dmp][238]KEY: -[0m
[32m[Inf][239]C: 3453, D: 2435[0m
[32m[Inf][240]C: 3453, D: 2435[0m
[32m[Inf][241]C: 3453, D: 2435[0m
[32m[Inf][242]C: 3453, D: 2435[0m
[32m[Inf][243]C: 3453, D: 2435[0m
[90m[dmp][244]KEY: +[0m
[32m[Inf][245]C: 11491, D: 8660[0m
[32m[Inf][246]C: 11491, D: 8660[0m
[90m[dmp][247]KEY: -[0m
[32m[Inf][248]C: 8932, D: 7248[0m
[32m[Inf][249]C: 3453, D: 2435[0m
[32m[Inf][250]C: 3453, D: 2435[0m
[32m[Inf][251]C: 3453, D: 2435[0m
[32m[Inf][252]C: 3453, D: 2435[0m
[90m[dmp][253]KEY: +[0m
[32m[Inf][254]C: 11491, D: 8660[0m
[32m[Inf][255]C: 11491, D: 8660[0m
[90m[dmp][256]KEY: -[0m
[32m[Inf][257]C: 3453, D: 2435[0m
[32m[Inf][258]C: 3453, D: 2435[0m
[32m[Inf][259]C: 3453, D: 2435[0m
[32m[Inf][260]C: 3453, D: 2435[0m
[32m[Inf][261]C: 3453, D: 2435[0m
[90m[dmp][262]KEY: +[0m
[32m[Inf][263]C: 11491, D: 8660[0m
[32m[Inf][264]C: 11491, D: 8660[0m
[32m[Inf][265]C: 11491, D: 8660[0m
[90m[dmp][266]KEY: -[0m
[32m[Inf][267]C: 3453, D: 2435[0m
[32m[Inf][268]C: 3453, D: 2435[0m
[32m[Inf][269]C: 3453, D: 2435[0m
[32m[Inf][270]C: 3453, D: 2435[0m
[90m[dmp][271]KEY: +[0m
[32m[Inf][272]C: 6012, D: 3847[0m
[32m[Inf][273]C: 11491, D: 8660[0m
[32m[Inf][274]C: 11491, D: 8660[0m
[90m[dmp][275]KEY: -[0m
[32m[Inf][276]C: 3453, D: 2435[0m
[32m[Inf][277]C: 3453, D: 2435[0m
[32m[Inf][278]C: 3453, D: 2435[0m
[32m[Inf][279]C: 3453, D: 2435[0m
[32m[Inf][280]C: 3453, D: 2435[0m
[32m[Inf][281]C: 3453, D: 2435[0m
[90m[dmp][282]KEY: +[0m
[32m[Inf][283]C: 11491, D: 8660[0m
[32m[Inf][284]C: 11491, D: 8660[0m
[90m[dmp][285]KEY: -[0m
[32m[Inf][286]C: 8932, D: 7248[0m
[32m[Inf][287]C: 3453, D: 2435[0m
[32m[Inf][288]C: 3453, D: 2435[0m
[32m[Inf][289]C: 3453, D: 2435[0m
[90m[dmp][290]KEY: +[0m
[32m[Inf][291]C: 11491, D: 8660[0m
[32m[Inf][292]C: 11491, D: 8660[0m
[90m[dmp][293]KEY: -[0m
[32m[Inf][294]C: 8932, D: 7248[0m
[32m[Inf][295]C: 3453, D: 2435[0m
[32m[Inf][296]C: 3453, D: 2435[0m
[90m[dmp][297]KEY: +[0m
[32m[Inf][298]C: 6012, D: 3847[0m
[32m[Inf][299]C: 11491, D: 8660[0m
[32m[Inf][300]C: 11491, D: 8660[0m
[90m[dmp][301]KEY: -[0m
[32m[Inf][302]C: 3453, D: 2435[0m
[32m[Inf][303]C: 3453, D: 2435[0m
[32m[Inf][304]C: 3453, D: 2435[0m
[90m[dmp][305]KEY: +[0m
[32m[Inf][306]C: 11491, D: 8660[0m
[32m[Inf][307]C: 11491, D: 8660[0m
[90m[dmp][308]KEY: -[0m
[32m[Inf][309]C: 8932, D: 7248[0m
[32m[Inf][310]C: 3453, D: 2435[0m
[32m[Inf][311]C: 3453, D: 2435[0m
[90m[dmp][312]KEY: +[0m
[32m[Inf][313]C: 11491, D: 8660[0m
[32m[Inf][314]C: 11491, D: 8660[0m
[90m[dmp][315]KEY: -[0m
[32m[Inf][316]C: 3453, D: 2435[0m
[32m[Inf][317]C: 3453, D: 2435[0m
[90m[dmp][318]KEY: +[0m
[32m[Inf][319]C: 11491, D: 8660[0m
[32m[Inf][320]C: 11491, D: 8660[0m
[90m[dmp][321]KEY: -[0m
[32m[Inf][322]C: 3453, D: 2435[0m
[32m[Inf][323]C: 3453, D: 2435[0m
[32m[Inf][324]C: 3453, D: 2435[0m
[32m[Inf][325]C: 3453, D: 2435[0m
[32m[Inf][326]C: 3453, D: 2435[0m
[32m[Inf][327]C: 3453, D: 2435[0m
[90m[dmp][328]KEY: -[0m
[32m[Inf][329]C: 845, D: 618[0m
[32m[Inf][330]C: 845, D: 618[0m
[32m[Inf][331]C: 845, D: 618[0m
[32m[Inf][332]C: 845, D: 618[0m
[32m[Inf][333]C: 845, D: 618[0m
[32m[Inf][334]C: 845, D: 618[0m
[90m[dmp][335]KEY: +[0m
[32m[Inf][336]C: 845, D: 618[0m
[32m[Inf][337]C: 3453, D: 2435[0m
[32m[Inf][338]C: 3453, D: 2435[0m
[32m[Inf][339]C: 3453, D: 2435[0m
[32m[Inf][340]C: 3453, D: 2435[0m
[32m[Inf][341]C: 3453, D: 2435[0m
[32m[Inf][342]C: 3453, D: 2435[0m
[32m[Inf][343]C: 3453, D: 2435[0m
[90m[dmp][344]KEY: -[0m
[32m[Inf][345]C: 845, D: 618[0m
[32m[Inf][346]C: 845, D: 618[0m
[32m[Inf][347]C: 845, D: 618[0m
[32m[Inf][348]C: 845, D: 618[0m
[32m[Inf][349]C: 845, D: 618[0m
[32m[Inf][350]C: 845, D: 618[0m
[90m[dmp][351]KEY: -[0m
[32m[Inf][352]C: 229, D: 162[0m
[32m[Inf][353]C: 229, D: 162[0m
[32m[Inf][354]C: 229, D: 162[0m
[32m[Inf][355]C: 229, D: 162[0m
[32m[Inf][356]C: 229, D: 162[0m
[32m[Inf][357]C: 229, D: 162[0m
[32m[Inf][358]C: 229, D: 162[0m
[32m[Inf][359]C: 229, D: 162[0m
[90m[dmp][360]KEY: +[0m
[32m[Inf][361]C: 845, D: 618[0m
[32m[Inf][362]C: 845, D: 618[0m
[32m[Inf][363]C: 845, D: 618[0m
[90m[dmp][364]KEY: +[0m
[32m[Inf][365]C: 3453, D: 2435[0m
[32m[Inf][366]C: 3453, D: 2435[0m
[32m[Inf][367]C: 3453, D: 2435[0m
[90m[dmp][368]KEY: +[0m
[32m[Inf][369]C: 6012, D: 3847[0m
[32m[Inf][370]C: 11491, D: 8660[0m
[90m[dmp][371]KEY: +[0m
[32m[Inf][372]C: 15458, D: 14503[0m
[90m[dmp][373]KEY: +[0m
[32m[Inf][374]C: 13106, D: 12720[0m
[32m[Inf][375]C: 13106, D: 12727[0m
[90m[dmp][376]KEY: +[0m
[32m[Inf][377]C: 12722, D: 12721[0m
[90m[dmp][378]KEY: +[0m
[32m[Inf][379]C: 12722, D: 12721[0m
[32m[Inf][380]C: 12722, D: 12721[0m
[90m[dmp][381]KEY: +[0m
[32m[Inf][382]C: 12722, D: 12721[0m
[90m[dmp][383]KEY: -[0m
[32m[Inf][384]C: 12722, D: 12721[0m
[32m[Inf][385]C: 12722, D: 12721[0m
[90m[dmp][386]KEY: -[0m
[32m[Inf][387]C: 12722, D: 12721[0m
[32m[Inf][388]C: 12722, D: 12721[0m
[90m[dmp][389]KEY: -[0m
[32m[Inf][390]C: 13106, D: 12727[0m
[90m[dmp][391]KEY: -[0m
[32m[Inf][392]C: 15458, D: 14503[0m
[32m[Inf][393]C: 15458, D: 14503[0m
[90m[dmp][394]KEY: -[0m
[32m[Inf][395]C: 11491, D: 8660[0m
[90m[dmp][396]KEY: -[0m
[32m[Inf][397]C: 11491, D: 8660[0m
[32m[Inf][398]C: 3453, D: 2435[0m
[32m[Inf][399]C: 3453, D: 2435[0m
[32m[Inf][400]C: 3453, D: 2435[0m
[90m[dmp][401]KEY: -[0m
[32m[Inf][402]C: 845, D: 618[0m
[32m[Inf][403]C: 845, D: 618[0m
[32m[Inf][404]C: 845, D: 618[0m
[32m[Inf][405]C: 845, D: 618[0m
[32m[Inf][406]C: 845, D: 618[0m
[32m[Inf][407]C: 845, D: 618[0m
[32m[Inf][408]C: 845, D: 618[0m
[32m[Inf][409]C: 845, D: 618[0m
[32m[Inf][410]C: 845, D: 618[0m
[90m[dmp][411]KEY: +[0m
[32m[Inf][412]C: 3453, D: 2435[0m
[32m[Inf][413]C: 3453, D: 2435[0m
[32m[Inf][414]C: 3453, D: 2435[0m
[32m[Inf][415]C: 3453, D: 2435[0m
[90m[dmp][416]KEY: +[0m
[32m[Inf][417]C: 11491, D: 8660[0m
[32m[Inf][418]C: 11491, D: 8660[0m
[32m[Inf][419]C: 11491, D: 8660[0m
[32m[Inf][420]C: 11491, D: 8660[0m
[90m[dmp][421]KEY: -[0m
[32m[Inf][422]C: 3453, D: 2435[0m
[32m[Inf][423]C: 3453, D: 2435[0m
[32m[Inf][424]C: 3453, D: 2435[0m
[90m[dmp][425]KEY: -[0m
[32m[Inf][426]C: 845, D: 618[0m
[32m[Inf][427]C: 845, D: 618[0m
[32m[Inf][428]C: 845, D: 618[0m
[32m[Inf][429]C: 845, D: 618[0m
[32m[Inf][430]C: 845, D: 618[0m
[32m[Inf][431]C: 845, D: 618[0m
[32m[Inf][432]C: 845, D: 618[0m
[90m[dmp][433]KEY: +[0m
[32m[Inf][434]C: 3453, D: 2435[0m
[32m[Inf][435]C: 3453, D: 2435[0m
[32m[Inf][436]C: 3453, D: 2435[0m
[32m[Inf][437]C: 3453, D: 2435[0m
[90m[dmp][438]KEY: +[0m
[32m[Inf][439]C: 11491, D: 8660[0m
[32m[Inf][440]C: 11491, D: 8660[0m
[90m[dmp][441]KEY: +[0m
[32m[Inf][442]C: 15458, D: 14503[0m
[32m[Inf][443]C: 15458, D: 14503[0m
[90m[dmp][444]KEY: -[0m
[32m[Inf][445]C: 11491, D: 8660[0m
[32m[Inf][446]C: 11491, D: 8660[0m
[90m[dmp][447]KEY: -[0m
[32m[Inf][448]C: 3453, D: 2435[0m
[32m[Inf][449]C: 3453, D: 2435[0m
[32m[Inf][450]C: 3453, D: 2435[0m
[32m[Inf][451]C: 3453, D: 2435[0m
[32m[Inf][452]C: 3453, D: 2435[0m
[32m[Inf][453]C: 3453, D: 2435[0m
[32m[Inf][454]C: 3453, D: 2435[0m
[32m[Inf][455]C: 3453, D: 2435[0m
[32m[Inf][456]C: 3453, D: 2435[0m
[90m[dmp][457]KEY: +[0m
[32m[Inf][458]C: 11491, D: 8660[0m
[32m[Inf][459]C: 11491, D: 8660[0m
[32m[Inf][460]C: 11491, D: 8660[0m
[32m[Inf][461]C: 11491, D: 8660[0m
[32m[Inf][462]C: 11491, D: 8660[0m
[32m[Inf][463]C: 11491, D: 8660[0m
[90m[dmp][464]KEY: -[0m
[32m[Inf][465]C: 3453, D: 2435[0m
[32m[Inf][466]C: 3453, D: 2435[0m
[32m[Inf][467]C: 3453, D: 2435[0m
[32m[Inf][468]C: 3453, D: 2435[0m
[32m[Inf][469]C: 3453, D: 2435[0m
[32m[Inf][470]C: 3453, D: 2435[0m
[32m[Inf][471]C: 3453, D: 2435[0m
[32m[Inf][472]C: 3453, D: 2435[0m
[90m[dmp][473]KEY: +[0m
[32m[Inf][474]C: 11491, D: 8660[0m
[32m[Inf][475]C: 11491, D: 8660[0m
[32m[Inf][476]C: 11491, D: 8660[0m
[32m[Inf][477]C: 11491, D: 8660[0m
[32m[Inf][478]C: 11491, D: 8660[0m
[32m[Inf][479]C: 11491, D: 8660[0m
[32m[Inf][480]C: 11491, D: 8660[0m
[90m[dmp][481]KEY: -[0m
[32m[Inf][482]C: 3453, D: 2435[0m
[32m[Inf][483]C: 3453, D: 2435[0m
[32m[Inf][484]C: 3453, D: 2435[0m
[32m[Inf][485]C: 3453, D: 2435[0m
[32m[Inf][486]C: 3453, D: 2435[0m
[32m[Inf][487]C: 3453, D: 2435[0m
[32m[Inf][488]C: 3453, D: 2435[0m
[32m[Inf][489]C: 3453, D: 2435[0m
[32m[Inf][490]C: 3453, D: 2435[0m
[90m[dmp][491]KEY: +[0m
[32m[Inf][492]C: 11491, D: 8660[0m
[32m[Inf][493]C: 11491, D: 8660[0m
[32m[Inf][494]C: 11491, D: 8660[0m
[32m[Inf][495]C: 11491, D: 8660[0m
[32m[Inf][496]C: 11491, D: 8660[0m
[32m[Inf][497]C: 11491, D: 8660[0m
[32m[Inf][498]C: 11491, D: 8660[0m
[32m[Inf][499]C: 11491, D: 8660[0m
[32m[Inf][500]C: 11491, D: 8660[0m
[32m[Inf][501]C: 11491, D: 8660[0m
[32m[Inf][502]C: 11491, D: 8660[0m
[32m[Inf][503]C: 11491, D: 8660[0m
[32m[Inf][504]C: 11491, D: 8660[0m
[32m[Inf][505]C: 11491, D: 8660[0m
[32m[Inf][506]C: 11491, D: 8660[0m
[32m[Inf][507]C: 11491, D: 8660[0m
[32m[Inf][508]C: 11491, D: 8660[0m
[32m[Inf][509]C: 11491, D: 8660[0m
[32m[Inf][510]C: 11491, D: 8660[0m
[32m[Inf][511]C: 11491, D: 8660[0m
[32m[Inf][512]C: 11491, D: 8660[0m
[32m[Inf][513]C: 11491, D: 8660[0m
[32m[Inf][514]C: 11491, D: 8660[0m
[32m[Inf][515]C: 11491, D: 8660[0m
[32m[Inf][516]C: 11491, D: 8660[0m
[32m[Inf][517]C: 11491, D: 8660[0m
[32m[Inf][518]C: 11491, D: 8660[0m
[32m[Inf][519]C: 11491, D: 8660[0m
[32m[Inf][520]C: 11491, D: 8660[0m
[32m[Inf][521]C: 11491, D: 8660[0m
[32m[Inf][522]C: 11491, D: 8660[0m
[32m[Inf][523]C: 11491, D: 8660[0m
[32m[Inf][524]C: 11491, D: 8660[0m
[32m[Inf][525]C: 11491, D: 8660[0m
[32m[Inf][526]C: 11491, D: 8660[0m
[32m[Inf][527]C: 11491, D: 8660[0m
[32m[Inf][528]C: 11491, D: 8660[0m
[32m[Inf][529]C: 11491, D: 8660[0m
[32m[Inf][530]C: 11491, D: 8660[0m
[32m[Inf][531]C: 11491, D: 8660[0m
[32m[Inf][532]C: 11491, D: 8660[0m
[32m[Inf][533]C: 11491, D: 8660[0m
[32m[Inf][534]C: 11491, D: 8660[0m
[32m[Inf][535]C: 11491, D: 8660[0m
[32m[Inf][536]C: 11491, D: 8660[0m
[32m[Inf][537]C: 11491, D: 8660[0m
[32m[Inf][538]C: 11491, D: 8660[0m
[32m[Inf][539]C: 11491, D: 8660[0m
[32m[Inf][540]C: 11491, D: 8660[0m
[32m[Inf][541]C: 11491, D: 8660[0m
[32m[Inf][542]C: 11491, D: 8660[0m
[32m[Inf][543]C: 11491, D: 8660[0m
[32m[Inf][544]C: 11491, D: 8660[0m
[32m[Inf][545]C: 11491, D: 8660[0m
[32m[Inf][546]C: 11491, D: 8660[0m
[32m[Inf][547]C: 11491, D: 8660[0m
[32m[Inf][548]C: 11491, D: 8660[0m
[32m[Inf][549]C: 11491, D: 8660[0m
[32m[Inf][550]C: 11491, D: 8660[0m
[32m[Inf][551]C: 11491, D: 8660[0m
[32m[Inf][552]C: 11491, D: 8660[0m
[32m[Inf][553]C: 11491, D: 8660[0m
[32m[Inf][554]C: 11491, D: 8660[0m
[32m[Inf][555]C: 11491, D: 8660[0m
[32m[Inf][556]C: 11491, D: 8660[0m
[32m[Inf][557]C: 11491, D: 8660[0m
[32m[Inf][558]C: 11491, D: 8660[0m
[32m[Inf][559]C: 11491, D: 8660[0m
[32m[Inf][560]C: 11491, D: 8660[0m
[32m[Inf][561]C: 11491, D: 8660[0m
[32m[Inf][562]C: 11491, D: 8660[0m
[32m[Inf][563]C: 11491, D: 8660[0m
[32m[Inf][564]C: 11491, D: 8660[0m
[32m[Inf][565]C: 11491, D: 8660[0m
[32m[Inf][566]C: 11491, D: 8660[0m
[32m[Inf][567]C: 11491, D: 8660[0m
[32m[Inf][568]C: 11491, D: 8660[0m
[32m[Inf][569]C: 11491, D: 8660[0m
[32m[Inf][570]C: 11491, D: 8660[0m
[32m[Inf][571]C: 11491, D: 8660[0m
[32m[Inf][572]C: 11491, D: 8660[0m
[32m[Inf][573]C: 11491, D: 8660[0m
[32m[Inf][574]C: 11491, D: 8660[0m
[32m[Inf][575]C: 11491, D: 8660[0m
[32m[Inf][576]C: 11491, D: 8660[0m
[32m[Inf][577]C: 11491, D: 8660[0m
[32m[Inf][578]C: 11491, D: 8660[0m
[32m[Inf][579]C: 11491, D: 8660[0m
[32m[Inf][580]C: 11491, D: 8660[0m
[32m[Inf][581]C: 11491, D: 8660[0m
[32m[Inf][582]C: 11491, D: 8660[0m
[Log] [583]Terminating program (user signal)
[Log] [584]Gracefully closing window
[Log] [585]Writing to log file, bye.