[Log] [1]Console initialized
[90m[dmp][2]Resizing to [79, 158][0m
[90m[dmp][3]Resizing done[0m
[Log] [4]Start rendering thread
[33m[WRN][5]render() with no scene![0m
[32m[Inf][6]C: 11326, D: 8840[0m
[32m[Inf][7]C: 11326, D: 8840[0m
[32m[Inf][8]C: 11326, D: 8840[0m
[32m[Inf][9]C: 11326, D: 8840[0m
[32m[Inf][10]C: 11326, D: 8840[0m
[32m[Inf][11]C: 11326, D: 8840[0m
[32m[Inf][12]C: 11326, D: 8840[0m
[32m[Inf][13]C: 11326, D: 8840[0m
[32m[Inf][14]C: 11326, D: 8840[0m
[32m[Inf][15]C: 11326, D: 8840[0m
[32m[Inf][16]C: 11326, D: 8840[0m
[32m[Inf][17]C: 11326, D: 8840[0m
[32m[Inf][18]C: 11326, D: 8840[0m
[32m[Inf][19]C: 11326, D: 8840[0m
[32m[Inf][20]C: 11326, D: 8840[0m
[32m[Inf][21]C: 11326, D: 8840[0m
[32m[Inf][22]C: 11326, D: 8840[0m
[32m[Inf][23]C: 11326, D: 8840[0m
[90m[dmp][24]KEY: h[0m
[32m[Inf][25]C: 11376, D: 8861[0m
[32m[Inf][26]C: 11376, D: 8861[0m
[32m[Inf][27]C: 11376, D: 8861[0m
[32m[Inf][28]C: 11376, D: 8861[0m
[32m[Inf][29]C: 11376, D: 8861[0m
[32m[Inf][30]C: 11376, D: 8861[0m
[32m[Inf][31]C: 11376, D: 8861[0m
[32m[Inf][32]C: 11376, D: 8861[0m
[32m[Inf][33]C: 11376, D: 8861[0m
[32m[Inf][34]C: 11376, D: 8861[0m
[90m[dmp][35]KEY: h[0m
[32m[Inf][36]C: 11376, D: 8861[0m
[90m[dmp][37]KEY: h[0m
[32m[Inf][38]C: 11376, D: 8861[0m
[90m[dmp][39]KEY: h[0m
[32m[Inf][40]C: 11376, D: 8861[0m
[90m[dmp][41]KEY: h[0m
[32m[Inf][42]C: 11376, D: 8861[0m
[90m[dmp][43]KEY: h[0m
[90m[dmp][44]KEY: h[0m
[32m[Inf][45]C: 11376, D: 8861[0m
[90m[dmp][46]KEY: h[0m
[90m[dmp][47]KEY: h[0m
[32m[Inf][48]C: 11376, D: 8861[0m
[32m[Inf][49]C: 11376, D: 8861[0m
[90m[dmp][50]KEY: h[0m
[32m[Inf][51]C: 11376, D: 8861[0m
[90m[dmp][52]KEY: h[0m
[90m[dmp][53]KEY: h[0m
[32m[Inf][54]C: 11376, D: 8861[0m
[32m[Inf][55]C: 11376, D: 8861[0m
[90m[dmp][56]KEY: h[0m
[90m[dmp][57]KEY: h[0m
[32m[Inf][58]C: 11376, D: 8861[0m
[90m[dmp][59]KEY: h[0m
[32m[Inf][60]C: 11376, D: 8861[0m
[90m[dmp][61]KEY: h[0m
[32m[Inf][62]C: 11376, D: 8861[0m
[90m[dmp][63]KEY: h[0m
[90m[dmp][64]KEY: h[0m
[32m[Inf][65]C: 11376, D: 8861[0m
[90m[dmp][66]KEY: h[0m
[32m[Inf][67]C: 11376, D: 8861[0m
[90m[dmp][68]KEY: h[0m
[32m[Inf][69]C: 11376, D: 8861[0m
[32m[Inf][70]C: 11376, D: 8861[0m
[90m[dmp][71]KEY: h[0m
[90m[dmp][72]KEY: h[0m
[32m[Inf][73]C: 11376, D: 8861[0m
[90m[dmp][74]KEY: h[0m
[90m[dmp][75]KEY: h[0m
[32m[Inf][76]C: 11376, D: 8861[0m
[32m[Inf][77]C: 11376, D: 8861[0m
[90m[dmp][78]KEY: h[0m
[90m[dmp][79]KEY: h[0m
[32m[Inf][80]C: 11376, D: 8861[0m
[32m[Inf][81]C: 11376, D: 8861[0m
[90m[dmp][82]KEY: h[0m
[90m[dmp][83]KEY: h[0m
[32m[Inf][84]C: 11376, D: 8861[0m
[32m[Inf][85]C: 11376, D: 8861[0m
[90m[dmp][86]KEY: h[0m
[90m[dmp][87]KEY: h[0m
[32m[Inf][88]C: 11296, D: 8861[0m
[90m[dmp][89]KEY: h[0m
[32m[Inf][90]C: 11216, D: 8842[0m
[32m[Inf][91]C: 11216, D: 8842[0m
[90m[dmp][92]KEY: h[0m
[32m[Inf][93]C: 11136, D: 8815[0m
[90m[dmp][94]KEY: k[0m
[32m[Inf][95]C: 11218, D: 8869[0m
[32m[Inf][96]C: 11218, D: 8869[0m
[32m[Inf][97]C: 11218, D: 8869[0m
[32m[Inf][98]C: 11218, D: 8869[0m
[32m[Inf][99]C: 11218, D: 8869[0m
[32m[Inf][100]C: 11218, D: 8869[0m
[32m[Inf][101]C: 11218, D: 8869[0m
[32m[Inf][102]C: 11218, D: 8869[0m
[32m[Inf][103]C: 11218, D: 8869[0m
[90m[dmp][104]KEY: k[0m
[32m[Inf][105]C: 11218, D: 8869[0m
[32m[Inf][106]C: 11249, D: 8886[0m
[90m[dmp][107]KEY: k[0m
[90m[dmp][108]KEY: k[0m
[32m[Inf][109]C: 11311, D: 8898[0m
[90m[dmp][110]KEY: k[0m
[32m[Inf][111]C: 11342, D: 8891[0m
[90m[dmp][112]KEY: k[0m
[32m[Inf][113]C: 11342, D: 8891[0m
[32m[Inf][114]C: 11373, D: 8874[0m
[90m[dmp][115]KEY: k[0m
[90m[dmp][116]KEY: k[0m
[32m[Inf][117]C: 11404, D: 8840[0m
[32m[Inf][118]C: 11404, D: 8800[0m
[90m[dmp][119]KEY: k[0m
[90m[dmp][120]KEY: k[0m
[32m[Inf][121]C: 11404, D: 8750[0m
[32m[Inf][122]C: 11404, D: 8690[0m
[90m[dmp][123]KEY: j[0m
[32m[Inf][124]C: 11404, D: 8750[0m
[32m[Inf][125]C: 11404, D: 8750[0m
[32m[Inf][126]C: 11404, D: 8750[0m
[90m[dmp][127]KEY: j[0m
[32m[Inf][128]C: 11404, D: 8750[0m
[32m[Inf][129]C: 11404, D: 8800[0m
[32m[Inf][130]C: 11404, D: 8800[0m
[32m[Inf][131]C: 11404, D: 8800[0m
[32m[Inf][132]C: 11404, D: 8800[0m
[90m[dmp][133]KEY: +[0m
[32m[Inf][134]C: 11404, D: 8800[0m
[32m[Inf][135]C: 15666, D: 12081[0m
[90m[dmp][136]KEY: +[0m
[32m[Inf][137]C: 15666, D: 12080[0m
[32m[Inf][138]C: 19202, D: 15213[0m
[90m[dmp][139]KEY: +[0m
[32m[Inf][140]C: 19842, D: 15423[0m
[32m[Inf][141]C: 20402, D: 16343[0m
[90m[dmp][142]KEY: h[0m
[32m[Inf][143]C: 20402, D: 16343[0m
[32m[Inf][144]C: 20482, D: 16372[0m
[32m[Inf][145]C: 20482, D: 16372[0m
[32m[Inf][146]C: 20482, D: 16372[0m
[32m[Inf][147]C: 20482, D: 16372[0m
[32m[Inf][148]C: 20482, D: 16372[0m
[90m[dmp][149]KEY: h[0m
[32m[Inf][150]C: 20482, D: 16372[0m
[90m[dmp][151]KEY: h[0m
[32m[Inf][152]C: 20562, D: 16397[0m
[90m[dmp][153]KEY: h[0m
[32m[Inf][154]C: 20722, D: 16432[0m
[90m[dmp][155]KEY: h[0m
[90m[dmp][156]KEY: h[0m
[32m[Inf][157]C: 20802, D: 16445[0m
[90m[dmp][158]KEY: h[0m
[32m[Inf][159]C: 20962, D: 16491[0m
[90m[dmp][160]KEY: h[0m
[32m[Inf][161]C: 21042, D: 16524[0m
[90m[dmp][162]KEY: h[0m
[32m[Inf][163]C: 21122, D: 16562[0m
[90m[dmp][164]KEY: h[0m
[32m[Inf][165]C: 21202, D: 16611[0m
[90m[dmp][166]KEY: h[0m
[32m[Inf][167]C: 21282, D: 16666[0m
[90m[dmp][168]KEY: h[0m
[90m[dmp][169]KEY: h[0m
[32m[Inf][170]C: 21362, D: 16724[0m
[90m[dmp][171]KEY: h[0m
[32m[Inf][172]C: 21442, D: 16788[0m
[90m[dmp][173]KEY: h[0m
[32m[Inf][174]C: 21522, D: 16855[0m
[90m[dmp][175]KEY: h[0m
[32m[Inf][176]C: 21602, D: 16921[0m
[90m[dmp][177]KEY: h[0m
[32m[Inf][178]C: 21682, D: 16985[0m
[90m[dmp][179]KEY: h[0m
[32m[Inf][180]C: 21842, D: 17096[0m
[90m[dmp][181]KEY: h[0m
[90m[dmp][182]KEY: h[0m
[32m[Inf][183]C: 21922, D: 17145[0m
[90m[dmp][184]KEY: h[0m
[90m[dmp][185]KEY: h[0m
[32m[Inf][186]C: 22082, D: 17233[0m
[90m[dmp][187]KEY: h[0m
[32m[Inf][188]C: 22162, D: 17274[0m
[90m[dmp][189]KEY: h[0m
[32m[Inf][190]C: 22242, D: 17315[0m
[90m[dmp][191]KEY: h[0m
[32m[Inf][192]C: 22322, D: 17356[0m
[90m[dmp][193]KEY: k[0m
[32m[Inf][194]C: 22402, D: 17396[0m
[32m[Inf][195]C: 22402, D: 17393[0m
[32m[Inf][196]C: 22402, D: 17393[0m
[32m[Inf][197]C: 22402, D: 17393[0m
[32m[Inf][198]C: 22402, D: 17393[0m
[90m[dmp][199]KEY: k[0m
[32m[Inf][200]C: 22402, D: 17393[0m
[90m[dmp][201]KEY: k[0m
[32m[Inf][202]C: 22402, D: 17368[0m
[90m[dmp][203]KEY: k[0m
[32m[Inf][204]C: 22402, D: 17350[0m
[90m[dmp][205]KEY: k[0m
[90m[dmp][206]KEY: k[0m
[32m[Inf][207]C: 22402, D: 17312[0m
[90m[dmp][208]KEY: k[0m
[90m[dmp][209]KEY: k[0m
[32m[Inf][210]C: 22402, D: 17270[0m
[90m[dmp][211]KEY: k[0m
[90m[dmp][212]KEY: k[0m
[32m[Inf][213]C: 22402, D: 17254[0m
[90m[dmp][214]KEY: k[0m
[32m[Inf][215]C: 22402, D: 17230[0m
[90m[dmp][216]KEY: k[0m
[32m[Inf][217]C: 22402, D: 17210[0m
[90m[dmp][218]KEY: k[0m
[32m[Inf][219]C: 22402, D: 17170[0m
[90m[dmp][220]KEY: k[0m
[90m[dmp][221]KEY: k[0m
[32m[Inf][222]C: 22402, D: 17154[0m
[90m[dmp][223]KEY: k[0m
[32m[Inf][224]C: 22402, D: 17143[0m
[90m[dmp][225]KEY: k[0m
[90m[dmp][226]KEY: k[0m
[32m[Inf][227]C: 22402, D: 17129[0m
[90m[dmp][228]KEY: k[0m
[32m[Inf][229]C: 22402, D: 17103[0m
[90m[dmp][230]KEY: k[0m
[32m[Inf][231]C: 22402, D: 17089[0m
[90m[dmp][232]KEY: k[0m
[32m[Inf][233]C: 22402, D: 17069[0m
[90m[dmp][234]KEY: k[0m
[32m[Inf][235]C: 22402, D: 17060[0m
[90m[dmp][236]KEY: k[0m
[90m[dmp][237]KEY: k[0m
[32m[Inf][238]C: 22402, D: 17060[0m
[90m[dmp][239]KEY: k[0m
[32m[Inf][240]C: 22402, D: 17069[0m
[90m[dmp][241]KEY: k[0m
[32m[Inf][242]C: 22402, D: 17076[0m
[90m[dmp][243]KEY: k[0m
[32m[Inf][244]C: 22402, D: 17085[0m
[90m[dmp][245]KEY: k[0m
[32m[Inf][246]C: 22402, D: 17141[0m
[90m[dmp][247]KEY: k[0m
[90m[dmp][248]KEY: k[0m
[32m[Inf][249]C: 22402, D: 17237[0m
[90m[dmp][250]KEY: k[0m
[90m[dmp][251]KEY: k[0m
[32m[Inf][252]C: 22402, D: 17286[0m
[90m[dmp][253]KEY: k[0m
[90m[dmp][254]KEY: k[0m
[32m[Inf][255]C: 22402, D: 17391[0m
[90m[dmp][256]KEY: k[0m
[32m[Inf][257]C: 22402, D: 17442[0m
[90m[dmp][258]KEY: k[0m
[32m[Inf][259]C: 22402, D: 17490[0m
[90m[dmp][260]KEY: k[0m
[32m[Inf][261]C: 22402, D: 17585[0m
[90m[dmp][262]KEY: k[0m
[90m[dmp][263]KEY: k[0m
[32m[Inf][264]C: 22402, D: 17620[0m
[90m[dmp][265]KEY: h[0m
[32m[Inf][266]C: 22402, D: 17650[0m
[32m[Inf][267]C: 22482, D: 17705[0m
[32m[Inf][268]C: 22482, D: 17705[0m
[32m[Inf][269]C: 22482, D: 17705[0m
[32m[Inf][270]C: 22482, D: 17705[0m
[90m[dmp][271]KEY: h[0m
[32m[Inf][272]C: 22562, D: 17765[0m
[90m[dmp][273]KEY: h[0m
[90m[dmp][274]KEY: h[0m
[32m[Inf][275]C: 22642, D: 17826[0m
[90m[dmp][276]KEY: h[0m
[32m[Inf][277]C: 22802, D: 17929[0m
[90m[dmp][278]KEY: h[0m
[90m[dmp][279]KEY: h[0m
[32m[Inf][280]C: 22882, D: 17979[0m
[90m[dmp][281]KEY: h[0m
[32m[Inf][282]C: 22962, D: 18029[0m
[90m[dmp][283]KEY: h[0m
[32m[Inf][284]C: 23042, D: 18075[0m
[90m[dmp][285]KEY: h[0m
[32m[Inf][286]C: 23202, D: 18149[0m
[90m[dmp][287]KEY: h[0m
[90m[dmp][288]KEY: h[0m
[32m[Inf][289]C: 23282, D: 18185[0m
[90m[dmp][290]KEY: h[0m
[32m[Inf][291]C: 23362, D: 18219[0m
[90m[dmp][292]KEY: h[0m
[32m[Inf][293]C: 23522, D: 18297[0m
[90m[dmp][294]KEY: h[0m
[32m[Inf][295]C: 23602, D: 18333[0m
[90m[dmp][296]KEY: h[0m
[90m[dmp][297]KEY: h[0m
[32m[Inf][298]C: 23682, D: 18366[0m
[90m[dmp][299]KEY: h[0m
[32m[Inf][300]C: 23842, D: 18458[0m
[90m[dmp][301]KEY: h[0m
[90m[dmp][302]KEY: h[0m
[32m[Inf][303]C: 23922, D: 18503[0m
[90m[dmp][304]KEY: k[0m
[32m[Inf][305]C: 24002, D: 18538[0m
[32m[Inf][306]C: 24002, D: 18542[0m
[32m[Inf][307]C: 24002, D: 18542[0m
[32m[Inf][308]C: 24002, D: 18542[0m
[90m[dmp][309]KEY: k[0m
[32m[Inf][310]C: 24002, D: 18542[0m
[90m[dmp][311]KEY: k[0m
[32m[Inf][312]C: 24002, D: 18545[0m
[90m[dmp][313]KEY: k[0m
[32m[Inf][314]C: 24002, D: 18544[0m
[90m[dmp][315]KEY: k[0m
[90m[dmp][316]KEY: k[0m
[32m[Inf][317]C: 24002, D: 18530[0m
[90m[dmp][318]KEY: k[0m
[32m[Inf][319]C: 24002, D: 18514[0m
[90m[dmp][320]KEY: k[0m
[32m[Inf][321]C: 24002, D: 18495[0m
[90m[dmp][322]KEY: k[0m
[90m[dmp][323]KEY: k[0m
[32m[Inf][324]C: 24002, D: 18446[0m
[90m[dmp][325]KEY: k[0m
[32m[Inf][326]C: 24002, D: 18426[0m
[90m[dmp][327]KEY: k[0m
[32m[Inf][328]C: 24002, D: 18372[0m
[90m[dmp][329]KEY: k[0m
[32m[Inf][330]C: 24002, D: 18336[0m
[90m[dmp][331]KEY: k[0m
[90m[dmp][332]KEY: k[0m
[32m[Inf][333]C: 24002, D: 18300[0m
[90m[dmp][334]KEY: k[0m
[32m[Inf][335]C: 24002, D: 18231[0m
[90m[dmp][336]KEY: k[0m
[32m[Inf][337]C: 24002, D: 18187[0m
[90m[dmp][338]KEY: k[0m
[90m[dmp][339]KEY: k[0m
[32m[Inf][340]C: 24002, D: 18139[0m
[90m[dmp][341]KEY: k[0m
[90m[dmp][342]KEY: k[0m
[32m[Inf][343]C: 24002, D: 18015[0m
[32m[Inf][344]C: 24002, D: 17944[0m
[32m[Inf][345]C: 24002, D: 17944[0m
[32m[Inf][346]C: 24002, D: 17944[0m
[32m[Inf][347]C: 24002, D: 17944[0m
[32m[Inf][348]C: 24002, D: 17944[0m
[32m[Inf][349]C: 24002, D: 17944[0m
[32m[Inf][350]C: 24002, D: 17944[0m
[32m[Inf][351]C: 24002, D: 17944[0m
[32m[Inf][352]C: 24002, D: 17944[0m
[32m[Inf][353]C: 24002, D: 17944[0m
[32m[Inf][354]C: 24002, D: 17944[0m
[32m[Inf][355]C: 24002, D: 17944[0m
[32m[Inf][356]C: 24002, D: 17944[0m
[32m[Inf][357]C: 24002, D: 17944[0m
[32m[Inf][358]C: 24002, D: 17944[0m
[32m[Inf][359]C: 24002, D: 17944[0m
[32m[Inf][360]C: 24002, D: 17944[0m
[32m[Inf][361]C: 24002, D: 17944[0m
[32m[Inf][362]C: 24002, D: 17944[0m
[32m[Inf][363]C: 24002, D: 17944[0m
[32m[Inf][364]C: 24002, D: 17944[0m
[32m[Inf][365]C: 24002, D: 17944[0m
[32m[Inf][366]C: 24002, D: 17944[0m
[32m[Inf][367]C: 24002, D: 17944[0m
[32m[Inf][368]C: 24002, D: 17944[0m
[32m[Inf][369]C: 24002, D: 17944[0m
[32m[Inf][370]C: 24002, D: 17944[0m
[32m[Inf][371]C: 24002, D: 17944[0m
[32m[Inf][372]C: 24002, D: 17944[0m
[32m[Inf][373]C: 24002, D: 17944[0m
[32m[Inf][374]C: 24002, D: 17944[0m
[32m[Inf][375]C: 24002, D: 17944[0m
[32m[Inf][376]C: 24002, D: 17944[0m
[32m[Inf][377]C: 24002, D: 17944[0m
[32m[Inf][378]C: 24002, D: 17944[0m
[32m[Inf][379]C: 24002, D: 17944[0m
[32m[Inf][380]C: 24002, D: 17944[0m
[32m[Inf][381]C: 24002, D: 17944[0m
[32m[Inf][382]C: 24002, D: 17944[0m
[32m[Inf][383]C: 24002, D: 17944[0m
[32m[Inf][384]C: 24002, D: 17944[0m
[32m[Inf][385]C: 24002, D: 17944[0m
[32m[Inf][386]C: 24002, D: 17944[0m
[32m[Inf][387]C: 24002, D: 17944[0m
[32m[Inf][388]C: 24002, D: 17944[0m
[32m[Inf][389]C: 24002, D: 17944[0m
[32m[Inf][390]C: 24002, D: 17944[0m
[32m[Inf][391]C: 24002, D: 17944[0m
[32m[Inf][392]C: 24002, D: 17944[0m
[32m[Inf][393]C: 24002, D: 17944[0m
[32m[Inf][394]C: 24002, D: 17944[0m
[32m[Inf][395]C: 24002, D: 17944[0m
[32m[Inf][396]C: 24002, D: 17944[0m
[32m[Inf][397]C: 24002, D: 17944[0m
[32m[Inf][398]C: 24002, D: 17944[0m
[32m[Inf][399]C: 24002, D: 17944[0m
[32m[Inf][400]C: 24002, D: 17944[0m
[32m[Inf][401]C: 24002, D: 17944[0m
[32m[Inf][402]C: 24002, D: 17944[0m
[32m[Inf][403]C: 24002, D: 17944[0m
[32m[Inf][404]C: 24002, D: 17944[0m
[32m[Inf][405]C: 24002, D: 17944[0m
[32m[Inf][406]C: 24002, D: 17944[0m
[32m[Inf][407]C: 24002, D: 17944[0m
[32m[Inf][408]C: 24002, D: 17944[0m
[32m[Inf][409]C: 24002, D: 17944[0m
[32m[Inf][410]C: 24002, D: 17944[0m
[32m[Inf][411]C: 24002, D: 17944[0m
[32m[Inf][412]C: 24002, D: 17944[0m
[32m[Inf][413]C: 24002, D: 17944[0m
[32m[Inf][414]C: 24002, D: 17944[0m
[32m[Inf][415]C: 24002, D: 17944[0m
[32m[Inf][416]C: 24002, D: 17944[0m
[32m[Inf][417]C: 24002, D: 17944[0m
[32m[Inf][418]C: 24002, D: 17944[0m
[32m[Inf][419]C: 24002, D: 17944[0m
[32m[Inf][420]C: 24002, D: 17944[0m
[32m[Inf][421]C: 24002, D: 17944[0m
[32m[Inf][422]C: 24002, D: 17944[0m
[32m[Inf][423]C: 24002, D: 17944[0m
[32m[Inf][424]C: 24002, D: 17944[0m
[32m[Inf][425]C: 24002, D: 17944[0m
[32m[Inf][426]C: 24002, D: 17944[0m
[32m[Inf][427]C: 24002, D: 17944[0m
[32m[Inf][428]C: 24002, D: 17944[0m
[32m[Inf][429]C: 24002, D: 17944[0m
[32m[Inf][430]C: 24002, D: 17944[0m
[32m[Inf][431]C: 24002, D: 17944[0m
[32m[Inf][432]C: 24002, D: 17944[0m
[32m[Inf][433]C: 24002, D: 17944[0m
[32m[Inf][434]C: 24002, D: 17944[0m
[32m[Inf][435]C: 24002, D: 17944[0m
[32m[Inf][436]C: 24002, D: 17944[0m
[32m[Inf][437]C: 24002, D: 17944[0m
[32m[Inf][438]C: 24002, D: 17944[0m
[32m[Inf][439]C: 24002, D: 17944[0m
[32m[Inf][440]C: 24002, D: 17944[0m
[32m[Inf][441]C: 24002, D: 17944[0m
[32m[Inf][442]C: 24002, D: 17944[0m
[32m[Inf][443]C: 24002, D: 17944[0m
[32m[Inf][444]C: 24002, D: 17944[0m
[32m[Inf][445]C: 24002, D: 17944[0m
[32m[Inf][446]C: 24002, D: 17944[0m
[32m[Inf][447]C: 24002, D: 17944[0m
[32m[Inf][448]C: 24002, D: 17944[0m
[32m[Inf][449]C: 24002, D: 17944[0m
[32m[Inf][450]C: 24002, D: 17944[0m
[32m[Inf][451]C: 24002, D: 17944[0m
[32m[Inf][452]C: 24002, D: 17944[0m
[32m[Inf][453]C: 24002, D: 17944[0m
[32m[Inf][454]C: 24002, D: 17944[0m
[32m[Inf][455]C: 24002, D: 17944[0m
[32m[Inf][456]C: 24002, D: 17944[0m
[32m[Inf][457]C: 24002, D: 17944[0m
[32m[Inf][458]C: 24002, D: 17944[0m
[32m[Inf][459]C: 24002, D: 17944[0m
[32m[Inf][460]C: 24002, D: 17944[0m
[32m[Inf][461]C: 24002, D: 17944[0m
[32m[Inf][462]C: 24002, D: 17944[0m
[32m[Inf][463]C: 24002, D: 17944[0m
[32m[Inf][464]C: 24002, D: 17944[0m
[32m[Inf][465]C: 24002, D: 17944[0m
[32m[Inf][466]C: 24002, D: 17944[0m
[32m[Inf][467]C: 24002, D: 17944[0m
[32m[Inf][468]C: 24002, D: 17944[0m
[32m[Inf][469]C: 24002, D: 17944[0m
[32m[Inf][470]C: 24002, D: 17944[0m
[32m[Inf][471]C: 24002, D: 17944[0m
[32m[Inf][472]C: 24002, D: 17944[0m
[32m[Inf][473]C: 24002, D: 17944[0m
[32m[Inf][474]C: 24002, D: 17944[0m
[32m[Inf][475]C: 24002, D: 17944[0m
[32m[Inf][476]C: 24002, D: 17944[0m
[32m[Inf][477]C: 24002, D: 17944[0m
[32m[Inf][478]C: 24002, D: 17944[0m
[32m[Inf][479]C: 24002, D: 17944[0m
[32m[Inf][480]C: 24002, D: 17944[0m
[32m[Inf][481]C: 24002, D: 17944[0m
[32m[Inf][482]C: 24002, D: 17944[0m
[32m[Inf][483]C: 24002, D: 17944[0m
[32m[Inf][484]C: 24002, D: 17944[0m
[32m[Inf][485]C: 24002, D: 17944[0m
[32m[Inf][486]C: 24002, D: 17944[0m
[32m[Inf][487]C: 24002, D: 17944[0m
[32m[Inf][488]C: 24002, D: 17944[0m
[32m[Inf][489]C: 24002, D: 17944[0m
[32m[Inf][490]C: 24002, D: 17944[0m
[32m[Inf][491]C: 24002, D: 17944[0m
[32m[Inf][492]C: 24002, D: 17944[0m
[32m[Inf][493]C: 24002, D: 17944[0m
[32m[Inf][494]C: 24002, D: 17944[0m
[32m[Inf][495]C: 24002, D: 17944[0m
[32m[Inf][496]C: 24002, D: 17944[0m
[32m[Inf][497]C: 24002, D: 17944[0m
[32m[Inf][498]C: 24002, D: 17944[0m
[32m[Inf][499]C: 24002, D: 17944[0m
[32m[Inf][500]C: 24002, D: 17944[0m
[32m[Inf][501]C: 24002, D: 17944[0m
[32m[Inf][502]C: 24002, D: 17944[0m
[32m[Inf][503]C: 24002, D: 17944[0m
[32m[Inf][504]C: 24002, D: 17944[0m
[32m[Inf][505]C: 24002, D: 17944[0m
[32m[Inf][506]C: 24002, D: 17944[0m
[32m[Inf][507]C: 24002, D: 17944[0m
[32m[Inf][508]C: 24002, D: 17944[0m
[32m[Inf][509]C: 24002, D: 17944[0m
[32m[Inf][510]C: 24002, D: 17944[0m
[32m[Inf][511]C: 24002, D: 17944[0m
[32m[Inf][512]C: 24002, D: 17944[0m
[32m[Inf][513]C: 24002, D: 17944[0m
[32m[Inf][514]C: 24002, D: 17944[0m
[32m[Inf][515]C: 24002, D: 17944[0m
[32m[Inf][516]C: 24002, D: 17944[0m
[32m[Inf][517]C: 24002, D: 17944[0m
[32m[Inf][518]C: 24002, D: 17944[0m
[32m[Inf][519]C: 24002, D: 17944[0m
[32m[Inf][520]C: 24002, D: 17944[0m
[32m[Inf][521]C: 24002, D: 17944[0m
[32m[Inf][522]C: 24002, D: 17944[0m
[32m[Inf][523]C: 24002, D: 17944[0m
[32m[Inf][524]C: 24002, D: 17944[0m
[32m[Inf][525]C: 24002, D: 17944[0m
[32m[Inf][526]C: 24002, D: 17944[0m
[32m[Inf][527]C: 24002, D: 17944[0m
[32m[Inf][528]C: 24002, D: 17944[0m
[32m[Inf][529]C: 24002, D: 17944[0m
[32m[Inf][530]C: 24002, D: 17944[0m
[32m[Inf][531]C: 24002, D: 17944[0m
[32m[Inf][532]C: 24002, D: 17944[0m
[32m[Inf][533]C: 24002, D: 17944[0m
[32m[Inf][534]C: 24002, D: 17944[0m
[32m[Inf][535]C: 24002, D: 17944[0m
[32m[Inf][536]C: 24002, D: 17944[0m
[32m[Inf][537]C: 24002, D: 17944[0m
[32m[Inf][538]C: 24002, D: 17944[0m
[32m[Inf][539]C: 24002, D: 17944[0m
[32m[Inf][540]C: 24002, D: 17944[0m
[32m[Inf][541]C: 24002, D: 17944[0m
[32m[Inf][542]C: 24002, D: 17944[0m
[32m[Inf][543]C: 24002, D: 17944[0m
[32m[Inf][544]C: 24002, D: 17944[0m
[32m[Inf][545]C: 24002, D: 17944[0m
[32m[Inf][546]C: 24002, D: 17944[0m
[32m[Inf][547]C: 24002, D: 17944[0m
[32m[Inf][548]C: 24002, D: 17944[0m
[32m[Inf][549]C: 24002, D: 17944[0m
[32m[Inf][550]C: 24002, D: 17944[0m
[32m[Inf][551]C: 24002, D: 17944[0m
[32m[Inf][552]C: 24002, D: 17944[0m
[32m[Inf][553]C: 24002, D: 17944[0m
[32m[Inf][554]C: 24002, D: 17944[0m
[32m[Inf][555]C: 24002, D: 17944[0m
[32m[Inf][556]C: 24002, D: 17944[0m
[32m[Inf][557]C: 24002, D: 17944[0m
[32m[Inf][558]C: 24002, D: 17944[0m
[32m[Inf][559]C: 24002, D: 17944[0m
[32m[Inf][560]C: 24002, D: 17944[0m
[32m[Inf][561]C: 24002, D: 17944[0m
[32m[Inf][562]C: 24002, D: 17944[0m
[32m[Inf][563]C: 24002, D: 17944[0m
[32m[Inf][564]C: 24002, D: 17944[0m
[32m[Inf][565]C: 24002, D: 17944[0m
[32m[Inf][566]C: 24002, D: 17944[0m
[32m[Inf][567]C: 24002, D: 17944[0m
[32m[Inf][568]C: 24002, D: 17944[0m
[32m[Inf][569]C: 24002, D: 17944[0m
[32m[Inf][570]C: 24002, D: 17944[0m
[32m[Inf][571]C: 24002, D: 17944[0m
[32m[Inf][572]C: 24002, D: 17944[0m
[32m[Inf][573]C: 24002, D: 17944[0m
[32m[Inf][574]C: 24002, D: 17944[0m
[32m[Inf][575]C: 24002, D: 17944[0m
[32m[Inf][576]C: 24002, D: 17944[0m
[32m[Inf][577]C: 24002, D: 17944[0m
[32m[Inf][578]C: 24002, D: 17944[0m
[32m[Inf][579]C: 24002, D: 17944[0m
[32m[Inf][580]C: 24002, D: 17944[0m
[32m[Inf][581]C: 24002, D: 17944[0m
[32m[Inf][582]C: 24002, D: 17944[0m
[32m[Inf][583]C: 24002, D: 17944[0m
[32m[Inf][584]C: 24002, D: 17944[0m
[32m[Inf][585]C: 24002, D: 17944[0m
[32m[Inf][586]C: 24002, D: 17944[0m
[32m[Inf][587]C: 24002, D: 17944[0m
[32m[Inf][588]C: 24002, D: 17944[0m
[32m[Inf][589]C: 24002, D: 17944[0m
[32m[Inf][590]C: 24002, D: 17944[0m
[32m[Inf][591]C: 24002, D: 17944[0m
[32m[Inf][592]C: 24002, D: 17944[0m
[32m[Inf][593]C: 24002, D: 17944[0m
[32m[Inf][594]C: 24002, D: 17944[0m
[32m[Inf][595]C: 24002, D: 17944[0m
[32m[Inf][596]C: 24002, D: 17944[0m
[32m[Inf][597]C: 24002, D: 17944[0m
[90m[dmp][598]KEY: -[0m
[32m[Inf][599]C: 21522, D: 16803[0m
[32m[Inf][600]C: 19202, D: 13836[0m
[90m[dmp][601]KEY: -[0m
[32m[Inf][602]C: 19202, D: 13837[0m
[32m[Inf][603]C: 16002, D: 11464[0m
[32m[Inf][604]C: 16002, D: 11464[0m
[32m[Inf][605]C: 16002, D: 11464[0m
[90m[dmp][606]KEY: +[0m
[32m[Inf][607]C: 16002, D: 11463[0m
[32m[Inf][608]C: 19202, D: 13836[0m
[90m[dmp][609]KEY: +[0m
[32m[Inf][610]C: 19202, D: 13836[0m
[32m[Inf][611]C: 24002, D: 17944[0m
[32m[Inf][612]C: 24002, D: 17944[0m
[32m[Inf][613]C: 24002, D: 17944[0m
[32m[Inf][614]C: 24002, D: 17944[0m
[32m[Inf][615]C: 24002, D: 17944[0m
[90m[dmp][616]KEY: -[0m
[32m[Inf][617]C: 19202, D: 13836[0m
[32m[Inf][618]C: 19202, D: 13836[0m
[32m[Inf][619]C: 19202, D: 13836[0m
[32m[Inf][620]C: 19202, D: 13836[0m
[90m[dmp][621]KEY: -[0m
[32m[Inf][622]C: 19202, D: 13837[0m
[32m[Inf][623]C: 16002, D: 11464[0m
[32m[Inf][624]C: 16002, D: 11464[0m
[32m[Inf][625]C: 16002, D: 11464[0m
[32m[Inf][626]C: 16002, D: 11464[0m
[90m[dmp][627]KEY: +[0m
[32m[Inf][628]C: 19202, D: 13836[0m
[32m[Inf][629]C: 19202, D: 13836[0m
[90m[dmp][630]KEY: +[0m
[32m[Inf][631]C: 21682, D: 14977[0m
[32m[Inf][632]C: 24002, D: 17944[0m
[32m[Inf][633]C: 24002, D: 17944[0m
[32m[Inf][634]C: 24002, D: 17944[0m
[32m[Inf][635]C: 24002, D: 17944[0m
[32m[Inf][636]C: 24002, D: 17944[0m
[32m[Inf][637]C: 24002, D: 17944[0m
[32m[Inf][638]C: 24002, D: 17944[0m
[32m[Inf][639]C: 24002, D: 17944[0m
[32m[Inf][640]C: 24002, D: 17944[0m
[32m[Inf][641]C: 24002, D: 17944[0m
[32m[Inf][642]C: 24002, D: 17944[0m
[32m[Inf][643]C: 24002, D: 17944[0m
[32m[Inf][644]C: 24002, D: 17944[0m
[32m[Inf][645]C: 24002, D: 17944[0m
[32m[Inf][646]C: 24002, D: 17944[0m
[32m[Inf][647]C: 24002, D: 17944[0m
[32m[Inf][648]C: 24002, D: 17944[0m
[32m[Inf][649]C: 24002, D: 17944[0m
[32m[Inf][650]C: 24002, D: 17944[0m
[32m[Inf][651]C: 24002, D: 17944[0m
[32m[Inf][652]C: 24002, D: 17944[0m
[32m[Inf][653]C: 24002, D: 17944[0m
[32m[Inf][654]C: 24002, D: 17944[0m
[32m[Inf][655]C: 24002, D: 17944[0m
[32m[Inf][656]C: 24002, D: 17944[0m
[32m[Inf][657]C: 24002, D: 17944[0m
[32m[Inf][658]C: 24002, D: 17944[0m
[32m[Inf][659]C: 24002, D: 17944[0m
[32m[Inf][660]C: 24002, D: 17944[0m
[32m[Inf][661]C: 24002, D: 17944[0m
[32m[Inf][662]C: 24002, D: 17944[0m
[32m[Inf][663]C: 24002, D: 17944[0m
[32m[Inf][664]C: 24002, D: 17944[0m
[32m[Inf][665]C: 24002, D: 17944[0m
[32m[Inf][666]C: 24002, D: 17944[0m
[32m[Inf][667]C: 24002, D: 17944[0m
[32m[Inf][668]C: 24002, D: 17944[0m
[32m[Inf][669]C: 24002, D: 17944[0m
[32m[Inf][670]C: 24002, D: 17944[0m
[32m[Inf][671]C: 24002, D: 17944[0m
[32m[Inf][672]C: 24002, D: 17944[0m
[32m[Inf][673]C: 24002, D: 17944[0m
[32m[Inf][674]C: 24002, D: 17944[0m
[32m[Inf][675]C: 24002, D: 17944[0m
[32m[Inf][676]C: 24002, D: 17944[0m
[32m[Inf][677]C: 24002, D: 17944[0m
[32m[Inf][678]C: 24002, D: 17944[0m
[32m[Inf][679]C: 24002, D: 17944[0m
[32m[Inf][680]C: 24002, D: 17944[0m
[32m[Inf][681]C: 24002, D: 17944[0m
[32m[Inf][682]C: 24002, D: 17944[0m
[32m[Inf][683]C: 24002, D: 17944[0m
[32m[Inf][684]C: 24002, D: 17944[0m
[32m[Inf][685]C: 24002, D: 17944[0m
[32m[Inf][686]C: 24002, D: 17944[0m
[32m[Inf][687]C: 24002, D: 17944[0m
[32m[Inf][688]C: 24002, D: 17944[0m
[32m[Inf][689]C: 24002, D: 17944[0m
[32m[Inf][690]C: 24002, D: 17944[0m
[32m[Inf][691]C: 24002, D: 17944[0m
[32m[Inf][692]C: 24002, D: 17944[0m
[32m[Inf][693]C: 24002, D: 17944[0m
[32m[Inf][694]C: 24002, D: 17944[0m
[32m[Inf][695]C: 24002, D: 17944[0m
[32m[Inf][696]C: 24002, D: 17944[0m
[32m[Inf][697]C: 24002, D: 17944[0m
[32m[Inf][698]C: 24002, D: 17944[0m
[32m[Inf][699]C: 24002, D: 17944[0m
[32m[Inf][700]C: 24002, D: 17944[0m
[32m[Inf][701]C: 24002, D: 17944[0m
[32m[Inf][702]C: 24002, D: 17944[0m
[32m[Inf][703]C: 24002, D: 17944[0m
[32m[Inf][704]C: 24002, D: 17944[0m
[32m[Inf][705]C: 24002, D: 17944[0m
[32m[Inf][706]C: 24002, D: 17944[0m
[32m[Inf][707]C: 24002, D: 17944[0m
[32m[Inf][708]C: 24002, D: 17944[0m
[32m[Inf][709]C: 24002, D: 17944[0m
[32m[Inf][710]C: 24002, D: 17944[0m
[32m[Inf][711]C: 24002, D: 17944[0m
[32m[Inf][712]C: 24002, D: 17944[0m
[32m[Inf][713]C: 24002, D: 17944[0m
[32m[Inf][714]C: 24002, D: 17944[0m
[32m[Inf][715]C: 24002, D: 17944[0m
[32m[Inf][716]C: 24002, D: 17944[0m
[32m[Inf][717]C: 24002, D: 17944[0m
[32m[Inf][718]C: 24002, D: 17944[0m
[32m[Inf][719]C: 24002, D: 17944[0m
[32m[Inf][720]C: 24002, D: 17944[0m
[32m[Inf][721]C: 24002, D: 17944[0m
[32m[Inf][722]C: 24002, D: 17944[0m
[32m[Inf][723]C: 24002, D: 17944[0m
[32m[Inf][724]C: 24002, D: 17944[0m
[32m[Inf][725]C: 24002, D: 17944[0m
[32m[Inf][726]C: 24002, D: 17944[0m
[32m[Inf][727]C: 24002, D: 17944[0m
[32m[Inf][728]C: 24002, D: 17944[0m
[32m[Inf][729]C: 24002, D: 17944[0m
[32m[Inf][730]C: 24002, D: 17944[0m
[32m[Inf][731]C: 24002, D: 17944[0m
[32m[Inf][732]C: 24002, D: 17944[0m
[32m[Inf][733]C: 24002, D: 17944[0m
[32m[Inf][734]C: 24002, D: 17944[0m
[32m[Inf][735]C: 24002, D: 17944[0m
[32m[Inf][736]C: 24002, D: 17944[0m
[32m[Inf][737]C: 24002, D: 17944[0m
[32m[Inf][738]C: 24002, D: 17944[0m
[32m[Inf][739]C: 24002, D: 17944[0m
[32m[Inf][740]C: 24002, D: 17944[0m
[32m[Inf][741]C: 24002, D: 17944[0m
[32m[Inf][742]C: 24002, D: 17944[0m
[32m[Inf][743]C: 24002, D: 17944[0m
[32m[Inf][744]C: 24002, D: 17944[0m
[32m[Inf][745]C: 24002, D: 17944[0m
[32m[Inf][746]C: 24002, D: 17944[0m
[32m[Inf][747]C: 24002, D: 17944[0m
[32m[Inf][748]C: 24002, D: 17944[0m
[32m[Inf][749]C: 24002, D: 17944[0m
[32m[Inf][750]C: 24002, D: 17944[0m
[32m[Inf][751]C: 24002, D: 17944[0m
[32m[Inf][752]C: 24002, D: 17944[0m
[32m[Inf][753]C: 24002, D: 17944[0m
[32m[Inf][754]C: 24002, D: 17944[0m
[32m[Inf][755]C: 24002, D: 17944[0m
[32m[Inf][756]C: 24002, D: 17944[0m
[32m[Inf][757]C: 24002, D: 17944[0m
[32m[Inf][758]C: 24002, D: 17944[0m
[32m[Inf][759]C: 24002, D: 17944[0m
[32m[Inf][760]C: 24002, D: 17944[0m
[32m[Inf][761]C: 24002, D: 17944[0m
[32m[Inf][762]C: 24002, D: 17944[0m
[32m[Inf][763]C: 24002, D: 17944[0m
[32m[Inf][764]C: 24002, D: 17944[0m
[32m[Inf][765]C: 24002, D: 17944[0m
[32m[Inf][766]C: 24002, D: 17944[0m
[32m[Inf][767]C: 24002, D: 17944[0m
[32m[Inf][768]C: 24002, D: 17944[0m
[32m[Inf][769]C: 24002, D: 17944[0m
[32m[Inf][770]C: 24002, D: 17944[0m
[32m[Inf][771]C: 24002, D: 17944[0m
[32m[Inf][772]C: 24002, D: 17944[0m
[32m[Inf][773]C: 24002, D: 17944[0m
[32m[Inf][774]C: 24002, D: 17944[0m
[32m[Inf][775]C: 24002, D: 17944[0m
[32m[Inf][776]C: 24002, D: 17944[0m
[32m[Inf][777]C: 24002, D: 17944[0m
[32m[Inf][778]C: 24002, D: 17944[0m
[32m[Inf][779]C: 24002, D: 17944[0m
[32m[Inf][780]C: 24002, D: 17944[0m
[32m[Inf][781]C: 24002, D: 17944[0m
[32m[Inf][782]C: 24002, D: 17944[0m
[32m[Inf][783]C: 24002, D: 17944[0m
[32m[Inf][784]C: 24002, D: 17944[0m
[32m[Inf][785]C: 24002, D: 17944[0m
[32m[Inf][786]C: 24002, D: 17944[0m
[32m[Inf][787]C: 24002, D: 17944[0m
[32m[Inf][788]C: 24002, D: 17944[0m
[32m[Inf][789]C: 24002, D: 17944[0m
[32m[Inf][790]C: 24002, D: 17944[0m
[32m[Inf][791]C: 24002, D: 17944[0m
[32m[Inf][792]C: 24002, D: 17944[0m
[32m[Inf][793]C: 24002, D: 17944[0m
[32m[Inf][794]C: 24002, D: 17944[0m
[32m[Inf][795]C: 24002, D: 17944[0m
[32m[Inf][796]C: 24002, D: 17944[0m
[32m[Inf][797]C: 24002, D: 17944[0m
[32m[Inf][798]C: 24002, D: 17944[0m
[Log] [799]Terminating program (user signal)
[Log] [800]Gracefully closing window
[Log] [801]Writing to log file, bye.