[Log] [1]Console initialized
[90m[dmp][2]Resizing to [79, 158][0m
[90m[dmp][3]Resizing done[0m
[Log] [4]Start rendering thread
[32m[Inf][5]C: 11326, D: 8840[0m
[90m[dmp][6]KEY: h[0m
[32m[Inf][7]C: 11376, D: 8861[0m
[32m[Inf][8]C: 11376, D: 8861[0m
[32m[Inf][9]C: 11376, D: 8861[0m
[32m[Inf][10]C: 11376, D: 8861[0m
[32m[Inf][11]C: 11376, D: 8861[0m
[32m[Inf][12]C: 11376, D: 8861[0m
[32m[Inf][13]C: 11376, D: 8861[0m
[32m[Inf][14]C: 11376, D: 8861[0m
[32m[Inf][15]C: 11376, D: 8861[0m
[90m[dmp][16]KEY: h[0m
[32m[Inf][17]C: 11376, D: 8861[0m
[32m[Inf][18]C: 11376, D: 8861[0m
[90m[dmp][19]KEY: h[0m
[90m[dmp][20]KEY: h[0m
[32m[Inf][21]C: 11376, D: 8861[0m
[90m[dmp][22]KEY: h[0m
[32m[Inf][23]C: 11376, D: 8861[0m
[90m[dmp][24]KEY: h[0m
[32m[Inf][25]C: 11376, D: 8861[0m
[90m[dmp][26]KEY: h[0m
[32m[Inf][27]C: 11376, D: 8861[0m
[90m[dmp][28]KEY: h[0m
[90m[dmp][29]KEY: h[0m
[32m[Inf][30]C: 11376, D: 8861[0m
[90m[dmp][31]KEY: h[0m
[32m[Inf][32]C: 11376, D: 8861[0m
[90m[dmp][33]KEY: h[0m
[32m[Inf][34]C: 11376, D: 8861[0m
[90m[dmp][35]KEY: h[0m
[90m[dmp][36]KEY: h[0m
[32m[Inf][37]C: 11376, D: 8861[0m
[32m[Inf][38]C: 11376, D: 8861[0m
[90m[dmp][39]KEY: h[0m
[90m[dmp][40]KEY: h[0m
[32m[Inf][41]C: 11376, D: 8861[0m
[90m[dmp][42]KEY: h[0m
[32m[Inf][43]C: 11376, D: 8861[0m
[90m[dmp][44]KEY: h[0m
[32m[Inf][45]C: 11376, D: 8861[0m
[90m[dmp][46]KEY: h[0m
[32m[Inf][47]C: 11376, D: 8861[0m
[90m[dmp][48]KEY: h[0m
[32m[Inf][49]C: 11376, D: 8861[0m
[90m[dmp][50]KEY: h[0m
[32m[Inf][51]C: 11376, D: 8861[0m
[90m[dmp][52]KEY: h[0m
[32m[Inf][53]C: 11376, D: 8861[0m
[90m[dmp][54]KEY: h[0m
[90m[dmp][55]KEY: h[0m
[32m[Inf][56]C: 11376, D: 8861[0m
[90m[dmp][57]KEY: h[0m
[90m[dmp][58]KEY: h[0m
[32m[Inf][59]C: 11376, D: 8861[0m
[32m[Inf][60]C: 11376, D: 8861[0m
[90m[dmp][61]KEY: h[0m
[90m[dmp][62]KEY: h[0m
[90m[dmp][63]KEY: h[0m
[32m[Inf][64]C: 11376, D: 8861[0m
[32m[Inf][65]C: 11376, D: 8861[0m
[90m[dmp][66]KEY: h[0m
[90m[dmp][67]KEY: h[0m
[32m[Inf][68]C: 11296, D: 8861[0m
[90m[dmp][69]KEY: h[0m
[32m[Inf][70]C: 11216, D: 8842[0m
[90m[dmp][71]KEY: h[0m
[90m[dmp][72]KEY: h[0m
[32m[Inf][73]C: 11136, D: 8815[0m
[90m[dmp][74]KEY: h[0m
[90m[dmp][75]KEY: h[0m
[32m[Inf][76]C: 10952, D: 8741[0m
[32m[Inf][77]C: 10848, D: 8687[0m
[90m[dmp][78]KEY: h[0m
[90m[dmp][79]KEY: h[0m
[32m[Inf][80]C: 10640, D: 8557[0m
[90m[dmp][81]KEY: h[0m
[90m[dmp][82]KEY: h[0m
[32m[Inf][83]C: 10536, D: 8483[0m
[32m[Inf][84]C: 10432, D: 8406[0m
[90m[dmp][85]KEY: h[0m
[90m[dmp][86]KEY: h[0m
[90m[dmp][87]KEY: h[0m
[32m[Inf][88]C: 10224, D: 8243[0m
[32m[Inf][89]C: 10120, D: 8156[0m
[90m[dmp][90]KEY: h[0m
[90m[dmp][91]KEY: h[0m
[32m[Inf][92]C: 10016, D: 8067[0m
[32m[Inf][93]C: 9912, D: 7975[0m
[32m[Inf][94]C: 9912, D: 7975[0m
[32m[Inf][95]C: 9912, D: 7975[0m
[32m[Inf][96]C: 9912, D: 7975[0m
[90m[dmp][97]KEY: k[0m
[32m[Inf][98]C: 9983, D: 8022[0m
[32m[Inf][99]C: 9983, D: 8022[0m
[32m[Inf][100]C: 9983, D: 8022[0m
[32m[Inf][101]C: 9983, D: 8022[0m
[32m[Inf][102]C: 9983, D: 8022[0m
[32m[Inf][103]C: 9983, D: 8022[0m
[32m[Inf][104]C: 9983, D: 8022[0m
[32m[Inf][105]C: 9983, D: 8022[0m
[32m[Inf][106]C: 9983, D: 8022[0m
[90m[dmp][107]KEY: k[0m
[32m[Inf][108]C: 10003, D: 8032[0m
[90m[dmp][109]KEY: k[0m
[32m[Inf][110]C: 10023, D: 8037[0m
[90m[dmp][111]KEY: k[0m
[32m[Inf][112]C: 10043, D: 8034[0m
[90m[dmp][113]KEY: k[0m
[90m[dmp][114]KEY: k[0m
[32m[Inf][115]C: 10063, D: 8024[0m
[90m[dmp][116]KEY: k[0m
[90m[dmp][117]KEY: k[0m
[32m[Inf][118]C: 10103, D: 7973[0m
[32m[Inf][119]C: 10103, D: 7935[0m
[90m[dmp][120]KEY: k[0m
[90m[dmp][121]KEY: k[0m
[32m[Inf][122]C: 10103, D: 7832[0m
[90m[dmp][123]KEY: k[0m
[32m[Inf][124]C: 10103, D: 7757[0m
[90m[dmp][125]KEY: k[0m
[90m[dmp][126]KEY: k[0m
[32m[Inf][127]C: 10017, D: 7681[0m
[32m[Inf][128]C: 9931, D: 7604[0m
[90m[dmp][129]KEY: k[0m
[32m[Inf][130]C: 9845, D: 7526[0m
[32m[Inf][131]C: 9845, D: 7526[0m
[32m[Inf][132]C: 9845, D: 7526[0m
[32m[Inf][133]C: 9845, D: 7526[0m
[32m[Inf][134]C: 9845, D: 7526[0m
[32m[Inf][135]C: 9845, D: 7526[0m
[32m[Inf][136]C: 9845, D: 7526[0m
[32m[Inf][137]C: 9845, D: 7526[0m
[32m[Inf][138]C: 9845, D: 7526[0m
[32m[Inf][139]C: 9845, D: 7526[0m
[32m[Inf][140]C: 9845, D: 7526[0m
[32m[Inf][141]C: 9845, D: 7526[0m
[32m[Inf][142]C: 9845, D: 7526[0m
[32m[Inf][143]C: 9845, D: 7526[0m
[32m[Inf][144]C: 9845, D: 7526[0m
[32m[Inf][145]C: 9845, D: 7526[0m
[32m[Inf][146]C: 9845, D: 7526[0m
[32m[Inf][147]C: 9845, D: 7526[0m
[32m[Inf][148]C: 9845, D: 7526[0m
[32m[Inf][149]C: 9845, D: 7526[0m
[32m[Inf][150]C: 9845, D: 7526[0m
[32m[Inf][151]C: 9845, D: 7526[0m
[32m[Inf][152]C: 9845, D: 7526[0m
[32m[Inf][153]C: 9845, D: 7526[0m
[32m[Inf][154]C: 9845, D: 7526[0m
[32m[Inf][155]C: 9845, D: 7526[0m
[32m[Inf][156]C: 9845, D: 7526[0m
[32m[Inf][157]C: 9845, D: 7526[0m
[32m[Inf][158]C: 9845, D: 7526[0m
[32m[Inf][159]C: 9845, D: 7526[0m
[32m[Inf][160]C: 9845, D: 7526[0m
[32m[Inf][161]C: 9845, D: 7526[0m
[32m[Inf][162]C: 9845, D: 7526[0m
[32m[Inf][163]C: 9845, D: 7526[0m
[32m[Inf][164]C: 9845, D: 7526[0m
[32m[Inf][165]C: 9845, D: 7526[0m
[32m[Inf][166]C: 9845, D: 7526[0m
[32m[Inf][167]C: 9845, D: 7526[0m
[32m[Inf][168]C: 9845, D: 7526[0m
[32m[Inf][169]C: 9845, D: 7526[0m
[32m[Inf][170]C: 9845, D: 7526[0m
[32m[Inf][171]C: 9845, D: 7526[0m
[32m[Inf][172]C: 9845, D: 7526[0m
[32m[Inf][173]C: 9845, D: 7526[0m
[32m[Inf][174]C: 9845, D: 7526[0m
[32m[Inf][175]C: 9845, D: 7526[0m
[32m[Inf][176]C: 9845, D: 7526[0m
[32m[Inf][177]C: 9845, D: 7526[0m
[32m[Inf][178]C: 9845, D: 7526[0m
[32m[Inf][179]C: 9845, D: 7526[0m
[32m[Inf][180]C: 9845, D: 7526[0m
[32m[Inf][181]C: 9845, D: 7526[0m
[32m[Inf][182]C: 9845, D: 7526[0m
[32m[Inf][183]C: 9845, D: 7526[0m
[32m[Inf][184]C: 9845, D: 7526[0m
[32m[Inf][185]C: 9845, D: 7526[0m
[32m[Inf][186]C: 9845, D: 7526[0m
[32m[Inf][187]C: 9845, D: 7526[0m
[32m[Inf][188]C: 9845, D: 7526[0m
[32m[Inf][189]C: 9845, D: 7526[0m
[32m[Inf][190]C: 9845, D: 7526[0m
[32m[Inf][191]C: 9845, D: 7526[0m
[32m[Inf][192]C: 9845, D: 7526[0m
[32m[Inf][193]C: 9845, D: 7526[0m
[32m[Inf][194]C: 9845, D: 7526[0m
[32m[Inf][195]C: 9845, D: 7526[0m
[32m[Inf][196]C: 9845, D: 7526[0m
[32m[Inf][197]C: 9845, D: 7526[0m
[32m[Inf][198]C: 9845, D: 7526[0m
[32m[Inf][199]C: 9845, D: 7526[0m
[32m[Inf][200]C: 9845, D: 7526[0m
[32m[Inf][201]C: 9845, D: 7526[0m
[32m[Inf][202]C: 9845, D: 7526[0m
[32m[Inf][203]C: 9845, D: 7526[0m
[32m[Inf][204]C: 9845, D: 7526[0m
[32m[Inf][205]C: 9845, D: 7526[0m
[32m[Inf][206]C: 9845, D: 7526[0m
[32m[Inf][207]C: 9845, D: 7526[0m
[32m[Inf][208]C: 9845, D: 7526[0m
[32m[Inf][209]C: 9845, D: 7526[0m
[32m[Inf][210]C: 9845, D: 7526[0m
[32m[Inf][211]C: 9845, D: 7526[0m
[32m[Inf][212]C: 9845, D: 7526[0m
[32m[Inf][213]C: 9845, D: 7526[0m
[32m[Inf][214]C: 9845, D: 7526[0m
[32m[Inf][215]C: 9845, D: 7526[0m
[32m[Inf][216]C: 9845, D: 7526[0m
[32m[Inf][217]C: 9845, D: 7526[0m
[32m[Inf][218]C: 9845, D: 7526[0m
[32m[Inf][219]C: 9845, D: 7526[0m
[32m[Inf][220]C: 9845, D: 7526[0m
[32m[Inf][221]C: 9845, D: 7526[0m
[32m[Inf][222]C: 9845, D: 7526[0m
[32m[Inf][223]C: 9845, D: 7526[0m
[32m[Inf][224]C: 9845, D: 7526[0m
[32m[Inf][225]C: 9845, D: 7526[0m
[32m[Inf][226]C: 9845, D: 7526[0m
[32m[Inf][227]C: 9845, D: 7526[0m
[32m[Inf][228]C: 9845, D: 7526[0m
[32m[Inf][229]C: 9845, D: 7526[0m
[32m[Inf][230]C: 9845, D: 7526[0m
[32m[Inf][231]C: 9845, D: 7526[0m
[32m[Inf][232]C: 9845, D: 7526[0m
[32m[Inf][233]C: 9845, D: 7526[0m
[32m[Inf][234]C: 9845, D: 7526[0m
[32m[Inf][235]C: 9845, D: 7526[0m
[32m[Inf][236]C: 9845, D: 7526[0m
[32m[Inf][237]C: 9845, D: 7526[0m
[32m[Inf][238]C: 9845, D: 7526[0m
[32m[Inf][239]C: 9845, D: 7526[0m
[32m[Inf][240]C: 9845, D: 7526[0m
[32m[Inf][241]C: 9845, D: 7526[0m
[32m[Inf][242]C: 9845, D: 7526[0m
[32m[Inf][243]C: 9845, D: 7526[0m
[32m[Inf][244]C: 9845, D: 7526[0m
[32m[Inf][245]C: 9845, D: 7526[0m
[32m[Inf][246]C: 9845, D: 7526[0m
[32m[Inf][247]C: 9845, D: 7526[0m
[32m[Inf][248]C: 9845, D: 7526[0m
[32m[Inf][249]C: 9845, D: 7526[0m
[32m[Inf][250]C: 9845, D: 7526[0m
[32m[Inf][251]C: 9845, D: 7526[0m
[32m[Inf][252]C: 9845, D: 7526[0m
[32m[Inf][253]C: 9845, D: 7526[0m
[32m[Inf][254]C: 9845, D: 7526[0m
[32m[Inf][255]C: 9845, D: 7526[0m
[32m[Inf][256]C: 9845, D: 7526[0m
[32m[Inf][257]C: 9845, D: 7526[0m
[32m[Inf][258]C: 9845, D: 7526[0m
[32m[Inf][259]C: 9845, D: 7526[0m
[32m[Inf][260]C: 9845, D: 7526[0m
[32m[Inf][261]C: 9845, D: 7526[0m
[32m[Inf][262]C: 9845, D: 7526[0m
[32m[Inf][263]C: 9845, D: 7526[0m
[32m[Inf][264]C: 9845, D: 7526[0m
[32m[Inf][265]C: 9845, D: 7526[0m
[32m[Inf][266]C: 9845, D: 7526[0m
[32m[Inf][267]C: 9845, D: 7526[0m
[32m[Inf][268]C: 9845, D: 7526[0m
[32m[Inf][269]C: 9845, D: 7526[0m
[32m[Inf][270]C: 9845, D: 7526[0m
[32m[Inf][271]C: 9845, D: 7526[0m
[32m[Inf][272]C: 9845, D: 7526[0m
[32m[Inf][273]C: 9845, D: 7526[0m
[32m[Inf][274]C: 9845, D: 7526[0m
[32m[Inf][275]C: 9845, D: 7526[0m
[32m[Inf][276]C: 9845, D: 7526[0m
[32m[Inf][277]C: 9845, D: 7526[0m
[32m[Inf][278]C: 9845, D: 7526[0m
[32m[Inf][279]C: 9845, D: 7526[0m
[32m[Inf][280]C: 9845, D: 7526[0m
[32m[Inf][281]C: 9845, D: 7526[0m
[32m[Inf][282]C: 9845, D: 7526[0m
[32m[Inf][283]C: 9845, D: 7526[0m
[32m[Inf][284]C: 9845, D: 7526[0m
[32m[Inf][285]C: 9845, D: 7526[0m
[32m[Inf][286]C: 9845, D: 7526[0m
[32m[Inf][287]C: 9845, D: 7526[0m
[32m[Inf][288]C: 9845, D: 7526[0m
[32m[Inf][289]C: 9845, D: 7526[0m
[32m[Inf][290]C: 9845, D: 7526[0m
[32m[Inf][291]C: 9845, D: 7526[0m
[32m[Inf][292]C: 9845, D: 7526[0m
[32m[Inf][293]C: 9845, D: 7526[0m
[32m[Inf][294]C: 9845, D: 7526[0m
[32m[Inf][295]C: 9845, D: 7526[0m
[32m[Inf][296]C: 9845, D: 7526[0m
[32m[Inf][297]C: 9845, D: 7526[0m
[32m[Inf][298]C: 9845, D: 7526[0m
[32m[Inf][299]C: 9845, D: 7526[0m
[32m[Inf][300]C: 9845, D: 7526[0m
[32m[Inf][301]C: 9845, D: 7526[0m
[32m[Inf][302]C: 9845, D: 7526[0m
[32m[Inf][303]C: 9845, D: 7526[0m
[32m[Inf][304]C: 9845, D: 7526[0m
[32m[Inf][305]C: 9845, D: 7526[0m
[32m[Inf][306]C: 9845, D: 7526[0m
[32m[Inf][307]C: 9845, D: 7526[0m
[32m[Inf][308]C: 9845, D: 7526[0m
[32m[Inf][309]C: 9845, D: 7526[0m
[32m[Inf][310]C: 9845, D: 7526[0m
[32m[Inf][311]C: 9845, D: 7526[0m
[32m[Inf][312]C: 9845, D: 7526[0m
[32m[Inf][313]C: 9845, D: 7526[0m
[32m[Inf][314]C: 9845, D: 7526[0m
[32m[Inf][315]C: 9845, D: 7526[0m
[32m[Inf][316]C: 9845, D: 7526[0m
[32m[Inf][317]C: 9845, D: 7526[0m
[32m[Inf][318]C: 9845, D: 7526[0m
[32m[Inf][319]C: 9845, D: 7526[0m
[32m[Inf][320]C: 9845, D: 7526[0m
[32m[Inf][321]C: 9845, D: 7526[0m
[32m[Inf][322]C: 9845, D: 7526[0m
[32m[Inf][323]C: 9845, D: 7526[0m
[32m[Inf][324]C: 9845, D: 7526[0m
[32m[Inf][325]C: 9845, D: 7526[0m
[32m[Inf][326]C: 9845, D: 7526[0m
[32m[Inf][327]C: 9845, D: 7526[0m
[32m[Inf][328]C: 9845, D: 7526[0m
[32m[Inf][329]C: 9845, D: 7526[0m
[32m[Inf][330]C: 9845, D: 7526[0m
[32m[Inf][331]C: 9845, D: 7526[0m
[32m[Inf][332]C: 9845, D: 7526[0m
[32m[Inf][333]C: 9845, D: 7526[0m
[32m[Inf][334]C: 9845, D: 7526[0m
[32m[Inf][335]C: 9845, D: 7526[0m
[32m[Inf][336]C: 9845, D: 7526[0m
[32m[Inf][337]C: 9845, D: 7526[0m
[32m[Inf][338]C: 9845, D: 7526[0m
[32m[Inf][339]C: 9845, D: 7526[0m
[32m[Inf][340]C: 9845, D: 7526[0m
[32m[Inf][341]C: 9845, D: 7526[0m
[32m[Inf][342]C: 9845, D: 7526[0m
[32m[Inf][343]C: 9845, D: 7526[0m
[32m[Inf][344]C: 9845, D: 7526[0m
[32m[Inf][345]C: 9845, D: 7526[0m
[32m[Inf][346]C: 9845, D: 7526[0m
[32m[Inf][347]C: 9845, D: 7526[0m
[32m[Inf][348]C: 9845, D: 7526[0m
[32m[Inf][349]C: 9845, D: 7526[0m
[32m[Inf][350]C: 9845, D: 7526[0m
[32m[Inf][351]C: 9845, D: 7526[0m
[32m[Inf][352]C: 9845, D: 7526[0m
[32m[Inf][353]C: 9845, D: 7526[0m
[32m[Inf][354]C: 9845, D: 7526[0m
[32m[Inf][355]C: 9845, D: 7526[0m
[32m[Inf][356]C: 9845, D: 7526[0m
[32m[Inf][357]C: 9845, D: 7526[0m
[32m[Inf][358]C: 9845, D: 7526[0m
[32m[Inf][359]C: 9845, D: 7526[0m
[32m[Inf][360]C: 9845, D: 7526[0m
[32m[Inf][361]C: 9845, D: 7526[0m
[32m[Inf][362]C: 9845, D: 7526[0m
[32m[Inf][363]C: 9845, D: 7526[0m
[32m[Inf][364]C: 9845, D: 7526[0m
[32m[Inf][365]C: 9845, D: 7526[0m
[32m[Inf][366]C: 9845, D: 7526[0m
[32m[Inf][367]C: 9845, D: 7526[0m
[32m[Inf][368]C: 9845, D: 7526[0m
[32m[Inf][369]C: 9845, D: 7526[0m
[32m[Inf][370]C: 9845, D: 7526[0m
[32m[Inf][371]C: 9845, D: 7526[0m
[32m[Inf][372]C: 9845, D: 7526[0m
[32m[Inf][373]C: 9845, D: 7526[0m
[32m[Inf][374]C: 9845, D: 7526[0m
[32m[Inf][375]C: 9845, D: 7526[0m
[32m[Inf][376]C: 9845, D: 7526[0m
[32m[Inf][377]C: 9845, D: 7526[0m
[32m[Inf][378]C: 9845, D: 7526[0m
[32m[Inf][379]C: 9845, D: 7526[0m
[32m[Inf][380]C: 9845, D: 7526[0m
[32m[Inf][381]C: 9845, D: 7526[0m
[32m[Inf][382]C: 9845, D: 7526[0m
[32m[Inf][383]C: 9845, D: 7526[0m
[32m[Inf][384]C: 9845, D: 7526[0m
[32m[Inf][385]C: 9845, D: 7526[0m
[32m[Inf][386]C: 9845, D: 7526[0m
[32m[Inf][387]C: 9845, D: 7526[0m
[32m[Inf][388]C: 9845, D: 7526[0m
[32m[Inf][389]C: 9845, D: 7526[0m
[32m[Inf][390]C: 9845, D: 7526[0m
[32m[Inf][391]C: 9845, D: 7526[0m
[32m[Inf][392]C: 9845, D: 7526[0m
[32m[Inf][393]C: 9845, D: 7526[0m
[32m[Inf][394]C: 9845, D: 7526[0m
[32m[Inf][395]C: 9845, D: 7526[0m
[32m[Inf][396]C: 9845, D: 7526[0m
[32m[Inf][397]C: 9845, D: 7526[0m
[32m[Inf][398]C: 9845, D: 7526[0m
[32m[Inf][399]C: 9845, D: 7526[0m
[32m[Inf][400]C: 9845, D: 7526[0m
[32m[Inf][401]C: 9845, D: 7526[0m
[32m[Inf][402]C: 9845, D: 7526[0m
[32m[Inf][403]C: 9845, D: 7526[0m
[32m[Inf][404]C: 9845, D: 7526[0m
[32m[Inf][405]C: 9845, D: 7526[0m
[32m[Inf][406]C: 9845, D: 7526[0m
[32m[Inf][407]C: 9845, D: 7526[0m
[32m[Inf][408]C: 9845, D: 7526[0m
[32m[Inf][409]C: 9845, D: 7526[0m
[32m[Inf][410]C: 9845, D: 7526[0m
[32m[Inf][411]C: 9845, D: 7526[0m
[32m[Inf][412]C: 9845, D: 7526[0m
[32m[Inf][413]C: 9845, D: 7526[0m
[32m[Inf][414]C: 9845, D: 7526[0m
[32m[Inf][415]C: 9845, D: 7526[0m
[32m[Inf][416]C: 9845, D: 7526[0m
[32m[Inf][417]C: 9845, D: 7526[0m
[32m[Inf][418]C: 9845, D: 7526[0m
[32m[Inf][419]C: 9845, D: 7526[0m
[32m[Inf][420]C: 9845, D: 7526[0m
[32m[Inf][421]C: 9845, D: 7526[0m
[32m[Inf][422]C: 9845, D: 7526[0m
[32m[Inf][423]C: 9845, D: 7526[0m
[32m[Inf][424]C: 9845, D: 7526[0m
[32m[Inf][425]C: 9845, D: 7526[0m
[32m[Inf][426]C: 9845, D: 7526[0m
[32m[Inf][427]C: 9845, D: 7526[0m
[32m[Inf][428]C: 9845, D: 7526[0m
[32m[Inf][429]C: 9845, D: 7526[0m
[32m[Inf][430]C: 9845, D: 7526[0m
[32m[Inf][431]C: 9845, D: 7526[0m
[32m[Inf][432]C: 9845, D: 7526[0m
[32m[Inf][433]C: 9845, D: 7526[0m
[32m[Inf][434]C: 9845, D: 7526[0m
[32m[Inf][435]C: 9845, D: 7526[0m
[32m[Inf][436]C: 9845, D: 7526[0m
[32m[Inf][437]C: 9845, D: 7526[0m
[32m[Inf][438]C: 9845, D: 7526[0m
[32m[Inf][439]C: 9845, D: 7526[0m
[32m[Inf][440]C: 9845, D: 7526[0m
[32m[Inf][441]C: 9845, D: 7526[0m
[32m[Inf][442]C: 9845, D: 7526[0m
[32m[Inf][443]C: 9845, D: 7526[0m
[32m[Inf][444]C: 9845, D: 7526[0m
[32m[Inf][445]C: 9845, D: 7526[0m
[32m[Inf][446]C: 9845, D: 7526[0m
[32m[Inf][447]C: 9845, D: 7526[0m
[32m[Inf][448]C: 9845, D: 7526[0m
[32m[Inf][449]C: 9845, D: 7526[0m
[32m[Inf][450]C: 9845, D: 7526[0m
[32m[Inf][451]C: 9845, D: 7526[0m
[32m[Inf][452]C: 9845, D: 7526[0m
[32m[Inf][453]C: 9845, D: 7526[0m
[32m[Inf][454]C: 9845, D: 7526[0m
[32m[Inf][455]C: 9845, D: 7526[0m
[32m[Inf][456]C: 9845, D: 7526[0m
[32m[Inf][457]C: 9845, D: 7526[0m
[32m[Inf][458]C: 9845, D: 7526[0m
[32m[Inf][459]C: 9845, D: 7526[0m
[32m[Inf][460]C: 9845, D: 7526[0m
[32m[Inf][461]C: 9845, D: 7526[0m
[32m[Inf][462]C: 9845, D: 7526[0m
[32m[Inf][463]C: 9845, D: 7526[0m
[32m[Inf][464]C: 9845, D: 7526[0m
[32m[Inf][465]C: 9845, D: 7526[0m
[32m[Inf][466]C: 9845, D: 7526[0m
[32m[Inf][467]C: 9845, D: 7526[0m
[32m[Inf][468]C: 9845, D: 7526[0m
[32m[Inf][469]C: 9845, D: 7526[0m
[32m[Inf][470]C: 9845, D: 7526[0m
[32m[Inf][471]C: 9845, D: 7526[0m
[32m[Inf][472]C: 9845, D: 7526[0m
[32m[Inf][473]C: 9845, D: 7526[0m
[32m[Inf][474]C: 9845, D: 7526[0m
[32m[Inf][475]C: 9845, D: 7526[0m
[32m[Inf][476]C: 9845, D: 7526[0m
[32m[Inf][477]C: 9845, D: 7526[0m
[32m[Inf][478]C: 9845, D: 7526[0m
[32m[Inf][479]C: 9845, D: 7526[0m
[32m[Inf][480]C: 9845, D: 7526[0m
[32m[Inf][481]C: 9845, D: 7526[0m
[32m[Inf][482]C: 9845, D: 7526[0m
[32m[Inf][483]C: 9845, D: 7526[0m
[32m[Inf][484]C: 9845, D: 7526[0m
[32m[Inf][485]C: 9845, D: 7526[0m
[32m[Inf][486]C: 9845, D: 7526[0m
[32m[Inf][487]C: 9845, D: 7526[0m
[32m[Inf][488]C: 9845, D: 7526[0m
[32m[Inf][489]C: 9845, D: 7526[0m
[32m[Inf][490]C: 9845, D: 7526[0m
[32m[Inf][491]C: 9845, D: 7526[0m
[32m[Inf][492]C: 9845, D: 7526[0m
[32m[Inf][493]C: 9845, D: 7526[0m
[32m[Inf][494]C: 9845, D: 7526[0m
[32m[Inf][495]C: 9845, D: 7526[0m
[32m[Inf][496]C: 9845, D: 7526[0m
[32m[Inf][497]C: 9845, D: 7526[0m
[32m[Inf][498]C: 9845, D: 7526[0m
[32m[Inf][499]C: 9845, D: 7526[0m
[32m[Inf][500]C: 9845, D: 7526[0m
[32m[Inf][501]C: 9845, D: 7526[0m
[32m[Inf][502]C: 9845, D: 7526[0m
[32m[Inf][503]C: 9845, D: 7526[0m
[32m[Inf][504]C: 9845, D: 7526[0m
[32m[Inf][505]C: 9845, D: 7526[0m
[32m[Inf][506]C: 9845, D: 7526[0m
[32m[Inf][507]C: 9845, D: 7526[0m
[32m[Inf][508]C: 9845, D: 7526[0m
[32m[Inf][509]C: 9845, D: 7526[0m
[32m[Inf][510]C: 9845, D: 7526[0m
[32m[Inf][511]C: 9845, D: 7526[0m
[32m[Inf][512]C: 9845, D: 7526[0m
[32m[Inf][513]C: 9845, D: 7526[0m
[32m[Inf][514]C: 9845, D: 7526[0m
[32m[Inf][515]C: 9845, D: 7526[0m
[32m[Inf][516]C: 9845, D: 7526[0m
[32m[Inf][517]C: 9845, D: 7526[0m
[32m[Inf][518]C: 9845, D: 7526[0m
[32m[Inf][519]C: 9845, D: 7526[0m
[32m[Inf][520]C: 9845, D: 7526[0m
[32m[Inf][521]C: 9845, D: 7526[0m
[32m[Inf][522]C: 9845, D: 7526[0m
[32m[Inf][523]C: 9845, D: 7526[0m
[32m[Inf][524]C: 9845, D: 7526[0m
[32m[Inf][525]C: 9845, D: 7526[0m
[32m[Inf][526]C: 9845, D: 7526[0m
[32m[Inf][527]C: 9845, D: 7526[0m
[32m[Inf][528]C: 9845, D: 7526[0m
[32m[Inf][529]C: 9845, D: 7526[0m
[32m[Inf][530]C: 9845, D: 7526[0m
[32m[Inf][531]C: 9845, D: 7526[0m
[32m[Inf][532]C: 9845, D: 7526[0m
[32m[Inf][533]C: 9845, D: 7526[0m
[32m[Inf][534]C: 9845, D: 7526[0m
[32m[Inf][535]C: 9845, D: 7526[0m
[32m[Inf][536]C: 9845, D: 7526[0m
[32m[Inf][537]C: 9845, D: 7526[0m
[32m[Inf][538]C: 9845, D: 7526[0m
[32m[Inf][539]C: 9845, D: 7526[0m
[32m[Inf][540]C: 9845, D: 7526[0m
[32m[Inf][541]C: 9845, D: 7526[0m
[32m[Inf][542]C: 9845, D: 7526[0m
[32m[Inf][543]C: 9845, D: 7526[0m
[32m[Inf][544]C: 9845, D: 7526[0m
[32m[Inf][545]C: 9845, D: 7526[0m
[32m[Inf][546]C: 9845, D: 7526[0m
[32m[Inf][547]C: 9845, D: 7526[0m
[32m[Inf][548]C: 9845, D: 7526[0m
[32m[Inf][549]C: 9845, D: 7526[0m
[32m[Inf][550]C: 9845, D: 7526[0m
[32m[Inf][551]C: 9845, D: 7526[0m
[32m[Inf][552]C: 9845, D: 7526[0m
[32m[Inf][553]C: 9845, D: 7526[0m
[32m[Inf][554]C: 9845, D: 7526[0m
[32m[Inf][555]C: 9845, D: 7526[0m
[32m[Inf][556]C: 9845, D: 7526[0m
[32m[Inf][557]C: 9845, D: 7526[0m
[32m[Inf][558]C: 9845, D: 7526[0m
[32m[Inf][559]C: 9845, D: 7526[0m
[32m[Inf][560]C: 9845, D: 7526[0m
[32m[Inf][561]C: 9845, D: 7526[0m
[32m[Inf][562]C: 9845, D: 7526[0m
[32m[Inf][563]C: 9845, D: 7526[0m
[32m[Inf][564]C: 9845, D: 7526[0m
[32m[Inf][565]C: 9845, D: 7526[0m
[32m[Inf][566]C: 9845, D: 7526[0m
[32m[Inf][567]C: 9845, D: 7526[0m
[32m[Inf][568]C: 9845, D: 7526[0m
[32m[Inf][569]C: 9845, D: 7526[0m
[32m[Inf][570]C: 9845, D: 7526[0m
[32m[Inf][571]C: 9845, D: 7526[0m
[32m[Inf][572]C: 9845, D: 7526[0m
[32m[Inf][573]C: 9845, D: 7526[0m
[32m[Inf][574]C: 9845, D: 7526[0m
[32m[Inf][575]C: 9845, D: 7526[0m
[32m[Inf][576]C: 9845, D: 7526[0m
[32m[Inf][577]C: 9845, D: 7526[0m
[32m[Inf][578]C: 9845, D: 7526[0m
[32m[Inf][579]C: 9845, D: 7526[0m
[32m[Inf][580]C: 9845, D: 7526[0m
[32m[Inf][581]C: 9845, D: 7526[0m
[32m[Inf][582]C: 9845, D: 7526[0m
[32m[Inf][583]C: 9845, D: 7526[0m
[32m[Inf][584]C: 9845, D: 7526[0m
[32m[Inf][585]C: 9845, D: 7526[0m
[32m[Inf][586]C: 9845, D: 7526[0m
[32m[Inf][587]C: 9845, D: 7526[0m
[32m[Inf][588]C: 9845, D: 7526[0m
[32m[Inf][589]C: 9845, D: 7526[0m
[32m[Inf][590]C: 9845, D: 7526[0m
[32m[Inf][591]C: 9845, D: 7526[0m
[32m[Inf][592]C: 9845, D: 7526[0m
[32m[Inf][593]C: 9845, D: 7526[0m
[32m[Inf][594]C: 9845, D: 7526[0m
[32m[Inf][595]C: 9845, D: 7526[0m
[32m[Inf][596]C: 9845, D: 7526[0m
[32m[Inf][597]C: 9845, D: 7526[0m
[32m[Inf][598]C: 9845, D: 7526[0m
[32m[Inf][599]C: 9845, D: 7526[0m
[32m[Inf][600]C: 9845, D: 7526[0m
[32m[Inf][601]C: 9845, D: 7526[0m
[32m[Inf][602]C: 9845, D: 7526[0m
[32m[Inf][603]C: 9845, D: 7526[0m
[32m[Inf][604]C: 9845, D: 7526[0m
[32m[Inf][605]C: 9845, D: 7526[0m
[32m[Inf][606]C: 9845, D: 7526[0m
[32m[Inf][607]C: 9845, D: 7526[0m
[32m[Inf][608]C: 9845, D: 7526[0m
[32m[Inf][609]C: 9845, D: 7526[0m
[32m[Inf][610]C: 9845, D: 7526[0m
[32m[Inf][611]C: 9845, D: 7526[0m
[32m[Inf][612]C: 9845, D: 7526[0m
[32m[Inf][613]C: 9845, D: 7526[0m
[32m[Inf][614]C: 9845, D: 7526[0m
[32m[Inf][615]C: 9845, D: 7526[0m
[32m[Inf][616]C: 9845, D: 7526[0m
[32m[Inf][617]C: 9845, D: 7526[0m
[32m[Inf][618]C: 9845, D: 7526[0m
[32m[Inf][619]C: 9845, D: 7526[0m
[32m[Inf][620]C: 9845, D: 7526[0m
[32m[Inf][621]C: 9845, D: 7526[0m
[32m[Inf][622]C: 9845, D: 7526[0m
[32m[Inf][623]C: 9845, D: 7526[0m
[32m[Inf][624]C: 9845, D: 7526[0m
[32m[Inf][625]C: 9845, D: 7526[0m
[32m[Inf][626]C: 9845, D: 7526[0m
[32m[Inf][627]C: 9845, D: 7526[0m
[32m[Inf][628]C: 9845, D: 7526[0m
[32m[Inf][629]C: 9845, D: 7526[0m
[32m[Inf][630]C: 9845, D: 7526[0m
[32m[Inf][631]C: 9845, D: 7526[0m
[32m[Inf][632]C: 9845, D: 7526[0m
[32m[Inf][633]C: 9845, D: 7526[0m
[32m[Inf][634]C: 9845, D: 7526[0m
[32m[Inf][635]C: 9845, D: 7526[0m
[32m[Inf][636]C: 9845, D: 7526[0m
[32m[Inf][637]C: 9845, D: 7526[0m
[32m[Inf][638]C: 9845, D: 7526[0m
[32m[Inf][639]C: 9845, D: 7526[0m
[32m[Inf][640]C: 9845, D: 7526[0m
[32m[Inf][641]C: 9845, D: 7526[0m
[32m[Inf][642]C: 9845, D: 7526[0m
[32m[Inf][643]C: 9845, D: 7526[0m
[32m[Inf][644]C: 9845, D: 7526[0m
[32m[Inf][645]C: 9845, D: 7526[0m
[32m[Inf][646]C: 9845, D: 7526[0m
[32m[Inf][647]C: 9845, D: 7526[0m
[32m[Inf][648]C: 9845, D: 7526[0m
[32m[Inf][649]C: 9845, D: 7526[0m
[32m[Inf][650]C: 9845, D: 7526[0m
[32m[Inf][651]C: 9845, D: 7526[0m
[32m[Inf][652]C: 9845, D: 7526[0m
[32m[Inf][653]C: 9845, D: 7526[0m
[32m[Inf][654]C: 9845, D: 7526[0m
[32m[Inf][655]C: 9845, D: 7526[0m
[32m[Inf][656]C: 9845, D: 7526[0m
[32m[Inf][657]C: 9845, D: 7526[0m
[32m[Inf][658]C: 9845, D: 7526[0m
[32m[Inf][659]C: 9845, D: 7526[0m
[32m[Inf][660]C: 9845, D: 7526[0m
[32m[Inf][661]C: 9845, D: 7526[0m
[32m[Inf][662]C: 9845, D: 7526[0m
[32m[Inf][663]C: 9845, D: 7526[0m
[32m[Inf][664]C: 9845, D: 7526[0m
[32m[Inf][665]C: 9845, D: 7526[0m
[32m[Inf][666]C: 9845, D: 7526[0m
[32m[Inf][667]C: 9845, D: 7526[0m
[32m[Inf][668]C: 9845, D: 7526[0m
[32m[Inf][669]C: 9845, D: 7526[0m
[32m[Inf][670]C: 9845, D: 7526[0m
[32m[Inf][671]C: 9845, D: 7526[0m
[32m[Inf][672]C: 9845, D: 7526[0m
[32m[Inf][673]C: 9845, D: 7526[0m
[32m[Inf][674]C: 9845, D: 7526[0m
[32m[Inf][675]C: 9845, D: 7526[0m
[32m[Inf][676]C: 9845, D: 7526[0m
[32m[Inf][677]C: 9845, D: 7526[0m
[32m[Inf][678]C: 9845, D: 7526[0m
[32m[Inf][679]C: 9845, D: 7526[0m
[32m[Inf][680]C: 9845, D: 7526[0m
[32m[Inf][681]C: 9845, D: 7526[0m
[32m[Inf][682]C: 9845, D: 7526[0m
[32m[Inf][683]C: 9845, D: 7526[0m
[32m[Inf][684]C: 9845, D: 7526[0m
[32m[Inf][685]C: 9845, D: 7526[0m
[32m[Inf][686]C: 9845, D: 7526[0m
[32m[Inf][687]C: 9845, D: 7526[0m
[32m[Inf][688]C: 9845, D: 7526[0m
[32m[Inf][689]C: 9845, D: 7526[0m
[32m[Inf][690]C: 9845, D: 7526[0m
[32m[Inf][691]C: 9845, D: 7526[0m
[32m[Inf][692]C: 9845, D: 7526[0m
[32m[Inf][693]C: 9845, D: 7526[0m
[32m[Inf][694]C: 9845, D: 7526[0m
[32m[Inf][695]C: 9845, D: 7526[0m
[32m[Inf][696]C: 9845, D: 7526[0m
[32m[Inf][697]C: 9845, D: 7526[0m
[32m[Inf][698]C: 9845, D: 7526[0m
[32m[Inf][699]C: 9845, D: 7526[0m
[32m[Inf][700]C: 9845, D: 7526[0m
[32m[Inf][701]C: 9845, D: 7526[0m
[32m[Inf][702]C: 9845, D: 7526[0m
[32m[Inf][703]C: 9845, D: 7526[0m
[32m[Inf][704]C: 9845, D: 7526[0m
[32m[Inf][705]C: 9845, D: 7526[0m
[32m[Inf][706]C: 9845, D: 7526[0m
[32m[Inf][707]C: 9845, D: 7526[0m
[32m[Inf][708]C: 9845, D: 7526[0m
[32m[Inf][709]C: 9845, D: 7526[0m
[32m[Inf][710]C: 9845, D: 7526[0m
[32m[Inf][711]C: 9845, D: 7526[0m
[32m[Inf][712]C: 9845, D: 7526[0m
[32m[Inf][713]C: 9845, D: 7526[0m
[32m[Inf][714]C: 9845, D: 7526[0m
[32m[Inf][715]C: 9845, D: 7526[0m
[32m[Inf][716]C: 9845, D: 7526[0m
[32m[Inf][717]C: 9845, D: 7526[0m
[32m[Inf][718]C: 9845, D: 7526[0m
[32m[Inf][719]C: 9845, D: 7526[0m
[32m[Inf][720]C: 9845, D: 7526[0m
[32m[Inf][721]C: 9845, D: 7526[0m
[32m[Inf][722]C: 9845, D: 7526[0m
[32m[Inf][723]C: 9845, D: 7526[0m
[32m[Inf][724]C: 9845, D: 7526[0m
[32m[Inf][725]C: 9845, D: 7526[0m
[32m[Inf][726]C: 9845, D: 7526[0m
[32m[Inf][727]C: 9845, D: 7526[0m
[32m[Inf][728]C: 9845, D: 7526[0m
[32m[Inf][729]C: 9845, D: 7526[0m
[32m[Inf][730]C: 9845, D: 7526[0m
[32m[Inf][731]C: 9845, D: 7526[0m
[32m[Inf][732]C: 9845, D: 7526[0m
[32m[Inf][733]C: 9845, D: 7526[0m
[32m[Inf][734]C: 9845, D: 7526[0m
[32m[Inf][735]C: 9845, D: 7526[0m
[32m[Inf][736]C: 9845, D: 7526[0m
[32m[Inf][737]C: 9845, D: 7526[0m
[32m[Inf][738]C: 9845, D: 7526[0m
[32m[Inf][739]C: 9845, D: 7526[0m
[32m[Inf][740]C: 9845, D: 7526[0m
[32m[Inf][741]C: 9845, D: 7526[0m
[32m[Inf][742]C: 9845, D: 7526[0m
[32m[Inf][743]C: 9845, D: 7526[0m
[32m[Inf][744]C: 9845, D: 7526[0m
[32m[Inf][745]C: 9845, D: 7526[0m
[32m[Inf][746]C: 9845, D: 7526[0m
[32m[Inf][747]C: 9845, D: 7526[0m
[32m[Inf][748]C: 9845, D: 7526[0m
[32m[Inf][749]C: 9845, D: 7526[0m
[32m[Inf][750]C: 9845, D: 7526[0m
[32m[Inf][751]C: 9845, D: 7526[0m
[32m[Inf][752]C: 9845, D: 7526[0m
[32m[Inf][753]C: 9845, D: 7526[0m
[32m[Inf][754]C: 9845, D: 7526[0m
[32m[Inf][755]C: 9845, D: 7526[0m
[32m[Inf][756]C: 9845, D: 7526[0m
[32m[Inf][757]C: 9845, D: 7526[0m
[32m[Inf][758]C: 9845, D: 7526[0m
[32m[Inf][759]C: 9845, D: 7526[0m
[32m[Inf][760]C: 9845, D: 7526[0m
[32m[Inf][761]C: 9845, D: 7526[0m
[32m[Inf][762]C: 9845, D: 7526[0m
[32m[Inf][763]C: 9845, D: 7526[0m
[32m[Inf][764]C: 9845, D: 7526[0m
[32m[Inf][765]C: 9845, D: 7526[0m
[32m[Inf][766]C: 9845, D: 7526[0m
[32m[Inf][767]C: 9845, D: 7526[0m
[32m[Inf][768]C: 9845, D: 7526[0m
[32m[Inf][769]C: 9845, D: 7526[0m
[32m[Inf][770]C: 9845, D: 7526[0m
[32m[Inf][771]C: 9845, D: 7526[0m
[32m[Inf][772]C: 9845, D: 7526[0m
[32m[Inf][773]C: 9845, D: 7526[0m
[32m[Inf][774]C: 9845, D: 7526[0m
[32m[Inf][775]C: 9845, D: 7526[0m
[32m[Inf][776]C: 9845, D: 7526[0m
[32m[Inf][777]C: 9845, D: 7526[0m
[32m[Inf][778]C: 9845, D: 7526[0m
[32m[Inf][779]C: 9845, D: 7526[0m
[32m[Inf][780]C: 9845, D: 7526[0m
[32m[Inf][781]C: 9845, D: 7526[0m
[32m[Inf][782]C: 9845, D: 7526[0m
[32m[Inf][783]C: 9845, D: 7526[0m
[32m[Inf][784]C: 9845, D: 7526[0m
[32m[Inf][785]C: 9845, D: 7526[0m
[32m[Inf][786]C: 9845, D: 7526[0m
[32m[Inf][787]C: 9845, D: 7526[0m
[32m[Inf][788]C: 9845, D: 7526[0m
[32m[Inf][789]C: 9845, D: 7526[0m
[32m[Inf][790]C: 9845, D: 7526[0m
[32m[Inf][791]C: 9845, D: 7526[0m
[32m[Inf][792]C: 9845, D: 7526[0m
[32m[Inf][793]C: 9845, D: 7526[0m
[32m[Inf][794]C: 9845, D: 7526[0m
[32m[Inf][795]C: 9845, D: 7526[0m
[32m[Inf][796]C: 9845, D: 7526[0m
[32m[Inf][797]C: 9845, D: 7526[0m
[32m[Inf][798]C: 9845, D: 7526[0m
[32m[Inf][799]C: 9845, D: 7526[0m
[32m[Inf][800]C: 9845, D: 7526[0m
[32m[Inf][801]C: 9845, D: 7526[0m
[32m[Inf][802]C: 9845, D: 7526[0m
[32m[Inf][803]C: 9845, D: 7526[0m
[32m[Inf][804]C: 9845, D: 7526[0m
[32m[Inf][805]C: 9845, D: 7526[0m
[32m[Inf][806]C: 9845, D: 7526[0m
[32m[Inf][807]C: 9845, D: 7526[0m
[32m[Inf][808]C: 9845, D: 7526[0m
[32m[Inf][809]C: 9845, D: 7526[0m
[32m[Inf][810]C: 9845, D: 7526[0m
[32m[Inf][811]C: 9845, D: 7526[0m
[32m[Inf][812]C: 9845, D: 7526[0m
[32m[Inf][813]C: 9845, D: 7526[0m
[32m[Inf][814]C: 9845, D: 7526[0m
[32m[Inf][815]C: 9845, D: 7526[0m
[32m[Inf][816]C: 9845, D: 7526[0m
[32m[Inf][817]C: 9845, D: 7526[0m
[32m[Inf][818]C: 9845, D: 7526[0m
[32m[Inf][819]C: 9845, D: 7526[0m
[32m[Inf][820]C: 9845, D: 7526[0m
[32m[Inf][821]C: 9845, D: 7526[0m
[32m[Inf][822]C: 9845, D: 7526[0m
[32m[Inf][823]C: 9845, D: 7526[0m
[32m[Inf][824]C: 9845, D: 7526[0m
[32m[Inf][825]C: 9845, D: 7526[0m
[32m[Inf][826]C: 9845, D: 7526[0m
[32m[Inf][827]C: 9845, D: 7526[0m
[32m[Inf][828]C: 9845, D: 7526[0m
[32m[Inf][829]C: 9845, D: 7526[0m
[32m[Inf][830]C: 9845, D: 7526[0m
[32m[Inf][831]C: 9845, D: 7526[0m
[32m[Inf][832]C: 9845, D: 7526[0m
[32m[Inf][833]C: 9845, D: 7526[0m
[32m[Inf][834]C: 9845, D: 7526[0m
[32m[Inf][835]C: 9845, D: 7526[0m
[32m[Inf][836]C: 9845, D: 7526[0m
[32m[Inf][837]C: 9845, D: 7526[0m
[32m[Inf][838]C: 9845, D: 7526[0m
[32m[Inf][839]C: 9845, D: 7526[0m
[32m[Inf][840]C: 9845, D: 7526[0m
[32m[Inf][841]C: 9845, D: 7526[0m
[32m[Inf][842]C: 9845, D: 7526[0m
[32m[Inf][843]C: 9845, D: 7526[0m
[32m[Inf][844]C: 9845, D: 7526[0m
[32m[Inf][845]C: 9845, D: 7526[0m
[32m[Inf][846]C: 9845, D: 7526[0m
[32m[Inf][847]C: 9845, D: 7526[0m
[32m[Inf][848]C: 9845, D: 7526[0m
[32m[Inf][849]C: 9845, D: 7526[0m
[32m[Inf][850]C: 9845, D: 7526[0m
[32m[Inf][851]C: 9845, D: 7526[0m
[32m[Inf][852]C: 9845, D: 7526[0m
[32m[Inf][853]C: 9845, D: 7526[0m
[32m[Inf][854]C: 9845, D: 7526[0m
[32m[Inf][855]C: 9845, D: 7526[0m
[32m[Inf][856]C: 9845, D: 7526[0m
[32m[Inf][857]C: 9845, D: 7526[0m
[32m[Inf][858]C: 9845, D: 7526[0m
[32m[Inf][859]C: 9845, D: 7526[0m
[32m[Inf][860]C: 9845, D: 7526[0m
[32m[Inf][861]C: 9845, D: 7526[0m
[32m[Inf][862]C: 9845, D: 7526[0m
[32m[Inf][863]C: 9845, D: 7526[0m
[32m[Inf][864]C: 9845, D: 7526[0m
[32m[Inf][865]C: 9845, D: 7526[0m
[32m[Inf][866]C: 9845, D: 7526[0m
[32m[Inf][867]C: 9845, D: 7526[0m
[32m[Inf][868]C: 9845, D: 7526[0m
[32m[Inf][869]C: 9845, D: 7526[0m
[32m[Inf][870]C: 9845, D: 7526[0m
[32m[Inf][871]C: 9845, D: 7526[0m
[32m[Inf][872]C: 9845, D: 7526[0m
[32m[Inf][873]C: 9845, D: 7526[0m
[32m[Inf][874]C: 9845, D: 7526[0m
[32m[Inf][875]C: 9845, D: 7526[0m
[32m[Inf][876]C: 9845, D: 7526[0m
[32m[Inf][877]C: 9845, D: 7526[0m
[32m[Inf][878]C: 9845, D: 7526[0m
[32m[Inf][879]C: 9845, D: 7526[0m
[32m[Inf][880]C: 9845, D: 7526[0m
[32m[Inf][881]C: 9845, D: 7526[0m
[32m[Inf][882]C: 9845, D: 7526[0m
[32m[Inf][883]C: 9845, D: 7526[0m
[32m[Inf][884]C: 9845, D: 7526[0m
[32m[Inf][885]C: 9845, D: 7526[0m
[32m[Inf][886]C: 9845, D: 7526[0m
[32m[Inf][887]C: 9845, D: 7526[0m
[32m[Inf][888]C: 9845, D: 7526[0m
[32m[Inf][889]C: 9845, D: 7526[0m
[32m[Inf][890]C: 9845, D: 7526[0m
[32m[Inf][891]C: 9845, D: 7526[0m
[32m[Inf][892]C: 9845, D: 7526[0m
[32m[Inf][893]C: 9845, D: 7526[0m
[32m[Inf][894]C: 9845, D: 7526[0m
[32m[Inf][895]C: 9845, D: 7526[0m
[32m[Inf][896]C: 9845, D: 7526[0m
[32m[Inf][897]C: 9845, D: 7526[0m
[32m[Inf][898]C: 9845, D: 7526[0m
[32m[Inf][899]C: 9845, D: 7526[0m
[32m[Inf][900]C: 9845, D: 7526[0m
[32m[Inf][901]C: 9845, D: 7526[0m
[32m[Inf][902]C: 9845, D: 7526[0m
[32m[Inf][903]C: 9845, D: 7526[0m
[32m[Inf][904]C: 9845, D: 7526[0m
[32m[Inf][905]C: 9845, D: 7526[0m
[32m[Inf][906]C: 9845, D: 7526[0m
[32m[Inf][907]C: 9845, D: 7526[0m
[32m[Inf][908]C: 9845, D: 7526[0m
[32m[Inf][909]C: 9845, D: 7526[0m
[32m[Inf][910]C: 9845, D: 7526[0m
[32m[Inf][911]C: 9845, D: 7526[0m
[32m[Inf][912]C: 9845, D: 7526[0m
[32m[Inf][913]C: 9845, D: 7526[0m
[32m[Inf][914]C: 9845, D: 7526[0m
[32m[Inf][915]C: 9845, D: 7526[0m
[32m[Inf][916]C: 9845, D: 7526[0m
[32m[Inf][917]C: 9845, D: 7526[0m
[32m[Inf][918]C: 9845, D: 7526[0m
[32m[Inf][919]C: 9845, D: 7526[0m
[32m[Inf][920]C: 9845, D: 7526[0m
[32m[Inf][921]C: 9845, D: 7526[0m
[32m[Inf][922]C: 9845, D: 7526[0m
[32m[Inf][923]C: 9845, D: 7526[0m
[32m[Inf][924]C: 9845, D: 7526[0m
[32m[Inf][925]C: 9845, D: 7526[0m
[32m[Inf][926]C: 9845, D: 7526[0m
[32m[Inf][927]C: 9845, D: 7526[0m
[32m[Inf][928]C: 9845, D: 7526[0m
[32m[Inf][929]C: 9845, D: 7526[0m
[32m[Inf][930]C: 9845, D: 7526[0m
[32m[Inf][931]C: 9845, D: 7526[0m
[32m[Inf][932]C: 9845, D: 7526[0m
[32m[Inf][933]C: 9845, D: 7526[0m
[32m[Inf][934]C: 9845, D: 7526[0m
[32m[Inf][935]C: 9845, D: 7526[0m
[32m[Inf][936]C: 9845, D: 7526[0m
[32m[Inf][937]C: 9845, D: 7526[0m
[32m[Inf][938]C: 9845, D: 7526[0m
[32m[Inf][939]C: 9845, D: 7526[0m
[32m[Inf][940]C: 9845, D: 7526[0m
[32m[Inf][941]C: 9845, D: 7526[0m
[32m[Inf][942]C: 9845, D: 7526[0m
[32m[Inf][943]C: 9845, D: 7526[0m
[32m[Inf][944]C: 9845, D: 7526[0m
[32m[Inf][945]C: 9845, D: 7526[0m
[32m[Inf][946]C: 9845, D: 7526[0m
[32m[Inf][947]C: 9845, D: 7526[0m
[32m[Inf][948]C: 9845, D: 7526[0m
[32m[Inf][949]C: 9845, D: 7526[0m
[32m[Inf][950]C: 9845, D: 7526[0m
[32m[Inf][951]C: 9845, D: 7526[0m
[32m[Inf][952]C: 9845, D: 7526[0m
[32m[Inf][953]C: 9845, D: 7526[0m
[32m[Inf][954]C: 9845, D: 7526[0m
[32m[Inf][955]C: 9845, D: 7526[0m
[32m[Inf][956]C: 9845, D: 7526[0m
[32m[Inf][957]C: 9845, D: 7526[0m
[32m[Inf][958]C: 9845, D: 7526[0m
[32m[Inf][959]C: 9845, D: 7526[0m
[32m[Inf][960]C: 9845, D: 7526[0m
[32m[Inf][961]C: 9845, D: 7526[0m
[32m[Inf][962]C: 9845, D: 7526[0m
[32m[Inf][963]C: 9845, D: 7526[0m
[32m[Inf][964]C: 9845, D: 7526[0m
[32m[Inf][965]C: 9845, D: 7526[0m
[32m[Inf][966]C: 9845, D: 7526[0m
[Log] [967]Terminating program (user signal)
[Log] [968]Gracefully closing window
[Log] [969]Writing to log file, bye.