[Log] [1]Console initialized
[90m[dmp][2]Resizing to [79, 158][0m
[90m[dmp][3]Resizing done[0m
[Log] [4]Start rendering thread
[33m[WRN][5]render() with no scene![0m
[32m[Inf][6]C: 11326, D: 8840[0m
[32m[Inf][7]C: 11326, D: 8840[0m
[32m[Inf][8]C: 11326, D: 8840[0m
[32m[Inf][9]C: 11326, D: 8840[0m
[32m[Inf][10]C: 11326, D: 8840[0m
[32m[Inf][11]C: 11326, D: 8840[0m
[32m[Inf][12]C: 11326, D: 8840[0m
[32m[Inf][13]C: 11326, D: 8840[0m
[32m[Inf][14]C: 11326, D: 8840[0m
[32m[Inf][15]C: 11326, D: 8840[0m
[32m[Inf][16]C: 11326, D: 8840[0m
[32m[Inf][17]C: 11326, D: 8840[0m
[32m[Inf][18]C: 11326, D: 8840[0m
[32m[Inf][19]C: 11326, D: 8840[0m
[32m[Inf][20]C: 11326, D: 8840[0m
[32m[Inf][21]C: 11326, D: 8840[0m
[32m[Inf][22]C: 11326, D: 8840[0m
[32m[Inf][23]C: 11326, D: 8840[0m
[32m[Inf][24]C: 11326, D: 8840[0m
[32m[Inf][25]C: 11326, D: 8840[0m
[32m[Inf][26]C: 11326, D: 8840[0m
[32m[Inf][27]C: 11326, D: 8840[0m
[32m[Inf][28]C: 11326, D: 8840[0m
[32m[Inf][29]C: 11326, D: 8840[0m
[32m[Inf][30]C: 11326, D: 8840[0m
[32m[Inf][31]C: 11326, D: 8840[0m
[32m[Inf][32]C: 11326, D: 8840[0m
[32m[Inf][33]C: 11326, D: 8840[0m
[32m[Inf][34]C: 11326, D: 8840[0m
[32m[Inf][35]C: 11326, D: 8840[0m
[32m[Inf][36]C: 11326, D: 8840[0m
[32m[Inf][37]C: 11326, D: 8840[0m
[32m[Inf][38]C: 11326, D: 8840[0m
[32m[Inf][39]C: 11326, D: 8840[0m
[32m[Inf][40]C: 11326, D: 8840[0m
[32m[Inf][41]C: 11326, D: 8840[0m
[32m[Inf][42]C: 11326, D: 8840[0m
[32m[Inf][43]C: 11326, D: 8840[0m
[32m[Inf][44]C: 11326, D: 8840[0m
[32m[Inf][45]C: 11326, D: 8840[0m
[32m[Inf][46]C: 11326, D: 8840[0m
[32m[Inf][47]C: 11326, D: 8840[0m
[32m[Inf][48]C: 11326, D: 8840[0m
[32m[Inf][49]C: 11326, D: 8840[0m
[32m[Inf][50]C: 11326, D: 8840[0m
[32m[Inf][51]C: 11326, D: 8840[0m
[32m[Inf][52]C: 11326, D: 8840[0m
[32m[Inf][53]C: 11326, D: 8840[0m
[32m[Inf][54]C: 11326, D: 8840[0m
[32m[Inf][55]C: 11326, D: 8840[0m
[32m[Inf][56]C: 11326, D: 8840[0m
[32m[Inf][57]C: 11326, D: 8840[0m
[32m[Inf][58]C: 11326, D: 8840[0m
[32m[Inf][59]C: 11326, D: 8840[0m
[32m[Inf][60]C: 11326, D: 8840[0m
[32m[Inf][61]C: 11326, D: 8840[0m
[32m[Inf][62]C: 11326, D: 8840[0m
[32m[Inf][63]C: 11326, D: 8840[0m
[32m[Inf][64]C: 11326, D: 8840[0m
[32m[Inf][65]C: 11326, D: 8840[0m
[32m[Inf][66]C: 11326, D: 8840[0m
[32m[Inf][67]C: 11326, D: 8840[0m
[32m[Inf][68]C: 11326, D: 8840[0m
[32m[Inf][69]C: 11326, D: 8840[0m
[90m[dmp][70]KEY: h[0m
[32m[Inf][71]C: 11326, D: 8840[0m
[32m[Inf][72]C: 11376, D: 8861[0m
[32m[Inf][73]C: 11376, D: 8861[0m
[32m[Inf][74]C: 11376, D: 8861[0m
[32m[Inf][75]C: 11376, D: 8861[0m
[32m[Inf][76]C: 11376, D: 8861[0m
[32m[Inf][77]C: 11376, D: 8861[0m
[32m[Inf][78]C: 11376, D: 8861[0m
[90m[dmp][79]KEY: h[0m
[32m[Inf][80]C: 11376, D: 8861[0m
[32m[Inf][81]C: 11376, D: 8861[0m
[32m[Inf][82]C: 11376, D: 8861[0m
[32m[Inf][83]C: 11376, D: 8861[0m
[90m[dmp][84]KEY: h[0m
[32m[Inf][85]C: 11376, D: 8861[0m
[32m[Inf][86]C: 11376, D: 8861[0m
[32m[Inf][87]C: 11376, D: 8861[0m
[32m[Inf][88]C: 11376, D: 8861[0m
[32m[Inf][89]C: 11376, D: 8861[0m
[32m[Inf][90]C: 11376, D: 8861[0m
[90m[dmp][91]KEY: k[0m
[32m[Inf][92]C: 11458, D: 8915[0m
[32m[Inf][93]C: 11458, D: 8915[0m
[90m[dmp][94]KEY: k[0m
[32m[Inf][95]C: 11489, D: 8932[0m
[32m[Inf][96]C: 11489, D: 8932[0m
[90m[dmp][97]KEY: k[0m
[32m[Inf][98]C: 11489, D: 8932[0m
[32m[Inf][99]C: 11520, D: 8943[0m
[90m[dmp][100]KEY: k[0m
[32m[Inf][101]C: 11520, D: 8943[0m
[32m[Inf][102]C: 11551, D: 8944[0m
[90m[dmp][103]KEY: k[0m
[32m[Inf][104]C: 11551, D: 8944[0m
[32m[Inf][105]C: 11582, D: 8937[0m
[90m[dmp][106]KEY: k[0m
[32m[Inf][107]C: 11582, D: 8937[0m
[32m[Inf][108]C: 11613, D: 8920[0m
[90m[dmp][109]KEY: k[0m
[32m[Inf][110]C: 11613, D: 8920[0m
[32m[Inf][111]C: 11644, D: 8886[0m
[32m[Inf][112]C: 11644, D: 8886[0m
[90m[dmp][113]KEY: j[0m
[32m[Inf][114]C: 11644, D: 8886[0m
[32m[Inf][115]C: 11613, D: 8920[0m
[32m[Inf][116]C: 11613, D: 8920[0m
[32m[Inf][117]C: 11613, D: 8920[0m
[32m[Inf][118]C: 11613, D: 8920[0m
[32m[Inf][119]C: 11613, D: 8920[0m
[32m[Inf][120]C: 11613, D: 8920[0m
[32m[Inf][121]C: 11613, D: 8920[0m
[90m[dmp][122]KEY: j[0m
[32m[Inf][123]C: 11582, D: 8937[0m
[90m[dmp][124]KEY: j[0m
[90m[dmp][125]KEY: j[0m
[32m[Inf][126]C: 11551, D: 8944[0m
[90m[dmp][127]KEY: j[0m
[32m[Inf][128]C: 11489, D: 8932[0m
[90m[dmp][129]KEY: j[0m
[32m[Inf][130]C: 11458, D: 8915[0m
[90m[dmp][131]KEY: j[0m
[90m[dmp][132]KEY: j[0m
[32m[Inf][133]C: 11294, D: 8805[0m
[90m[dmp][134]KEY: j[0m
[32m[Inf][135]C: 11212, D: 8741[0m
[90m[dmp][136]KEY: j[0m
[32m[Inf][137]C: 11130, D: 8672[0m
[90m[dmp][138]KEY: j[0m
[32m[Inf][139]C: 11048, D: 8592[0m
[90m[dmp][140]KEY: h[0m
[32m[Inf][141]C: 11048, D: 8592[0m
[32m[Inf][142]C: 11048, D: 8592[0m
[32m[Inf][143]C: 11048, D: 8592[0m
[32m[Inf][144]C: 11048, D: 8592[0m
[32m[Inf][145]C: 11048, D: 8592[0m
[32m[Inf][146]C: 11048, D: 8592[0m
[32m[Inf][147]C: 11048, D: 8592[0m
[90m[dmp][148]KEY: h[0m
[32m[Inf][149]C: 11048, D: 8592[0m
[32m[Inf][150]C: 11048, D: 8592[0m
[90m[dmp][151]KEY: h[0m
[90m[dmp][152]KEY: h[0m
[32m[Inf][153]C: 11048, D: 8592[0m
[90m[dmp][154]KEY: h[0m
[32m[Inf][155]C: 11048, D: 8592[0m
[90m[dmp][156]KEY: h[0m
[32m[Inf][157]C: 11048, D: 8592[0m
[90m[dmp][158]KEY: h[0m
[90m[dmp][159]KEY: h[0m
[32m[Inf][160]C: 11048, D: 8592[0m
[90m[dmp][161]KEY: h[0m
[32m[Inf][162]C: 11048, D: 8592[0m
[90m[dmp][163]KEY: h[0m
[90m[dmp][164]KEY: h[0m
[32m[Inf][165]C: 11048, D: 8592[0m
[90m[dmp][166]KEY: h[0m
[32m[Inf][167]C: 11048, D: 8592[0m
[90m[dmp][168]KEY: h[0m
[90m[dmp][169]KEY: h[0m
[32m[Inf][170]C: 11048, D: 8592[0m
[90m[dmp][171]KEY: h[0m
[32m[Inf][172]C: 11048, D: 8592[0m
[90m[dmp][173]KEY: h[0m
[90m[dmp][174]KEY: h[0m
[32m[Inf][175]C: 11048, D: 8592[0m
[32m[Inf][176]C: 11048, D: 8592[0m
[90m[dmp][177]KEY: h[0m
[90m[dmp][178]KEY: h[0m
[32m[Inf][179]C: 11048, D: 8592[0m
[32m[Inf][180]C: 11048, D: 8592[0m
[90m[dmp][181]KEY: k[0m
[32m[Inf][182]C: 11130, D: 8672[0m
[32m[Inf][183]C: 11130, D: 8672[0m
[32m[Inf][184]C: 11130, D: 8672[0m
[32m[Inf][185]C: 11130, D: 8672[0m
[32m[Inf][186]C: 11130, D: 8672[0m
[32m[Inf][187]C: 11130, D: 8672[0m
[32m[Inf][188]C: 11130, D: 8672[0m
[32m[Inf][189]C: 11130, D: 8672[0m
[32m[Inf][190]C: 11130, D: 8672[0m
[32m[Inf][191]C: 11130, D: 8672[0m
[32m[Inf][192]C: 11130, D: 8672[0m
[32m[Inf][193]C: 11130, D: 8672[0m
[32m[Inf][194]C: 11130, D: 8672[0m
[32m[Inf][195]C: 11130, D: 8672[0m
[32m[Inf][196]C: 11130, D: 8672[0m
[Log] [197]Terminating program (user signal)
[Log] [198]Gracefully closing window
[32m[Inf][199]C: 11130, D: 8672[0m
[Log] [200]Writing to log file, bye.