[Log] [1]Console initialized
[90m[dmp][2]Resizing to [79, 158][0m
[90m[dmp][3]Resizing done[0m
[Log] [4]Start rendering thread
[90m[dmp][5]KEY: l[0m
[90m[dmp][6]KEY: l[0m
[90m[dmp][7]KEY: k[0m
[90m[dmp][8]KEY: k[0m
[90m[dmp][9]KEY: k[0m
[90m[dmp][10]KEY: k[0m
[90m[dmp][11]KEY: k[0m
[90m[dmp][12]KEY: k[0m
[90m[dmp][13]KEY: j[0m
[90m[dmp][14]KEY: h[0m
[90m[dmp][15]KEY: h[0m
[90m[dmp][16]KEY: k[0m
[90m[dmp][17]KEY: k[0m
[90m[dmp][18]KEY: k[0m
[90m[dmp][19]KEY: k[0m
[90m[dmp][20]KEY: k[0m
[90m[dmp][21]KEY: k[0m
[90m[dmp][22]KEY: k[0m
[90m[dmp][23]KEY: k[0m
[90m[dmp][24]KEY: h[0m
[90m[dmp][25]KEY: h[0m
[90m[dmp][26]KEY: j[0m
[90m[dmp][27]KEY: j[0m
[90m[dmp][28]KEY: j[0m
[90m[dmp][29]KEY: j[0m
[90m[dmp][30]KEY: h[0m
[90m[dmp][31]KEY: h[0m
[Log] [32]Terminating program (user signal)
[Log] [33]Gracefully closing window
[Log] [34]Writing to log file, bye.