[Log] [1]Console initialized
[90m[dmp][2]Resizing to [79, 158][0m
[90m[dmp][3]Resizing done[0m
[Log] [4]Start rendering thread
[33m[WRN][5]render() with no scene![0m
[32m[Inf][6]C: 11326, D: 8840[0m
[32m[Inf][7]C: 11326, D: 8840[0m
[32m[Inf][8]C: 11326, D: 8840[0m
[32m[Inf][9]C: 11326, D: 8840[0m
[32m[Inf][10]C: 11326, D: 8840[0m
[32m[Inf][11]C: 11326, D: 8840[0m
[32m[Inf][12]C: 11326, D: 8840[0m
[32m[Inf][13]C: 11326, D: 8840[0m
[32m[Inf][14]C: 11326, D: 8840[0m
[32m[Inf][15]C: 11326, D: 8840[0m
[32m[Inf][16]C: 11326, D: 8840[0m
[32m[Inf][17]C: 11326, D: 8840[0m
[32m[Inf][18]C: 11326, D: 8840[0m
[90m[dmp][19]KEY: h[0m
[32m[Inf][20]C: 11326, D: 8840[0m
[32m[Inf][21]C: 11376, D: 8861[0m
[32m[Inf][22]C: 11376, D: 8861[0m
[32m[Inf][23]C: 11376, D: 8861[0m
[32m[Inf][24]C: 11376, D: 8861[0m
[32m[Inf][25]C: 11376, D: 8861[0m
[32m[Inf][26]C: 11376, D: 8861[0m
[32m[Inf][27]C: 11376, D: 8861[0m
[32m[Inf][28]C: 11376, D: 8861[0m
[32m[Inf][29]C: 11376, D: 8861[0m
[90m[dmp][30]KEY: h[0m
[32m[Inf][31]C: 11376, D: 8861[0m
[32m[Inf][32]C: 11376, D: 8861[0m
[90m[dmp][33]KEY: h[0m
[32m[Inf][34]C: 11376, D: 8861[0m
[90m[dmp][35]KEY: h[0m
[90m[dmp][36]KEY: h[0m
[90m[dmp][37]KEY: h[0m
[32m[Inf][38]C: 11376, D: 8861[0m
[32m[Inf][39]C: 11376, D: 8861[0m
[90m[dmp][40]KEY: h[0m
[90m[dmp][41]KEY: h[0m
[32m[Inf][42]C: 11376, D: 8861[0m
[90m[dmp][43]KEY: h[0m
[90m[dmp][44]KEY: h[0m
[32m[Inf][45]C: 11376, D: 8861[0m
[32m[Inf][46]C: 11376, D: 8861[0m
[90m[dmp][47]KEY: h[0m
[90m[dmp][48]KEY: h[0m
[32m[Inf][49]C: 11376, D: 8861[0m
[90m[dmp][50]KEY: h[0m
[32m[Inf][51]C: 11376, D: 8861[0m
[90m[dmp][52]KEY: h[0m
[90m[dmp][53]KEY: h[0m
[32m[Inf][54]C: 11376, D: 8861[0m
[90m[dmp][55]KEY: h[0m
[90m[dmp][56]KEY: h[0m
[32m[Inf][57]C: 11376, D: 8861[0m
[32m[Inf][58]C: 11376, D: 8861[0m
[90m[dmp][59]KEY: h[0m
[90m[dmp][60]KEY: h[0m
[32m[Inf][61]C: 11376, D: 8861[0m
[90m[dmp][62]KEY: h[0m
[32m[Inf][63]C: 11376, D: 8861[0m
[90m[dmp][64]KEY: h[0m
[90m[dmp][65]KEY: h[0m
[90m[dmp][66]KEY: h[0m
[32m[Inf][67]C: 11376, D: 8861[0m
[32m[Inf][68]C: 11376, D: 8861[0m
[90m[dmp][69]KEY: h[0m
[90m[dmp][70]KEY: h[0m
[90m[dmp][71]KEY: h[0m
[32m[Inf][72]C: 11376, D: 8861[0m
[32m[Inf][73]C: 11376, D: 8861[0m
[90m[dmp][74]KEY: h[0m
[90m[dmp][75]KEY: h[0m
[32m[Inf][76]C: 11376, D: 8861[0m
[90m[dmp][77]KEY: h[0m
[32m[Inf][78]C: 11376, D: 8861[0m
[90m[dmp][79]KEY: h[0m
[32m[Inf][80]C: 11296, D: 8861[0m
[90m[dmp][81]KEY: h[0m
[90m[dmp][82]KEY: h[0m
[32m[Inf][83]C: 11216, D: 8842[0m
[90m[dmp][84]KEY: h[0m
[90m[dmp][85]KEY: h[0m
[32m[Inf][86]C: 11056, D: 8780[0m
[32m[Inf][87]C: 10952, D: 8741[0m
[90m[dmp][88]KEY: h[0m
[90m[dmp][89]KEY: h[0m
[32m[Inf][90]C: 10744, D: 8625[0m
[90m[dmp][91]KEY: h[0m
[32m[Inf][92]C: 10640, D: 8557[0m
[90m[dmp][93]KEY: h[0m
[90m[dmp][94]KEY: h[0m
[32m[Inf][95]C: 10432, D: 8406[0m
[90m[dmp][96]KEY: h[0m
[32m[Inf][97]C: 10328, D: 8327[0m
[90m[dmp][98]KEY: h[0m
[90m[dmp][99]KEY: h[0m
[90m[dmp][100]KEY: h[0m
[32m[Inf][101]C: 10120, D: 8156[0m
[32m[Inf][102]C: 10016, D: 8067[0m
[90m[dmp][103]KEY: h[0m
[32m[Inf][104]C: 9912, D: 7975[0m
[90m[dmp][105]KEY: k[0m
[32m[Inf][106]C: 9912, D: 7975[0m
[32m[Inf][107]C: 9983, D: 8022[0m
[32m[Inf][108]C: 9983, D: 8022[0m
[32m[Inf][109]C: 9983, D: 8022[0m
[32m[Inf][110]C: 9983, D: 8022[0m
[32m[Inf][111]C: 9983, D: 8022[0m
[32m[Inf][112]C: 9983, D: 8022[0m
[32m[Inf][113]C: 9983, D: 8022[0m
[32m[Inf][114]C: 9983, D: 8022[0m
[90m[dmp][115]KEY: k[0m
[32m[Inf][116]C: 9983, D: 8022[0m
[32m[Inf][117]C: 10003, D: 8032[0m
[90m[dmp][118]KEY: k[0m
[90m[dmp][119]KEY: k[0m
[32m[Inf][120]C: 10023, D: 8037[0m
[32m[Inf][121]C: 10043, D: 8034[0m
[90m[dmp][122]KEY: k[0m
[90m[dmp][123]KEY: k[0m
[90m[dmp][124]KEY: k[0m
[32m[Inf][125]C: 10083, D: 8006[0m
[32m[Inf][126]C: 10103, D: 7973[0m
[90m[dmp][127]KEY: k[0m
[90m[dmp][128]KEY: k[0m
[32m[Inf][129]C: 10103, D: 7935[0m
[32m[Inf][130]C: 10103, D: 7888[0m
[90m[dmp][131]KEY: k[0m
[32m[Inf][132]C: 10103, D: 7832[0m
[90m[dmp][133]KEY: h[0m
[32m[Inf][134]C: 10103, D: 7832[0m
[32m[Inf][135]C: 9992, D: 7737[0m
[32m[Inf][136]C: 9992, D: 7737[0m
[32m[Inf][137]C: 9992, D: 7737[0m
[32m[Inf][138]C: 9992, D: 7737[0m
[32m[Inf][139]C: 9992, D: 7737[0m
[32m[Inf][140]C: 9992, D: 7737[0m
[90m[dmp][141]KEY: +[0m
[32m[Inf][142]C: 15282, D: 10778[0m
[90m[dmp][143]KEY: +[0m
[32m[Inf][144]C: 15282, D: 10778[0m
[32m[Inf][145]C: 19202, D: 12896[0m
[32m[Inf][146]C: 19202, D: 12896[0m
[90m[dmp][147]KEY: h[0m
[32m[Inf][148]C: 19202, D: 12896[0m
[32m[Inf][149]C: 19202, D: 12854[0m
[32m[Inf][150]C: 19202, D: 12854[0m
[32m[Inf][151]C: 19202, D: 12854[0m
[32m[Inf][152]C: 19202, D: 12854[0m
[32m[Inf][153]C: 19202, D: 12854[0m
[90m[dmp][154]KEY: h[0m
[90m[dmp][155]KEY: h[0m
[32m[Inf][156]C: 19202, D: 12813[0m
[90m[dmp][157]KEY: h[0m
[32m[Inf][158]C: 19202, D: 12772[0m
[90m[dmp][159]KEY: h[0m
[32m[Inf][160]C: 19202, D: 12725[0m
[90m[dmp][161]KEY: h[0m
[32m[Inf][162]C: 19202, D: 12675[0m
[90m[dmp][163]KEY: h[0m
[90m[dmp][164]KEY: h[0m
[32m[Inf][165]C: 19202, D: 12563[0m
[90m[dmp][166]KEY: h[0m
[90m[dmp][167]KEY: h[0m
[32m[Inf][168]C: 19202, D: 12471[0m
[90m[dmp][169]KEY: h[0m
[90m[dmp][170]KEY: h[0m
[32m[Inf][171]C: 19202, D: 12360[0m
[90m[dmp][172]KEY: h[0m
[90m[dmp][173]KEY: h[0m
[32m[Inf][174]C: 19202, D: 12257[0m
[90m[dmp][175]KEY: h[0m
[90m[dmp][176]KEY: h[0m
[32m[Inf][177]C: 19202, D: 12178[0m
[90m[dmp][178]KEY: h[0m
[90m[dmp][179]KEY: h[0m
[32m[Inf][180]C: 19202, D: 12123[0m
[90m[dmp][181]KEY: h[0m
[90m[dmp][182]KEY: h[0m
[32m[Inf][183]C: 19202, D: 12058[0m
[90m[dmp][184]KEY: h[0m
[90m[dmp][185]KEY: h[0m
[32m[Inf][186]C: 19042, D: 11942[0m
[90m[dmp][187]KEY: h[0m
[90m[dmp][188]KEY: h[0m
[32m[Inf][189]C: 18882, D: 11822[0m
[90m[dmp][190]KEY: h[0m
[90m[dmp][191]KEY: h[0m
[32m[Inf][192]C: 18722, D: 11698[0m
[90m[dmp][193]KEY: h[0m
[90m[dmp][194]KEY: h[0m
[90m[dmp][195]KEY: j[0m
[32m[Inf][196]C: 18482, D: 11518[0m
[32m[Inf][197]C: 18482, D: 11514[0m
[32m[Inf][198]C: 18482, D: 11514[0m
[32m[Inf][199]C: 18482, D: 11514[0m
[32m[Inf][200]C: 18482, D: 11514[0m
[32m[Inf][201]C: 18482, D: 11514[0m
[90m[dmp][202]KEY: j[0m
[32m[Inf][203]C: 18482, D: 11514[0m
[90m[dmp][204]KEY: j[0m
[90m[dmp][205]KEY: j[0m
[32m[Inf][206]C: 18482, D: 11514[0m
[90m[dmp][207]KEY: j[0m
[90m[dmp][208]KEY: j[0m
[32m[Inf][209]C: 18482, D: 11541[0m
[90m[dmp][210]KEY: j[0m
[90m[dmp][211]KEY: j[0m
[90m[dmp][212]KEY: j[0m
[32m[Inf][213]C: 18482, D: 11625[0m
[90m[dmp][214]KEY: j[0m
[90m[dmp][215]KEY: k[0m
[32m[Inf][216]C: 18482, D: 11691[0m
[32m[Inf][217]C: 18482, D: 11663[0m
[32m[Inf][218]C: 18482, D: 11663[0m
[32m[Inf][219]C: 18482, D: 11663[0m
[32m[Inf][220]C: 18482, D: 11663[0m
[90m[dmp][221]KEY: k[0m
[32m[Inf][222]C: 18482, D: 11663[0m
[90m[dmp][223]KEY: k[0m
[90m[dmp][224]KEY: k[0m
[32m[Inf][225]C: 18482, D: 11596[0m
[90m[dmp][226]KEY: k[0m
[90m[dmp][227]KEY: k[0m
[32m[Inf][228]C: 18482, D: 11541[0m
[90m[dmp][229]KEY: k[0m
[90m[dmp][230]KEY: k[0m
[32m[Inf][231]C: 18482, D: 11514[0m
[90m[dmp][232]KEY: k[0m
[90m[dmp][233]KEY: k[0m
[32m[Inf][234]C: 18482, D: 11514[0m
[90m[dmp][235]KEY: k[0m
[90m[dmp][236]KEY: k[0m
[90m[dmp][237]KEY: k[0m
[32m[Inf][238]C: 18482, D: 11474[0m
[90m[dmp][239]KEY: k[0m
[90m[dmp][240]KEY: k[0m
[32m[Inf][241]C: 18482, D: 11453[0m
[90m[dmp][242]KEY: k[0m
[90m[dmp][243]KEY: k[0m
[32m[Inf][244]C: 18482, D: 11442[0m
[90m[dmp][245]KEY: k[0m
[90m[dmp][246]KEY: k[0m
[32m[Inf][247]C: 18482, D: 11382[0m
[90m[dmp][248]KEY: k[0m
[90m[dmp][249]KEY: k[0m
[90m[dmp][250]KEY: k[0m
[32m[Inf][251]C: 18482, D: 11300[0m
[90m[dmp][252]KEY: k[0m
[90m[dmp][253]KEY: k[0m
[32m[Inf][254]C: 18482, D: 11276[0m
[90m[dmp][255]KEY: k[0m
[90m[dmp][256]KEY: k[0m
[32m[Inf][257]C: 18482, D: 11228[0m
[90m[dmp][258]KEY: k[0m
[90m[dmp][259]KEY: k[0m
[32m[Inf][260]C: 18482, D: 11166[0m
[90m[dmp][261]KEY: k[0m
[90m[dmp][262]KEY: k[0m
[32m[Inf][263]C: 18482, D: 11112[0m
[32m[Inf][264]C: 18482, D: 11097[0m
[32m[Inf][265]C: 18482, D: 11097[0m
[32m[Inf][266]C: 18482, D: 11097[0m
[32m[Inf][267]C: 18482, D: 11097[0m
[32m[Inf][268]C: 18482, D: 11097[0m
[32m[Inf][269]C: 18482, D: 11097[0m
[32m[Inf][270]C: 18482, D: 11097[0m
[32m[Inf][271]C: 18482, D: 11097[0m
[32m[Inf][272]C: 18482, D: 11097[0m
[32m[Inf][273]C: 18482, D: 11097[0m
[32m[Inf][274]C: 18482, D: 11097[0m
[32m[Inf][275]C: 18482, D: 11097[0m
[32m[Inf][276]C: 18482, D: 11097[0m
[32m[Inf][277]C: 18482, D: 11097[0m
[32m[Inf][278]C: 18482, D: 11097[0m
[32m[Inf][279]C: 18482, D: 11097[0m
[32m[Inf][280]C: 18482, D: 11097[0m
[32m[Inf][281]C: 18482, D: 11097[0m
[32m[Inf][282]C: 18482, D: 11097[0m
[32m[Inf][283]C: 18482, D: 11097[0m
[32m[Inf][284]C: 18482, D: 11097[0m
[32m[Inf][285]C: 18482, D: 11097[0m
[32m[Inf][286]C: 18482, D: 11097[0m
[32m[Inf][287]C: 18482, D: 11097[0m
[32m[Inf][288]C: 18482, D: 11097[0m
[32m[Inf][289]C: 18482, D: 11097[0m
[32m[Inf][290]C: 18482, D: 11097[0m
[32m[Inf][291]C: 18482, D: 11097[0m
[32m[Inf][292]C: 18482, D: 11097[0m
[32m[Inf][293]C: 18482, D: 11097[0m
[32m[Inf][294]C: 18482, D: 11097[0m
[32m[Inf][295]C: 18482, D: 11097[0m
[32m[Inf][296]C: 18482, D: 11097[0m
[32m[Inf][297]C: 18482, D: 11097[0m
[32m[Inf][298]C: 18482, D: 11097[0m
[32m[Inf][299]C: 18482, D: 11097[0m
[32m[Inf][300]C: 18482, D: 11097[0m
[32m[Inf][301]C: 18482, D: 11097[0m
[32m[Inf][302]C: 18482, D: 11097[0m
[32m[Inf][303]C: 18482, D: 11097[0m
[32m[Inf][304]C: 18482, D: 11097[0m
[32m[Inf][305]C: 18482, D: 11097[0m
[32m[Inf][306]C: 18482, D: 11097[0m
[32m[Inf][307]C: 18482, D: 11097[0m
[32m[Inf][308]C: 18482, D: 11097[0m
[32m[Inf][309]C: 18482, D: 11097[0m
[32m[Inf][310]C: 18482, D: 11097[0m
[32m[Inf][311]C: 18482, D: 11097[0m
[32m[Inf][312]C: 18482, D: 11097[0m
[32m[Inf][313]C: 18482, D: 11097[0m
[32m[Inf][314]C: 18482, D: 11097[0m
[32m[Inf][315]C: 18482, D: 11097[0m
[32m[Inf][316]C: 18482, D: 11097[0m
[32m[Inf][317]C: 18482, D: 11097[0m
[32m[Inf][318]C: 18482, D: 11097[0m
[32m[Inf][319]C: 18482, D: 11097[0m
[32m[Inf][320]C: 18482, D: 11097[0m
[32m[Inf][321]C: 18482, D: 11097[0m
[32m[Inf][322]C: 18482, D: 11097[0m
[32m[Inf][323]C: 18482, D: 11097[0m
[32m[Inf][324]C: 18482, D: 11097[0m
[32m[Inf][325]C: 18482, D: 11097[0m
[32m[Inf][326]C: 18482, D: 11097[0m
[32m[Inf][327]C: 18482, D: 11097[0m
[32m[Inf][328]C: 18482, D: 11097[0m
[32m[Inf][329]C: 18482, D: 11097[0m
[32m[Inf][330]C: 18482, D: 11097[0m
[32m[Inf][331]C: 18482, D: 11097[0m
[32m[Inf][332]C: 18482, D: 11097[0m
[32m[Inf][333]C: 18482, D: 11097[0m
[32m[Inf][334]C: 18482, D: 11097[0m
[32m[Inf][335]C: 18482, D: 11097[0m
[32m[Inf][336]C: 18482, D: 11097[0m
[32m[Inf][337]C: 18482, D: 11097[0m
[32m[Inf][338]C: 18482, D: 11097[0m
[32m[Inf][339]C: 18482, D: 11097[0m
[32m[Inf][340]C: 18482, D: 11097[0m
[32m[Inf][341]C: 18482, D: 11097[0m
[32m[Inf][342]C: 18482, D: 11097[0m
[32m[Inf][343]C: 18482, D: 11097[0m
[32m[Inf][344]C: 18482, D: 11097[0m
[32m[Inf][345]C: 18482, D: 11097[0m
[32m[Inf][346]C: 18482, D: 11097[0m
[32m[Inf][347]C: 18482, D: 11097[0m
[32m[Inf][348]C: 18482, D: 11097[0m
[32m[Inf][349]C: 18482, D: 11097[0m
[32m[Inf][350]C: 18482, D: 11097[0m
[32m[Inf][351]C: 18482, D: 11097[0m
[32m[Inf][352]C: 18482, D: 11097[0m
[32m[Inf][353]C: 18482, D: 11097[0m
[32m[Inf][354]C: 18482, D: 11097[0m
[32m[Inf][355]C: 18482, D: 11097[0m
[32m[Inf][356]C: 18482, D: 11097[0m
[32m[Inf][357]C: 18482, D: 11097[0m
[32m[Inf][358]C: 18482, D: 11097[0m
[32m[Inf][359]C: 18482, D: 11097[0m
[32m[Inf][360]C: 18482, D: 11097[0m
[32m[Inf][361]C: 18482, D: 11097[0m
[32m[Inf][362]C: 18482, D: 11097[0m
[32m[Inf][363]C: 18482, D: 11097[0m
[32m[Inf][364]C: 18482, D: 11097[0m
[32m[Inf][365]C: 18482, D: 11097[0m
[32m[Inf][366]C: 18482, D: 11097[0m
[32m[Inf][367]C: 18482, D: 11097[0m
[32m[Inf][368]C: 18482, D: 11097[0m
[32m[Inf][369]C: 18482, D: 11097[0m
[32m[Inf][370]C: 18482, D: 11097[0m
[32m[Inf][371]C: 18482, D: 11097[0m
[32m[Inf][372]C: 18482, D: 11097[0m
[32m[Inf][373]C: 18482, D: 11097[0m
[32m[Inf][374]C: 18482, D: 11097[0m
[32m[Inf][375]C: 18482, D: 11097[0m
[32m[Inf][376]C: 18482, D: 11097[0m
[32m[Inf][377]C: 18482, D: 11097[0m
[32m[Inf][378]C: 18482, D: 11097[0m
[32m[Inf][379]C: 18482, D: 11097[0m
[32m[Inf][380]C: 18482, D: 11097[0m
[32m[Inf][381]C: 18482, D: 11097[0m
[32m[Inf][382]C: 18482, D: 11097[0m
[32m[Inf][383]C: 18482, D: 11097[0m
[32m[Inf][384]C: 18482, D: 11097[0m
[32m[Inf][385]C: 18482, D: 11097[0m
[32m[Inf][386]C: 18482, D: 11097[0m
[32m[Inf][387]C: 18482, D: 11097[0m
[32m[Inf][388]C: 18482, D: 11097[0m
[32m[Inf][389]C: 18482, D: 11097[0m
[32m[Inf][390]C: 18482, D: 11097[0m
[32m[Inf][391]C: 18482, D: 11097[0m
[32m[Inf][392]C: 18482, D: 11097[0m
[32m[Inf][393]C: 18482, D: 11097[0m
[32m[Inf][394]C: 18482, D: 11097[0m
[32m[Inf][395]C: 18482, D: 11097[0m
[32m[Inf][396]C: 18482, D: 11097[0m
[32m[Inf][397]C: 18482, D: 11097[0m
[32m[Inf][398]C: 18482, D: 11097[0m
[32m[Inf][399]C: 18482, D: 11097[0m
[32m[Inf][400]C: 18482, D: 11097[0m
[32m[Inf][401]C: 18482, D: 11097[0m
[32m[Inf][402]C: 18482, D: 11097[0m
[32m[Inf][403]C: 18482, D: 11097[0m
[32m[Inf][404]C: 18482, D: 11097[0m
[32m[Inf][405]C: 18482, D: 11097[0m
[32m[Inf][406]C: 18482, D: 11097[0m
[32m[Inf][407]C: 18482, D: 11097[0m
[32m[Inf][408]C: 18482, D: 11097[0m
[32m[Inf][409]C: 18482, D: 11097[0m
[32m[Inf][410]C: 18482, D: 11097[0m
[32m[Inf][411]C: 18482, D: 11097[0m
[32m[Inf][412]C: 18482, D: 11097[0m
[32m[Inf][413]C: 18482, D: 11097[0m
[32m[Inf][414]C: 18482, D: 11097[0m
[32m[Inf][415]C: 18482, D: 11097[0m
[32m[Inf][416]C: 18482, D: 11097[0m
[90m[dmp][417]KEY: -[0m
[32m[Inf][418]C: 18482, D: 11097[0m
[32m[Inf][419]C: 14162, D: 9431[0m
[32m[Inf][420]C: 14162, D: 9431[0m
[32m[Inf][421]C: 14162, D: 9431[0m
[32m[Inf][422]C: 14162, D: 9431[0m
[90m[dmp][423]KEY: -[0m
[32m[Inf][424]C: 14162, D: 9432[0m
[32m[Inf][425]C: 8903, D: 6703[0m
[32m[Inf][426]C: 8903, D: 6703[0m
[32m[Inf][427]C: 8903, D: 6703[0m
[32m[Inf][428]C: 8903, D: 6703[0m
[32m[Inf][429]C: 8903, D: 6703[0m
[32m[Inf][430]C: 8903, D: 6703[0m
[32m[Inf][431]C: 8903, D: 6703[0m
[32m[Inf][432]C: 8903, D: 6703[0m
[32m[Inf][433]C: 8903, D: 6703[0m
[32m[Inf][434]C: 8903, D: 6703[0m
[32m[Inf][435]C: 8903, D: 6703[0m
[90m[dmp][436]KEY: +[0m
[32m[Inf][437]C: 14162, D: 9431[0m
[90m[dmp][438]KEY: +[0m
[32m[Inf][439]C: 14162, D: 9431[0m
[32m[Inf][440]C: 18482, D: 11097[0m
[32m[Inf][441]C: 18482, D: 11097[0m
[90m[dmp][442]KEY: +[0m
[32m[Inf][443]C: 17842, D: 9902[0m
[32m[Inf][444]C: 17842, D: 9902[0m
[32m[Inf][445]C: 17842, D: 9902[0m
[32m[Inf][446]C: 17842, D: 9902[0m
[90m[dmp][447]KEY: +[0m
[32m[Inf][448]C: 17842, D: 9902[0m
[32m[Inf][449]C: 16562, D: 7351[0m
[32m[Inf][450]C: 16562, D: 7351[0m
[32m[Inf][451]C: 16562, D: 7351[0m
[32m[Inf][452]C: 16562, D: 7351[0m
[32m[Inf][453]C: 16562, D: 7351[0m
[32m[Inf][454]C: 16562, D: 7351[0m
[32m[Inf][455]C: 16562, D: 7351[0m
[32m[Inf][456]C: 16562, D: 7351[0m
[32m[Inf][457]C: 16562, D: 7351[0m
[32m[Inf][458]C: 16562, D: 7351[0m
[32m[Inf][459]C: 16562, D: 7351[0m
[32m[Inf][460]C: 16562, D: 7351[0m
[32m[Inf][461]C: 16562, D: 7351[0m
[32m[Inf][462]C: 16562, D: 7351[0m
[32m[Inf][463]C: 16562, D: 7351[0m
[32m[Inf][464]C: 16562, D: 7351[0m
[90m[dmp][465]KEY: h[0m
[32m[Inf][466]C: 16562, D: 7351[0m
[32m[Inf][467]C: 16482, D: 7282[0m
[32m[Inf][468]C: 16482, D: 7282[0m
[32m[Inf][469]C: 16482, D: 7282[0m
[32m[Inf][470]C: 16482, D: 7282[0m
[32m[Inf][471]C: 16482, D: 7282[0m
[90m[dmp][472]KEY: h[0m
[32m[Inf][473]C: 16482, D: 7282[0m
[90m[dmp][474]KEY: h[0m
[90m[dmp][475]KEY: h[0m
[32m[Inf][476]C: 16322, D: 7146[0m
[90m[dmp][477]KEY: h[0m
[32m[Inf][478]C: 16242, D: 7073[0m
[90m[dmp][479]KEY: h[0m
[32m[Inf][480]C: 16162, D: 7011[0m
[90m[dmp][481]KEY: h[0m
[32m[Inf][482]C: 16002, D: 6906[0m
[90m[dmp][483]KEY: h[0m
[90m[dmp][484]KEY: h[0m
[90m[dmp][485]KEY: h[0m
[32m[Inf][486]C: 15842, D: 6809[0m
[90m[dmp][487]KEY: h[0m
[90m[dmp][488]KEY: h[0m
[32m[Inf][489]C: 15682, D: 6720[0m
[90m[dmp][490]KEY: h[0m
[90m[dmp][491]KEY: h[0m
[32m[Inf][492]C: 15522, D: 6640[0m
[90m[dmp][493]KEY: h[0m
[90m[dmp][494]KEY: h[0m
[32m[Inf][495]C: 15362, D: 6566[0m
[90m[dmp][496]KEY: h[0m
[32m[Inf][497]C: 15282, D: 6530[0m
[90m[dmp][498]KEY: h[0m
[32m[Inf][499]C: 15202, D: 6496[0m
[90m[dmp][500]KEY: h[0m
[32m[Inf][501]C: 15122, D: 6463[0m
[90m[dmp][502]KEY: h[0m
[32m[Inf][503]C: 15042, D: 6427[0m
[90m[dmp][504]KEY: h[0m
[32m[Inf][505]C: 14962, D: 6392[0m
[32m[Inf][506]C: 14882, D: 6358[0m
[90m[dmp][507]KEY: j[0m
[32m[Inf][508]C: 14882, D: 6358[0m
[32m[Inf][509]C: 14882, D: 6382[0m
[32m[Inf][510]C: 14882, D: 6382[0m
[32m[Inf][511]C: 14882, D: 6382[0m
[32m[Inf][512]C: 14882, D: 6382[0m
[32m[Inf][513]C: 14882, D: 6382[0m
[32m[Inf][514]C: 14882, D: 6382[0m
[90m[dmp][515]KEY: k[0m
[32m[Inf][516]C: 14882, D: 6382[0m
[32m[Inf][517]C: 14882, D: 6358[0m
[32m[Inf][518]C: 14882, D: 6358[0m
[32m[Inf][519]C: 14882, D: 6358[0m
[32m[Inf][520]C: 14882, D: 6358[0m
[32m[Inf][521]C: 14882, D: 6358[0m
[90m[dmp][522]KEY: k[0m
[32m[Inf][523]C: 14882, D: 6358[0m
[90m[dmp][524]KEY: k[0m
[32m[Inf][525]C: 14882, D: 6327[0m
[32m[Inf][526]C: 14882, D: 6295[0m
[90m[dmp][527]KEY: k[0m
[90m[dmp][528]KEY: k[0m
[32m[Inf][529]C: 14882, D: 6234[0m
[90m[dmp][530]KEY: k[0m
[90m[dmp][531]KEY: k[0m
[90m[dmp][532]KEY: k[0m
[32m[Inf][533]C: 14882, D: 6193[0m
[90m[dmp][534]KEY: k[0m
[90m[dmp][535]KEY: k[0m
[32m[Inf][536]C: 14882, D: 6192[0m
[90m[dmp][537]KEY: k[0m
[32m[Inf][538]C: 14882, D: 6195[0m
[90m[dmp][539]KEY: k[0m
[90m[dmp][540]KEY: k[0m
[32m[Inf][541]C: 14882, D: 6210[0m
[90m[dmp][542]KEY: k[0m
[32m[Inf][543]C: 14882, D: 6226[0m
[32m[Inf][544]C: 14882, D: 6250[0m
[90m[dmp][545]KEY: k[0m
[90m[dmp][546]KEY: k[0m
[32m[Inf][547]C: 14882, D: 6318[0m
[90m[dmp][548]KEY: k[0m
[90m[dmp][549]KEY: k[0m
[90m[dmp][550]KEY: k[0m
[32m[Inf][551]C: 14882, D: 6395[0m
[90m[dmp][552]KEY: k[0m
[90m[dmp][553]KEY: k[0m
[32m[Inf][554]C: 14882, D: 6457[0m
[90m[dmp][555]KEY: k[0m
[90m[dmp][556]KEY: k[0m
[32m[Inf][557]C: 14882, D: 6505[0m
[90m[dmp][558]KEY: k[0m
[32m[Inf][559]C: 14882, D: 6521[0m
[90m[dmp][560]KEY: k[0m
[32m[Inf][561]C: 14882, D: 6531[0m
[90m[dmp][562]KEY: k[0m
[32m[Inf][563]C: 14882, D: 6531[0m
[90m[dmp][564]KEY: k[0m
[90m[dmp][565]KEY: k[0m
[32m[Inf][566]C: 14882, D: 6541[0m
[32m[Inf][567]C: 14882, D: 6570[0m
[90m[dmp][568]KEY: k[0m
[90m[dmp][569]KEY: k[0m
[90m[dmp][570]KEY: k[0m
[32m[Inf][571]C: 14882, D: 6668[0m
[90m[dmp][572]KEY: k[0m
[90m[dmp][573]KEY: k[0m
[32m[Inf][574]C: 14882, D: 6785[0m
[90m[dmp][575]KEY: k[0m
[90m[dmp][576]KEY: k[0m
[32m[Inf][577]C: 14882, D: 6903[0m
[90m[dmp][578]KEY: k[0m
[90m[dmp][579]KEY: k[0m
[32m[Inf][580]C: 14882, D: 6998[0m
[90m[dmp][581]KEY: k[0m
[32m[Inf][582]C: 14882, D: 7037[0m
[90m[dmp][583]KEY: k[0m
[90m[dmp][584]KEY: k[0m
[32m[Inf][585]C: 14882, D: 7100[0m
[32m[Inf][586]C: 14882, D: 7125[0m
[90m[dmp][587]KEY: k[0m
[32m[Inf][588]C: 14882, D: 7141[0m
[32m[Inf][589]C: 14882, D: 7141[0m
[32m[Inf][590]C: 14882, D: 7141[0m
[32m[Inf][591]C: 14882, D: 7141[0m
[32m[Inf][592]C: 14882, D: 7141[0m
[32m[Inf][593]C: 14882, D: 7141[0m
[32m[Inf][594]C: 14882, D: 7141[0m
[32m[Inf][595]C: 14882, D: 7141[0m
[32m[Inf][596]C: 14882, D: 7141[0m
[32m[Inf][597]C: 14882, D: 7141[0m
[32m[Inf][598]C: 14882, D: 7141[0m
[32m[Inf][599]C: 14882, D: 7141[0m
[32m[Inf][600]C: 14882, D: 7141[0m
[32m[Inf][601]C: 14882, D: 7141[0m
[32m[Inf][602]C: 14882, D: 7141[0m
[32m[Inf][603]C: 14882, D: 7141[0m
[32m[Inf][604]C: 14882, D: 7141[0m
[32m[Inf][605]C: 14882, D: 7141[0m
[32m[Inf][606]C: 14882, D: 7141[0m
[32m[Inf][607]C: 14882, D: 7141[0m
[32m[Inf][608]C: 14882, D: 7141[0m
[32m[Inf][609]C: 14882, D: 7141[0m
[Log] [610]Terminating program (user signal)
[Log] [611]Gracefully closing window
[32m[Inf][612]C: 14882, D: 7141[0m
[Log] [613]Writing to log file, bye.