[Log] [1]Console initialized
[90m[dmp][2]Resizing to [79, 158][0m
[90m[dmp][3]Resizing done[0m
[Log] [4]Start rendering thread
[32m[Inf][5]C: 11326, D: 8840[0m
[90m[dmp][6]KEY: h[0m
[32m[Inf][7]C: 11376, D: 8861[0m
[90m[dmp][8]KEY: h[0m
[32m[Inf][9]C: 11376, D: 8861[0m
[90m[dmp][10]KEY: h[0m
[32m[Inf][11]C: 11376, D: 8861[0m
[90m[dmp][12]KEY: h[0m
[90m[dmp][13]KEY: h[0m
[32m[Inf][14]C: 11376, D: 8861[0m
[32m[Inf][15]C: 11376, D: 8861[0m
[90m[dmp][16]KEY: h[0m
[90m[dmp][17]KEY: h[0m
[32m[Inf][18]C: 11376, D: 8861[0m
[90m[dmp][19]KEY: h[0m
[32m[Inf][20]C: 11376, D: 8861[0m
[90m[dmp][21]KEY: h[0m
[90m[dmp][22]KEY: h[0m
[32m[Inf][23]C: 11376, D: 8861[0m
[90m[dmp][24]KEY: h[0m
[90m[dmp][25]KEY: h[0m
[32m[Inf][26]C: 11376, D: 8861[0m
[32m[Inf][27]C: 11376, D: 8861[0m
[90m[dmp][28]KEY: h[0m
[90m[dmp][29]KEY: h[0m
[32m[Inf][30]C: 11376, D: 8861[0m
[90m[dmp][31]KEY: h[0m
[32m[Inf][32]C: 11376, D: 8861[0m
[90m[dmp][33]KEY: h[0m
[90m[dmp][34]KEY: h[0m
[32m[Inf][35]C: 11376, D: 8861[0m
[90m[dmp][36]KEY: h[0m
[90m[dmp][37]KEY: h[0m
[32m[Inf][38]C: 11376, D: 8861[0m
[32m[Inf][39]C: 11376, D: 8861[0m
[90m[dmp][40]KEY: h[0m
[90m[dmp][41]KEY: h[0m
[32m[Inf][42]C: 11376, D: 8861[0m
[90m[dmp][43]KEY: h[0m
[32m[Inf][44]C: 11376, D: 8861[0m
[90m[dmp][45]KEY: h[0m
[90m[dmp][46]KEY: h[0m
[32m[Inf][47]C: 11376, D: 8861[0m
[90m[dmp][48]KEY: h[0m
[90m[dmp][49]KEY: h[0m
[32m[Inf][50]C: 11376, D: 8861[0m
[32m[Inf][51]C: 11376, D: 8861[0m
[90m[dmp][52]KEY: h[0m
[90m[dmp][53]KEY: h[0m
[32m[Inf][54]C: 11376, D: 8861[0m
[90m[dmp][55]KEY: h[0m
[32m[Inf][56]C: 11376, D: 8861[0m
[90m[dmp][57]KEY: h[0m
[90m[dmp][58]KEY: h[0m
[32m[Inf][59]C: 11296, D: 8861[0m
[90m[dmp][60]KEY: h[0m
[90m[dmp][61]KEY: h[0m
[32m[Inf][62]C: 11136, D: 8815[0m
[32m[Inf][63]C: 11056, D: 8780[0m
[90m[dmp][64]KEY: h[0m
[90m[dmp][65]KEY: h[0m
[32m[Inf][66]C: 10848, D: 8687[0m
[90m[dmp][67]KEY: h[0m
[32m[Inf][68]C: 10744, D: 8625[0m
[90m[dmp][69]KEY: h[0m
[90m[dmp][70]KEY: h[0m
[32m[Inf][71]C: 10640, D: 8557[0m
[90m[dmp][72]KEY: h[0m
[32m[Inf][73]C: 10432, D: 8406[0m
[90m[dmp][74]KEY: h[0m
[90m[dmp][75]KEY: h[0m
[32m[Inf][76]C: 10328, D: 8327[0m
[32m[Inf][77]C: 10224, D: 8243[0m
[90m[dmp][78]KEY: h[0m
[32m[Inf][79]C: 10120, D: 8156[0m
[90m[dmp][80]KEY: k[0m
[32m[Inf][81]C: 10193, D: 8205[0m
[90m[dmp][82]KEY: k[0m
[32m[Inf][83]C: 10215, D: 8217[0m
[90m[dmp][84]KEY: k[0m
[32m[Inf][85]C: 10237, D: 8224[0m
[90m[dmp][86]KEY: k[0m
[32m[Inf][87]C: 10259, D: 8223[0m
[90m[dmp][88]KEY: k[0m
[90m[dmp][89]KEY: k[0m
[32m[Inf][90]C: 10281, D: 8215[0m
[32m[Inf][91]C: 10303, D: 8198[0m
[90m[dmp][92]KEY: k[0m
[90m[dmp][93]KEY: k[0m
[32m[Inf][94]C: 10325, D: 8124[0m
[90m[dmp][95]KEY: k[0m
[90m[dmp][96]KEY: k[0m
[32m[Inf][97]C: 10325, D: 8075[0m
[32m[Inf][98]C: 10325, D: 8017[0m
[90m[dmp][99]KEY: k[0m
[90m[dmp][100]KEY: k[0m
[90m[dmp][101]KEY: k[0m
[32m[Inf][102]C: 10237, D: 7862[0m
[32m[Inf][103]C: 10149, D: 7783[0m
[90m[dmp][104]KEY: k[0m
[32m[Inf][105]C: 10061, D: 7703[0m
[90m[dmp][106]KEY: h[0m
[32m[Inf][107]C: 9953, D: 7616[0m
[90m[dmp][108]KEY: h[0m
[32m[Inf][109]C: 9845, D: 7526[0m
[90m[dmp][110]KEY: h[0m
[90m[dmp][111]KEY: h[0m
[32m[Inf][112]C: 9737, D: 7435[0m
[32m[Inf][113]C: 9629, D: 7343[0m
[90m[dmp][114]KEY: h[0m
[90m[dmp][115]KEY: h[0m
[32m[Inf][116]C: 9413, D: 7156[0m
[90m[dmp][117]KEY: h[0m
[32m[Inf][118]C: 9305, D: 7061[0m
[90m[dmp][119]KEY: h[0m
[90m[dmp][120]KEY: h[0m
[32m[Inf][121]C: 9197, D: 6966[0m
[90m[dmp][122]KEY: h[0m
[32m[Inf][123]C: 8981, D: 6773[0m
[90m[dmp][124]KEY: +[0m
[32m[Inf][125]C: 14162, D: 9496[0m
[90m[dmp][126]KEY: +[0m
[32m[Inf][127]C: 18482, D: 11187[0m
[90m[dmp][128]KEY: +[0m
[32m[Inf][129]C: 17842, D: 10200[0m
[90m[dmp][130]KEY: h[0m
[32m[Inf][131]C: 17762, D: 10128[0m
[90m[dmp][132]KEY: h[0m
[32m[Inf][133]C: 17682, D: 10060[0m
[90m[dmp][134]KEY: h[0m
[32m[Inf][135]C: 17602, D: 10000[0m
[90m[dmp][136]KEY: h[0m
[32m[Inf][137]C: 17522, D: 9937[0m
[90m[dmp][138]KEY: h[0m
[32m[Inf][139]C: 17442, D: 9869[0m
[90m[dmp][140]KEY: h[0m
[32m[Inf][141]C: 17362, D: 9801[0m
[90m[dmp][142]KEY: h[0m
[32m[Inf][143]C: 17282, D: 9724[0m
[90m[dmp][144]KEY: h[0m
[90m[dmp][145]KEY: h[0m
[32m[Inf][146]C: 17202, D: 9643[0m
[32m[Inf][147]C: 17122, D: 9556[0m
[90m[dmp][148]KEY: h[0m
[32m[Inf][149]C: 17042, D: 9467[0m
[Log] [150]Terminating program (user signal)
[Log] [151]Gracefully closing window
[Log] [152]Writing to log file, bye.