[Log] [1]Console initialized
[90m[dmp][2]Resizing to [35, 80][0m
[90m[dmp][3]Resizing done[0m
[Log] [4]Start rendering thread
[33m[WRN][5]render() with no scene![0m
[32m[Inf][6]C: 3276, D: 3086[0m
[32m[Inf][7]C: 3276, D: 3086[0m
[32m[Inf][8]C: 3276, D: 3086[0m
[32m[Inf][9]C: 3276, D: 3086[0m
[32m[Inf][10]C: 3276, D: 3086[0m
[32m[Inf][11]C: 3276, D: 3086[0m
[32m[Inf][12]C: 3276, D: 3086[0m
[32m[Inf][13]C: 3276, D: 3086[0m
[32m[Inf][14]C: 3276, D: 3086[0m
[32m[Inf][15]C: 3276, D: 3086[0m
[32m[Inf][16]C: 3276, D: 3086[0m
[32m[Inf][17]C: 3276, D: 3086[0m
[32m[Inf][18]C: 3276, D: 3086[0m
[32m[Inf][19]C: 3276, D: 3086[0m
[32m[Inf][20]C: 3276, D: 3086[0m
[32m[Inf][21]C: 3276, D: 3086[0m
[32m[Inf][22]C: 3276, D: 3086[0m
[32m[Inf][23]C: 3276, D: 3086[0m
[32m[Inf][24]C: 3276, D: 3086[0m
[32m[Inf][25]C: 3276, D: 3086[0m
[32m[Inf][26]C: 3276, D: 3086[0m
[32m[Inf][27]C: 3276, D: 3086[0m
[32m[Inf][28]C: 3276, D: 3086[0m
[32m[Inf][29]C: 3276, D: 3086[0m
[32m[Inf][30]C: 3276, D: 3086[0m
[32m[Inf][31]C: 3276, D: 3086[0m
[32m[Inf][32]C: 3276, D: 3086[0m
[32m[Inf][33]C: 3276, D: 3086[0m
[32m[Inf][34]C: 3276, D: 3086[0m
[32m[Inf][35]C: 3276, D: 3086[0m
[32m[Inf][36]C: 3276, D: 3086[0m
[32m[Inf][37]C: 3276, D: 3086[0m
[32m[Inf][38]C: 3276, D: 3086[0m
[32m[Inf][39]C: 3276, D: 3086[0m
[32m[Inf][40]C: 3276, D: 3086[0m
[32m[Inf][41]C: 3276, D: 3086[0m
[32m[Inf][42]C: 3276, D: 3086[0m
[32m[Inf][43]C: 3276, D: 3086[0m
[32m[Inf][44]C: 3276, D: 3086[0m
[32m[Inf][45]C: 3276, D: 3086[0m
[32m[Inf][46]C: 3276, D: 3086[0m
[32m[Inf][47]C: 3276, D: 3086[0m
[32m[Inf][48]C: 3276, D: 3086[0m
[32m[Inf][49]C: 3276, D: 3086[0m
[32m[Inf][50]C: 3276, D: 3086[0m
[32m[Inf][51]C: 3276, D: 3086[0m
[32m[Inf][52]C: 3276, D: 3086[0m
[32m[Inf][53]C: 3276, D: 3086[0m
[90m[dmp][54]KEY: j[0m
[32m[Inf][55]C: 3276, D: 3086[0m
[32m[Inf][56]C: 3240, D: 3070[0m
[32m[Inf][57]C: 3240, D: 3070[0m
[32m[Inf][58]C: 3240, D: 3070[0m
[32m[Inf][59]C: 3240, D: 3070[0m
[32m[Inf][60]C: 3240, D: 3070[0m
[32m[Inf][61]C: 3240, D: 3070[0m
[32m[Inf][62]C: 3240, D: 3070[0m
[32m[Inf][63]C: 3240, D: 3070[0m
[32m[Inf][64]C: 3240, D: 3070[0m
[32m[Inf][65]C: 3240, D: 3070[0m
[32m[Inf][66]C: 3240, D: 3070[0m
[32m[Inf][67]C: 3240, D: 3070[0m
[32m[Inf][68]C: 3240, D: 3070[0m
[32m[Inf][69]C: 3240, D: 3070[0m
[32m[Inf][70]C: 3240, D: 3070[0m
[32m[Inf][71]C: 3240, D: 3070[0m
[90m[dmp][72]KEY: h[0m
[32m[Inf][73]C: 3240, D: 3070[0m
[32m[Inf][74]C: 3266, D: 3085[0m
[32m[Inf][75]C: 3266, D: 3085[0m
[32m[Inf][76]C: 3266, D: 3085[0m
[32m[Inf][77]C: 3266, D: 3085[0m
[32m[Inf][78]C: 3266, D: 3085[0m
[32m[Inf][79]C: 3266, D: 3085[0m
[32m[Inf][80]C: 3266, D: 3085[0m
[32m[Inf][81]C: 3266, D: 3085[0m
[32m[Inf][82]C: 3266, D: 3085[0m
[32m[Inf][83]C: 3266, D: 3085[0m
[32m[Inf][84]C: 3266, D: 3085[0m
[32m[Inf][85]C: 3266, D: 3085[0m
[32m[Inf][86]C: 3266, D: 3085[0m
[32m[Inf][87]C: 3266, D: 3085[0m
[32m[Inf][88]C: 3266, D: 3085[0m
[32m[Inf][89]C: 3266, D: 3085[0m
[90m[dmp][90]KEY: h[0m
[32m[Inf][91]C: 3266, D: 3085[0m
[32m[Inf][92]C: 3292, D: 3098[0m
[32m[Inf][93]C: 3292, D: 3098[0m
[90m[dmp][94]KEY: h[0m
[32m[Inf][95]C: 3318, D: 3114[0m
[90m[dmp][96]KEY: h[0m
[32m[Inf][97]C: 3344, D: 3124[0m
[32m[Inf][98]C: 3344, D: 3124[0m
[90m[dmp][99]KEY: h[0m
[32m[Inf][100]C: 3370, D: 3133[0m
[90m[dmp][101]KEY: h[0m
[32m[Inf][102]C: 3396, D: 3144[0m
[90m[dmp][103]KEY: h[0m
[32m[Inf][104]C: 3396, D: 3144[0m
[32m[Inf][105]C: 3422, D: 3154[0m
[90m[dmp][106]KEY: h[0m
[32m[Inf][107]C: 3448, D: 3155[0m
[32m[Inf][108]C: 3448, D: 3155[0m
[90m[dmp][109]KEY: h[0m
[32m[Inf][110]C: 3474, D: 3153[0m
[32m[Inf][111]C: 3474, D: 3153[0m
[90m[dmp][112]KEY: h[0m
[32m[Inf][113]C: 3500, D: 3131[0m
[90m[dmp][114]KEY: h[0m
[32m[Inf][115]C: 3500, D: 3131[0m
[32m[Inf][116]C: 3490, D: 3113[0m
[32m[Inf][117]C: 3490, D: 3113[0m
[90m[dmp][118]KEY: h[0m
[32m[Inf][119]C: 3480, D: 3093[0m
[90m[dmp][120]KEY: h[0m
[32m[Inf][121]C: 3470, D: 3066[0m
[32m[Inf][122]C: 3470, D: 3066[0m
[90m[dmp][123]KEY: h[0m
[32m[Inf][124]C: 3460, D: 3050[0m
[90m[dmp][125]KEY: h[0m
[32m[Inf][126]C: 3460, D: 3050[0m
[32m[Inf][127]C: 3450, D: 3032[0m
[90m[dmp][128]KEY: h[0m
[32m[Inf][129]C: 3440, D: 3010[0m
[32m[Inf][130]C: 3440, D: 3010[0m
[90m[dmp][131]KEY: h[0m
[32m[Inf][132]C: 3430, D: 2984[0m
[90m[dmp][133]KEY: h[0m
[32m[Inf][134]C: 3430, D: 2984[0m
[32m[Inf][135]C: 3420, D: 2962[0m
[90m[dmp][136]KEY: h[0m
[32m[Inf][137]C: 3410, D: 2942[0m
[32m[Inf][138]C: 3410, D: 2942[0m
[90m[dmp][139]KEY: h[0m
[32m[Inf][140]C: 3400, D: 2919[0m
[90m[dmp][141]KEY: h[0m
[32m[Inf][142]C: 3400, D: 2919[0m
[32m[Inf][143]C: 3390, D: 2897[0m
[90m[dmp][144]KEY: h[0m
[32m[Inf][145]C: 3380, D: 2875[0m
[32m[Inf][146]C: 3380, D: 2875[0m
[90m[dmp][147]KEY: h[0m
[32m[Inf][148]C: 3370, D: 2849[0m
[90m[dmp][149]KEY: h[0m
[32m[Inf][150]C: 3370, D: 2849[0m
[32m[Inf][151]C: 3360, D: 2823[0m
[90m[dmp][152]KEY: h[0m
[32m[Inf][153]C: 3350, D: 2800[0m
[32m[Inf][154]C: 3350, D: 2800[0m
[90m[dmp][155]KEY: h[0m
[32m[Inf][156]C: 3341, D: 2780[0m
[32m[Inf][157]C: 3341, D: 2780[0m
[90m[dmp][158]KEY: h[0m
[32m[Inf][159]C: 3332, D: 2757[0m
[90m[dmp][160]KEY: h[0m
[32m[Inf][161]C: 3332, D: 2757[0m
[32m[Inf][162]C: 3323, D: 2733[0m
[90m[dmp][163]KEY: h[0m
[32m[Inf][164]C: 3314, D: 2711[0m
[32m[Inf][165]C: 3314, D: 2711[0m
[90m[dmp][166]KEY: h[0m
[32m[Inf][167]C: 3305, D: 2689[0m
[90m[dmp][168]KEY: h[0m
[32m[Inf][169]C: 3296, D: 2666[0m
[32m[Inf][170]C: 3296, D: 2666[0m
[90m[dmp][171]KEY: h[0m
[32m[Inf][172]C: 3287, D: 2644[0m
[90m[dmp][173]KEY: h[0m
[32m[Inf][174]C: 3287, D: 2644[0m
[32m[Inf][175]C: 3278, D: 2624[0m
[32m[Inf][176]C: 3278, D: 2624[0m
[90m[dmp][177]KEY: h[0m
[32m[Inf][178]C: 3269, D: 2604[0m
[90m[dmp][179]KEY: h[0m
[32m[Inf][180]C: 3260, D: 2581[0m
[32m[Inf][181]C: 3260, D: 2581[0m
[90m[dmp][182]KEY: h[0m
[32m[Inf][183]C: 3251, D: 2557[0m
[90m[dmp][184]KEY: h[0m
[32m[Inf][185]C: 3251, D: 2557[0m
[32m[Inf][186]C: 3242, D: 2536[0m
[90m[dmp][187]KEY: h[0m
[32m[Inf][188]C: 3233, D: 2510[0m
[32m[Inf][189]C: 3233, D: 2510[0m
[90m[dmp][190]KEY: h[0m
[32m[Inf][191]C: 3224, D: 2490[0m
[90m[dmp][192]KEY: h[0m
[32m[Inf][193]C: 3224, D: 2490[0m
[32m[Inf][194]C: 3215, D: 2471[0m
[90m[dmp][195]KEY: h[0m
[32m[Inf][196]C: 3179, D: 2435[0m
[32m[Inf][197]C: 3179, D: 2435[0m
[90m[dmp][198]KEY: h[0m
[32m[Inf][199]C: 3143, D: 2399[0m
[32m[Inf][200]C: 3143, D: 2399[0m
[32m[Inf][201]C: 3143, D: 2399[0m
[32m[Inf][202]C: 3143, D: 2399[0m
[90m[dmp][203]KEY: l[0m
[32m[Inf][204]C: 3179, D: 2435[0m
[32m[Inf][205]C: 3179, D: 2435[0m
[32m[Inf][206]C: 3179, D: 2435[0m
[32m[Inf][207]C: 3179, D: 2435[0m
[32m[Inf][208]C: 3179, D: 2435[0m
[32m[Inf][209]C: 3179, D: 2435[0m
[90m[dmp][210]KEY: l[0m
[32m[Inf][211]C: 3215, D: 2471[0m
[32m[Inf][212]C: 3215, D: 2471[0m
[32m[Inf][213]C: 3215, D: 2471[0m
[32m[Inf][214]C: 3215, D: 2471[0m
[32m[Inf][215]C: 3215, D: 2471[0m
[32m[Inf][216]C: 3215, D: 2471[0m
[32m[Inf][217]C: 3215, D: 2471[0m
[32m[Inf][218]C: 3215, D: 2471[0m
[90m[dmp][219]KEY: k[0m
[32m[Inf][220]C: 3266, D: 2494[0m
[32m[Inf][221]C: 3266, D: 2494[0m
[32m[Inf][222]C: 3266, D: 2494[0m
[32m[Inf][223]C: 3266, D: 2494[0m
[32m[Inf][224]C: 3266, D: 2494[0m
[90m[dmp][225]KEY: k[0m
[32m[Inf][226]C: 3317, D: 2520[0m
[32m[Inf][227]C: 3317, D: 2520[0m
[32m[Inf][228]C: 3317, D: 2520[0m
[32m[Inf][229]C: 3317, D: 2520[0m
[32m[Inf][230]C: 3317, D: 2520[0m
[90m[dmp][231]KEY: k[0m
[32m[Inf][232]C: 3317, D: 2520[0m
[32m[Inf][233]C: 3368, D: 2545[0m
[32m[Inf][234]C: 3368, D: 2545[0m
[32m[Inf][235]C: 3368, D: 2545[0m
[32m[Inf][236]C: 3368, D: 2545[0m
[90m[dmp][237]KEY: k[0m
[32m[Inf][238]C: 3419, D: 2569[0m
[32m[Inf][239]C: 3419, D: 2569[0m
[32m[Inf][240]C: 3419, D: 2569[0m
[32m[Inf][241]C: 3419, D: 2569[0m
[32m[Inf][242]C: 3419, D: 2569[0m
[32m[Inf][243]C: 3419, D: 2569[0m
[90m[dmp][244]KEY: k[0m
[32m[Inf][245]C: 3470, D: 2587[0m
[32m[Inf][246]C: 3470, D: 2587[0m
[32m[Inf][247]C: 3470, D: 2587[0m
[32m[Inf][248]C: 3470, D: 2587[0m
[32m[Inf][249]C: 3470, D: 2587[0m
[90m[dmp][250]KEY: k[0m
[32m[Inf][251]C: 3470, D: 2587[0m
[32m[Inf][252]C: 3521, D: 2610[0m
[32m[Inf][253]C: 3521, D: 2610[0m
[32m[Inf][254]C: 3521, D: 2610[0m
[90m[dmp][255]KEY: h[0m
[32m[Inf][256]C: 3485, D: 2574[0m
[32m[Inf][257]C: 3485, D: 2574[0m
[32m[Inf][258]C: 3485, D: 2574[0m
[32m[Inf][259]C: 3485, D: 2574[0m
[32m[Inf][260]C: 3485, D: 2574[0m
[32m[Inf][261]C: 3485, D: 2574[0m
[90m[dmp][262]KEY: k[0m
[32m[Inf][263]C: 3485, D: 2574[0m
[32m[Inf][264]C: 3536, D: 2594[0m
[32m[Inf][265]C: 3536, D: 2594[0m
[32m[Inf][266]C: 3536, D: 2594[0m
[32m[Inf][267]C: 3536, D: 2594[0m
[32m[Inf][268]C: 3536, D: 2594[0m
[32m[Inf][269]C: 3536, D: 2594[0m
[90m[dmp][270]KEY: k[0m
[32m[Inf][271]C: 3536, D: 2594[0m
[32m[Inf][272]C: 3587, D: 2615[0m
[32m[Inf][273]C: 3587, D: 2615[0m
[32m[Inf][274]C: 3587, D: 2615[0m
[90m[dmp][275]KEY: h[0m
[32m[Inf][276]C: 3551, D: 2579[0m
[32m[Inf][277]C: 3551, D: 2579[0m
[32m[Inf][278]C: 3551, D: 2579[0m
[32m[Inf][279]C: 3551, D: 2579[0m
[32m[Inf][280]C: 3551, D: 2579[0m
[32m[Inf][281]C: 3551, D: 2579[0m
[32m[Inf][282]C: 3551, D: 2579[0m
[32m[Inf][283]C: 3551, D: 2579[0m
[32m[Inf][284]C: 3551, D: 2579[0m
[90m[dmp][285]KEY: h[0m
[32m[Inf][286]C: 3551, D: 2579[0m
[32m[Inf][287]C: 3515, D: 2543[0m
[32m[Inf][288]C: 3515, D: 2543[0m
[32m[Inf][289]C: 3515, D: 2543[0m
[32m[Inf][290]C: 3515, D: 2543[0m
[32m[Inf][291]C: 3515, D: 2543[0m
[32m[Inf][292]C: 3515, D: 2543[0m
[32m[Inf][293]C: 3515, D: 2543[0m
[32m[Inf][294]C: 3515, D: 2543[0m
[32m[Inf][295]C: 3515, D: 2543[0m
[32m[Inf][296]C: 3515, D: 2543[0m
[32m[Inf][297]C: 3515, D: 2543[0m
[32m[Inf][298]C: 3515, D: 2543[0m
[32m[Inf][299]C: 3515, D: 2543[0m
[32m[Inf][300]C: 3515, D: 2543[0m
[32m[Inf][301]C: 3515, D: 2543[0m
[32m[Inf][302]C: 3515, D: 2543[0m
[32m[Inf][303]C: 3515, D: 2543[0m
[32m[Inf][304]C: 3515, D: 2543[0m
[90m[dmp][305]KEY: +[0m
[32m[Inf][306]C: 4394, D: 3125[0m
[32m[Inf][307]C: 4394, D: 3125[0m
[32m[Inf][308]C: 4394, D: 3125[0m
[32m[Inf][309]C: 4394, D: 3125[0m
[32m[Inf][310]C: 4394, D: 3125[0m
[32m[Inf][311]C: 4394, D: 3125[0m
[32m[Inf][312]C: 4394, D: 3125[0m
[32m[Inf][313]C: 4394, D: 3125[0m
[32m[Inf][314]C: 4394, D: 3125[0m
[32m[Inf][315]C: 4394, D: 3125[0m
[32m[Inf][316]C: 4394, D: 3125[0m
[32m[Inf][317]C: 4394, D: 3125[0m
[32m[Inf][318]C: 4394, D: 3125[0m
[32m[Inf][319]C: 4394, D: 3125[0m
[90m[dmp][320]KEY: +[0m
[32m[Inf][321]C: 4394, D: 3125[0m
[32m[Inf][322]C: 5402, D: 3806[0m
[32m[Inf][323]C: 5402, D: 3806[0m
[32m[Inf][324]C: 5402, D: 3806[0m
[32m[Inf][325]C: 5402, D: 3806[0m
[32m[Inf][326]C: 5402, D: 3806[0m
[32m[Inf][327]C: 5402, D: 3806[0m
[32m[Inf][328]C: 5402, D: 3806[0m
[32m[Inf][329]C: 5402, D: 3806[0m
[32m[Inf][330]C: 5402, D: 3806[0m
[32m[Inf][331]C: 5402, D: 3806[0m
[32m[Inf][332]C: 5402, D: 3806[0m
[32m[Inf][333]C: 5402, D: 3806[0m
[90m[dmp][334]KEY: k[0m
[32m[Inf][335]C: 5402, D: 3800[0m
[32m[Inf][336]C: 5402, D: 3800[0m
[32m[Inf][337]C: 5402, D: 3800[0m
[32m[Inf][338]C: 5402, D: 3800[0m
[32m[Inf][339]C: 5402, D: 3800[0m
[32m[Inf][340]C: 5402, D: 3800[0m
[32m[Inf][341]C: 5402, D: 3800[0m
[32m[Inf][342]C: 5402, D: 3800[0m
[32m[Inf][343]C: 5402, D: 3800[0m
[32m[Inf][344]C: 5402, D: 3800[0m
[32m[Inf][345]C: 5402, D: 3800[0m
[32m[Inf][346]C: 5402, D: 3800[0m
[32m[Inf][347]C: 5402, D: 3800[0m
[32m[Inf][348]C: 5402, D: 3800[0m
[90m[dmp][349]KEY: k[0m
[32m[Inf][350]C: 5402, D: 3800[0m
[32m[Inf][351]C: 5402, D: 3797[0m
[90m[dmp][352]KEY: k[0m
[32m[Inf][353]C: 5402, D: 3791[0m
[90m[dmp][354]KEY: k[0m
[32m[Inf][355]C: 5402, D: 3776[0m
[32m[Inf][356]C: 5402, D: 3776[0m
[90m[dmp][357]KEY: k[0m
[32m[Inf][358]C: 5402, D: 3764[0m
[90m[dmp][359]KEY: k[0m
[32m[Inf][360]C: 5402, D: 3755[0m
[90m[dmp][361]KEY: k[0m
[32m[Inf][362]C: 5402, D: 3749[0m
[90m[dmp][363]KEY: k[0m
[32m[Inf][364]C: 5402, D: 3749[0m
[32m[Inf][365]C: 5402, D: 3731[0m
[90m[dmp][366]KEY: k[0m
[32m[Inf][367]C: 5402, D: 3708[0m
[90m[dmp][368]KEY: k[0m
[32m[Inf][369]C: 5402, D: 3693[0m
[32m[Inf][370]C: 5402, D: 3693[0m
[90m[dmp][371]KEY: k[0m
[32m[Inf][372]C: 5402, D: 3679[0m
[90m[dmp][373]KEY: k[0m
[32m[Inf][374]C: 5402, D: 3676[0m
[90m[dmp][375]KEY: k[0m
[32m[Inf][376]C: 5402, D: 3676[0m
[32m[Inf][377]C: 5402, D: 3690[0m
[90m[dmp][378]KEY: k[0m
[32m[Inf][379]C: 5402, D: 3713[0m
[90m[dmp][380]KEY: k[0m
[32m[Inf][381]C: 5402, D: 3744[0m
[90m[dmp][382]KEY: k[0m
[32m[Inf][383]C: 5402, D: 3744[0m
[32m[Inf][384]C: 5402, D: 3753[0m
[90m[dmp][385]KEY: k[0m
[32m[Inf][386]C: 5402, D: 3748[0m
[90m[dmp][387]KEY: k[0m
[32m[Inf][388]C: 5402, D: 3738[0m
[32m[Inf][389]C: 5402, D: 3738[0m
[90m[dmp][390]KEY: k[0m
[32m[Inf][391]C: 5402, D: 3731[0m
[90m[dmp][392]KEY: k[0m
[32m[Inf][393]C: 5402, D: 3716[0m
[90m[dmp][394]KEY: k[0m
[32m[Inf][395]C: 5402, D: 3700[0m
[32m[Inf][396]C: 5402, D: 3700[0m
[90m[dmp][397]KEY: k[0m
[32m[Inf][398]C: 5402, D: 3683[0m
[90m[dmp][399]KEY: k[0m
[32m[Inf][400]C: 5402, D: 3666[0m
[90m[dmp][401]KEY: k[0m
[32m[Inf][402]C: 5402, D: 3643[0m
[32m[Inf][403]C: 5402, D: 3643[0m
[90m[dmp][404]KEY: k[0m
[32m[Inf][405]C: 5402, D: 3623[0m
[90m[dmp][406]KEY: k[0m
[32m[Inf][407]C: 5402, D: 3610[0m
[90m[dmp][408]KEY: k[0m
[32m[Inf][409]C: 5402, D: 3610[0m
[32m[Inf][410]C: 5402, D: 3605[0m
[90m[dmp][411]KEY: k[0m
[32m[Inf][412]C: 5402, D: 3596[0m
[90m[dmp][413]KEY: k[0m
[32m[Inf][414]C: 5402, D: 3585[0m
[32m[Inf][415]C: 5402, D: 3585[0m
[90m[dmp][416]KEY: k[0m
[32m[Inf][417]C: 5402, D: 3566[0m
[90m[dmp][418]KEY: k[0m
[32m[Inf][419]C: 5402, D: 3544[0m
[90m[dmp][420]KEY: k[0m
[32m[Inf][421]C: 5402, D: 3538[0m
[32m[Inf][422]C: 5402, D: 3538[0m
[90m[dmp][423]KEY: k[0m
[32m[Inf][424]C: 5402, D: 3539[0m
[90m[dmp][425]KEY: k[0m
[32m[Inf][426]C: 5402, D: 3529[0m
[90m[dmp][427]KEY: k[0m
[32m[Inf][428]C: 5402, D: 3517[0m
[90m[dmp][429]KEY: k[0m
[32m[Inf][430]C: 5402, D: 3517[0m
[32m[Inf][431]C: 5402, D: 3499[0m
[90m[dmp][432]KEY: k[0m
[32m[Inf][433]C: 5402, D: 3480[0m
[90m[dmp][434]KEY: k[0m
[32m[Inf][435]C: 5402, D: 3480[0m
[32m[Inf][436]C: 5402, D: 3458[0m
[90m[dmp][437]KEY: k[0m
[32m[Inf][438]C: 5402, D: 3440[0m
[90m[dmp][439]KEY: k[0m
[32m[Inf][440]C: 5402, D: 3423[0m
[90m[dmp][441]KEY: k[0m
[32m[Inf][442]C: 5402, D: 3423[0m
[32m[Inf][443]C: 5402, D: 3402[0m
[90m[dmp][444]KEY: k[0m
[32m[Inf][445]C: 5402, D: 3379[0m
[90m[dmp][446]KEY: k[0m
[32m[Inf][447]C: 5402, D: 3361[0m
[90m[dmp][448]KEY: k[0m
[32m[Inf][449]C: 5402, D: 3361[0m
[32m[Inf][450]C: 5402, D: 3347[0m
[90m[dmp][451]KEY: k[0m
[32m[Inf][452]C: 5402, D: 3340[0m
[90m[dmp][453]KEY: k[0m
[32m[Inf][454]C: 5402, D: 3340[0m
[32m[Inf][455]C: 5402, D: 3329[0m
[90m[dmp][456]KEY: k[0m
[32m[Inf][457]C: 5402, D: 3310[0m
[90m[dmp][458]KEY: k[0m
[32m[Inf][459]C: 5402, D: 3310[0m
[32m[Inf][460]C: 5402, D: 3280[0m
[90m[dmp][461]KEY: k[0m
[32m[Inf][462]C: 5402, D: 3251[0m
[90m[dmp][463]KEY: k[0m
[32m[Inf][464]C: 5402, D: 3216[0m
[32m[Inf][465]C: 5402, D: 3216[0m
[90m[dmp][466]KEY: k[0m
[32m[Inf][467]C: 5402, D: 3180[0m
[90m[dmp][468]KEY: k[0m
[32m[Inf][469]C: 5402, D: 3160[0m
[90m[dmp][470]KEY: k[0m
[32m[Inf][471]C: 5402, D: 3160[0m
[32m[Inf][472]C: 5402, D: 3159[0m
[90m[dmp][473]KEY: k[0m
[32m[Inf][474]C: 5402, D: 3158[0m
[90m[dmp][475]KEY: k[0m
[32m[Inf][476]C: 5402, D: 3158[0m
[32m[Inf][477]C: 5402, D: 3150[0m
[90m[dmp][478]KEY: k[0m
[90m[dmp][479]KEY: k[0m
[32m[Inf][480]C: 5402, D: 3143[0m
[32m[Inf][481]C: 5402, D: 3132[0m
[90m[dmp][482]KEY: k[0m
[32m[Inf][483]C: 5402, D: 3122[0m
[90m[dmp][484]KEY: k[0m
[32m[Inf][485]C: 5402, D: 3108[0m
[90m[dmp][486]KEY: k[0m
[32m[Inf][487]C: 5402, D: 3108[0m
[32m[Inf][488]C: 5402, D: 3096[0m
[90m[dmp][489]KEY: k[0m
[32m[Inf][490]C: 5402, D: 3081[0m
[90m[dmp][491]KEY: k[0m
[32m[Inf][492]C: 5402, D: 3081[0m
[32m[Inf][493]C: 5402, D: 3061[0m
[90m[dmp][494]KEY: k[0m
[90m[dmp][495]KEY: k[0m
[32m[Inf][496]C: 5402, D: 3044[0m
[32m[Inf][497]C: 5402, D: 3015[0m
[90m[dmp][498]KEY: k[0m
[32m[Inf][499]C: 5402, D: 2997[0m
[90m[dmp][500]KEY: k[0m
[32m[Inf][501]C: 5402, D: 2997[0m
[32m[Inf][502]C: 5402, D: 2981[0m
[90m[dmp][503]KEY: k[0m
[90m[dmp][504]KEY: k[0m
[32m[Inf][505]C: 5402, D: 2970[0m
[32m[Inf][506]C: 5402, D: 2942[0m
[90m[dmp][507]KEY: k[0m
[32m[Inf][508]C: 5402, D: 2914[0m
[90m[dmp][509]KEY: k[0m
[32m[Inf][510]C: 5402, D: 2914[0m
[32m[Inf][511]C: 5402, D: 2893[0m
[90m[dmp][512]KEY: k[0m
[32m[Inf][513]C: 5402, D: 2875[0m
[90m[dmp][514]KEY: k[0m
[32m[Inf][515]C: 5402, D: 2875[0m
[32m[Inf][516]C: 5402, D: 2858[0m
[90m[dmp][517]KEY: k[0m
[32m[Inf][518]C: 5402, D: 2832[0m
[90m[dmp][519]KEY: k[0m
[32m[Inf][520]C: 5402, D: 2797[0m
[90m[dmp][521]KEY: k[0m
[32m[Inf][522]C: 5402, D: 2797[0m
[32m[Inf][523]C: 5402, D: 2754[0m
[90m[dmp][524]KEY: k[0m
[32m[Inf][525]C: 5402, D: 2704[0m
[90m[dmp][526]KEY: k[0m
[32m[Inf][527]C: 5402, D: 2704[0m
[32m[Inf][528]C: 5402, D: 2664[0m
[90m[dmp][529]KEY: k[0m
[32m[Inf][530]C: 5402, D: 2632[0m
[90m[dmp][531]KEY: k[0m
[32m[Inf][532]C: 5402, D: 2632[0m
[32m[Inf][533]C: 5402, D: 2600[0m
[90m[dmp][534]KEY: k[0m
[32m[Inf][535]C: 5402, D: 2570[0m
[90m[dmp][536]KEY: k[0m
[32m[Inf][537]C: 5402, D: 2570[0m
[32m[Inf][538]C: 5402, D: 2537[0m
[90m[dmp][539]KEY: k[0m
[32m[Inf][540]C: 5402, D: 2499[0m
[90m[dmp][541]KEY: k[0m
[32m[Inf][542]C: 5402, D: 2499[0m
[32m[Inf][543]C: 5402, D: 2474[0m
[90m[dmp][544]KEY: k[0m
[32m[Inf][545]C: 5402, D: 2454[0m
[90m[dmp][546]KEY: k[0m
[32m[Inf][547]C: 5402, D: 2454[0m
[32m[Inf][548]C: 5402, D: 2429[0m
[90m[dmp][549]KEY: k[0m
[32m[Inf][550]C: 5402, D: 2405[0m
[90m[dmp][551]KEY: k[0m
[32m[Inf][552]C: 5402, D: 2405[0m
[32m[Inf][553]C: 5402, D: 2384[0m
[90m[dmp][554]KEY: k[0m
[32m[Inf][555]C: 5402, D: 2367[0m
[90m[dmp][556]KEY: k[0m
[32m[Inf][557]C: 5402, D: 2367[0m
[32m[Inf][558]C: 5402, D: 2346[0m
[90m[dmp][559]KEY: k[0m
[32m[Inf][560]C: 5402, D: 2328[0m
[90m[dmp][561]KEY: k[0m
[32m[Inf][562]C: 5402, D: 2328[0m
[32m[Inf][563]C: 5402, D: 2313[0m
[90m[dmp][564]KEY: k[0m
[32m[Inf][565]C: 5402, D: 2290[0m
[90m[dmp][566]KEY: k[0m
[32m[Inf][567]C: 5402, D: 2259[0m
[32m[Inf][568]C: 5402, D: 2259[0m
[90m[dmp][569]KEY: k[0m
[32m[Inf][570]C: 5402, D: 2228[0m
[90m[dmp][571]KEY: k[0m
[32m[Inf][572]C: 5402, D: 2205[0m
[90m[dmp][573]KEY: k[0m
[32m[Inf][574]C: 5402, D: 2205[0m
[32m[Inf][575]C: 5402, D: 2185[0m
[90m[dmp][576]KEY: k[0m
[32m[Inf][577]C: 5402, D: 2163[0m
[90m[dmp][578]KEY: k[0m
[32m[Inf][579]C: 5402, D: 2163[0m
[32m[Inf][580]C: 5402, D: 2132[0m
[90m[dmp][581]KEY: k[0m
[32m[Inf][582]C: 5402, D: 2097[0m
[90m[dmp][583]KEY: k[0m
[32m[Inf][584]C: 5402, D: 2097[0m
[32m[Inf][585]C: 5402, D: 2078[0m
[90m[dmp][586]KEY: k[0m
[32m[Inf][587]C: 5402, D: 2051[0m
[90m[dmp][588]KEY: k[0m
[32m[Inf][589]C: 5402, D: 2021[0m
[32m[Inf][590]C: 5402, D: 2021[0m
[90m[dmp][591]KEY: k[0m
[32m[Inf][592]C: 5402, D: 1990[0m
[90m[dmp][593]KEY: k[0m
[32m[Inf][594]C: 5402, D: 1974[0m
[90m[dmp][595]KEY: k[0m
[32m[Inf][596]C: 5402, D: 1974[0m
[32m[Inf][597]C: 5402, D: 1958[0m
[90m[dmp][598]KEY: k[0m
[32m[Inf][599]C: 5402, D: 1931[0m
[32m[Inf][600]C: 5402, D: 1931[0m
[90m[dmp][601]KEY: k[0m
[32m[Inf][602]C: 5402, D: 1899[0m
[90m[dmp][603]KEY: k[0m
[32m[Inf][604]C: 5402, D: 1899[0m
[32m[Inf][605]C: 5402, D: 1869[0m
[90m[dmp][606]KEY: k[0m
[32m[Inf][607]C: 5402, D: 1851[0m
[90m[dmp][608]KEY: k[0m
[32m[Inf][609]C: 5402, D: 1851[0m
[32m[Inf][610]C: 5402, D: 1839[0m
[90m[dmp][611]KEY: k[0m
[32m[Inf][612]C: 5402, D: 1840[0m
[90m[dmp][613]KEY: k[0m
[32m[Inf][614]C: 5402, D: 1840[0m
[32m[Inf][615]C: 5402, D: 1853[0m
[90m[dmp][616]KEY: k[0m
[32m[Inf][617]C: 5402, D: 1853[0m
[90m[dmp][618]KEY: k[0m
[32m[Inf][619]C: 5402, D: 1853[0m
[32m[Inf][620]C: 5402, D: 1842[0m
[90m[dmp][621]KEY: k[0m
[32m[Inf][622]C: 5402, D: 1828[0m
[90m[dmp][623]KEY: k[0m
[32m[Inf][624]C: 5402, D: 1828[0m
[32m[Inf][625]C: 5321, D: 1777[0m
[90m[dmp][626]KEY: k[0m
[32m[Inf][627]C: 5240, D: 1729[0m
[90m[dmp][628]KEY: k[0m
[32m[Inf][629]C: 5240, D: 1729[0m
[32m[Inf][630]C: 5159, D: 1683[0m
[90m[dmp][631]KEY: k[0m
[32m[Inf][632]C: 5078, D: 1629[0m
[32m[Inf][633]C: 5078, D: 1629[0m
[90m[dmp][634]KEY: k[0m
[32m[Inf][635]C: 4997, D: 1570[0m
[32m[Inf][636]C: 4997, D: 1570[0m
[90m[dmp][637]KEY: k[0m
[32m[Inf][638]C: 4916, D: 1508[0m
[90m[dmp][639]KEY: k[0m
[32m[Inf][640]C: 4835, D: 1445[0m
[32m[Inf][641]C: 4835, D: 1445[0m
[90m[dmp][642]KEY: k[0m
[32m[Inf][643]C: 4754, D: 1383[0m
[90m[dmp][644]KEY: k[0m
[32m[Inf][645]C: 4754, D: 1383[0m
[32m[Inf][646]C: 4673, D: 1323[0m
[90m[dmp][647]KEY: k[0m
[32m[Inf][648]C: 4592, D: 1260[0m
[32m[Inf][649]C: 4592, D: 1260[0m
[90m[dmp][650]KEY: k[0m
[32m[Inf][651]C: 4511, D: 1196[0m
[32m[Inf][652]C: 4511, D: 1196[0m
[90m[dmp][653]KEY: k[0m
[32m[Inf][654]C: 4430, D: 1132[0m
[90m[dmp][655]KEY: k[0m
[32m[Inf][656]C: 4430, D: 1132[0m
[32m[Inf][657]C: 4349, D: 1074[0m
[32m[Inf][658]C: 4349, D: 1074[0m
[90m[dmp][659]KEY: k[0m
[32m[Inf][660]C: 4268, D: 1021[0m
[90m[dmp][661]KEY: k[0m
[32m[Inf][662]C: 4187, D: 967[0m
[32m[Inf][663]C: 4187, D: 967[0m
[90m[dmp][664]KEY: k[0m
[32m[Inf][665]C: 4106, D: 913[0m
[90m[dmp][666]KEY: k[0m
[32m[Inf][667]C: 4106, D: 913[0m
[32m[Inf][668]C: 4025, D: 858[0m
[90m[dmp][669]KEY: k[0m
[32m[Inf][670]C: 3944, D: 806[0m
[32m[Inf][671]C: 3944, D: 806[0m
[90m[dmp][672]KEY: k[0m
[32m[Inf][673]C: 3863, D: 763[0m
[90m[dmp][674]KEY: l[0m
[32m[Inf][675]C: 3899, D: 774[0m
[32m[Inf][676]C: 3899, D: 774[0m
[32m[Inf][677]C: 3899, D: 774[0m
[32m[Inf][678]C: 3899, D: 774[0m
[32m[Inf][679]C: 3899, D: 774[0m
[32m[Inf][680]C: 3899, D: 774[0m
[32m[Inf][681]C: 3899, D: 774[0m
[32m[Inf][682]C: 3899, D: 774[0m
[32m[Inf][683]C: 3899, D: 774[0m
[32m[Inf][684]C: 3899, D: 774[0m
[32m[Inf][685]C: 3899, D: 774[0m
[32m[Inf][686]C: 3899, D: 774[0m
[32m[Inf][687]C: 3899, D: 774[0m
[32m[Inf][688]C: 3899, D: 774[0m
[32m[Inf][689]C: 3899, D: 774[0m
[32m[Inf][690]C: 3899, D: 774[0m
[32m[Inf][691]C: 3899, D: 774[0m
[90m[dmp][692]KEY: l[0m
[32m[Inf][693]C: 3935, D: 783[0m
[90m[dmp][694]KEY: l[0m
[32m[Inf][695]C: 3935, D: 783[0m
[32m[Inf][696]C: 3971, D: 791[0m
[90m[dmp][697]KEY: l[0m
[32m[Inf][698]C: 4007, D: 805[0m
[32m[Inf][699]C: 4007, D: 805[0m
[90m[dmp][700]KEY: l[0m
[32m[Inf][701]C: 4043, D: 822[0m
[90m[dmp][702]KEY: l[0m
[32m[Inf][703]C: 4043, D: 822[0m
[32m[Inf][704]C: 4079, D: 844[0m
[90m[dmp][705]KEY: l[0m
[32m[Inf][706]C: 4115, D: 866[0m
[90m[dmp][707]KEY: l[0m
[32m[Inf][708]C: 4115, D: 866[0m
[32m[Inf][709]C: 4151, D: 875[0m
[90m[dmp][710]KEY: l[0m
[32m[Inf][711]C: 4187, D: 882[0m
[32m[Inf][712]C: 4187, D: 882[0m
[90m[dmp][713]KEY: l[0m
[32m[Inf][714]C: 4223, D: 890[0m
[90m[dmp][715]KEY: l[0m
[32m[Inf][716]C: 4223, D: 890[0m
[32m[Inf][717]C: 4259, D: 899[0m
[90m[dmp][718]KEY: l[0m
[32m[Inf][719]C: 4295, D: 911[0m
[90m[dmp][720]KEY: l[0m
[32m[Inf][721]C: 4295, D: 911[0m
[32m[Inf][722]C: 4278, D: 920[0m
[90m[dmp][723]KEY: l[0m
[32m[Inf][724]C: 4261, D: 930[0m
[90m[dmp][725]KEY: l[0m
[32m[Inf][726]C: 4261, D: 930[0m
[32m[Inf][727]C: 4244, D: 942[0m
[32m[Inf][728]C: 4244, D: 942[0m
[90m[dmp][729]KEY: l[0m
[32m[Inf][730]C: 4227, D: 951[0m
[90m[dmp][731]KEY: l[0m
[32m[Inf][732]C: 4210, D: 962[0m
[32m[Inf][733]C: 4210, D: 962[0m
[90m[dmp][734]KEY: l[0m
[32m[Inf][735]C: 4193, D: 977[0m
[90m[dmp][736]KEY: l[0m
[32m[Inf][737]C: 4176, D: 993[0m
[90m[dmp][738]KEY: l[0m
[32m[Inf][739]C: 4176, D: 993[0m
[32m[Inf][740]C: 4159, D: 1008[0m
[32m[Inf][741]C: 4159, D: 1008[0m
[90m[dmp][742]KEY: l[0m
[32m[Inf][743]C: 4142, D: 1020[0m
[90m[dmp][744]KEY: l[0m
[32m[Inf][745]C: 4125, D: 1032[0m
[32m[Inf][746]C: 4125, D: 1032[0m
[90m[dmp][747]KEY: l[0m
[32m[Inf][748]C: 4108, D: 1043[0m
[90m[dmp][749]KEY: l[0m
[32m[Inf][750]C: 4091, D: 1057[0m
[32m[Inf][751]C: 4091, D: 1057[0m
[90m[dmp][752]KEY: l[0m
[32m[Inf][753]C: 4074, D: 1073[0m
[32m[Inf][754]C: 4074, D: 1073[0m
[90m[dmp][755]KEY: l[0m
[32m[Inf][756]C: 4057, D: 1092[0m
[90m[dmp][757]KEY: l[0m
[32m[Inf][758]C: 4040, D: 1114[0m
[90m[dmp][759]KEY: l[0m
[32m[Inf][760]C: 4023, D: 1135[0m
[32m[Inf][761]C: 4023, D: 1135[0m
[90m[dmp][762]KEY: l[0m
[32m[Inf][763]C: 4006, D: 1153[0m
[32m[Inf][764]C: 4006, D: 1153[0m
[90m[dmp][765]KEY: l[0m
[32m[Inf][766]C: 3989, D: 1172[0m
[32m[Inf][767]C: 3989, D: 1172[0m
[90m[dmp][768]KEY: l[0m
[32m[Inf][769]C: 3972, D: 1191[0m
[90m[dmp][770]KEY: l[0m
[32m[Inf][771]C: 3972, D: 1191[0m
[32m[Inf][772]C: 3955, D: 1210[0m
[90m[dmp][773]KEY: l[0m
[32m[Inf][774]C: 3938, D: 1230[0m
[32m[Inf][775]C: 3938, D: 1230[0m
[90m[dmp][776]KEY: l[0m
[32m[Inf][777]C: 3921, D: 1251[0m
[32m[Inf][778]C: 3921, D: 1251[0m
[90m[dmp][779]KEY: l[0m
[32m[Inf][780]C: 3904, D: 1272[0m
[32m[Inf][781]C: 3904, D: 1272[0m
[90m[dmp][782]KEY: l[0m
[32m[Inf][783]C: 3887, D: 1295[0m
[32m[Inf][784]C: 3887, D: 1295[0m
[90m[dmp][785]KEY: l[0m
[32m[Inf][786]C: 3870, D: 1320[0m
[90m[dmp][787]KEY: l[0m
[32m[Inf][788]C: 3853, D: 1344[0m
[90m[dmp][789]KEY: l[0m
[32m[Inf][790]C: 3853, D: 1344[0m
[32m[Inf][791]C: 3836, D: 1370[0m
[90m[dmp][792]KEY: l[0m
[32m[Inf][793]C: 3819, D: 1396[0m
[32m[Inf][794]C: 3819, D: 1396[0m
[90m[dmp][795]KEY: l[0m
[32m[Inf][796]C: 3802, D: 1423[0m
[90m[dmp][797]KEY: l[0m
[32m[Inf][798]C: 3802, D: 1423[0m
[32m[Inf][799]C: 3785, D: 1450[0m
[90m[dmp][800]KEY: l[0m
[32m[Inf][801]C: 3768, D: 1477[0m
[32m[Inf][802]C: 3768, D: 1477[0m
[90m[dmp][803]KEY: l[0m
[32m[Inf][804]C: 3751, D: 1502[0m
[32m[Inf][805]C: 3751, D: 1502[0m
[90m[dmp][806]KEY: h[0m
[32m[Inf][807]C: 3768, D: 1477[0m
[32m[Inf][808]C: 3768, D: 1477[0m
[32m[Inf][809]C: 3768, D: 1477[0m
[32m[Inf][810]C: 3768, D: 1477[0m
[32m[Inf][811]C: 3768, D: 1477[0m
[32m[Inf][812]C: 3768, D: 1477[0m
[32m[Inf][813]C: 3768, D: 1477[0m
[32m[Inf][814]C: 3768, D: 1477[0m
[32m[Inf][815]C: 3768, D: 1477[0m
[32m[Inf][816]C: 3768, D: 1477[0m
[32m[Inf][817]C: 3768, D: 1477[0m
[32m[Inf][818]C: 3768, D: 1477[0m
[32m[Inf][819]C: 3768, D: 1477[0m
[90m[dmp][820]KEY: j[0m
[32m[Inf][821]C: 3818, D: 1550[0m
[32m[Inf][822]C: 3818, D: 1550[0m
[32m[Inf][823]C: 3818, D: 1550[0m
[32m[Inf][824]C: 3818, D: 1550[0m
[32m[Inf][825]C: 3818, D: 1550[0m
[32m[Inf][826]C: 3818, D: 1550[0m
[32m[Inf][827]C: 3818, D: 1550[0m
[32m[Inf][828]C: 3818, D: 1550[0m
[32m[Inf][829]C: 3818, D: 1550[0m
[32m[Inf][830]C: 3818, D: 1550[0m
[32m[Inf][831]C: 3818, D: 1550[0m
[32m[Inf][832]C: 3818, D: 1550[0m
[32m[Inf][833]C: 3818, D: 1550[0m
[32m[Inf][834]C: 3818, D: 1550[0m
[32m[Inf][835]C: 3818, D: 1550[0m
[32m[Inf][836]C: 3818, D: 1550[0m
[90m[dmp][837]KEY: j[0m
[32m[Inf][838]C: 3868, D: 1629[0m
[32m[Inf][839]C: 3868, D: 1629[0m
[90m[dmp][840]KEY: j[0m
[32m[Inf][841]C: 3918, D: 1709[0m
[32m[Inf][842]C: 3918, D: 1709[0m
[90m[dmp][843]KEY: j[0m
[32m[Inf][844]C: 3968, D: 1787[0m
[90m[dmp][845]KEY: j[0m
[32m[Inf][846]C: 4018, D: 1863[0m
[32m[Inf][847]C: 4018, D: 1863[0m
[90m[dmp][848]KEY: j[0m
[32m[Inf][849]C: 4068, D: 1930[0m
[90m[dmp][850]KEY: j[0m
[32m[Inf][851]C: 4118, D: 1995[0m
[90m[dmp][852]KEY: j[0m
[32m[Inf][853]C: 4168, D: 2060[0m
[32m[Inf][854]C: 4168, D: 2060[0m
[90m[dmp][855]KEY: j[0m
[32m[Inf][856]C: 4218, D: 2128[0m
[32m[Inf][857]C: 4218, D: 2128[0m
[90m[dmp][858]KEY: j[0m
[32m[Inf][859]C: 4268, D: 2194[0m
[32m[Inf][860]C: 4268, D: 2194[0m
[90m[dmp][861]KEY: j[0m
[32m[Inf][862]C: 4318, D: 2257[0m
[90m[dmp][863]KEY: j[0m
[32m[Inf][864]C: 4318, D: 2257[0m
[32m[Inf][865]C: 4368, D: 2322[0m
[90m[dmp][866]KEY: j[0m
[32m[Inf][867]C: 4418, D: 2387[0m
[90m[dmp][868]KEY: j[0m
[32m[Inf][869]C: 4468, D: 2451[0m
[32m[Inf][870]C: 4468, D: 2451[0m
[90m[dmp][871]KEY: j[0m
[32m[Inf][872]C: 4518, D: 2514[0m
[32m[Inf][873]C: 4518, D: 2514[0m
[90m[dmp][874]KEY: j[0m
[32m[Inf][875]C: 4568, D: 2576[0m
[90m[dmp][876]KEY: j[0m
[32m[Inf][877]C: 4618, D: 2634[0m
[32m[Inf][878]C: 4618, D: 2634[0m
[90m[dmp][879]KEY: j[0m
[32m[Inf][880]C: 4668, D: 2689[0m
[90m[dmp][881]KEY: j[0m
[32m[Inf][882]C: 4668, D: 2689[0m
[32m[Inf][883]C: 4718, D: 2744[0m
[90m[dmp][884]KEY: j[0m
[32m[Inf][885]C: 4718, D: 2770[0m
[90m[dmp][886]KEY: j[0m
[32m[Inf][887]C: 4718, D: 2770[0m
[32m[Inf][888]C: 4718, D: 2787[0m
[90m[dmp][889]KEY: j[0m
[32m[Inf][890]C: 4718, D: 2801[0m
[32m[Inf][891]C: 4718, D: 2801[0m
[90m[dmp][892]KEY: j[0m
[32m[Inf][893]C: 4718, D: 2812[0m
[32m[Inf][894]C: 4718, D: 2812[0m
[90m[dmp][895]KEY: j[0m
[32m[Inf][896]C: 4718, D: 2836[0m
[90m[dmp][897]KEY: j[0m
[32m[Inf][898]C: 4718, D: 2867[0m
[90m[dmp][899]KEY: j[0m
[32m[Inf][900]C: 4718, D: 2867[0m
[32m[Inf][901]C: 4718, D: 2901[0m
[90m[dmp][902]KEY: j[0m
[32m[Inf][903]C: 4718, D: 2934[0m
[32m[Inf][904]C: 4718, D: 2934[0m
[90m[dmp][905]KEY: j[0m
[32m[Inf][906]C: 4718, D: 2961[0m
[32m[Inf][907]C: 4718, D: 2961[0m
[32m[Inf][908]C: 4718, D: 2961[0m
[32m[Inf][909]C: 4718, D: 2961[0m
[32m[Inf][910]C: 4718, D: 2961[0m
[32m[Inf][911]C: 4718, D: 2961[0m
[32m[Inf][912]C: 4718, D: 2961[0m
[32m[Inf][913]C: 4718, D: 2961[0m
[32m[Inf][914]C: 4718, D: 2961[0m
[32m[Inf][915]C: 4718, D: 2961[0m
[32m[Inf][916]C: 4718, D: 2961[0m
[32m[Inf][917]C: 4718, D: 2961[0m
[32m[Inf][918]C: 4718, D: 2961[0m
[32m[Inf][919]C: 4718, D: 2961[0m
[32m[Inf][920]C: 4718, D: 2961[0m
[32m[Inf][921]C: 4718, D: 2961[0m
[32m[Inf][922]C: 4718, D: 2961[0m
[32m[Inf][923]C: 4718, D: 2961[0m
[32m[Inf][924]C: 4718, D: 2961[0m
[32m[Inf][925]C: 4718, D: 2961[0m
[32m[Inf][926]C: 4718, D: 2961[0m
[32m[Inf][927]C: 4718, D: 2961[0m
[32m[Inf][928]C: 4718, D: 2961[0m
[32m[Inf][929]C: 4718, D: 2961[0m
[32m[Inf][930]C: 4718, D: 2961[0m
[32m[Inf][931]C: 4718, D: 2961[0m
[32m[Inf][932]C: 4718, D: 2961[0m
[32m[Inf][933]C: 4718, D: 2961[0m
[32m[Inf][934]C: 4718, D: 2961[0m
[32m[Inf][935]C: 4718, D: 2961[0m
[32m[Inf][936]C: 4718, D: 2961[0m
[32m[Inf][937]C: 4718, D: 2961[0m
[32m[Inf][938]C: 4718, D: 2961[0m
[32m[Inf][939]C: 4718, D: 2961[0m
[36m[Dbg][940]Window dimensions changed[0m
[90m[dmp][941]Resizing to [36, 82][0m
[90m[dmp][942]Resizing done[0m
[32m[Inf][943]C: 4960, D: 3084[0m
[36m[Dbg][944]Window dimensions changed[0m
[90m[dmp][945]Resizing to [38, 84][0m
[90m[dmp][946]Resizing done[0m
[32m[Inf][947]C: 5345, D: 3311[0m
[36m[Dbg][948]Window dimensions changed[0m
[90m[dmp][949]Resizing to [40, 88][0m
[90m[dmp][950]Resizing done[0m
[32m[Inf][951]C: 5865, D: 3610[0m
[36m[Dbg][952]Window dimensions changed[0m
[90m[dmp][953]Resizing to [41, 89][0m
[90m[dmp][954]Resizing done[0m
[32m[Inf][955]C: 6050, D: 3750[0m
[36m[Dbg][956]Window dimensions changed[0m
[90m[dmp][957]Resizing to [43, 90][0m
[90m[dmp][958]Resizing done[0m
[32m[Inf][959]C: 6426, D: 3946[0m
[36m[Dbg][960]Window dimensions changed[0m
[90m[dmp][961]Resizing to [46, 93][0m
[90m[dmp][962]Resizing done[0m
[32m[Inf][963]C: 7052, D: 4316[0m
[36m[Dbg][964]Window dimensions changed[0m
[90m[dmp][965]Resizing to [47, 94][0m
[90m[dmp][966]Resizing done[0m
[32m[Inf][967]C: 7298, D: 4451[0m
[36m[Dbg][968]Window dimensions changed[0m
[90m[dmp][969]Resizing to [48, 96][0m
[90m[dmp][970]Resizing done[0m
[32m[Inf][971]C: 7597, D: 4595[0m
[36m[Dbg][972]Window dimensions changed[0m
[90m[dmp][973]Resizing to [51, 98][0m
[90m[dmp][974]Resizing done[0m
[32m[Inf][975]C: 8218, D: 4986[0m
[36m[Dbg][976]Window dimensions changed[0m
[90m[dmp][977]Resizing to [53, 101][0m
[90m[dmp][978]Resizing done[0m
[32m[Inf][979]C: 8750, D: 5308[0m
[36m[Dbg][980]Window dimensions changed[0m
[90m[dmp][981]Resizing to [55, 103][0m
[90m[dmp][982]Resizing done[0m
[32m[Inf][983]C: 9181, D: 5551[0m
[36m[Dbg][984]Window dimensions changed[0m
[90m[dmp][985]Resizing to [55, 104][0m
[90m[dmp][986]Resizing done[0m
[32m[Inf][987]C: 9292, D: 5582[0m
[36m[Dbg][988]Window dimensions changed[0m
[90m[dmp][989]Resizing to [57, 105][0m
[90m[dmp][990]Resizing done[0m
[32m[Inf][991]C: 9622, D: 5804[0m
[36m[Dbg][992]Window dimensions changed[0m
[90m[dmp][993]Resizing to [57, 107][0m
[90m[dmp][994]Resizing done[0m
[32m[Inf][995]C: 9794, D: 5888[0m
[36m[Dbg][996]Window dimensions changed[0m
[90m[dmp][997]Resizing to [59, 111][0m
[90m[dmp][998]Resizing done[0m
[32m[Inf][999]C: 10427, D: 6233[0m
[36m[Dbg][1000]Window dimensions changed[0m
[90m[dmp][1001]Resizing to [61, 115][0m
[90m[dmp][1002]Resizing done[0m
[32m[Inf][1003]C: 11080, D: 6580[0m
[36m[Dbg][1004]Window dimensions changed[0m
[90m[dmp][1005]Resizing to [63, 119][0m
[90m[dmp][1006]Resizing done[0m
[32m[Inf][1007]C: 11753, D: 6932[0m
[36m[Dbg][1008]Window dimensions changed[0m
[90m[dmp][1009]Resizing to [66, 123][0m
[90m[dmp][1010]Resizing done[0m
[32m[Inf][1011]C: 12570, D: 7333[0m
[36m[Dbg][1012]Window dimensions changed[0m
[90m[dmp][1013]Resizing to [66, 125][0m
[90m[dmp][1014]Resizing done[0m
[32m[Inf][1015]C: 12764, D: 7435[0m
[36m[Dbg][1016]Window dimensions changed[0m
[90m[dmp][1017]Resizing to [66, 126][0m
[90m[dmp][1018]Resizing done[0m
[32m[Inf][1019]C: 12891, D: 7470[0m
[36m[Dbg][1020]Window dimensions changed[0m
[90m[dmp][1021]Resizing to [67, 127][0m
[90m[dmp][1022]Resizing done[0m
[32m[Inf][1023]C: 13159, D: 7678[0m
[36m[Dbg][1024]Window dimensions changed[0m
[90m[dmp][1025]Resizing to [68, 128][0m
[90m[dmp][1026]Resizing done[0m
[32m[Inf][1027]C: 13417, D: 7757[0m
[36m[Dbg][1028]Window dimensions changed[0m
[90m[dmp][1029]Resizing to [69, 130][0m
[90m[dmp][1030]Resizing done[0m
[32m[Inf][1031]C: 13822, D: 8009[0m
[36m[Dbg][1032]Window dimensions changed[0m
[90m[dmp][1033]Resizing to [69, 131][0m
[90m[dmp][1034]Resizing done[0m
[32m[Inf][1035]C: 13892, D: 8079[0m
[32m[Inf][1036]C: 13892, D: 8079[0m
[32m[Inf][1037]C: 13892, D: 8079[0m
[36m[Dbg][1038]Window dimensions changed[0m
[90m[dmp][1039]Resizing to [70, 131][0m
[90m[dmp][1040]Resizing done[0m
[32m[Inf][1041]C: 14024, D: 8123[0m
[32m[Inf][1042]C: 14024, D: 8123[0m
[36m[Dbg][1043]Window dimensions changed[0m
[90m[dmp][1044]Resizing to [70, 132][0m
[90m[dmp][1045]Resizing done[0m
[32m[Inf][1046]C: 14157, D: 8167[0m
[32m[Inf][1047]C: 14157, D: 8167[0m
[32m[Inf][1048]C: 14157, D: 8167[0m
[36m[Dbg][1049]Window dimensions changed[0m
[90m[dmp][1050]Resizing to [70, 133][0m
[90m[dmp][1051]Resizing done[0m
[32m[Inf][1052]C: 14228, D: 8238[0m
[32m[Inf][1053]C: 14228, D: 8238[0m
[32m[Inf][1054]C: 14228, D: 8238[0m
[32m[Inf][1055]C: 14228, D: 8238[0m
[32m[Inf][1056]C: 14228, D: 8238[0m
[90m[dmp][1057]KEY: j[0m
[32m[Inf][1058]C: 14228, D: 8238[0m
[32m[Inf][1059]C: 14304, D: 8340[0m
[32m[Inf][1060]C: 14304, D: 8340[0m
[32m[Inf][1061]C: 14304, D: 8340[0m
[32m[Inf][1062]C: 14304, D: 8340[0m
[32m[Inf][1063]C: 14304, D: 8340[0m
[32m[Inf][1064]C: 14304, D: 8340[0m
[32m[Inf][1065]C: 14304, D: 8340[0m
[32m[Inf][1066]C: 14304, D: 8340[0m
[90m[dmp][1067]KEY: j[0m
[32m[Inf][1068]C: 14304, D: 8340[0m
[90m[dmp][1069]KEY: j[0m
[90m[dmp][1070]KEY: j[0m
[32m[Inf][1071]C: 14456, D: 8536[0m
[32m[Inf][1072]C: 14532, D: 8640[0m
[90m[dmp][1073]KEY: j[0m
[90m[dmp][1074]KEY: j[0m
[32m[Inf][1075]C: 14608, D: 8743[0m
[32m[Inf][1076]C: 14684, D: 8835[0m
[90m[dmp][1077]KEY: j[0m
[90m[dmp][1078]KEY: j[0m
[32m[Inf][1079]C: 14760, D: 8922[0m
[90m[dmp][1080]KEY: j[0m
[32m[Inf][1081]C: 14912, D: 9088[0m
[90m[dmp][1082]KEY: j[0m
[90m[dmp][1083]KEY: j[0m
[32m[Inf][1084]C: 14912, D: 9134[0m
[32m[Inf][1085]C: 14912, D: 9189[0m
[90m[dmp][1086]KEY: j[0m
[90m[dmp][1087]KEY: j[0m
[32m[Inf][1088]C: 14912, D: 9241[0m
[90m[dmp][1089]KEY: j[0m
[32m[Inf][1090]C: 14912, D: 9338[0m
[90m[dmp][1091]KEY: j[0m
[90m[dmp][1092]KEY: j[0m
[32m[Inf][1093]C: 14912, D: 9394[0m
[32m[Inf][1094]C: 14912, D: 9446[0m
[90m[dmp][1095]KEY: j[0m
[90m[dmp][1096]KEY: j[0m
[32m[Inf][1097]C: 14912, D: 9491[0m
[90m[dmp][1098]KEY: j[0m
[90m[dmp][1099]KEY: j[0m
[32m[Inf][1100]C: 14912, D: 9585[0m
[32m[Inf][1101]C: 14912, D: 9625[0m
[90m[dmp][1102]KEY: j[0m
[90m[dmp][1103]KEY: j[0m
[90m[dmp][1104]KEY: h[0m
[32m[Inf][1105]C: 14912, D: 9719[0m
[32m[Inf][1106]C: 14983, D: 9697[0m
[32m[Inf][1107]C: 14983, D: 9697[0m
[32m[Inf][1108]C: 14983, D: 9697[0m
[32m[Inf][1109]C: 14983, D: 9697[0m
[32m[Inf][1110]C: 14983, D: 9697[0m
[32m[Inf][1111]C: 14983, D: 9697[0m
[32m[Inf][1112]C: 14983, D: 9697[0m
[90m[dmp][1113]KEY: h[0m
[32m[Inf][1114]C: 14983, D: 9697[0m
[32m[Inf][1115]C: 15054, D: 9669[0m
[90m[dmp][1116]KEY: h[0m
[90m[dmp][1117]KEY: h[0m
[32m[Inf][1118]C: 15125, D: 9635[0m
[90m[dmp][1119]KEY: h[0m
[90m[dmp][1120]KEY: h[0m
[32m[Inf][1121]C: 15267, D: 9558[0m
[32m[Inf][1122]C: 15267, D: 9511[0m
[90m[dmp][1123]KEY: h[0m
[90m[dmp][1124]KEY: h[0m
[32m[Inf][1125]C: 15267, D: 9472[0m
[90m[dmp][1126]KEY: h[0m
[32m[Inf][1127]C: 15267, D: 9389[0m
[90m[dmp][1128]KEY: h[0m
[32m[Inf][1129]C: 15267, D: 9348[0m
[90m[dmp][1130]KEY: h[0m
[32m[Inf][1131]C: 15267, D: 9313[0m
[90m[dmp][1132]KEY: h[0m
[90m[dmp][1133]KEY: h[0m
[32m[Inf][1134]C: 15267, D: 9278[0m
[90m[dmp][1135]KEY: h[0m
[90m[dmp][1136]KEY: h[0m
[32m[Inf][1137]C: 15267, D: 9219[0m
[32m[Inf][1138]C: 15267, D: 9185[0m
[90m[dmp][1139]KEY: h[0m
[90m[dmp][1140]KEY: h[0m
[32m[Inf][1141]C: 15267, D: 9151[0m
[32m[Inf][1142]C: 15267, D: 9115[0m
[90m[dmp][1143]KEY: h[0m
[90m[dmp][1144]KEY: h[0m
[32m[Inf][1145]C: 15267, D: 9053[0m
[90m[dmp][1146]KEY: h[0m
[32m[Inf][1147]C: 15267, D: 9018[0m
[90m[dmp][1148]KEY: h[0m
[90m[dmp][1149]KEY: h[0m
[32m[Inf][1150]C: 15267, D: 8981[0m
[90m[dmp][1151]KEY: h[0m
[90m[dmp][1152]KEY: h[0m
[32m[Inf][1153]C: 15267, D: 8914[0m
[32m[Inf][1154]C: 15267, D: 8889[0m
[90m[dmp][1155]KEY: h[0m
[90m[dmp][1156]KEY: j[0m
[32m[Inf][1157]C: 15267, D: 8909[0m
[32m[Inf][1158]C: 15267, D: 8909[0m
[32m[Inf][1159]C: 15267, D: 8909[0m
[32m[Inf][1160]C: 15267, D: 8909[0m
[32m[Inf][1161]C: 15267, D: 8909[0m
[32m[Inf][1162]C: 15267, D: 8909[0m
[32m[Inf][1163]C: 15267, D: 8909[0m
[32m[Inf][1164]C: 15267, D: 8909[0m
[32m[Inf][1165]C: 15267, D: 8909[0m
[32m[Inf][1166]C: 15267, D: 8909[0m
[32m[Inf][1167]C: 15267, D: 8909[0m
[32m[Inf][1168]C: 15267, D: 8909[0m
[32m[Inf][1169]C: 15267, D: 8909[0m
[32m[Inf][1170]C: 15267, D: 8909[0m
[36m[Dbg][1171]Window dimensions changed[0m
[90m[dmp][1172]Resizing to [79, 158][0m
[90m[dmp][1173]Resizing done[0m
[32m[Inf][1174]C: 19202, D: 11587[0m
[32m[Inf][1175]C: 19202, D: 11587[0m
[32m[Inf][1176]C: 19202, D: 11587[0m
[90m[dmp][1177]KEY: h[0m
[32m[Inf][1178]C: 19202, D: 11587[0m
[32m[Inf][1179]C: 19202, D: 11545[0m
[32m[Inf][1180]C: 19202, D: 11545[0m
[32m[Inf][1181]C: 19202, D: 11545[0m
[32m[Inf][1182]C: 19202, D: 11545[0m
[32m[Inf][1183]C: 19202, D: 11545[0m
[32m[Inf][1184]C: 19202, D: 11545[0m
[90m[dmp][1185]KEY: h[0m
[32m[Inf][1186]C: 19202, D: 11545[0m
[90m[dmp][1187]KEY: h[0m
[90m[dmp][1188]KEY: h[0m
[32m[Inf][1189]C: 19202, D: 11438[0m
[90m[dmp][1190]KEY: h[0m
[90m[dmp][1191]KEY: h[0m
[32m[Inf][1192]C: 19202, D: 11360[0m
[32m[Inf][1193]C: 19202, D: 11324[0m
[90m[dmp][1194]KEY: h[0m
[90m[dmp][1195]KEY: h[0m
[90m[dmp][1196]KEY: h[0m
[32m[Inf][1197]C: 19202, D: 11242[0m
[90m[dmp][1198]KEY: h[0m
[90m[dmp][1199]KEY: h[0m
[32m[Inf][1200]C: 19202, D: 11158[0m
[90m[dmp][1201]KEY: h[0m
[90m[dmp][1202]KEY: h[0m
[32m[Inf][1203]C: 19202, D: 11089[0m
[32m[Inf][1204]C: 19202, D: 11058[0m
[90m[dmp][1205]KEY: h[0m
[90m[dmp][1206]KEY: h[0m
[32m[Inf][1207]C: 19202, D: 11021[0m
[90m[dmp][1208]KEY: h[0m
[32m[Inf][1209]C: 19202, D: 10985[0m
[32m[Inf][1210]C: 19202, D: 10948[0m
[90m[dmp][1211]KEY: h[0m
[90m[dmp][1212]KEY: h[0m
[32m[Inf][1213]C: 19202, D: 10910[0m
[90m[dmp][1214]KEY: h[0m
[90m[dmp][1215]KEY: h[0m
[32m[Inf][1216]C: 19202, D: 10830[0m
[90m[dmp][1217]KEY: h[0m
[32m[Inf][1218]C: 19202, D: 10789[0m
[32m[Inf][1219]C: 19202, D: 10751[0m
[90m[dmp][1220]KEY: h[0m
[90m[dmp][1221]KEY: h[0m
[32m[Inf][1222]C: 19202, D: 10686[0m
[90m[dmp][1223]KEY: j[0m
[32m[Inf][1224]C: 19202, D: 10734[0m
[32m[Inf][1225]C: 19202, D: 10734[0m
[32m[Inf][1226]C: 19202, D: 10734[0m
[32m[Inf][1227]C: 19202, D: 10734[0m
[32m[Inf][1228]C: 19202, D: 10734[0m
[90m[dmp][1229]KEY: j[0m
[32m[Inf][1230]C: 19202, D: 10734[0m
[90m[dmp][1231]KEY: j[0m
[90m[dmp][1232]KEY: j[0m
[32m[Inf][1233]C: 19202, D: 10823[0m
[90m[dmp][1234]KEY: j[0m
[90m[dmp][1235]KEY: j[0m
[32m[Inf][1236]C: 19202, D: 10928[0m
[90m[dmp][1237]KEY: j[0m
[90m[dmp][1238]KEY: j[0m
[32m[Inf][1239]C: 19202, D: 11055[0m
[90m[dmp][1240]KEY: j[0m
[32m[Inf][1241]C: 19202, D: 11118[0m
[90m[dmp][1242]KEY: j[0m
[32m[Inf][1243]C: 19202, D: 11210[0m
[90m[dmp][1244]KEY: j[0m
[90m[dmp][1245]KEY: j[0m
[90m[dmp][1246]KEY: j[0m
[32m[Inf][1247]C: 19202, D: 11316[0m
[90m[dmp][1248]KEY: j[0m
[32m[Inf][1249]C: 19202, D: 11370[0m
[90m[dmp][1250]KEY: h[0m
[32m[Inf][1251]C: 19202, D: 11413[0m
[32m[Inf][1252]C: 19202, D: 11389[0m
[32m[Inf][1253]C: 19202, D: 11389[0m
[32m[Inf][1254]C: 19202, D: 11389[0m
[32m[Inf][1255]C: 19202, D: 11389[0m
[32m[Inf][1256]C: 19202, D: 11389[0m
[90m[dmp][1257]KEY: h[0m
[32m[Inf][1258]C: 19202, D: 11389[0m
[90m[dmp][1259]KEY: h[0m
[90m[dmp][1260]KEY: h[0m
[32m[Inf][1261]C: 19202, D: 11329[0m
[90m[dmp][1262]KEY: h[0m
[32m[Inf][1263]C: 19202, D: 11293[0m
[32m[Inf][1264]C: 19202, D: 11251[0m
[90m[dmp][1265]KEY: h[0m
[90m[dmp][1266]KEY: h[0m
[32m[Inf][1267]C: 19202, D: 11159[0m
[90m[dmp][1268]KEY: h[0m
[90m[dmp][1269]KEY: h[0m
[32m[Inf][1270]C: 19202, D: 11051[0m
[32m[Inf][1271]C: 19202, D: 11051[0m
[32m[Inf][1272]C: 19202, D: 11051[0m
[32m[Inf][1273]C: 19202, D: 11051[0m
[32m[Inf][1274]C: 19202, D: 11051[0m
[36m[Dbg][1275]Window dimensions changed[0m
[90m[dmp][1276]Resizing to [70, 133][0m
[90m[dmp][1277]Resizing done[0m
[32m[Inf][1278]C: 15267, D: 8410[0m
[32m[Inf][1279]C: 15267, D: 8410[0m
[32m[Inf][1280]C: 15267, D: 8410[0m
[32m[Inf][1281]C: 15267, D: 8410[0m
[32m[Inf][1282]C: 15267, D: 8410[0m
[32m[Inf][1283]C: 15267, D: 8410[0m
[32m[Inf][1284]C: 15267, D: 8410[0m
[32m[Inf][1285]C: 15267, D: 8410[0m
[32m[Inf][1286]C: 15267, D: 8410[0m
[32m[Inf][1287]C: 15267, D: 8410[0m
[32m[Inf][1288]C: 15267, D: 8410[0m
[32m[Inf][1289]C: 15267, D: 8410[0m
[32m[Inf][1290]C: 15267, D: 8410[0m
[32m[Inf][1291]C: 15267, D: 8410[0m
[32m[Inf][1292]C: 15267, D: 8410[0m
[32m[Inf][1293]C: 15267, D: 8410[0m
[32m[Inf][1294]C: 15267, D: 8410[0m
[32m[Inf][1295]C: 15267, D: 8410[0m
[32m[Inf][1296]C: 15267, D: 8410[0m
[32m[Inf][1297]C: 15267, D: 8410[0m
[32m[Inf][1298]C: 15267, D: 8410[0m
[32m[Inf][1299]C: 15267, D: 8410[0m
[32m[Inf][1300]C: 15267, D: 8410[0m
[32m[Inf][1301]C: 15267, D: 8410[0m
[32m[Inf][1302]C: 15267, D: 8410[0m
[32m[Inf][1303]C: 15267, D: 8410[0m
[32m[Inf][1304]C: 15267, D: 8410[0m
[32m[Inf][1305]C: 15267, D: 8410[0m
[32m[Inf][1306]C: 15267, D: 8410[0m
[32m[Inf][1307]C: 15267, D: 8410[0m
[32m[Inf][1308]C: 15267, D: 8410[0m
[32m[Inf][1309]C: 15267, D: 8410[0m
[32m[Inf][1310]C: 15267, D: 8410[0m
[32m[Inf][1311]C: 15267, D: 8410[0m
[32m[Inf][1312]C: 15267, D: 8410[0m
[32m[Inf][1313]C: 15267, D: 8410[0m
[32m[Inf][1314]C: 15267, D: 8410[0m
[32m[Inf][1315]C: 15267, D: 8410[0m
[32m[Inf][1316]C: 15267, D: 8410[0m
[32m[Inf][1317]C: 15267, D: 8410[0m
[32m[Inf][1318]C: 15267, D: 8410[0m
[32m[Inf][1319]C: 15267, D: 8410[0m
[32m[Inf][1320]C: 15267, D: 8410[0m
[32m[Inf][1321]C: 15267, D: 8410[0m
[32m[Inf][1322]C: 15267, D: 8410[0m
[32m[Inf][1323]C: 15267, D: 8410[0m
[32m[Inf][1324]C: 15267, D: 8410[0m
[32m[Inf][1325]C: 15267, D: 8410[0m
[36m[Dbg][1326]Window dimensions changed[0m
[90m[dmp][1327]Resizing to [70, 134][0m
[90m[dmp][1328]Resizing done[0m
[32m[Inf][1329]C: 15338, D: 8440[0m
[36m[Dbg][1330]Window dimensions changed[0m
[90m[dmp][1331]Resizing to [72, 144][0m
[90m[dmp][1332]Resizing done[0m
[32m[Inf][1333]C: 16500, D: 9272[0m
[36m[Dbg][1334]Window dimensions changed[0m
[90m[dmp][1335]Resizing to [73, 149][0m
[90m[dmp][1336]Resizing done[0m
[32m[Inf][1337]C: 17096, D: 9734[0m
[36m[Dbg][1338]Window dimensions changed[0m
[90m[dmp][1339]Resizing to [74, 150][0m
[90m[dmp][1340]Resizing done[0m
[32m[Inf][1341]C: 17402, D: 9881[0m
[36m[Dbg][1342]Window dimensions changed[0m
[90m[dmp][1343]Resizing to [75, 152][0m
[90m[dmp][1344]Resizing done[0m
[32m[Inf][1345]C: 17786, D: 10161[0m
[36m[Dbg][1346]Window dimensions changed[0m
[90m[dmp][1347]Resizing to [76, 152][0m
[90m[dmp][1348]Resizing done[0m
[32m[Inf][1349]C: 18020, D: 10279[0m
[36m[Dbg][1350]Window dimensions changed[0m
[90m[dmp][1351]Resizing to [76, 154][0m
[90m[dmp][1352]Resizing done[0m
[32m[Inf][1353]C: 18174, D: 10387[0m
[32m[Inf][1354]C: 18174, D: 10387[0m
[36m[Dbg][1355]Window dimensions changed[0m
[90m[dmp][1356]Resizing to [76, 155][0m
[90m[dmp][1357]Resizing done[0m
[32m[Inf][1358]C: 18251, D: 10464[0m
[32m[Inf][1359]C: 18251, D: 10464[0m
[32m[Inf][1360]C: 18251, D: 10464[0m
[32m[Inf][1361]C: 18251, D: 10464[0m
[32m[Inf][1362]C: 18251, D: 10464[0m
[32m[Inf][1363]C: 18251, D: 10464[0m
[32m[Inf][1364]C: 18251, D: 10464[0m
[32m[Inf][1365]C: 18251, D: 10464[0m
[32m[Inf][1366]C: 18251, D: 10464[0m
[90m[dmp][1367]KEY: j[0m
[32m[Inf][1368]C: 18251, D: 10464[0m
[32m[Inf][1369]C: 18251, D: 10516[0m
[32m[Inf][1370]C: 18251, D: 10516[0m
[32m[Inf][1371]C: 18251, D: 10516[0m
[32m[Inf][1372]C: 18251, D: 10516[0m
[90m[dmp][1373]KEY: h[0m
[32m[Inf][1374]C: 18251, D: 10516[0m
[32m[Inf][1375]C: 18251, D: 10472[0m
[32m[Inf][1376]C: 18251, D: 10472[0m
[32m[Inf][1377]C: 18251, D: 10472[0m
[32m[Inf][1378]C: 18251, D: 10472[0m
[32m[Inf][1379]C: 18251, D: 10472[0m
[90m[dmp][1380]KEY: h[0m
[32m[Inf][1381]C: 18251, D: 10472[0m
[32m[Inf][1382]C: 18251, D: 10413[0m
[90m[dmp][1383]KEY: h[0m
[90m[dmp][1384]KEY: h[0m
[32m[Inf][1385]C: 18251, D: 10289[0m
[90m[dmp][1386]KEY: h[0m
[90m[dmp][1387]KEY: h[0m
[32m[Inf][1388]C: 18251, D: 10232[0m
[90m[dmp][1389]KEY: h[0m
[32m[Inf][1390]C: 18251, D: 10122[0m
[90m[dmp][1391]KEY: h[0m
[90m[dmp][1392]KEY: h[0m
[32m[Inf][1393]C: 18251, D: 10084[0m
[90m[dmp][1394]KEY: h[0m
[90m[dmp][1395]KEY: h[0m
[32m[Inf][1396]C: 18251, D: 9986[0m
[90m[dmp][1397]KEY: h[0m
[90m[dmp][1398]KEY: h[0m
[90m[dmp][1399]KEY: h[0m
[32m[Inf][1400]C: 18174, D: 9781[0m
[90m[dmp][1401]KEY: h[0m
[90m[dmp][1402]KEY: h[0m
[32m[Inf][1403]C: 18020, D: 9616[0m
[90m[dmp][1404]KEY: h[0m
[90m[dmp][1405]KEY: h[0m
[32m[Inf][1406]C: 17866, D: 9447[0m
[90m[dmp][1407]KEY: h[0m
[90m[dmp][1408]KEY: h[0m
[32m[Inf][1409]C: 17712, D: 9286[0m
[90m[dmp][1410]KEY: h[0m
[32m[Inf][1411]C: 17635, D: 9203[0m
[90m[dmp][1412]KEY: h[0m
[32m[Inf][1413]C: 17481, D: 9049[0m
[90m[dmp][1414]KEY: h[0m
[90m[dmp][1415]KEY: h[0m
[32m[Inf][1416]C: 17327, D: 8900[0m
[90m[dmp][1417]KEY: h[0m
[90m[dmp][1418]KEY: h[0m
[32m[Inf][1419]C: 17250, D: 8814[0m
[90m[dmp][1420]KEY: h[0m
[90m[dmp][1421]KEY: h[0m
[32m[Inf][1422]C: 17096, D: 8640[0m
[90m[dmp][1423]KEY: h[0m
[90m[dmp][1424]KEY: h[0m
[32m[Inf][1425]C: 16942, D: 8474[0m
[90m[dmp][1426]KEY: h[0m
[90m[dmp][1427]KEY: h[0m
[32m[Inf][1428]C: 16788, D: 8320[0m
[90m[dmp][1429]KEY: h[0m
[90m[dmp][1430]KEY: h[0m
[32m[Inf][1431]C: 16634, D: 8196[0m
[90m[dmp][1432]KEY: h[0m
[32m[Inf][1433]C: 16480, D: 8090[0m
[90m[dmp][1434]KEY: h[0m
[90m[dmp][1435]KEY: h[0m
[32m[Inf][1436]C: 16403, D: 8042[0m
[90m[dmp][1437]KEY: h[0m
[90m[dmp][1438]KEY: h[0m
[32m[Inf][1439]C: 16249, D: 7946[0m
[90m[dmp][1440]KEY: h[0m
[90m[dmp][1441]KEY: h[0m
[32m[Inf][1442]C: 16095, D: 7830[0m
[90m[dmp][1443]KEY: h[0m
[90m[dmp][1444]KEY: h[0m
[32m[Inf][1445]C: 15941, D: 7681[0m
[90m[dmp][1446]KEY: h[0m
[90m[dmp][1447]KEY: h[0m
[32m[Inf][1448]C: 15787, D: 7566[0m
[90m[dmp][1449]KEY: h[0m
[32m[Inf][1450]C: 15633, D: 7462[0m
[90m[dmp][1451]KEY: h[0m
[90m[dmp][1452]KEY: h[0m
[90m[dmp][1453]KEY: h[0m
[32m[Inf][1454]C: 15479, D: 7342[0m
[32m[Inf][1455]C: 15402, D: 7288[0m
[90m[dmp][1456]KEY: h[0m
[90m[dmp][1457]KEY: h[0m
[32m[Inf][1458]C: 15325, D: 7224[0m
[90m[dmp][1459]KEY: h[0m
[90m[dmp][1460]KEY: h[0m
[32m[Inf][1461]C: 15171, D: 7092[0m
[90m[dmp][1462]KEY: h[0m
[32m[Inf][1463]C: 15017, D: 6965[0m
[90m[dmp][1464]KEY: h[0m
[90m[dmp][1465]KEY: h[0m
[90m[dmp][1466]KEY: h[0m
[32m[Inf][1467]C: 14863, D: 6857[0m
[90m[dmp][1468]KEY: h[0m
[32m[Inf][1469]C: 14786, D: 6804[0m
[90m[dmp][1470]KEY: h[0m
[90m[dmp][1471]KEY: h[0m
[32m[Inf][1472]C: 14478, D: 6634[0m
[32m[Inf][1473]C: 14324, D: 6556[0m
[90m[dmp][1474]KEY: h[0m
[90m[dmp][1475]KEY: h[0m
[90m[dmp][1476]KEY: h[0m
[32m[Inf][1477]C: 14016, D: 6415[0m
[90m[dmp][1478]KEY: h[0m
[32m[Inf][1479]C: 13708, D: 6274[0m
[32m[Inf][1480]C: 13708, D: 6274[0m
[90m[dmp][1481]KEY: k[0m
[32m[Inf][1482]C: 13708, D: 6274[0m
[32m[Inf][1483]C: 13708, D: 6256[0m
[32m[Inf][1484]C: 13708, D: 6256[0m
[32m[Inf][1485]C: 13708, D: 6256[0m
[32m[Inf][1486]C: 13708, D: 6256[0m
[32m[Inf][1487]C: 13708, D: 6256[0m
[32m[Inf][1488]C: 13708, D: 6256[0m
[90m[dmp][1489]KEY: k[0m
[32m[Inf][1490]C: 13708, D: 6256[0m
[32m[Inf][1491]C: 13708, D: 6239[0m
[90m[dmp][1492]KEY: k[0m
[90m[dmp][1493]KEY: k[0m
[90m[dmp][1494]KEY: k[0m
[32m[Inf][1495]C: 13708, D: 6227[0m
[32m[Inf][1496]C: 13708, D: 6199[0m
[90m[dmp][1497]KEY: k[0m
[90m[dmp][1498]KEY: k[0m
[90m[dmp][1499]KEY: k[0m
[32m[Inf][1500]C: 13708, D: 6125[0m
[90m[dmp][1501]KEY: k[0m
[90m[dmp][1502]KEY: k[0m
[32m[Inf][1503]C: 13708, D: 6023[0m
[90m[dmp][1504]KEY: k[0m
[90m[dmp][1505]KEY: k[0m
[32m[Inf][1506]C: 13708, D: 5974[0m
[32m[Inf][1507]C: 13708, D: 5958[0m
[90m[dmp][1508]KEY: k[0m
[90m[dmp][1509]KEY: k[0m
[32m[Inf][1510]C: 13708, D: 5916[0m
[90m[dmp][1511]KEY: k[0m
[32m[Inf][1512]C: 13708, D: 5887[0m
[90m[dmp][1513]KEY: k[0m
[90m[dmp][1514]KEY: k[0m
[32m[Inf][1515]C: 13708, D: 5808[0m
[90m[dmp][1516]KEY: k[0m
[32m[Inf][1517]C: 13708, D: 5769[0m
[32m[Inf][1518]C: 13708, D: 5769[0m
[90m[dmp][1519]KEY: l[0m
[32m[Inf][1520]C: 13708, D: 5769[0m
[32m[Inf][1521]C: 13862, D: 5828[0m
[32m[Inf][1522]C: 13862, D: 5828[0m
[32m[Inf][1523]C: 13862, D: 5828[0m
[32m[Inf][1524]C: 13862, D: 5828[0m
[32m[Inf][1525]C: 13862, D: 5828[0m
[32m[Inf][1526]C: 13862, D: 5828[0m
[90m[dmp][1527]KEY: l[0m
[32m[Inf][1528]C: 13862, D: 5828[0m
[32m[Inf][1529]C: 14016, D: 5883[0m
[90m[dmp][1530]KEY: l[0m
[90m[dmp][1531]KEY: l[0m
[32m[Inf][1532]C: 14324, D: 5996[0m
[90m[dmp][1533]KEY: l[0m
[32m[Inf][1534]C: 14478, D: 6061[0m
[90m[dmp][1535]KEY: l[0m
[90m[dmp][1536]KEY: l[0m
[32m[Inf][1537]C: 14632, D: 6131[0m
[90m[dmp][1538]KEY: l[0m
[90m[dmp][1539]KEY: l[0m
[32m[Inf][1540]C: 14863, D: 6245[0m
[90m[dmp][1541]KEY: l[0m
[32m[Inf][1542]C: 15017, D: 6312[0m
[90m[dmp][1543]KEY: l[0m
[90m[dmp][1544]KEY: l[0m
[32m[Inf][1545]C: 15094, D: 6362[0m
[90m[dmp][1546]KEY: l[0m
[90m[dmp][1547]KEY: l[0m
[32m[Inf][1548]C: 15248, D: 6471[0m
[90m[dmp][1549]KEY: l[0m
[32m[Inf][1550]C: 15402, D: 6574[0m
[90m[dmp][1551]KEY: l[0m
[90m[dmp][1552]KEY: l[0m
[32m[Inf][1553]C: 15479, D: 6611[0m
[90m[dmp][1554]KEY: l[0m
[90m[dmp][1555]KEY: l[0m
[32m[Inf][1556]C: 15633, D: 6703[0m
[32m[Inf][1557]C: 15710, D: 6743[0m
[90m[dmp][1558]KEY: l[0m
[90m[dmp][1559]KEY: l[0m
[90m[dmp][1560]KEY: l[0m
[32m[Inf][1561]C: 15864, D: 6832[0m
[90m[dmp][1562]KEY: l[0m
[90m[dmp][1563]KEY: l[0m
[32m[Inf][1564]C: 16018, D: 6952[0m
[32m[Inf][1565]C: 16095, D: 7025[0m
[90m[dmp][1566]KEY: l[0m
[90m[dmp][1567]KEY: j[0m
[32m[Inf][1568]C: 16172, D: 7081[0m
[32m[Inf][1569]C: 16172, D: 7143[0m
[32m[Inf][1570]C: 16172, D: 7143[0m
[32m[Inf][1571]C: 16172, D: 7143[0m
[32m[Inf][1572]C: 16172, D: 7143[0m
[32m[Inf][1573]C: 16172, D: 7143[0m
[32m[Inf][1574]C: 16172, D: 7143[0m
[90m[dmp][1575]KEY: j[0m
[32m[Inf][1576]C: 16172, D: 7143[0m
[90m[dmp][1577]KEY: j[0m
[90m[dmp][1578]KEY: j[0m
[32m[Inf][1579]C: 16172, D: 7258[0m
[32m[Inf][1580]C: 16172, D: 7303[0m
[90m[dmp][1581]KEY: j[0m
[90m[dmp][1582]KEY: j[0m
[90m[dmp][1583]KEY: j[0m
[32m[Inf][1584]C: 16172, D: 7362[0m
[90m[dmp][1585]KEY: j[0m
[32m[Inf][1586]C: 16172, D: 7388[0m
[32m[Inf][1587]C: 16172, D: 7420[0m
[90m[dmp][1588]KEY: j[0m
[90m[dmp][1589]KEY: j[0m
[32m[Inf][1590]C: 16172, D: 7542[0m
[90m[dmp][1591]KEY: j[0m
[32m[Inf][1592]C: 16172, D: 7615[0m
[90m[dmp][1593]KEY: j[0m
[90m[dmp][1594]KEY: j[0m
[32m[Inf][1595]C: 16172, D: 7712[0m
[90m[dmp][1596]KEY: j[0m
[90m[dmp][1597]KEY: j[0m
[32m[Inf][1598]C: 16172, D: 7746[0m
[32m[Inf][1599]C: 16172, D: 7775[0m
[90m[dmp][1600]KEY: j[0m
[90m[dmp][1601]KEY: j[0m
[90m[dmp][1602]KEY: j[0m
[32m[Inf][1603]C: 16172, D: 7848[0m
[32m[Inf][1604]C: 16172, D: 7894[0m
[90m[dmp][1605]KEY: j[0m
[90m[dmp][1606]KEY: j[0m
[32m[Inf][1607]C: 16172, D: 7956[0m
[90m[dmp][1608]KEY: j[0m
[90m[dmp][1609]KEY: j[0m
[90m[dmp][1610]KEY: j[0m
[32m[Inf][1611]C: 16172, D: 8031[0m
[32m[Inf][1612]C: 16172, D: 8079[0m
[90m[dmp][1613]KEY: j[0m
[90m[dmp][1614]KEY: j[0m
[32m[Inf][1615]C: 16172, D: 8221[0m
[90m[dmp][1616]KEY: j[0m
[90m[dmp][1617]KEY: j[0m
[90m[dmp][1618]KEY: j[0m
[32m[Inf][1619]C: 16172, D: 8393[0m
[90m[dmp][1620]KEY: j[0m
[90m[dmp][1621]KEY: j[0m
[32m[Inf][1622]C: 16172, D: 8524[0m
[32m[Inf][1623]C: 16172, D: 8570[0m
[90m[dmp][1624]KEY: j[0m
[90m[dmp][1625]KEY: j[0m
[90m[dmp][1626]KEY: j[0m
[32m[Inf][1627]C: 16172, D: 8664[0m
[90m[dmp][1628]KEY: j[0m
[90m[dmp][1629]KEY: j[0m
[32m[Inf][1630]C: 16172, D: 8748[0m
[90m[dmp][1631]KEY: j[0m
[32m[Inf][1632]C: 16172, D: 8795[0m
[90m[dmp][1633]KEY: j[0m
[32m[Inf][1634]C: 16172, D: 8872[0m
[90m[dmp][1635]KEY: j[0m
[90m[dmp][1636]KEY: j[0m
[90m[dmp][1637]KEY: j[0m
[32m[Inf][1638]C: 16172, D: 8918[0m
[90m[dmp][1639]KEY: j[0m
[32m[Inf][1640]C: 16172, D: 8942[0m
[32m[Inf][1641]C: 16172, D: 8968[0m
[90m[dmp][1642]KEY: j[0m
[90m[dmp][1643]KEY: j[0m
[90m[dmp][1644]KEY: j[0m
[32m[Inf][1645]C: 16172, D: 9022[0m
[90m[dmp][1646]KEY: j[0m
[90m[dmp][1647]KEY: j[0m
[32m[Inf][1648]C: 16172, D: 9105[0m
[90m[dmp][1649]KEY: j[0m
[32m[Inf][1650]C: 16172, D: 9137[0m
[32m[Inf][1651]C: 16172, D: 9156[0m
[90m[dmp][1652]KEY: j[0m
[90m[dmp][1653]KEY: j[0m
[32m[Inf][1654]C: 16172, D: 9207[0m
[90m[dmp][1655]KEY: j[0m
[32m[Inf][1656]C: 16172, D: 9221[0m
[32m[Inf][1657]C: 16172, D: 9221[0m
[32m[Inf][1658]C: 16172, D: 9221[0m
[32m[Inf][1659]C: 16172, D: 9221[0m
[32m[Inf][1660]C: 16172, D: 9221[0m
[32m[Inf][1661]C: 16172, D: 9221[0m
[90m[dmp][1662]KEY: j[0m
[32m[Inf][1663]C: 16172, D: 9221[0m
[32m[Inf][1664]C: 16172, D: 9224[0m
[32m[Inf][1665]C: 16172, D: 9224[0m
[32m[Inf][1666]C: 16172, D: 9224[0m
[32m[Inf][1667]C: 16172, D: 9224[0m
[32m[Inf][1668]C: 16172, D: 9224[0m
[90m[dmp][1669]KEY: j[0m
[32m[Inf][1670]C: 16172, D: 9224[0m
[90m[dmp][1671]KEY: j[0m
[32m[Inf][1672]C: 16172, D: 9238[0m
[32m[Inf][1673]C: 16172, D: 9248[0m
[90m[dmp][1674]KEY: j[0m
[90m[dmp][1675]KEY: j[0m
[32m[Inf][1676]C: 16172, D: 9280[0m
[90m[dmp][1677]KEY: j[0m
[90m[dmp][1678]KEY: j[0m
[32m[Inf][1679]C: 16172, D: 9321[0m
[90m[dmp][1680]KEY: j[0m
[90m[dmp][1681]KEY: j[0m
[32m[Inf][1682]C: 16172, D: 9365[0m
[90m[dmp][1683]KEY: j[0m
[32m[Inf][1684]C: 16172, D: 9381[0m
[32m[Inf][1685]C: 16172, D: 9381[0m
[32m[Inf][1686]C: 16172, D: 9381[0m
[32m[Inf][1687]C: 16172, D: 9381[0m
[32m[Inf][1688]C: 16172, D: 9381[0m
[32m[Inf][1689]C: 16172, D: 9381[0m
[32m[Inf][1690]C: 16172, D: 9381[0m
[32m[Inf][1691]C: 16172, D: 9381[0m
[32m[Inf][1692]C: 16172, D: 9381[0m
[32m[Inf][1693]C: 16172, D: 9381[0m
[32m[Inf][1694]C: 16172, D: 9381[0m
[32m[Inf][1695]C: 16172, D: 9381[0m
[32m[Inf][1696]C: 16172, D: 9381[0m
[32m[Inf][1697]C: 16172, D: 9381[0m
[32m[Inf][1698]C: 16172, D: 9381[0m
[32m[Inf][1699]C: 16172, D: 9381[0m
[32m[Inf][1700]C: 16172, D: 9381[0m
[32m[Inf][1701]C: 16172, D: 9381[0m
[32m[Inf][1702]C: 16172, D: 9381[0m
[32m[Inf][1703]C: 16172, D: 9381[0m
[32m[Inf][1704]C: 16172, D: 9381[0m
[32m[Inf][1705]C: 16172, D: 9381[0m
[32m[Inf][1706]C: 16172, D: 9381[0m
[32m[Inf][1707]C: 16172, D: 9381[0m
[32m[Inf][1708]C: 16172, D: 9381[0m
[32m[Inf][1709]C: 16172, D: 9381[0m
[32m[Inf][1710]C: 16172, D: 9381[0m
[32m[Inf][1711]C: 16172, D: 9381[0m
[32m[Inf][1712]C: 16172, D: 9381[0m
[32m[Inf][1713]C: 16172, D: 9381[0m
[32m[Inf][1714]C: 16172, D: 9381[0m
[32m[Inf][1715]C: 16172, D: 9381[0m
[32m[Inf][1716]C: 16172, D: 9381[0m
[32m[Inf][1717]C: 16172, D: 9381[0m
[32m[Inf][1718]C: 16172, D: 9381[0m
[32m[Inf][1719]C: 16172, D: 9381[0m
[32m[Inf][1720]C: 16172, D: 9381[0m
[32m[Inf][1721]C: 16172, D: 9381[0m
[32m[Inf][1722]C: 16172, D: 9381[0m
[32m[Inf][1723]C: 16172, D: 9381[0m
[32m[Inf][1724]C: 16172, D: 9381[0m
[32m[Inf][1725]C: 16172, D: 9381[0m
[32m[Inf][1726]C: 16172, D: 9381[0m
[32m[Inf][1727]C: 16172, D: 9381[0m
[32m[Inf][1728]C: 16172, D: 9381[0m
[32m[Inf][1729]C: 16172, D: 9381[0m
[32m[Inf][1730]C: 16172, D: 9381[0m
[32m[Inf][1731]C: 16172, D: 9381[0m
[32m[Inf][1732]C: 16172, D: 9381[0m
[32m[Inf][1733]C: 16172, D: 9381[0m
[32m[Inf][1734]C: 16172, D: 9381[0m
[32m[Inf][1735]C: 16172, D: 9381[0m
[32m[Inf][1736]C: 16172, D: 9381[0m
[32m[Inf][1737]C: 16172, D: 9381[0m
[32m[Inf][1738]C: 16172, D: 9381[0m
[32m[Inf][1739]C: 16172, D: 9381[0m
[32m[Inf][1740]C: 16172, D: 9381[0m
[32m[Inf][1741]C: 16172, D: 9381[0m
[32m[Inf][1742]C: 16172, D: 9381[0m
[32m[Inf][1743]C: 16172, D: 9381[0m
[32m[Inf][1744]C: 16172, D: 9381[0m
[32m[Inf][1745]C: 16172, D: 9381[0m
[32m[Inf][1746]C: 16172, D: 9381[0m
[32m[Inf][1747]C: 16172, D: 9381[0m
[32m[Inf][1748]C: 16172, D: 9381[0m
[32m[Inf][1749]C: 16172, D: 9381[0m
[32m[Inf][1750]C: 16172, D: 9381[0m
[32m[Inf][1751]C: 16172, D: 9381[0m
[32m[Inf][1752]C: 16172, D: 9381[0m
[32m[Inf][1753]C: 16172, D: 9381[0m
[32m[Inf][1754]C: 16172, D: 9381[0m
[32m[Inf][1755]C: 16172, D: 9381[0m
[32m[Inf][1756]C: 16172, D: 9381[0m
[32m[Inf][1757]C: 16172, D: 9381[0m
[32m[Inf][1758]C: 16172, D: 9381[0m
[32m[Inf][1759]C: 16172, D: 9381[0m
[32m[Inf][1760]C: 16172, D: 9381[0m
[32m[Inf][1761]C: 16172, D: 9381[0m
[32m[Inf][1762]C: 16172, D: 9381[0m
[32m[Inf][1763]C: 16172, D: 9381[0m
[32m[Inf][1764]C: 16172, D: 9381[0m
[32m[Inf][1765]C: 16172, D: 9381[0m
[32m[Inf][1766]C: 16172, D: 9381[0m
[32m[Inf][1767]C: 16172, D: 9381[0m
[32m[Inf][1768]C: 16172, D: 9381[0m
[32m[Inf][1769]C: 16172, D: 9381[0m
[32m[Inf][1770]C: 16172, D: 9381[0m
[32m[Inf][1771]C: 16172, D: 9381[0m
[32m[Inf][1772]C: 16172, D: 9381[0m
[32m[Inf][1773]C: 16172, D: 9381[0m
[32m[Inf][1774]C: 16172, D: 9381[0m
[32m[Inf][1775]C: 16172, D: 9381[0m
[32m[Inf][1776]C: 16172, D: 9381[0m
[32m[Inf][1777]C: 16172, D: 9381[0m
[32m[Inf][1778]C: 16172, D: 9381[0m
[32m[Inf][1779]C: 16172, D: 9381[0m
[32m[Inf][1780]C: 16172, D: 9381[0m
[32m[Inf][1781]C: 16172, D: 9381[0m
[32m[Inf][1782]C: 16172, D: 9381[0m
[32m[Inf][1783]C: 16172, D: 9381[0m
[32m[Inf][1784]C: 16172, D: 9381[0m
[32m[Inf][1785]C: 16172, D: 9381[0m
[32m[Inf][1786]C: 16172, D: 9381[0m
[32m[Inf][1787]C: 16172, D: 9381[0m
[32m[Inf][1788]C: 16172, D: 9381[0m
[32m[Inf][1789]C: 16172, D: 9381[0m
[32m[Inf][1790]C: 16172, D: 9381[0m
[32m[Inf][1791]C: 16172, D: 9381[0m
[32m[Inf][1792]C: 16172, D: 9381[0m
[32m[Inf][1793]C: 16172, D: 9381[0m
[32m[Inf][1794]C: 16172, D: 9381[0m
[32m[Inf][1795]C: 16172, D: 9381[0m
[32m[Inf][1796]C: 16172, D: 9381[0m
[32m[Inf][1797]C: 16172, D: 9381[0m
[32m[Inf][1798]C: 16172, D: 9381[0m
[32m[Inf][1799]C: 16172, D: 9381[0m
[32m[Inf][1800]C: 16172, D: 9381[0m
[32m[Inf][1801]C: 16172, D: 9381[0m
[32m[Inf][1802]C: 16172, D: 9381[0m
[32m[Inf][1803]C: 16172, D: 9381[0m
[32m[Inf][1804]C: 16172, D: 9381[0m
[32m[Inf][1805]C: 16172, D: 9381[0m
[32m[Inf][1806]C: 16172, D: 9381[0m
[32m[Inf][1807]C: 16172, D: 9381[0m
[32m[Inf][1808]C: 16172, D: 9381[0m
[32m[Inf][1809]C: 16172, D: 9381[0m
[32m[Inf][1810]C: 16172, D: 9381[0m
[32m[Inf][1811]C: 16172, D: 9381[0m
[32m[Inf][1812]C: 16172, D: 9381[0m
[32m[Inf][1813]C: 16172, D: 9381[0m
[32m[Inf][1814]C: 16172, D: 9381[0m
[32m[Inf][1815]C: 16172, D: 9381[0m
[32m[Inf][1816]C: 16172, D: 9381[0m
[32m[Inf][1817]C: 16172, D: 9381[0m
[32m[Inf][1818]C: 16172, D: 9381[0m
[32m[Inf][1819]C: 16172, D: 9381[0m
[32m[Inf][1820]C: 16172, D: 9381[0m
[32m[Inf][1821]C: 16172, D: 9381[0m
[32m[Inf][1822]C: 16172, D: 9381[0m
[32m[Inf][1823]C: 16172, D: 9381[0m
[32m[Inf][1824]C: 16172, D: 9381[0m
[32m[Inf][1825]C: 16172, D: 9381[0m
[32m[Inf][1826]C: 16172, D: 9381[0m
[32m[Inf][1827]C: 16172, D: 9381[0m
[32m[Inf][1828]C: 16172, D: 9381[0m
[32m[Inf][1829]C: 16172, D: 9381[0m
[32m[Inf][1830]C: 16172, D: 9381[0m
[32m[Inf][1831]C: 16172, D: 9381[0m
[32m[Inf][1832]C: 16172, D: 9381[0m
[32m[Inf][1833]C: 16172, D: 9381[0m
[32m[Inf][1834]C: 16172, D: 9381[0m
[32m[Inf][1835]C: 16172, D: 9381[0m
[32m[Inf][1836]C: 16172, D: 9381[0m
[32m[Inf][1837]C: 16172, D: 9381[0m
[32m[Inf][1838]C: 16172, D: 9381[0m
[32m[Inf][1839]C: 16172, D: 9381[0m
[32m[Inf][1840]C: 16172, D: 9381[0m
[32m[Inf][1841]C: 16172, D: 9381[0m
[32m[Inf][1842]C: 16172, D: 9381[0m
[32m[Inf][1843]C: 16172, D: 9381[0m
[32m[Inf][1844]C: 16172, D: 9381[0m
[32m[Inf][1845]C: 16172, D: 9381[0m
[32m[Inf][1846]C: 16172, D: 9381[0m
[32m[Inf][1847]C: 16172, D: 9381[0m
[32m[Inf][1848]C: 16172, D: 9381[0m
[32m[Inf][1849]C: 16172, D: 9381[0m
[32m[Inf][1850]C: 16172, D: 9381[0m
[32m[Inf][1851]C: 16172, D: 9381[0m
[32m[Inf][1852]C: 16172, D: 9381[0m
[32m[Inf][1853]C: 16172, D: 9381[0m
[32m[Inf][1854]C: 16172, D: 9381[0m
[32m[Inf][1855]C: 16172, D: 9381[0m
[32m[Inf][1856]C: 16172, D: 9381[0m
[32m[Inf][1857]C: 16172, D: 9381[0m
[32m[Inf][1858]C: 16172, D: 9381[0m
[32m[Inf][1859]C: 16172, D: 9381[0m
[32m[Inf][1860]C: 16172, D: 9381[0m
[32m[Inf][1861]C: 16172, D: 9381[0m
[32m[Inf][1862]C: 16172, D: 9381[0m
[32m[Inf][1863]C: 16172, D: 9381[0m
[32m[Inf][1864]C: 16172, D: 9381[0m
[32m[Inf][1865]C: 16172, D: 9381[0m
[32m[Inf][1866]C: 16172, D: 9381[0m
[32m[Inf][1867]C: 16172, D: 9381[0m
[32m[Inf][1868]C: 16172, D: 9381[0m
[32m[Inf][1869]C: 16172, D: 9381[0m
[32m[Inf][1870]C: 16172, D: 9381[0m
[32m[Inf][1871]C: 16172, D: 9381[0m
[32m[Inf][1872]C: 16172, D: 9381[0m
[32m[Inf][1873]C: 16172, D: 9381[0m
[32m[Inf][1874]C: 16172, D: 9381[0m
[32m[Inf][1875]C: 16172, D: 9381[0m
[32m[Inf][1876]C: 16172, D: 9381[0m
[32m[Inf][1877]C: 16172, D: 9381[0m
[32m[Inf][1878]C: 16172, D: 9381[0m
[32m[Inf][1879]C: 16172, D: 9381[0m
[32m[Inf][1880]C: 16172, D: 9381[0m
[32m[Inf][1881]C: 16172, D: 9381[0m
[32m[Inf][1882]C: 16172, D: 9381[0m
[32m[Inf][1883]C: 16172, D: 9381[0m
[32m[Inf][1884]C: 16172, D: 9381[0m
[32m[Inf][1885]C: 16172, D: 9381[0m
[32m[Inf][1886]C: 16172, D: 9381[0m
[32m[Inf][1887]C: 16172, D: 9381[0m
[32m[Inf][1888]C: 16172, D: 9381[0m
[32m[Inf][1889]C: 16172, D: 9381[0m
[32m[Inf][1890]C: 16172, D: 9381[0m
[32m[Inf][1891]C: 16172, D: 9381[0m
[32m[Inf][1892]C: 16172, D: 9381[0m
[32m[Inf][1893]C: 16172, D: 9381[0m
[32m[Inf][1894]C: 16172, D: 9381[0m
[32m[Inf][1895]C: 16172, D: 9381[0m
[32m[Inf][1896]C: 16172, D: 9381[0m
[32m[Inf][1897]C: 16172, D: 9381[0m
[32m[Inf][1898]C: 16172, D: 9381[0m
[32m[Inf][1899]C: 16172, D: 9381[0m
[32m[Inf][1900]C: 16172, D: 9381[0m
[32m[Inf][1901]C: 16172, D: 9381[0m
[32m[Inf][1902]C: 16172, D: 9381[0m
[32m[Inf][1903]C: 16172, D: 9381[0m
[32m[Inf][1904]C: 16172, D: 9381[0m
[32m[Inf][1905]C: 16172, D: 9381[0m
[32m[Inf][1906]C: 16172, D: 9381[0m
[32m[Inf][1907]C: 16172, D: 9381[0m
[32m[Inf][1908]C: 16172, D: 9381[0m
[32m[Inf][1909]C: 16172, D: 9381[0m
[32m[Inf][1910]C: 16172, D: 9381[0m
[32m[Inf][1911]C: 16172, D: 9381[0m
[32m[Inf][1912]C: 16172, D: 9381[0m
[32m[Inf][1913]C: 16172, D: 9381[0m
[32m[Inf][1914]C: 16172, D: 9381[0m
[32m[Inf][1915]C: 16172, D: 9381[0m
[32m[Inf][1916]C: 16172, D: 9381[0m
[32m[Inf][1917]C: 16172, D: 9381[0m
[32m[Inf][1918]C: 16172, D: 9381[0m
[32m[Inf][1919]C: 16172, D: 9381[0m
[32m[Inf][1920]C: 16172, D: 9381[0m
[32m[Inf][1921]C: 16172, D: 9381[0m
[32m[Inf][1922]C: 16172, D: 9381[0m
[32m[Inf][1923]C: 16172, D: 9381[0m
[32m[Inf][1924]C: 16172, D: 9381[0m
[32m[Inf][1925]C: 16172, D: 9381[0m
[32m[Inf][1926]C: 16172, D: 9381[0m
[32m[Inf][1927]C: 16172, D: 9381[0m
[32m[Inf][1928]C: 16172, D: 9381[0m
[32m[Inf][1929]C: 16172, D: 9381[0m
[32m[Inf][1930]C: 16172, D: 9381[0m
[32m[Inf][1931]C: 16172, D: 9381[0m
[32m[Inf][1932]C: 16172, D: 9381[0m
[32m[Inf][1933]C: 16172, D: 9381[0m
[32m[Inf][1934]C: 16172, D: 9381[0m
[32m[Inf][1935]C: 16172, D: 9381[0m
[32m[Inf][1936]C: 16172, D: 9381[0m
[32m[Inf][1937]C: 16172, D: 9381[0m
[32m[Inf][1938]C: 16172, D: 9381[0m
[32m[Inf][1939]C: 16172, D: 9381[0m
[32m[Inf][1940]C: 16172, D: 9381[0m
[32m[Inf][1941]C: 16172, D: 9381[0m
[32m[Inf][1942]C: 16172, D: 9381[0m
[32m[Inf][1943]C: 16172, D: 9381[0m
[32m[Inf][1944]C: 16172, D: 9381[0m
[32m[Inf][1945]C: 16172, D: 9381[0m
[32m[Inf][1946]C: 16172, D: 9381[0m
[32m[Inf][1947]C: 16172, D: 9381[0m
[32m[Inf][1948]C: 16172, D: 9381[0m
[32m[Inf][1949]C: 16172, D: 9381[0m
[32m[Inf][1950]C: 16172, D: 9381[0m
[32m[Inf][1951]C: 16172, D: 9381[0m
[32m[Inf][1952]C: 16172, D: 9381[0m
[32m[Inf][1953]C: 16172, D: 9381[0m
[32m[Inf][1954]C: 16172, D: 9381[0m
[32m[Inf][1955]C: 16172, D: 9381[0m
[32m[Inf][1956]C: 16172, D: 9381[0m
[32m[Inf][1957]C: 16172, D: 9381[0m
[32m[Inf][1958]C: 16172, D: 9381[0m
[32m[Inf][1959]C: 16172, D: 9381[0m
[32m[Inf][1960]C: 16172, D: 9381[0m
[32m[Inf][1961]C: 16172, D: 9381[0m
[32m[Inf][1962]C: 16172, D: 9381[0m
[32m[Inf][1963]C: 16172, D: 9381[0m
[32m[Inf][1964]C: 16172, D: 9381[0m
[32m[Inf][1965]C: 16172, D: 9381[0m
[32m[Inf][1966]C: 16172, D: 9381[0m
[32m[Inf][1967]C: 16172, D: 9381[0m
[32m[Inf][1968]C: 16172, D: 9381[0m
[32m[Inf][1969]C: 16172, D: 9381[0m
[32m[Inf][1970]C: 16172, D: 9381[0m
[32m[Inf][1971]C: 16172, D: 9381[0m
[32m[Inf][1972]C: 16172, D: 9381[0m
[32m[Inf][1973]C: 16172, D: 9381[0m
[32m[Inf][1974]C: 16172, D: 9381[0m
[32m[Inf][1975]C: 16172, D: 9381[0m
[32m[Inf][1976]C: 16172, D: 9381[0m
[32m[Inf][1977]C: 16172, D: 9381[0m
[32m[Inf][1978]C: 16172, D: 9381[0m
[32m[Inf][1979]C: 16172, D: 9381[0m
[32m[Inf][1980]C: 16172, D: 9381[0m
[32m[Inf][1981]C: 16172, D: 9381[0m
[32m[Inf][1982]C: 16172, D: 9381[0m
[32m[Inf][1983]C: 16172, D: 9381[0m
[32m[Inf][1984]C: 16172, D: 9381[0m
[32m[Inf][1985]C: 16172, D: 9381[0m
[32m[Inf][1986]C: 16172, D: 9381[0m
[32m[Inf][1987]C: 16172, D: 9381[0m
[32m[Inf][1988]C: 16172, D: 9381[0m
[32m[Inf][1989]C: 16172, D: 9381[0m
[32m[Inf][1990]C: 16172, D: 9381[0m
[32m[Inf][1991]C: 16172, D: 9381[0m
[32m[Inf][1992]C: 16172, D: 9381[0m
[32m[Inf][1993]C: 16172, D: 9381[0m
[32m[Inf][1994]C: 16172, D: 9381[0m
[32m[Inf][1995]C: 16172, D: 9381[0m
[32m[Inf][1996]C: 16172, D: 9381[0m
[32m[Inf][1997]C: 16172, D: 9381[0m
[32m[Inf][1998]C: 16172, D: 9381[0m
[32m[Inf][1999]C: 16172, D: 9381[0m
[32m[Inf][2000]C: 16172, D: 9381[0m
[32m[Inf][2001]C: 16172, D: 9381[0m
[32m[Inf][2002]C: 16172, D: 9381[0m
[32m[Inf][2003]C: 16172, D: 9381[0m
[32m[Inf][2004]C: 16172, D: 9381[0m
[32m[Inf][2005]C: 16172, D: 9381[0m
[32m[Inf][2006]C: 16172, D: 9381[0m
[32m[Inf][2007]C: 16172, D: 9381[0m
[32m[Inf][2008]C: 16172, D: 9381[0m
[32m[Inf][2009]C: 16172, D: 9381[0m
[32m[Inf][2010]C: 16172, D: 9381[0m
[32m[Inf][2011]C: 16172, D: 9381[0m
[32m[Inf][2012]C: 16172, D: 9381[0m
[32m[Inf][2013]C: 16172, D: 9381[0m
[32m[Inf][2014]C: 16172, D: 9381[0m
[32m[Inf][2015]C: 16172, D: 9381[0m
[32m[Inf][2016]C: 16172, D: 9381[0m
[32m[Inf][2017]C: 16172, D: 9381[0m
[32m[Inf][2018]C: 16172, D: 9381[0m
[32m[Inf][2019]C: 16172, D: 9381[0m
[32m[Inf][2020]C: 16172, D: 9381[0m
[32m[Inf][2021]C: 16172, D: 9381[0m
[32m[Inf][2022]C: 16172, D: 9381[0m
[32m[Inf][2023]C: 16172, D: 9381[0m
[32m[Inf][2024]C: 16172, D: 9381[0m
[32m[Inf][2025]C: 16172, D: 9381[0m
[32m[Inf][2026]C: 16172, D: 9381[0m
[32m[Inf][2027]C: 16172, D: 9381[0m
[32m[Inf][2028]C: 16172, D: 9381[0m
[32m[Inf][2029]C: 16172, D: 9381[0m
[32m[Inf][2030]C: 16172, D: 9381[0m
[32m[Inf][2031]C: 16172, D: 9381[0m
[32m[Inf][2032]C: 16172, D: 9381[0m
[32m[Inf][2033]C: 16172, D: 9381[0m
[32m[Inf][2034]C: 16172, D: 9381[0m
[32m[Inf][2035]C: 16172, D: 9381[0m
[32m[Inf][2036]C: 16172, D: 9381[0m
[32m[Inf][2037]C: 16172, D: 9381[0m
[32m[Inf][2038]C: 16172, D: 9381[0m
[32m[Inf][2039]C: 16172, D: 9381[0m
[32m[Inf][2040]C: 16172, D: 9381[0m
[32m[Inf][2041]C: 16172, D: 9381[0m
[32m[Inf][2042]C: 16172, D: 9381[0m
[32m[Inf][2043]C: 16172, D: 9381[0m
[32m[Inf][2044]C: 16172, D: 9381[0m
[32m[Inf][2045]C: 16172, D: 9381[0m
[32m[Inf][2046]C: 16172, D: 9381[0m
[32m[Inf][2047]C: 16172, D: 9381[0m
[32m[Inf][2048]C: 16172, D: 9381[0m
[32m[Inf][2049]C: 16172, D: 9381[0m
[32m[Inf][2050]C: 16172, D: 9381[0m
[32m[Inf][2051]C: 16172, D: 9381[0m
[32m[Inf][2052]C: 16172, D: 9381[0m
[32m[Inf][2053]C: 16172, D: 9381[0m
[32m[Inf][2054]C: 16172, D: 9381[0m
[32m[Inf][2055]C: 16172, D: 9381[0m
[32m[Inf][2056]C: 16172, D: 9381[0m
[32m[Inf][2057]C: 16172, D: 9381[0m
[32m[Inf][2058]C: 16172, D: 9381[0m
[32m[Inf][2059]C: 16172, D: 9381[0m
[32m[Inf][2060]C: 16172, D: 9381[0m
[32m[Inf][2061]C: 16172, D: 9381[0m
[32m[Inf][2062]C: 16172, D: 9381[0m
[32m[Inf][2063]C: 16172, D: 9381[0m
[32m[Inf][2064]C: 16172, D: 9381[0m
[32m[Inf][2065]C: 16172, D: 9381[0m
[32m[Inf][2066]C: 16172, D: 9381[0m
[32m[Inf][2067]C: 16172, D: 9381[0m
[32m[Inf][2068]C: 16172, D: 9381[0m
[32m[Inf][2069]C: 16172, D: 9381[0m
[32m[Inf][2070]C: 16172, D: 9381[0m
[32m[Inf][2071]C: 16172, D: 9381[0m
[32m[Inf][2072]C: 16172, D: 9381[0m
[32m[Inf][2073]C: 16172, D: 9381[0m
[32m[Inf][2074]C: 16172, D: 9381[0m
[32m[Inf][2075]C: 16172, D: 9381[0m
[32m[Inf][2076]C: 16172, D: 9381[0m
[32m[Inf][2077]C: 16172, D: 9381[0m
[32m[Inf][2078]C: 16172, D: 9381[0m
[32m[Inf][2079]C: 16172, D: 9381[0m
[32m[Inf][2080]C: 16172, D: 9381[0m
[32m[Inf][2081]C: 16172, D: 9381[0m
[32m[Inf][2082]C: 16172, D: 9381[0m
[32m[Inf][2083]C: 16172, D: 9381[0m
[32m[Inf][2084]C: 16172, D: 9381[0m
[32m[Inf][2085]C: 16172, D: 9381[0m
[32m[Inf][2086]C: 16172, D: 9381[0m
[32m[Inf][2087]C: 16172, D: 9381[0m
[32m[Inf][2088]C: 16172, D: 9381[0m
[32m[Inf][2089]C: 16172, D: 9381[0m
[32m[Inf][2090]C: 16172, D: 9381[0m
[32m[Inf][2091]C: 16172, D: 9381[0m
[32m[Inf][2092]C: 16172, D: 9381[0m
[32m[Inf][2093]C: 16172, D: 9381[0m
[32m[Inf][2094]C: 16172, D: 9381[0m
[32m[Inf][2095]C: 16172, D: 9381[0m
[32m[Inf][2096]C: 16172, D: 9381[0m
[32m[Inf][2097]C: 16172, D: 9381[0m
[32m[Inf][2098]C: 16172, D: 9381[0m
[32m[Inf][2099]C: 16172, D: 9381[0m
[32m[Inf][2100]C: 16172, D: 9381[0m
[32m[Inf][2101]C: 16172, D: 9381[0m
[32m[Inf][2102]C: 16172, D: 9381[0m
[32m[Inf][2103]C: 16172, D: 9381[0m
[32m[Inf][2104]C: 16172, D: 9381[0m
[32m[Inf][2105]C: 16172, D: 9381[0m
[32m[Inf][2106]C: 16172, D: 9381[0m
[32m[Inf][2107]C: 16172, D: 9381[0m
[32m[Inf][2108]C: 16172, D: 9381[0m
[32m[Inf][2109]C: 16172, D: 9381[0m
[32m[Inf][2110]C: 16172, D: 9381[0m
[32m[Inf][2111]C: 16172, D: 9381[0m
[32m[Inf][2112]C: 16172, D: 9381[0m
[32m[Inf][2113]C: 16172, D: 9381[0m
[32m[Inf][2114]C: 16172, D: 9381[0m
[32m[Inf][2115]C: 16172, D: 9381[0m
[32m[Inf][2116]C: 16172, D: 9381[0m
[32m[Inf][2117]C: 16172, D: 9381[0m
[32m[Inf][2118]C: 16172, D: 9381[0m
[32m[Inf][2119]C: 16172, D: 9381[0m
[32m[Inf][2120]C: 16172, D: 9381[0m
[Log] [2121]Terminating program (user signal)
[Log] [2122]Gracefully closing window
[Log] [2123]Writing to log file, bye.